[1.899s] Invoking command in '/home/kyu8/tfg/Simulation/src/arm_pkg': PYTHONPATH=/home/kyu8/tfg/Simulation/build/arm_pkg/prefix_override:/home/kyu8/tfg/Simulation/install/arm_pkg/lib/python3.10/site-packages:${PYTHONPATH} /usr/bin/python3 setup.py egg_info --egg-base ../../build/arm_pkg build --build-base /home/kyu8/tfg/Simulation/build/arm_pkg/build install --record /home/kyu8/tfg/Simulation/build/arm_pkg/install.log --single-version-externally-managed
[2.343s] running egg_info
[2.353s] writing ../../build/arm_pkg/arm_pkg.egg-info/PKG-INFO
[2.353s] writing dependency_links to ../../build/arm_pkg/arm_pkg.egg-info/dependency_links.txt
[2.353s] writing entry points to ../../build/arm_pkg/arm_pkg.egg-info/entry_points.txt
[2.353s] writing requirements to ../../build/arm_pkg/arm_pkg.egg-info/requires.txt
[2.353s] writing top-level names to ../../build/arm_pkg/arm_pkg.egg-info/top_level.txt
[2.369s] reading manifest file '../../build/arm_pkg/arm_pkg.egg-info/SOURCES.txt'
[2.371s] writing manifest file '../../build/arm_pkg/arm_pkg.egg-info/SOURCES.txt'
[2.371s] running build
[2.371s] running build_py
[2.372s] copying arm_pkg/drl/reset.py -> /home/kyu8/tfg/Simulation/build/arm_pkg/build/lib/arm_pkg/drl
[2.373s] running install
[2.374s] running install_lib
[2.376s] copying /home/kyu8/tfg/Simulation/build/arm_pkg/build/lib/arm_pkg/drl/reset.py -> /home/kyu8/tfg/Simulation/install/arm_pkg/lib/python3.10/site-packages/arm_pkg/drl
[2.378s] /usr/lib/python3/dist-packages/setuptools/command/install.py:34: SetuptoolsDeprecationWarning: setup.py install is deprecated. Use build and pip and other standards-based tools.
[2.378s]   warnings.warn(
[2.378s] byte-compiling /home/kyu8/tfg/Simulation/install/arm_pkg/lib/python3.10/site-packages/arm_pkg/distributed.py to distributed.cpython-310.pyc
[2.381s]   File "/home/kyu8/tfg/Simulation/install/arm_pkg/lib/python3.10/site-packages/arm_pkg/distributed.py", line 2
[2.381s]     import JointStateListener from joint_listener.py
[2.381s]                               ^^^^
[2.381s] SyntaxError: invalid syntax
[2.382s] 
[2.382s] byte-compiling /home/kyu8/tfg/Simulation/install/arm_pkg/lib/python3.10/site-packages/arm_pkg/drl/reset.py to reset.cpython-310.pyc
[2.383s] running install_data
[2.384s] running install_egg_info
[2.386s] removing '/home/kyu8/tfg/Simulation/install/arm_pkg/lib/python3.10/site-packages/arm_pkg-0.0.0-py3.10.egg-info' (and everything under it)
[2.386s] Copying ../../build/arm_pkg/arm_pkg.egg-info to /home/kyu8/tfg/Simulation/install/arm_pkg/lib/python3.10/site-packages/arm_pkg-0.0.0-py3.10.egg-info
[2.387s] running install_scripts
[2.417s] Installing controller script to /home/kyu8/tfg/Simulation/install/arm_pkg/lib/arm_pkg
[2.421s] Installing ddpg script to /home/kyu8/tfg/Simulation/install/arm_pkg/lib/arm_pkg
[2.421s] Installing gripper_test script to /home/kyu8/tfg/Simulation/install/arm_pkg/lib/arm_pkg
[2.421s] Installing listener script to /home/kyu8/tfg/Simulation/install/arm_pkg/lib/arm_pkg
[2.421s] Installing processor script to /home/kyu8/tfg/Simulation/install/arm_pkg/lib/arm_pkg
[2.421s] Installing reset_controller script to /home/kyu8/tfg/Simulation/install/arm_pkg/lib/arm_pkg
[2.421s] Installing reward_function script to /home/kyu8/tfg/Simulation/install/arm_pkg/lib/arm_pkg
[2.421s] Installing robots_state script to /home/kyu8/tfg/Simulation/install/arm_pkg/lib/arm_pkg
[2.422s] Installing sac script to /home/kyu8/tfg/Simulation/install/arm_pkg/lib/arm_pkg
[2.422s] Installing state_test script to /home/kyu8/tfg/Simulation/install/arm_pkg/lib/arm_pkg
[2.422s] Installing storage script to /home/kyu8/tfg/Simulation/install/arm_pkg/lib/arm_pkg
[2.422s] Installing training script to /home/kyu8/tfg/Simulation/install/arm_pkg/lib/arm_pkg
[2.423s] writing list of installed files to '/home/kyu8/tfg/Simulation/build/arm_pkg/install.log'
[2.481s] Invoked command in '/home/kyu8/tfg/Simulation/src/arm_pkg' returned '0': PYTHONPATH=/home/kyu8/tfg/Simulation/build/arm_pkg/prefix_override:/home/kyu8/tfg/Simulation/install/arm_pkg/lib/python3.10/site-packages:${PYTHONPATH} /usr/bin/python3 setup.py egg_info --egg-base ../../build/arm_pkg build --build-base /home/kyu8/tfg/Simulation/build/arm_pkg/build install --record /home/kyu8/tfg/Simulation/build/arm_pkg/install.log --single-version-externally-managed
