running egg_info
writing ../../build/arm_pkg/arm_pkg.egg-info/PKG-INFO
writing dependency_links to ../../build/arm_pkg/arm_pkg.egg-info/dependency_links.txt
writing entry points to ../../build/arm_pkg/arm_pkg.egg-info/entry_points.txt
writing requirements to ../../build/arm_pkg/arm_pkg.egg-info/requires.txt
writing top-level names to ../../build/arm_pkg/arm_pkg.egg-info/top_level.txt
reading manifest file '../../build/arm_pkg/arm_pkg.egg-info/SOURCES.txt'
writing manifest file '../../build/arm_pkg/arm_pkg.egg-info/SOURCES.txt'
running build
running build_py
copying arm_pkg/data_gripper_test.py -> /home/kyu8/tfg/rwork/build/arm_pkg/build/lib/arm_pkg
running install
running install_lib
copying /home/kyu8/tfg/rwork/build/arm_pkg/build/lib/arm_pkg/data_gripper_test.py -> /home/kyu8/tfg/rwork/install/arm_pkg/lib/python3.10/site-packages/arm_pkg
byte-compiling /home/kyu8/tfg/rwork/install/arm_pkg/lib/python3.10/site-packages/arm_pkg/data_gripper_test.py to data_gripper_test.cpython-310.pyc
running install_data
running install_egg_info
removing '/home/kyu8/tfg/rwork/install/arm_pkg/lib/python3.10/site-packages/arm_pkg-0.0.0-py3.10.egg-info' (and everything under it)
Copying ../../build/arm_pkg/arm_pkg.egg-info to /home/kyu8/tfg/rwork/install/arm_pkg/lib/python3.10/site-packages/arm_pkg-0.0.0-py3.10.egg-info
running install_scripts
Installing controller script to /home/kyu8/tfg/rwork/install/arm_pkg/lib/arm_pkg
Installing gripper_test script to /home/kyu8/tfg/rwork/install/arm_pkg/lib/arm_pkg
Installing listener script to /home/kyu8/tfg/rwork/install/arm_pkg/lib/arm_pkg
Installing processor script to /home/kyu8/tfg/rwork/install/arm_pkg/lib/arm_pkg
Installing storage script to /home/kyu8/tfg/rwork/install/arm_pkg/lib/arm_pkg
writing list of installed files to '/home/kyu8/tfg/rwork/build/arm_pkg/install.log'
