[1.283s] Invoking command in '/home/kyu8/tfg/rwork/src/arm_pkg': PYTHONPATH=/home/kyu8/tfg/rwork/build/robotic_arm_pkg/prefix_override:/home/kyu8/tfg/rwork/install/robotic_arm_pkg/lib/python3.10/site-packages:${PYTHONPATH} /usr/bin/python3 setup.py egg_info --egg-base ../../build/robotic_arm_pkg build --build-base /home/kyu8/tfg/rwork/build/robotic_arm_pkg/build install --record /home/kyu8/tfg/rwork/build/robotic_arm_pkg/install.log --single-version-externally-managed
[1.602s] running egg_info
[1.604s] writing ../../build/robotic_arm_pkg/robotic_arm_pkg.egg-info/PKG-INFO
[1.604s] writing dependency_links to ../../build/robotic_arm_pkg/robotic_arm_pkg.egg-info/dependency_links.txt
[1.604s] writing entry points to ../../build/robotic_arm_pkg/robotic_arm_pkg.egg-info/entry_points.txt
[1.605s] writing requirements to ../../build/robotic_arm_pkg/robotic_arm_pkg.egg-info/requires.txt
[1.605s] writing top-level names to ../../build/robotic_arm_pkg/robotic_arm_pkg.egg-info/top_level.txt
[1.607s] reading manifest file '../../build/robotic_arm_pkg/robotic_arm_pkg.egg-info/SOURCES.txt'
[1.609s] writing manifest file '../../build/robotic_arm_pkg/robotic_arm_pkg.egg-info/SOURCES.txt'
[1.609s] running build
[1.609s] running build_py
[1.609s] running install
[1.609s] /usr/lib/python3/dist-packages/setuptools/command/install.py:34: SetuptoolsDeprecationWarning: setup.py install is deprecated. Use build and pip and other standards-based tools.
[1.609s]   warnings.warn(
[1.610s] running install_lib
[1.612s] running install_data
[1.612s] running install_egg_info
[1.614s] removing '/home/kyu8/tfg/rwork/install/robotic_arm_pkg/lib/python3.10/site-packages/robotic_arm_pkg-0.0.0-py3.10.egg-info' (and everything under it)
[1.615s] Copying ../../build/robotic_arm_pkg/robotic_arm_pkg.egg-info to /home/kyu8/tfg/rwork/install/robotic_arm_pkg/lib/python3.10/site-packages/robotic_arm_pkg-0.0.0-py3.10.egg-info
[1.616s] running install_scripts
[1.642s] Installing controller script to /home/kyu8/tfg/rwork/install/robotic_arm_pkg/lib/robotic_arm_pkg
[1.642s] Installing listener script to /home/kyu8/tfg/rwork/install/robotic_arm_pkg/lib/robotic_arm_pkg
[1.642s] Installing processor script to /home/kyu8/tfg/rwork/install/robotic_arm_pkg/lib/robotic_arm_pkg
[1.643s] Installing storage script to /home/kyu8/tfg/rwork/install/robotic_arm_pkg/lib/robotic_arm_pkg
[1.643s] writing list of installed files to '/home/kyu8/tfg/rwork/build/robotic_arm_pkg/install.log'
[1.702s] Invoked command in '/home/kyu8/tfg/rwork/src/arm_pkg' returned '0': PYTHONPATH=/home/kyu8/tfg/rwork/build/robotic_arm_pkg/prefix_override:/home/kyu8/tfg/rwork/install/robotic_arm_pkg/lib/python3.10/site-packages:${PYTHONPATH} /usr/bin/python3 setup.py egg_info --egg-base ../../build/robotic_arm_pkg build --build-base /home/kyu8/tfg/rwork/build/robotic_arm_pkg/build install --record /home/kyu8/tfg/rwork/build/robotic_arm_pkg/install.log --single-version-externally-managed
