[1.032s] Invoking command in '/home/kyu8/tfg/rwork/src/arm_pkg': PYTHONPATH=/home/kyu8/tfg/rwork/build/arm_pkg/prefix_override:/home/kyu8/tfg/rwork/install/arm_pkg/lib/python3.10/site-packages:${PYTHONPATH} /usr/bin/python3 setup.py egg_info --egg-base ../../build/arm_pkg build --build-base /home/kyu8/tfg/rwork/build/arm_pkg/build install --record /home/kyu8/tfg/rwork/build/arm_pkg/install.log --single-version-externally-managed
[1.347s] running egg_info
[1.350s] writing ../../build/arm_pkg/arm_pkg.egg-info/PKG-INFO
[1.350s] writing dependency_links to ../../build/arm_pkg/arm_pkg.egg-info/dependency_links.txt
[1.351s] writing entry points to ../../build/arm_pkg/arm_pkg.egg-info/entry_points.txt
[1.352s] writing requirements to ../../build/arm_pkg/arm_pkg.egg-info/requires.txt
[1.352s] writing top-level names to ../../build/arm_pkg/arm_pkg.egg-info/top_level.txt
[1.357s] reading manifest file '../../build/arm_pkg/arm_pkg.egg-info/SOURCES.txt'
[1.359s] writing manifest file '../../build/arm_pkg/arm_pkg.egg-info/SOURCES.txt'
[1.359s] running build
[1.359s] running build_py
[1.360s] copying arm_pkg/tests/joint_controller.py -> /home/kyu8/tfg/rwork/build/arm_pkg/build/lib/arm_pkg/tests
[1.361s] running install
[1.362s] /usr/lib/python3/dist-packages/setuptools/command/install.py:34: SetuptoolsDeprecationWarning: setup.py install is deprecated. Use build and pip and other standards-based tools.
[1.362s]   warnings.warn(
[1.362s] running install_lib
[1.363s] copying /home/kyu8/tfg/rwork/build/arm_pkg/build/lib/arm_pkg/tests/joint_controller.py -> /home/kyu8/tfg/rwork/install/arm_pkg/lib/python3.10/site-packages/arm_pkg/tests
[1.364s] byte-compiling /home/kyu8/tfg/rwork/install/arm_pkg/lib/python3.10/site-packages/arm_pkg/distributed.py to distributed.cpython-310.pyc
[1.365s]   File "/home/kyu8/tfg/rwork/install/arm_pkg/lib/python3.10/site-packages/arm_pkg/distributed.py", line 2
[1.365s]     import JointStateListener from joint_listener.py
[1.365s]                               ^^^^
[1.365s] SyntaxError: invalid syntax
[1.365s] 
[1.365s] byte-compiling /home/kyu8/tfg/rwork/install/arm_pkg/lib/python3.10/site-packages/arm_pkg/tests/joint_controller.py to joint_controller.cpython-310.pyc
[1.366s] running install_data
[1.367s] running install_egg_info
[1.369s] removing '/home/kyu8/tfg/rwork/install/arm_pkg/lib/python3.10/site-packages/arm_pkg-0.0.0-py3.10.egg-info' (and everything under it)
[1.370s] Copying ../../build/arm_pkg/arm_pkg.egg-info to /home/kyu8/tfg/rwork/install/arm_pkg/lib/python3.10/site-packages/arm_pkg-0.0.0-py3.10.egg-info
[1.371s] running install_scripts
[1.400s] Installing controller script to /home/kyu8/tfg/rwork/install/arm_pkg/lib/arm_pkg
[1.410s] Installing ddpg script to /home/kyu8/tfg/rwork/install/arm_pkg/lib/arm_pkg
[1.410s] Installing gripper_test script to /home/kyu8/tfg/rwork/install/arm_pkg/lib/arm_pkg
[1.410s] Installing listener script to /home/kyu8/tfg/rwork/install/arm_pkg/lib/arm_pkg
[1.410s] Installing processor script to /home/kyu8/tfg/rwork/install/arm_pkg/lib/arm_pkg
[1.410s] Installing reward_function script to /home/kyu8/tfg/rwork/install/arm_pkg/lib/arm_pkg
[1.410s] Installing robots_state script to /home/kyu8/tfg/rwork/install/arm_pkg/lib/arm_pkg
[1.410s] Installing sac script to /home/kyu8/tfg/rwork/install/arm_pkg/lib/arm_pkg
[1.410s] Installing state_test script to /home/kyu8/tfg/rwork/install/arm_pkg/lib/arm_pkg
[1.410s] Installing storage script to /home/kyu8/tfg/rwork/install/arm_pkg/lib/arm_pkg
[1.410s] Installing training script to /home/kyu8/tfg/rwork/install/arm_pkg/lib/arm_pkg
[1.410s] writing list of installed files to '/home/kyu8/tfg/rwork/build/arm_pkg/install.log'
[1.478s] Invoked command in '/home/kyu8/tfg/rwork/src/arm_pkg' returned '0': PYTHONPATH=/home/kyu8/tfg/rwork/build/arm_pkg/prefix_override:/home/kyu8/tfg/rwork/install/arm_pkg/lib/python3.10/site-packages:${PYTHONPATH} /usr/bin/python3 setup.py egg_info --egg-base ../../build/arm_pkg build --build-base /home/kyu8/tfg/rwork/build/arm_pkg/build install --record /home/kyu8/tfg/rwork/build/arm_pkg/install.log --single-version-externally-managed
