[2.161s] Invoking command in '/home/kyu8/tfg/Simulation/src/dual_arm_control_pkg': PYTHONPATH=/home/kyu8/tfg/build/dual_arm_control_pkg/prefix_override:/home/kyu8/tfg/install/dual_arm_control_pkg/lib/python3.10/site-packages:${PYTHONPATH} /usr/bin/python3 setup.py egg_info --egg-base ../../../build/dual_arm_control_pkg build --build-base /home/kyu8/tfg/build/dual_arm_control_pkg/build install --record /home/kyu8/tfg/build/dual_arm_control_pkg/install.log --single-version-externally-managed
[2.683s] running egg_info
[2.685s] writing ../../../build/dual_arm_control_pkg/dual_arm_control_pkg.egg-info/PKG-INFO
[2.686s] writing dependency_links to ../../../build/dual_arm_control_pkg/dual_arm_control_pkg.egg-info/dependency_links.txt
[2.686s] writing entry points to ../../../build/dual_arm_control_pkg/dual_arm_control_pkg.egg-info/entry_points.txt
[2.686s] writing requirements to ../../../build/dual_arm_control_pkg/dual_arm_control_pkg.egg-info/requires.txt
[2.687s] writing top-level names to ../../../build/dual_arm_control_pkg/dual_arm_control_pkg.egg-info/top_level.txt
[2.690s] reading manifest file '../../../build/dual_arm_control_pkg/dual_arm_control_pkg.egg-info/SOURCES.txt'
[2.691s] writing manifest file '../../../build/dual_arm_control_pkg/dual_arm_control_pkg.egg-info/SOURCES.txt'
[2.692s] running build
[2.692s] running build_py
[2.693s] running install
[2.694s] running install_lib
[2.694s] /usr/lib/python3/dist-packages/setuptools/command/install.py:34: SetuptoolsDeprecationWarning: setup.py install is deprecated. Use build and pip and other standards-based tools.
[2.694s]   warnings.warn(
[2.695s] running install_data
[2.697s] running install_egg_info
[2.702s] removing '/home/kyu8/tfg/install/dual_arm_control_pkg/lib/python3.10/site-packages/dual_arm_control_pkg-0.0.0-py3.10.egg-info' (and everything under it)
[2.703s] Copying ../../../build/dual_arm_control_pkg/dual_arm_control_pkg.egg-info to /home/kyu8/tfg/install/dual_arm_control_pkg/lib/python3.10/site-packages/dual_arm_control_pkg-0.0.0-py3.10.egg-info
[2.705s] running install_scripts
[2.748s] Installing esp32_receiver_test script to /home/kyu8/tfg/install/dual_arm_control_pkg/lib/dual_arm_control_pkg
[2.749s] writing list of installed files to '/home/kyu8/tfg/build/dual_arm_control_pkg/install.log'
[2.928s] Invoked command in '/home/kyu8/tfg/Simulation/src/dual_arm_control_pkg' returned '0': PYTHONPATH=/home/kyu8/tfg/build/dual_arm_control_pkg/prefix_override:/home/kyu8/tfg/install/dual_arm_control_pkg/lib/python3.10/site-packages:${PYTHONPATH} /usr/bin/python3 setup.py egg_info --egg-base ../../../build/dual_arm_control_pkg build --build-base /home/kyu8/tfg/build/dual_arm_control_pkg/build install --record /home/kyu8/tfg/build/dual_arm_control_pkg/install.log --single-version-externally-managed
