[1.638s] Invoking command in '/home/kyu8/tfg/Simulation/src/arm_pkg': PYTHONPATH=/home/kyu8/tfg/Simulation/build/arm_pkg/prefix_override:/home/kyu8/tfg/Simulation/install/arm_pkg/lib/python3.10/site-packages:${PYTHONPATH} /usr/bin/python3 setup.py egg_info --egg-base ../../build/arm_pkg build --build-base /home/kyu8/tfg/Simulation/build/arm_pkg/build install --record /home/kyu8/tfg/Simulation/build/arm_pkg/install.log --single-version-externally-managed
[1.969s] running egg_info
[1.971s] writing ../../build/arm_pkg/arm_pkg.egg-info/PKG-INFO
[1.972s] writing dependency_links to ../../build/arm_pkg/arm_pkg.egg-info/dependency_links.txt
[1.973s] writing entry points to ../../build/arm_pkg/arm_pkg.egg-info/entry_points.txt
[1.973s] writing requirements to ../../build/arm_pkg/arm_pkg.egg-info/requires.txt
[1.974s] writing top-level names to ../../build/arm_pkg/arm_pkg.egg-info/top_level.txt
[1.978s] reading manifest file '../../build/arm_pkg/arm_pkg.egg-info/SOURCES.txt'
[1.981s] writing manifest file '../../build/arm_pkg/arm_pkg.egg-info/SOURCES.txt'
[1.981s] running build
[1.981s] running build_py
[1.982s] copying arm_pkg/drl/reset.py -> /home/kyu8/tfg/Simulation/build/arm_pkg/build/lib/arm_pkg/drl
[1.982s] copying arm_pkg/drl/configuration.py -> /home/kyu8/tfg/Simulation/build/arm_pkg/build/lib/arm_pkg/drl
[1.985s] copying arm_pkg/drl/reward_function.py -> /home/kyu8/tfg/Simulation/build/arm_pkg/build/lib/arm_pkg/drl
[1.985s] running install
[1.985s] /usr/lib/python3/dist-packages/setuptools/command/install.py:34: SetuptoolsDeprecationWarning: setup.py install is deprecated. Use build and pip and other standards-based tools.
[1.985s]   warnings.warn(
[1.985s] running install_lib
[1.986s] copying /home/kyu8/tfg/Simulation/build/arm_pkg/build/lib/arm_pkg/drl/reset.py -> /home/kyu8/tfg/Simulation/install/arm_pkg/lib/python3.10/site-packages/arm_pkg/drl
[1.986s] copying /home/kyu8/tfg/Simulation/build/arm_pkg/build/lib/arm_pkg/drl/configuration.py -> /home/kyu8/tfg/Simulation/install/arm_pkg/lib/python3.10/site-packages/arm_pkg/drl
[1.987s] copying /home/kyu8/tfg/Simulation/build/arm_pkg/build/lib/arm_pkg/drl/reward_function.py -> /home/kyu8/tfg/Simulation/install/arm_pkg/lib/python3.10/site-packages/arm_pkg/drl
[1.989s] byte-compiling /home/kyu8/tfg/Simulation/install/arm_pkg/lib/python3.10/site-packages/arm_pkg/distributed.py to distributed.cpython-310.pyc
[1.990s]   File "/home/kyu8/tfg/Simulation/install/arm_pkg/lib/python3.10/site-packages/arm_pkg/distributed.py", line 2
[1.990s]     import JointStateListener from joint_listener.py
[1.990s]                               ^^^^
[1.990s] SyntaxError: invalid syntax
[1.990s] 
[1.990s] byte-compiling /home/kyu8/tfg/Simulation/install/arm_pkg/lib/python3.10/site-packages/arm_pkg/drl/reset.py to reset.cpython-310.pyc
[1.993s] byte-compiling /home/kyu8/tfg/Simulation/install/arm_pkg/lib/python3.10/site-packages/arm_pkg/drl/configuration.py to configuration.cpython-310.pyc
[1.993s] byte-compiling /home/kyu8/tfg/Simulation/install/arm_pkg/lib/python3.10/site-packages/arm_pkg/drl/reward_function.py to reward_function.cpython-310.pyc
[1.993s] running install_data
[1.994s] running install_egg_info
[1.996s] removing '/home/kyu8/tfg/Simulation/install/arm_pkg/lib/python3.10/site-packages/arm_pkg-0.0.0-py3.10.egg-info' (and everything under it)
[1.997s] Copying ../../build/arm_pkg/arm_pkg.egg-info to /home/kyu8/tfg/Simulation/install/arm_pkg/lib/python3.10/site-packages/arm_pkg-0.0.0-py3.10.egg-info
[1.998s] running install_scripts
[2.024s] Installing controller script to /home/kyu8/tfg/Simulation/install/arm_pkg/lib/arm_pkg
[2.024s] Installing ddpg script to /home/kyu8/tfg/Simulation/install/arm_pkg/lib/arm_pkg
[2.025s] Installing gripper_test script to /home/kyu8/tfg/Simulation/install/arm_pkg/lib/arm_pkg
[2.025s] Installing listener script to /home/kyu8/tfg/Simulation/install/arm_pkg/lib/arm_pkg
[2.026s] Installing processor script to /home/kyu8/tfg/Simulation/install/arm_pkg/lib/arm_pkg
[2.026s] Installing reset_controller script to /home/kyu8/tfg/Simulation/install/arm_pkg/lib/arm_pkg
[2.026s] Installing reward_function script to /home/kyu8/tfg/Simulation/install/arm_pkg/lib/arm_pkg
[2.026s] Installing robots_state script to /home/kyu8/tfg/Simulation/install/arm_pkg/lib/arm_pkg
[2.027s] Installing sac script to /home/kyu8/tfg/Simulation/install/arm_pkg/lib/arm_pkg
[2.027s] Installing state_test script to /home/kyu8/tfg/Simulation/install/arm_pkg/lib/arm_pkg
[2.027s] Installing storage script to /home/kyu8/tfg/Simulation/install/arm_pkg/lib/arm_pkg
[2.027s] Installing training script to /home/kyu8/tfg/Simulation/install/arm_pkg/lib/arm_pkg
[2.027s] writing list of installed files to '/home/kyu8/tfg/Simulation/build/arm_pkg/install.log'
[2.165s] Invoked command in '/home/kyu8/tfg/Simulation/src/arm_pkg' returned '0': PYTHONPATH=/home/kyu8/tfg/Simulation/build/arm_pkg/prefix_override:/home/kyu8/tfg/Simulation/install/arm_pkg/lib/python3.10/site-packages:${PYTHONPATH} /usr/bin/python3 setup.py egg_info --egg-base ../../build/arm_pkg build --build-base /home/kyu8/tfg/Simulation/build/arm_pkg/build install --record /home/kyu8/tfg/Simulation/build/arm_pkg/install.log --single-version-externally-managed
