[1.659s] Invoking command in '/home/kyu8/tfg/Simulation/src/arm_pkg': PYTHONPATH=/home/kyu8/tfg/build/arm_pkg/prefix_override:/home/kyu8/tfg/install/arm_pkg/lib/python3.10/site-packages:${PYTHONPATH} /usr/bin/python3 setup.py egg_info --egg-base ../../../build/arm_pkg build --build-base /home/kyu8/tfg/build/arm_pkg/build install --record /home/kyu8/tfg/build/arm_pkg/install.log --single-version-externally-managed
[1.986s] running egg_info
[1.987s] creating ../../../build/arm_pkg/arm_pkg.egg-info
[1.987s] writing ../../../build/arm_pkg/arm_pkg.egg-info/PKG-INFO
[1.988s] writing dependency_links to ../../../build/arm_pkg/arm_pkg.egg-info/dependency_links.txt
[1.988s] writing entry points to ../../../build/arm_pkg/arm_pkg.egg-info/entry_points.txt
[1.988s] writing requirements to ../../../build/arm_pkg/arm_pkg.egg-info/requires.txt
[1.989s] writing top-level names to ../../../build/arm_pkg/arm_pkg.egg-info/top_level.txt
[1.989s] writing manifest file '../../../build/arm_pkg/arm_pkg.egg-info/SOURCES.txt'
[1.992s] reading manifest file '../../../build/arm_pkg/arm_pkg.egg-info/SOURCES.txt'
[1.993s] writing manifest file '../../../build/arm_pkg/arm_pkg.egg-info/SOURCES.txt'
[1.994s] running build
[1.994s] running build_py
[1.994s] creating /home/kyu8/tfg/build/arm_pkg/build
[1.994s] creating /home/kyu8/tfg/build/arm_pkg/build/lib
[1.994s] creating /home/kyu8/tfg/build/arm_pkg/build/lib/arm_pkg
[1.994s] copying arm_pkg/__init__.py -> /home/kyu8/tfg/build/arm_pkg/build/lib/arm_pkg
[1.994s] creating /home/kyu8/tfg/build/arm_pkg/build/lib/arm_pkg/tests
[1.994s] copying arm_pkg/tests/sac.py -> /home/kyu8/tfg/build/arm_pkg/build/lib/arm_pkg/tests
[1.996s] copying arm_pkg/tests/__init__.py -> /home/kyu8/tfg/build/arm_pkg/build/lib/arm_pkg/tests
[1.996s] copying arm_pkg/tests/joint_listener.py -> /home/kyu8/tfg/build/arm_pkg/build/lib/arm_pkg/tests
[1.997s] copying arm_pkg/tests/joint_controller.py -> /home/kyu8/tfg/build/arm_pkg/build/lib/arm_pkg/tests
[1.998s] copying arm_pkg/tests/state_test.py -> /home/kyu8/tfg/build/arm_pkg/build/lib/arm_pkg/tests
[1.998s] copying arm_pkg/tests/data_gripper_test.py -> /home/kyu8/tfg/build/arm_pkg/build/lib/arm_pkg/tests
[1.999s] copying arm_pkg/tests/joint_storage.py -> /home/kyu8/tfg/build/arm_pkg/build/lib/arm_pkg/tests
[1.999s] copying arm_pkg/tests/joint_position_reset.py -> /home/kyu8/tfg/build/arm_pkg/build/lib/arm_pkg/tests
[2.000s] copying arm_pkg/tests/joint_processor.py -> /home/kyu8/tfg/build/arm_pkg/build/lib/arm_pkg/tests
[2.000s] copying arm_pkg/tests/launchgazebotest.py -> /home/kyu8/tfg/build/arm_pkg/build/lib/arm_pkg/tests
[2.001s] creating /home/kyu8/tfg/build/arm_pkg/build/lib/arm_pkg/drl
[2.001s] copying arm_pkg/drl/__init__.py -> /home/kyu8/tfg/build/arm_pkg/build/lib/arm_pkg/drl
[2.002s] copying arm_pkg/drl/ddpg.py -> /home/kyu8/tfg/build/arm_pkg/build/lib/arm_pkg/drl
[2.002s] copying arm_pkg/drl/reset.py -> /home/kyu8/tfg/build/arm_pkg/build/lib/arm_pkg/drl
[2.002s] copying arm_pkg/drl/rosdata.py -> /home/kyu8/tfg/build/arm_pkg/build/lib/arm_pkg/drl
[2.002s] copying arm_pkg/drl/plots.py -> /home/kyu8/tfg/build/arm_pkg/build/lib/arm_pkg/drl
[2.002s] copying arm_pkg/drl/training_loop.py -> /home/kyu8/tfg/build/arm_pkg/build/lib/arm_pkg/drl
[2.003s] copying arm_pkg/drl/configuration.py -> /home/kyu8/tfg/build/arm_pkg/build/lib/arm_pkg/drl
[2.003s] copying arm_pkg/drl/robots_state.py -> /home/kyu8/tfg/build/arm_pkg/build/lib/arm_pkg/drl
[2.003s] copying arm_pkg/drl/rbuffer.py -> /home/kyu8/tfg/build/arm_pkg/build/lib/arm_pkg/drl
[2.004s] copying arm_pkg/drl/reward_function.py -> /home/kyu8/tfg/build/arm_pkg/build/lib/arm_pkg/drl
[2.007s] /usr/lib/python3/dist-packages/setuptools/command/install.py:34: SetuptoolsDeprecationWarning: setup.py install is deprecated. Use build and pip and other standards-based tools.
[2.008s]   warnings.warn(
[2.008s] running install
[2.008s] running install_lib
[2.008s] creating /home/kyu8/tfg/install/arm_pkg/lib/python3.10/site-packages/arm_pkg
[2.009s] copying /home/kyu8/tfg/build/arm_pkg/build/lib/arm_pkg/__init__.py -> /home/kyu8/tfg/install/arm_pkg/lib/python3.10/site-packages/arm_pkg
[2.009s] creating /home/kyu8/tfg/install/arm_pkg/lib/python3.10/site-packages/arm_pkg/tests
[2.009s] copying /home/kyu8/tfg/build/arm_pkg/build/lib/arm_pkg/tests/sac.py -> /home/kyu8/tfg/install/arm_pkg/lib/python3.10/site-packages/arm_pkg/tests
[2.010s] copying /home/kyu8/tfg/build/arm_pkg/build/lib/arm_pkg/tests/__init__.py -> /home/kyu8/tfg/install/arm_pkg/lib/python3.10/site-packages/arm_pkg/tests
[2.010s] copying /home/kyu8/tfg/build/arm_pkg/build/lib/arm_pkg/tests/joint_listener.py -> /home/kyu8/tfg/install/arm_pkg/lib/python3.10/site-packages/arm_pkg/tests
[2.010s] copying /home/kyu8/tfg/build/arm_pkg/build/lib/arm_pkg/tests/joint_controller.py -> /home/kyu8/tfg/install/arm_pkg/lib/python3.10/site-packages/arm_pkg/tests
[2.010s] copying /home/kyu8/tfg/build/arm_pkg/build/lib/arm_pkg/tests/state_test.py -> /home/kyu8/tfg/install/arm_pkg/lib/python3.10/site-packages/arm_pkg/tests
[2.015s] copying /home/kyu8/tfg/build/arm_pkg/build/lib/arm_pkg/tests/data_gripper_test.py -> /home/kyu8/tfg/install/arm_pkg/lib/python3.10/site-packages/arm_pkg/tests
[2.015s] copying /home/kyu8/tfg/build/arm_pkg/build/lib/arm_pkg/tests/joint_storage.py -> /home/kyu8/tfg/install/arm_pkg/lib/python3.10/site-packages/arm_pkg/tests
[2.015s] copying /home/kyu8/tfg/build/arm_pkg/build/lib/arm_pkg/tests/joint_position_reset.py -> /home/kyu8/tfg/install/arm_pkg/lib/python3.10/site-packages/arm_pkg/tests
[2.015s] copying /home/kyu8/tfg/build/arm_pkg/build/lib/arm_pkg/tests/joint_processor.py -> /home/kyu8/tfg/install/arm_pkg/lib/python3.10/site-packages/arm_pkg/tests
[2.015s] copying /home/kyu8/tfg/build/arm_pkg/build/lib/arm_pkg/tests/launchgazebotest.py -> /home/kyu8/tfg/install/arm_pkg/lib/python3.10/site-packages/arm_pkg/tests
[2.016s] creating /home/kyu8/tfg/install/arm_pkg/lib/python3.10/site-packages/arm_pkg/drl
[2.016s] copying /home/kyu8/tfg/build/arm_pkg/build/lib/arm_pkg/drl/__init__.py -> /home/kyu8/tfg/install/arm_pkg/lib/python3.10/site-packages/arm_pkg/drl
[2.016s] copying /home/kyu8/tfg/build/arm_pkg/build/lib/arm_pkg/drl/ddpg.py -> /home/kyu8/tfg/install/arm_pkg/lib/python3.10/site-packages/arm_pkg/drl
[2.016s] copying /home/kyu8/tfg/build/arm_pkg/build/lib/arm_pkg/drl/reset.py -> /home/kyu8/tfg/install/arm_pkg/lib/python3.10/site-packages/arm_pkg/drl
[2.016s] copying /home/kyu8/tfg/build/arm_pkg/build/lib/arm_pkg/drl/rosdata.py -> /home/kyu8/tfg/install/arm_pkg/lib/python3.10/site-packages/arm_pkg/drl
[2.016s] copying /home/kyu8/tfg/build/arm_pkg/build/lib/arm_pkg/drl/plots.py -> /home/kyu8/tfg/install/arm_pkg/lib/python3.10/site-packages/arm_pkg/drl
[2.016s] copying /home/kyu8/tfg/build/arm_pkg/build/lib/arm_pkg/drl/training_loop.py -> /home/kyu8/tfg/install/arm_pkg/lib/python3.10/site-packages/arm_pkg/drl
[2.016s] copying /home/kyu8/tfg/build/arm_pkg/build/lib/arm_pkg/drl/configuration.py -> /home/kyu8/tfg/install/arm_pkg/lib/python3.10/site-packages/arm_pkg/drl
[2.016s] copying /home/kyu8/tfg/build/arm_pkg/build/lib/arm_pkg/drl/robots_state.py -> /home/kyu8/tfg/install/arm_pkg/lib/python3.10/site-packages/arm_pkg/drl
[2.016s] copying /home/kyu8/tfg/build/arm_pkg/build/lib/arm_pkg/drl/rbuffer.py -> /home/kyu8/tfg/install/arm_pkg/lib/python3.10/site-packages/arm_pkg/drl
[2.016s] copying /home/kyu8/tfg/build/arm_pkg/build/lib/arm_pkg/drl/reward_function.py -> /home/kyu8/tfg/install/arm_pkg/lib/python3.10/site-packages/arm_pkg/drl
[2.016s] byte-compiling /home/kyu8/tfg/install/arm_pkg/lib/python3.10/site-packages/arm_pkg/__init__.py to __init__.cpython-310.pyc
[2.017s] byte-compiling /home/kyu8/tfg/install/arm_pkg/lib/python3.10/site-packages/arm_pkg/tests/sac.py to sac.cpython-310.pyc
[2.023s] byte-compiling /home/kyu8/tfg/install/arm_pkg/lib/python3.10/site-packages/arm_pkg/tests/__init__.py to __init__.cpython-310.pyc
[2.023s] byte-compiling /home/kyu8/tfg/install/arm_pkg/lib/python3.10/site-packages/arm_pkg/tests/joint_listener.py to joint_listener.cpython-310.pyc
[2.023s] byte-compiling /home/kyu8/tfg/install/arm_pkg/lib/python3.10/site-packages/arm_pkg/tests/joint_controller.py to joint_controller.cpython-310.pyc
[2.026s] byte-compiling /home/kyu8/tfg/install/arm_pkg/lib/python3.10/site-packages/arm_pkg/tests/state_test.py to state_test.cpython-310.pyc
[2.026s] byte-compiling /home/kyu8/tfg/install/arm_pkg/lib/python3.10/site-packages/arm_pkg/tests/data_gripper_test.py to data_gripper_test.cpython-310.pyc
[2.027s] byte-compiling /home/kyu8/tfg/install/arm_pkg/lib/python3.10/site-packages/arm_pkg/tests/joint_storage.py to joint_storage.cpython-310.pyc
[2.027s] byte-compiling /home/kyu8/tfg/install/arm_pkg/lib/python3.10/site-packages/arm_pkg/tests/joint_position_reset.py to joint_position_reset.cpython-310.pyc
[2.028s] byte-compiling /home/kyu8/tfg/install/arm_pkg/lib/python3.10/site-packages/arm_pkg/tests/joint_processor.py to joint_processor.cpython-310.pyc
[2.029s] byte-compiling /home/kyu8/tfg/install/arm_pkg/lib/python3.10/site-packages/arm_pkg/tests/launchgazebotest.py to launchgazebotest.cpython-310.pyc
[2.030s] byte-compiling /home/kyu8/tfg/install/arm_pkg/lib/python3.10/site-packages/arm_pkg/drl/__init__.py to __init__.cpython-310.pyc
[2.030s] byte-compiling /home/kyu8/tfg/install/arm_pkg/lib/python3.10/site-packages/arm_pkg/drl/ddpg.py to ddpg.cpython-310.pyc
[2.032s] byte-compiling /home/kyu8/tfg/install/arm_pkg/lib/python3.10/site-packages/arm_pkg/drl/reset.py to reset.cpython-310.pyc
[2.032s] byte-compiling /home/kyu8/tfg/install/arm_pkg/lib/python3.10/site-packages/arm_pkg/drl/rosdata.py to rosdata.cpython-310.pyc
[2.032s] byte-compiling /home/kyu8/tfg/install/arm_pkg/lib/python3.10/site-packages/arm_pkg/drl/plots.py to plots.cpython-310.pyc
[2.033s] byte-compiling /home/kyu8/tfg/install/arm_pkg/lib/python3.10/site-packages/arm_pkg/drl/training_loop.py to training_loop.cpython-310.pyc
[2.033s] byte-compiling /home/kyu8/tfg/install/arm_pkg/lib/python3.10/site-packages/arm_pkg/drl/configuration.py to configuration.cpython-310.pyc
[2.034s] byte-compiling /home/kyu8/tfg/install/arm_pkg/lib/python3.10/site-packages/arm_pkg/drl/robots_state.py to robots_state.cpython-310.pyc
[2.034s] byte-compiling /home/kyu8/tfg/install/arm_pkg/lib/python3.10/site-packages/arm_pkg/drl/rbuffer.py to rbuffer.cpython-310.pyc
[2.035s] byte-compiling /home/kyu8/tfg/install/arm_pkg/lib/python3.10/site-packages/arm_pkg/drl/reward_function.py to reward_function.cpython-310.pyc
[2.036s] running install_data
[2.037s] creating /home/kyu8/tfg/install/arm_pkg/share/ament_index
[2.037s] creating /home/kyu8/tfg/install/arm_pkg/share/ament_index/resource_index
[2.037s] creating /home/kyu8/tfg/install/arm_pkg/share/ament_index/resource_index/packages
[2.037s] copying resource/arm_pkg -> /home/kyu8/tfg/install/arm_pkg/share/ament_index/resource_index/packages
[2.037s] copying package.xml -> /home/kyu8/tfg/install/arm_pkg/share/arm_pkg
[2.037s] running install_egg_info
[2.039s] Copying ../../../build/arm_pkg/arm_pkg.egg-info to /home/kyu8/tfg/install/arm_pkg/lib/python3.10/site-packages/arm_pkg-0.0.0-py3.10.egg-info
[2.040s] running install_scripts
[2.066s] Installing controller script to /home/kyu8/tfg/install/arm_pkg/lib/arm_pkg
[2.070s] Installing ddpg script to /home/kyu8/tfg/install/arm_pkg/lib/arm_pkg
[2.070s] Installing gripper_test script to /home/kyu8/tfg/install/arm_pkg/lib/arm_pkg
[2.070s] Installing listener script to /home/kyu8/tfg/install/arm_pkg/lib/arm_pkg
[2.070s] Installing processor script to /home/kyu8/tfg/install/arm_pkg/lib/arm_pkg
[2.070s] Installing reset_controller script to /home/kyu8/tfg/install/arm_pkg/lib/arm_pkg
[2.071s] Installing reward_function script to /home/kyu8/tfg/install/arm_pkg/lib/arm_pkg
[2.071s] Installing robots_state script to /home/kyu8/tfg/install/arm_pkg/lib/arm_pkg
[2.071s] Installing sac script to /home/kyu8/tfg/install/arm_pkg/lib/arm_pkg
[2.071s] Installing state_test script to /home/kyu8/tfg/install/arm_pkg/lib/arm_pkg
[2.071s] Installing storage script to /home/kyu8/tfg/install/arm_pkg/lib/arm_pkg
[2.071s] Installing training script to /home/kyu8/tfg/install/arm_pkg/lib/arm_pkg
[2.071s] writing list of installed files to '/home/kyu8/tfg/build/arm_pkg/install.log'
[2.186s] Invoked command in '/home/kyu8/tfg/Simulation/src/arm_pkg' returned '0': PYTHONPATH=/home/kyu8/tfg/build/arm_pkg/prefix_override:/home/kyu8/tfg/install/arm_pkg/lib/python3.10/site-packages:${PYTHONPATH} /usr/bin/python3 setup.py egg_info --egg-base ../../../build/arm_pkg build --build-base /home/kyu8/tfg/build/arm_pkg/build install --record /home/kyu8/tfg/build/arm_pkg/install.log --single-version-externally-managed
