running develop
/usr/lib/python3/dist-packages/setuptools/command/easy_install.py:158: EasyInstallDeprecationWarning: easy_install command is deprecated. Use build and pip and other standards-based tools.
  warnings.warn(
/usr/lib/python3/dist-packages/setuptools/command/install.py:34: SetuptoolsDeprecationWarning: setup.py install is deprecated. Use build and pip and other standards-based tools.
  warnings.warn(
running egg_info
writing arm_pkg.egg-info/PKG-INFO
writing dependency_links to arm_pkg.egg-info/dependency_links.txt
writing entry points to arm_pkg.egg-info/entry_points.txt
writing requirements to arm_pkg.egg-info/requires.txt
writing top-level names to arm_pkg.egg-info/top_level.txt
reading manifest file 'arm_pkg.egg-info/SOURCES.txt'
writing manifest file 'arm_pkg.egg-info/SOURCES.txt'
running build_ext
Creating /home/kyu8/tfg/install/arm_pkg/lib/python3.10/site-packages/arm-pkg.egg-link (link to .)
Installing controller script to /home/kyu8/tfg/install/arm_pkg/lib/arm_pkg
Installing ddpg script to /home/kyu8/tfg/install/arm_pkg/lib/arm_pkg
Installing gripper_test script to /home/kyu8/tfg/install/arm_pkg/lib/arm_pkg
Installing listener script to /home/kyu8/tfg/install/arm_pkg/lib/arm_pkg
Installing processor script to /home/kyu8/tfg/install/arm_pkg/lib/arm_pkg
Installing reset_controller script to /home/kyu8/tfg/install/arm_pkg/lib/arm_pkg
Installing reward_function script to /home/kyu8/tfg/install/arm_pkg/lib/arm_pkg
Installing robots_state script to /home/kyu8/tfg/install/arm_pkg/lib/arm_pkg
Installing sac script to /home/kyu8/tfg/install/arm_pkg/lib/arm_pkg
Installing state_test script to /home/kyu8/tfg/install/arm_pkg/lib/arm_pkg
Installing storage script to /home/kyu8/tfg/install/arm_pkg/lib/arm_pkg
Installing training script to /home/kyu8/tfg/install/arm_pkg/lib/arm_pkg

Installed /home/kyu8/tfg/build/arm_pkg
running install_data
