[2.505s] Invoking command in '/home/kyu8/tfg/build/arm_pkg': PYTHONPATH=/home/kyu8/tfg/build/arm_pkg/prefix_override:/home/kyu8/tfg/install/arm_pkg/lib/python3.10/site-packages:${PYTHONPATH} /usr/bin/python3 setup.py develop --editable --build-directory /home/kyu8/tfg/build/arm_pkg/build --no-deps install_data
[3.056s] running develop
[3.056s] /usr/lib/python3/dist-packages/setuptools/command/easy_install.py:158: EasyInstallDeprecationWarning: easy_install command is deprecated. Use build and pip and other standards-based tools.
[3.056s]   warnings.warn(
[3.059s] /usr/lib/python3/dist-packages/setuptools/command/install.py:34: SetuptoolsDeprecationWarning: setup.py install is deprecated. Use build and pip and other standards-based tools.
[3.059s]   warnings.warn(
[3.436s] running egg_info
[3.436s] writing arm_pkg.egg-info/PKG-INFO
[3.436s] writing dependency_links to arm_pkg.egg-info/dependency_links.txt
[3.437s] writing entry points to arm_pkg.egg-info/entry_points.txt
[3.437s] writing requirements to arm_pkg.egg-info/requires.txt
[3.437s] writing top-level names to arm_pkg.egg-info/top_level.txt
[3.440s] reading manifest file 'arm_pkg.egg-info/SOURCES.txt'
[3.442s] writing manifest file 'arm_pkg.egg-info/SOURCES.txt'
[3.445s] running build_ext
[3.445s] Creating /home/kyu8/tfg/install/arm_pkg/lib/python3.10/site-packages/arm-pkg.egg-link (link to .)
[3.448s] Installing controller script to /home/kyu8/tfg/install/arm_pkg/lib/arm_pkg
[3.448s] Installing ddpg script to /home/kyu8/tfg/install/arm_pkg/lib/arm_pkg
[3.449s] Installing gripper_test script to /home/kyu8/tfg/install/arm_pkg/lib/arm_pkg
[3.449s] Installing listener script to /home/kyu8/tfg/install/arm_pkg/lib/arm_pkg
[3.450s] Installing processor script to /home/kyu8/tfg/install/arm_pkg/lib/arm_pkg
[3.450s] Installing reset_controller script to /home/kyu8/tfg/install/arm_pkg/lib/arm_pkg
[3.450s] Installing reward_function script to /home/kyu8/tfg/install/arm_pkg/lib/arm_pkg
[3.450s] Installing robots_state script to /home/kyu8/tfg/install/arm_pkg/lib/arm_pkg
[3.451s] Installing sac script to /home/kyu8/tfg/install/arm_pkg/lib/arm_pkg
[3.451s] Installing state_test script to /home/kyu8/tfg/install/arm_pkg/lib/arm_pkg
[3.452s] Installing storage script to /home/kyu8/tfg/install/arm_pkg/lib/arm_pkg
[3.452s] Installing training script to /home/kyu8/tfg/install/arm_pkg/lib/arm_pkg
[3.457s] 
[3.458s] Installed /home/kyu8/tfg/build/arm_pkg
[3.458s] running install_data
[3.696s] Invoked command in '/home/kyu8/tfg/build/arm_pkg' returned '0': PYTHONPATH=/home/kyu8/tfg/build/arm_pkg/prefix_override:/home/kyu8/tfg/install/arm_pkg/lib/python3.10/site-packages:${PYTHONPATH} /usr/bin/python3 setup.py develop --editable --build-directory /home/kyu8/tfg/build/arm_pkg/build --no-deps install_data
