[1.958s] DEBUG:colcon:Command line arguments: ['/usr/bin/colcon', 'build']
[1.958s] DEBUG:colcon:Parsed command line arguments: Namespace(log_base=None, log_level=None, verb_name='build', build_base='build', install_base='install', merge_install=False, symlink_install=False, test_result_base=None, continue_on_error=False, executor='parallel', parallel_workers=5, event_handlers=None, ignore_user_meta=False, metas=['./colcon.meta'], base_paths=['.'], packages_ignore=None, packages_ignore_regex=None, paths=None, packages_up_to=None, packages_up_to_regex=None, packages_above=None, packages_above_and_dependencies=None, packages_above_depth=None, packages_select_by_dep=None, packages_skip_by_dep=None, packages_skip_up_to=None, packages_select_build_failed=False, packages_skip_build_finished=False, packages_select_test_failures=False, packages_skip_test_passed=False, packages_select=None, packages_skip=None, packages_select_regex=None, packages_skip_regex=None, packages_start=None, packages_end=None, allow_overriding=[], cmake_args=None, cmake_target=None, cmake_target_skip_unavailable=False, cmake_clean_cache=False, cmake_clean_first=False, cmake_force_configure=False, ament_cmake_args=None, catkin_cmake_args=None, catkin_skip_building_tests=False, verb_parser=<colcon_defaults.argument_parser.defaults.DefaultArgumentsDecorator object at 0x7ff2f89a9ba0>, verb_extension=<colcon_core.verb.build.BuildVerb object at 0x7ff2f89ab580>, main=<bound method BuildVerb.main of <colcon_core.verb.build.BuildVerb object at 0x7ff2f89ab580>>)
[2.043s] Level 1:colcon.colcon_core.package_discovery:discover_packages(colcon_meta) check parameters
[2.043s] Level 1:colcon.colcon_core.package_discovery:discover_packages(recursive) check parameters
[2.043s] Level 1:colcon.colcon_core.package_discovery:discover_packages(ignore) check parameters
[2.043s] Level 1:colcon.colcon_core.package_discovery:discover_packages(path) check parameters
[2.043s] Level 1:colcon.colcon_core.package_discovery:discover_packages(colcon_meta) discover
[2.043s] Level 1:colcon.colcon_core.package_discovery:discover_packages(recursive) discover
[2.043s] INFO:colcon.colcon_core.package_discovery:Crawling recursively for packages in '/home/kyu8/tfg/rwork'
[2.044s] Level 1:colcon.colcon_core.package_identification:_identify(.) by extensions ['ignore', 'ignore_ament_install']
[2.044s] Level 1:colcon.colcon_core.package_identification:_identify(.) by extension 'ignore'
[2.044s] Level 1:colcon.colcon_core.package_identification:_identify(.) by extension 'ignore_ament_install'
[2.044s] Level 1:colcon.colcon_core.package_identification:_identify(.) by extensions ['colcon_pkg']
[2.044s] Level 1:colcon.colcon_core.package_identification:_identify(.) by extension 'colcon_pkg'
[2.044s] Level 1:colcon.colcon_core.package_identification:_identify(.) by extensions ['colcon_meta']
[2.044s] Level 1:colcon.colcon_core.package_identification:_identify(.) by extension 'colcon_meta'
[2.044s] Level 1:colcon.colcon_core.package_identification:_identify(.) by extensions ['ros']
[2.044s] Level 1:colcon.colcon_core.package_identification:_identify(.) by extension 'ros'
[2.066s] Level 1:colcon.colcon_core.package_identification:_identify(.) by extensions ['cmake', 'python']
[2.066s] Level 1:colcon.colcon_core.package_identification:_identify(.) by extension 'cmake'
[2.066s] Level 1:colcon.colcon_core.package_identification:_identify(.) by extension 'python'
[2.066s] Level 1:colcon.colcon_core.package_identification:_identify(.) by extensions ['python_setup_py']
[2.066s] Level 1:colcon.colcon_core.package_identification:_identify(.) by extension 'python_setup_py'
[2.067s] Level 1:colcon.colcon_core.package_identification:_identify(build) by extensions ['ignore', 'ignore_ament_install']
[2.067s] Level 1:colcon.colcon_core.package_identification:_identify(build) by extension 'ignore'
[2.067s] Level 1:colcon.colcon_core.package_identification:_identify(build) ignored
[2.067s] Level 1:colcon.colcon_core.package_identification:_identify(install) by extensions ['ignore', 'ignore_ament_install']
[2.067s] Level 1:colcon.colcon_core.package_identification:_identify(install) by extension 'ignore'
[2.067s] Level 1:colcon.colcon_core.package_identification:_identify(install) ignored
[2.068s] Level 1:colcon.colcon_core.package_identification:_identify(log) by extensions ['ignore', 'ignore_ament_install']
[2.068s] Level 1:colcon.colcon_core.package_identification:_identify(log) by extension 'ignore'
[2.068s] Level 1:colcon.colcon_core.package_identification:_identify(log) ignored
[2.068s] Level 1:colcon.colcon_core.package_identification:_identify(src) by extensions ['ignore', 'ignore_ament_install']
[2.068s] Level 1:colcon.colcon_core.package_identification:_identify(src) by extension 'ignore'
[2.068s] Level 1:colcon.colcon_core.package_identification:_identify(src) by extension 'ignore_ament_install'
[2.068s] Level 1:colcon.colcon_core.package_identification:_identify(src) by extensions ['colcon_pkg']
[2.068s] Level 1:colcon.colcon_core.package_identification:_identify(src) by extension 'colcon_pkg'
[2.068s] Level 1:colcon.colcon_core.package_identification:_identify(src) by extensions ['colcon_meta']
[2.068s] Level 1:colcon.colcon_core.package_identification:_identify(src) by extension 'colcon_meta'
[2.068s] Level 1:colcon.colcon_core.package_identification:_identify(src) by extensions ['ros']
[2.068s] Level 1:colcon.colcon_core.package_identification:_identify(src) by extension 'ros'
[2.069s] Level 1:colcon.colcon_core.package_identification:_identify(src) by extensions ['cmake', 'python']
[2.069s] Level 1:colcon.colcon_core.package_identification:_identify(src) by extension 'cmake'
[2.069s] Level 1:colcon.colcon_core.package_identification:_identify(src) by extension 'python'
[2.069s] Level 1:colcon.colcon_core.package_identification:_identify(src) by extensions ['python_setup_py']
[2.069s] Level 1:colcon.colcon_core.package_identification:_identify(src) by extension 'python_setup_py'
[2.069s] Level 1:colcon.colcon_core.package_identification:_identify(src/arm_pkg) by extensions ['ignore', 'ignore_ament_install']
[2.069s] Level 1:colcon.colcon_core.package_identification:_identify(src/arm_pkg) by extension 'ignore'
[2.069s] Level 1:colcon.colcon_core.package_identification:_identify(src/arm_pkg) by extension 'ignore_ament_install'
[2.069s] Level 1:colcon.colcon_core.package_identification:_identify(src/arm_pkg) by extensions ['colcon_pkg']
[2.069s] Level 1:colcon.colcon_core.package_identification:_identify(src/arm_pkg) by extension 'colcon_pkg'
[2.070s] Level 1:colcon.colcon_core.package_identification:_identify(src/arm_pkg) by extensions ['colcon_meta']
[2.070s] Level 1:colcon.colcon_core.package_identification:_identify(src/arm_pkg) by extension 'colcon_meta'
[2.070s] Level 1:colcon.colcon_core.package_identification:_identify(src/arm_pkg) by extensions ['ros']
[2.070s] Level 1:colcon.colcon_core.package_identification:_identify(src/arm_pkg) by extension 'ros'
[2.075s] DEBUG:colcon.colcon_core.package_identification:Package 'src/arm_pkg' with type 'ros.ament_python' and name 'arm_pkg'
[2.076s] Level 1:colcon.colcon_core.package_identification:_identify(src/bridge_commands) by extensions ['ignore', 'ignore_ament_install']
[2.076s] Level 1:colcon.colcon_core.package_identification:_identify(src/bridge_commands) by extension 'ignore'
[2.076s] Level 1:colcon.colcon_core.package_identification:_identify(src/bridge_commands) by extension 'ignore_ament_install'
[2.076s] Level 1:colcon.colcon_core.package_identification:_identify(src/bridge_commands) by extensions ['colcon_pkg']
[2.076s] Level 1:colcon.colcon_core.package_identification:_identify(src/bridge_commands) by extension 'colcon_pkg'
[2.076s] Level 1:colcon.colcon_core.package_identification:_identify(src/bridge_commands) by extensions ['colcon_meta']
[2.076s] Level 1:colcon.colcon_core.package_identification:_identify(src/bridge_commands) by extension 'colcon_meta'
[2.076s] Level 1:colcon.colcon_core.package_identification:_identify(src/bridge_commands) by extensions ['ros']
[2.076s] Level 1:colcon.colcon_core.package_identification:_identify(src/bridge_commands) by extension 'ros'
[2.077s] Level 1:colcon.colcon_core.package_identification:_identify(src/bridge_commands) by extensions ['cmake', 'python']
[2.077s] Level 1:colcon.colcon_core.package_identification:_identify(src/bridge_commands) by extension 'cmake'
[2.077s] Level 1:colcon.colcon_core.package_identification:_identify(src/bridge_commands) by extension 'python'
[2.077s] Level 1:colcon.colcon_core.package_identification:_identify(src/bridge_commands) by extensions ['python_setup_py']
[2.077s] Level 1:colcon.colcon_core.package_identification:_identify(src/bridge_commands) by extension 'python_setup_py'
[2.077s] Level 1:colcon.colcon_core.package_identification:_identify(src/csv_files) by extensions ['ignore', 'ignore_ament_install']
[2.077s] Level 1:colcon.colcon_core.package_identification:_identify(src/csv_files) by extension 'ignore'
[2.077s] Level 1:colcon.colcon_core.package_identification:_identify(src/csv_files) by extension 'ignore_ament_install'
[2.077s] Level 1:colcon.colcon_core.package_identification:_identify(src/csv_files) by extensions ['colcon_pkg']
[2.077s] Level 1:colcon.colcon_core.package_identification:_identify(src/csv_files) by extension 'colcon_pkg'
[2.077s] Level 1:colcon.colcon_core.package_identification:_identify(src/csv_files) by extensions ['colcon_meta']
[2.078s] Level 1:colcon.colcon_core.package_identification:_identify(src/csv_files) by extension 'colcon_meta'
[2.078s] Level 1:colcon.colcon_core.package_identification:_identify(src/csv_files) by extensions ['ros']
[2.078s] Level 1:colcon.colcon_core.package_identification:_identify(src/csv_files) by extension 'ros'
[2.078s] Level 1:colcon.colcon_core.package_identification:_identify(src/csv_files) by extensions ['cmake', 'python']
[2.078s] Level 1:colcon.colcon_core.package_identification:_identify(src/csv_files) by extension 'cmake'
[2.078s] Level 1:colcon.colcon_core.package_identification:_identify(src/csv_files) by extension 'python'
[2.078s] Level 1:colcon.colcon_core.package_identification:_identify(src/csv_files) by extensions ['python_setup_py']
[2.078s] Level 1:colcon.colcon_core.package_identification:_identify(src/csv_files) by extension 'python_setup_py'
[2.078s] Level 1:colcon.colcon_core.package_identification:_identify(src/sdf_files) by extensions ['ignore', 'ignore_ament_install']
[2.078s] Level 1:colcon.colcon_core.package_identification:_identify(src/sdf_files) by extension 'ignore'
[2.079s] Level 1:colcon.colcon_core.package_identification:_identify(src/sdf_files) by extension 'ignore_ament_install'
[2.079s] Level 1:colcon.colcon_core.package_identification:_identify(src/sdf_files) by extensions ['colcon_pkg']
[2.079s] Level 1:colcon.colcon_core.package_identification:_identify(src/sdf_files) by extension 'colcon_pkg'
[2.079s] Level 1:colcon.colcon_core.package_identification:_identify(src/sdf_files) by extensions ['colcon_meta']
[2.079s] Level 1:colcon.colcon_core.package_identification:_identify(src/sdf_files) by extension 'colcon_meta'
[2.079s] Level 1:colcon.colcon_core.package_identification:_identify(src/sdf_files) by extensions ['ros']
[2.079s] Level 1:colcon.colcon_core.package_identification:_identify(src/sdf_files) by extension 'ros'
[2.079s] Level 1:colcon.colcon_core.package_identification:_identify(src/sdf_files) by extensions ['cmake', 'python']
[2.079s] Level 1:colcon.colcon_core.package_identification:_identify(src/sdf_files) by extension 'cmake'
[2.079s] Level 1:colcon.colcon_core.package_identification:_identify(src/sdf_files) by extension 'python'
[2.079s] Level 1:colcon.colcon_core.package_identification:_identify(src/sdf_files) by extensions ['python_setup_py']
[2.079s] Level 1:colcon.colcon_core.package_identification:_identify(src/sdf_files) by extension 'python_setup_py'
[2.080s] Level 1:colcon.colcon_core.package_identification:_identify(src/sdf_files/simple sample) by extensions ['ignore', 'ignore_ament_install']
[2.080s] Level 1:colcon.colcon_core.package_identification:_identify(src/sdf_files/simple sample) by extension 'ignore'
[2.080s] Level 1:colcon.colcon_core.package_identification:_identify(src/sdf_files/simple sample) by extension 'ignore_ament_install'
[2.080s] Level 1:colcon.colcon_core.package_identification:_identify(src/sdf_files/simple sample) by extensions ['colcon_pkg']
[2.080s] Level 1:colcon.colcon_core.package_identification:_identify(src/sdf_files/simple sample) by extension 'colcon_pkg'
[2.080s] Level 1:colcon.colcon_core.package_identification:_identify(src/sdf_files/simple sample) by extensions ['colcon_meta']
[2.080s] Level 1:colcon.colcon_core.package_identification:_identify(src/sdf_files/simple sample) by extension 'colcon_meta'
[2.080s] Level 1:colcon.colcon_core.package_identification:_identify(src/sdf_files/simple sample) by extensions ['ros']
[2.080s] Level 1:colcon.colcon_core.package_identification:_identify(src/sdf_files/simple sample) by extension 'ros'
[2.080s] Level 1:colcon.colcon_core.package_identification:_identify(src/sdf_files/simple sample) by extensions ['cmake', 'python']
[2.080s] Level 1:colcon.colcon_core.package_identification:_identify(src/sdf_files/simple sample) by extension 'cmake'
[2.081s] Level 1:colcon.colcon_core.package_identification:_identify(src/sdf_files/simple sample) by extension 'python'
[2.081s] Level 1:colcon.colcon_core.package_identification:_identify(src/sdf_files/simple sample) by extensions ['python_setup_py']
[2.081s] Level 1:colcon.colcon_core.package_identification:_identify(src/sdf_files/simple sample) by extension 'python_setup_py'
[2.081s] Level 1:colcon.colcon_core.package_discovery:discover_packages(recursive) using defaults
[2.081s] Level 1:colcon.colcon_core.package_discovery:discover_packages(ignore) discover
[2.081s] Level 1:colcon.colcon_core.package_discovery:discover_packages(ignore) using defaults
[2.081s] Level 1:colcon.colcon_core.package_discovery:discover_packages(path) discover
[2.081s] Level 1:colcon.colcon_core.package_discovery:discover_packages(path) using defaults
[2.256s] Level 1:colcon.colcon_core.package_discovery:discover_packages(prefix_path) check parameters
[2.256s] Level 1:colcon.colcon_core.package_discovery:discover_packages(prefix_path) discover
[2.314s] DEBUG:colcon.colcon_installed_package_information.package_discovery:Found 279 installed packages in /opt/ros/humble
[2.317s] Level 1:colcon.colcon_core.package_discovery:discover_packages(prefix_path) using defaults
[2.546s] Level 5:colcon.colcon_core.verb:set package 'arm_pkg' build argument 'cmake_args' from command line to 'None'
[2.546s] Level 5:colcon.colcon_core.verb:set package 'arm_pkg' build argument 'cmake_target' from command line to 'None'
[2.546s] Level 5:colcon.colcon_core.verb:set package 'arm_pkg' build argument 'cmake_target_skip_unavailable' from command line to 'False'
[2.546s] Level 5:colcon.colcon_core.verb:set package 'arm_pkg' build argument 'cmake_clean_cache' from command line to 'False'
[2.546s] Level 5:colcon.colcon_core.verb:set package 'arm_pkg' build argument 'cmake_clean_first' from command line to 'False'
[2.546s] Level 5:colcon.colcon_core.verb:set package 'arm_pkg' build argument 'cmake_force_configure' from command line to 'False'
[2.546s] Level 5:colcon.colcon_core.verb:set package 'arm_pkg' build argument 'ament_cmake_args' from command line to 'None'
[2.547s] Level 5:colcon.colcon_core.verb:set package 'arm_pkg' build argument 'catkin_cmake_args' from command line to 'None'
[2.547s] Level 5:colcon.colcon_core.verb:set package 'arm_pkg' build argument 'catkin_skip_building_tests' from command line to 'False'
[2.547s] DEBUG:colcon.colcon_core.verb:Building package 'arm_pkg' with the following arguments: {'ament_cmake_args': None, 'build_base': '/home/kyu8/tfg/rwork/build/arm_pkg', 'catkin_cmake_args': None, 'catkin_skip_building_tests': False, 'cmake_args': None, 'cmake_clean_cache': False, 'cmake_clean_first': False, 'cmake_force_configure': False, 'cmake_target': None, 'cmake_target_skip_unavailable': False, 'install_base': '/home/kyu8/tfg/rwork/install/arm_pkg', 'merge_install': False, 'path': '/home/kyu8/tfg/rwork/src/arm_pkg', 'symlink_install': False, 'test_result_base': None}
[2.574s] INFO:colcon.colcon_core.executor:Executing jobs using 'parallel' executor
[2.606s] DEBUG:colcon.colcon_parallel_executor.executor.parallel:run_until_complete
[2.606s] INFO:colcon.colcon_ros.task.ament_python.build:Building ROS package in '/home/kyu8/tfg/rwork/src/arm_pkg' with build type 'ament_python'
[2.606s] Level 1:colcon.colcon_core.shell:create_environment_hook('arm_pkg', 'ament_prefix_path')
[2.632s] INFO:colcon.colcon_core.plugin_system:Skipping extension 'colcon_core.shell.bat': Not used on non-Windows systems
[2.632s] INFO:colcon.colcon_core.shell:Creating environment hook '/home/kyu8/tfg/rwork/install/arm_pkg/share/arm_pkg/hook/ament_prefix_path.ps1'
[2.633s] INFO:colcon.colcon_core.shell:Creating environment descriptor '/home/kyu8/tfg/rwork/install/arm_pkg/share/arm_pkg/hook/ament_prefix_path.dsv'
[2.634s] INFO:colcon.colcon_core.shell:Creating environment hook '/home/kyu8/tfg/rwork/install/arm_pkg/share/arm_pkg/hook/ament_prefix_path.sh'
[2.668s] INFO:colcon.colcon_core.shell:Skip shell extension 'powershell' for command environment: Not usable outside of PowerShell
[2.668s] DEBUG:colcon.colcon_core.shell:Skip shell extension 'dsv' for command environment
[3.238s] WARNING:colcon.colcon_ros.task.ament_python.build:Package 'arm_pkg' doesn't explicitly install a marker in the package index (colcon-ros currently does it implicitly but that fallback will be removed in the future)
[3.239s] WARNING:colcon.colcon_ros.task.ament_python.build:Package 'arm_pkg' doesn't explicitly install the 'package.xml' file (colcon-ros currently does it implicitly but that fallback will be removed in the future)
[3.240s] INFO:colcon.colcon_core.task.python.build:Building Python package in '/home/kyu8/tfg/rwork/src/arm_pkg'
[3.270s] INFO:colcon.colcon_core.shell:Skip shell extension 'powershell' for command environment: Not usable outside of PowerShell
[3.273s] DEBUG:colcon.colcon_core.shell:Skip shell extension 'dsv' for command environment
[4.037s] DEBUG:colcon.colcon_core.event_handler.log_command:Invoking command in '/home/kyu8/tfg/rwork/src/arm_pkg': PYTHONPATH=/home/kyu8/tfg/rwork/build/arm_pkg/prefix_override:/home/kyu8/tfg/rwork/install/arm_pkg/lib/python3.10/site-packages:${PYTHONPATH} /usr/bin/python3 setup.py egg_info --egg-base ../../build/arm_pkg build --build-base /home/kyu8/tfg/rwork/build/arm_pkg/build install --record /home/kyu8/tfg/rwork/build/arm_pkg/install.log --single-version-externally-managed
[4.508s] DEBUG:colcon.colcon_core.event_handler.log_command:Invoked command in '/home/kyu8/tfg/rwork/src/arm_pkg' returned '0': PYTHONPATH=/home/kyu8/tfg/rwork/build/arm_pkg/prefix_override:/home/kyu8/tfg/rwork/install/arm_pkg/lib/python3.10/site-packages:${PYTHONPATH} /usr/bin/python3 setup.py egg_info --egg-base ../../build/arm_pkg build --build-base /home/kyu8/tfg/rwork/build/arm_pkg/build install --record /home/kyu8/tfg/rwork/build/arm_pkg/install.log --single-version-externally-managed
[4.525s] Level 1:colcon.colcon_core.environment:checking '/home/kyu8/tfg/rwork/install/arm_pkg' for CMake module files
[4.525s] Level 1:colcon.colcon_core.environment:checking '/home/kyu8/tfg/rwork/install/arm_pkg' for CMake config files
[4.526s] Level 1:colcon.colcon_core.environment:checking '/home/kyu8/tfg/rwork/install/arm_pkg/lib'
[4.526s] Level 1:colcon.colcon_core.environment:checking '/home/kyu8/tfg/rwork/install/arm_pkg/bin'
[4.526s] Level 1:colcon.colcon_core.environment:checking '/home/kyu8/tfg/rwork/install/arm_pkg/lib/pkgconfig/arm_pkg.pc'
[4.527s] Level 1:colcon.colcon_core.environment:checking '/home/kyu8/tfg/rwork/install/arm_pkg/lib/python3.10/site-packages'
[4.527s] Level 1:colcon.colcon_core.shell:create_environment_hook('arm_pkg', 'pythonpath')
[4.547s] INFO:colcon.colcon_core.shell:Creating environment hook '/home/kyu8/tfg/rwork/install/arm_pkg/share/arm_pkg/hook/pythonpath.ps1'
[4.548s] INFO:colcon.colcon_core.shell:Creating environment descriptor '/home/kyu8/tfg/rwork/install/arm_pkg/share/arm_pkg/hook/pythonpath.dsv'
[4.548s] INFO:colcon.colcon_core.shell:Creating environment hook '/home/kyu8/tfg/rwork/install/arm_pkg/share/arm_pkg/hook/pythonpath.sh'
[4.549s] Level 1:colcon.colcon_core.environment:checking '/home/kyu8/tfg/rwork/install/arm_pkg/bin'
[4.549s] Level 1:colcon.colcon_core.environment:create_environment_scripts_only(arm_pkg)
[4.568s] INFO:colcon.colcon_core.shell:Creating package script '/home/kyu8/tfg/rwork/install/arm_pkg/share/arm_pkg/package.ps1'
[4.570s] INFO:colcon.colcon_core.shell:Creating package descriptor '/home/kyu8/tfg/rwork/install/arm_pkg/share/arm_pkg/package.dsv'
[4.570s] INFO:colcon.colcon_core.shell:Creating package script '/home/kyu8/tfg/rwork/install/arm_pkg/share/arm_pkg/package.sh'
[4.572s] INFO:colcon.colcon_core.shell:Creating package script '/home/kyu8/tfg/rwork/install/arm_pkg/share/arm_pkg/package.bash'
[4.573s] INFO:colcon.colcon_core.shell:Creating package script '/home/kyu8/tfg/rwork/install/arm_pkg/share/arm_pkg/package.zsh'
[4.574s] Level 1:colcon.colcon_core.environment:create_file_with_runtime_dependencies(/home/kyu8/tfg/rwork/install/arm_pkg/share/colcon-core/packages/arm_pkg)
[4.575s] DEBUG:colcon.colcon_parallel_executor.executor.parallel:closing loop
[4.576s] DEBUG:colcon.colcon_parallel_executor.executor.parallel:loop closed
[4.577s] DEBUG:colcon.colcon_parallel_executor.executor.parallel:run_until_complete finished with '0'
[4.577s] DEBUG:colcon.colcon_core.event_reactor:joining thread
[4.604s] INFO:colcon.colcon_core.plugin_system:Skipping extension 'colcon_notification.desktop_notification.terminal_notifier': Not used on non-Darwin systems
[4.604s] INFO:colcon.colcon_core.plugin_system:Skipping extension 'colcon_notification.desktop_notification.win32': Not used on non-Windows systems
[4.604s] INFO:colcon.colcon_notification.desktop_notification:Sending desktop notification using 'notify2'
[4.622s] DEBUG:colcon.colcon_core.event_reactor:joined thread
[4.640s] INFO:colcon.colcon_core.shell:Creating prefix script '/home/kyu8/tfg/rwork/install/local_setup.ps1'
[4.641s] INFO:colcon.colcon_core.shell:Creating prefix util module '/home/kyu8/tfg/rwork/install/_local_setup_util_ps1.py'
[4.643s] INFO:colcon.colcon_core.shell:Creating prefix chain script '/home/kyu8/tfg/rwork/install/setup.ps1'
[4.662s] INFO:colcon.colcon_core.shell:Creating prefix script '/home/kyu8/tfg/rwork/install/local_setup.sh'
[4.663s] INFO:colcon.colcon_core.shell:Creating prefix util module '/home/kyu8/tfg/rwork/install/_local_setup_util_sh.py'
[4.663s] INFO:colcon.colcon_core.shell:Creating prefix chain script '/home/kyu8/tfg/rwork/install/setup.sh'
[4.685s] INFO:colcon.colcon_core.shell:Creating prefix script '/home/kyu8/tfg/rwork/install/local_setup.bash'
[4.685s] INFO:colcon.colcon_core.shell:Creating prefix chain script '/home/kyu8/tfg/rwork/install/setup.bash'
[4.703s] INFO:colcon.colcon_core.shell:Creating prefix script '/home/kyu8/tfg/rwork/install/local_setup.zsh'
[4.704s] INFO:colcon.colcon_core.shell:Creating prefix chain script '/home/kyu8/tfg/rwork/install/setup.zsh'
