-- The C compiler identification is GNU 11.4.0
-- The CXX compiler identification is GNU 11.4.0
-- Detecting C compiler ABI info
-- Detecting C compiler ABI info - done
-- Check for working C compiler: /usr/bin/cc - skipped
-- Detecting C compile features
-- Detecting C compile features - done
-- Detecting CXX compiler ABI info
-- Detecting CXX compiler ABI info - done
-- Check for working CXX compiler: /usr/bin/c++ - skipped
-- Detecting CXX compile features
-- Detecting CXX compile features - done
-- Found ament_cmake: 1.3.6 (/opt/ros/humble/share/ament_cmake/cmake)
-- Found Python3: /usr/bin/python3.10 (found version "3.10.12") found components: Interpreter 
-- Found ament_lint_auto: 0.12.9 (/opt/ros/humble/share/ament_lint_auto/cmake)
-- Added test 'cppcheck' to perform static code analysis on C / C++ code
-- Configured cppcheck include dirs: $<BUILD_INTERFACE:/home/kyu8/tfg/rwork/src/dual_arm_control_pkg/include>
-- Configured cppcheck exclude dirs and/or files: 
-- Added test 'lint_cmake' to check CMake code style
-- Added test 'uncrustify' to check C / C++ code style
-- Configured uncrustify additional arguments: 
-- Added test 'xmllint' to check XML markup files
-- Configuring done
-- Generating done
-- Build files have been written to: /home/kyu8/tfg/rwork/build/dual_arm_control_pkg
[ 50%] [32mBuilding CXX object CMakeFiles/test_arduino.dir/src/test_arduino.cpp.o[0m
[100%] [32m[1mLinking CXX executable test_arduino[0m
[100%] Built target test_arduino
-- Install configuration: ""
-- Installing: /home/kyu8/tfg/rwork/install/dual_arm_control_pkg/lib/dual_arm_control_pkg/test_arduino
-- Installing: /home/kyu8/tfg/rwork/install/dual_arm_control_pkg/share/ament_index/resource_index/package_run_dependencies/dual_arm_control_pkg
-- Installing: /home/kyu8/tfg/rwork/install/dual_arm_control_pkg/share/ament_index/resource_index/parent_prefix_path/dual_arm_control_pkg
-- Installing: /home/kyu8/tfg/rwork/install/dual_arm_control_pkg/share/dual_arm_control_pkg/environment/ament_prefix_path.sh
-- Installing: /home/kyu8/tfg/rwork/install/dual_arm_control_pkg/share/dual_arm_control_pkg/environment/ament_prefix_path.dsv
-- Installing: /home/kyu8/tfg/rwork/install/dual_arm_control_pkg/share/dual_arm_control_pkg/environment/path.sh
-- Installing: /home/kyu8/tfg/rwork/install/dual_arm_control_pkg/share/dual_arm_control_pkg/environment/path.dsv
-- Installing: /home/kyu8/tfg/rwork/install/dual_arm_control_pkg/share/dual_arm_control_pkg/local_setup.bash
-- Installing: /home/kyu8/tfg/rwork/install/dual_arm_control_pkg/share/dual_arm_control_pkg/local_setup.sh
-- Installing: /home/kyu8/tfg/rwork/install/dual_arm_control_pkg/share/dual_arm_control_pkg/local_setup.zsh
-- Installing: /home/kyu8/tfg/rwork/install/dual_arm_control_pkg/share/dual_arm_control_pkg/local_setup.dsv
-- Installing: /home/kyu8/tfg/rwork/install/dual_arm_control_pkg/share/dual_arm_control_pkg/package.dsv
-- Installing: /home/kyu8/tfg/rwork/install/dual_arm_control_pkg/share/ament_index/resource_index/packages/dual_arm_control_pkg
-- Installing: /home/kyu8/tfg/rwork/install/dual_arm_control_pkg/share/dual_arm_control_pkg/cmake/dual_arm_control_pkgConfig.cmake
-- Installing: /home/kyu8/tfg/rwork/install/dual_arm_control_pkg/share/dual_arm_control_pkg/cmake/dual_arm_control_pkgConfig-version.cmake
-- Installing: /home/kyu8/tfg/rwork/install/dual_arm_control_pkg/share/dual_arm_control_pkg/package.xml
