[2.475s] Invoking command in '/home/kyu8/tfg/Simulation/src/arm_pkg': PYTHONPATH=/home/kyu8/tfg/build/arm_pkg/prefix_override:/home/kyu8/tfg/install/arm_pkg/lib/python3.10/site-packages:${PYTHONPATH} /usr/bin/python3 setup.py egg_info --egg-base ../../../build/arm_pkg build --build-base /home/kyu8/tfg/build/arm_pkg/build install --record /home/kyu8/tfg/build/arm_pkg/install.log --single-version-externally-managed
[2.992s] running egg_info
[2.994s] creating ../../../build/arm_pkg/arm_pkg.egg-info
[2.995s] writing ../../../build/arm_pkg/arm_pkg.egg-info/PKG-INFO
[2.995s] writing dependency_links to ../../../build/arm_pkg/arm_pkg.egg-info/dependency_links.txt
[2.995s] writing entry points to ../../../build/arm_pkg/arm_pkg.egg-info/entry_points.txt
[2.996s] writing requirements to ../../../build/arm_pkg/arm_pkg.egg-info/requires.txt
[2.996s] writing top-level names to ../../../build/arm_pkg/arm_pkg.egg-info/top_level.txt
[2.996s] writing manifest file '../../../build/arm_pkg/arm_pkg.egg-info/SOURCES.txt'
[3.001s] reading manifest file '../../../build/arm_pkg/arm_pkg.egg-info/SOURCES.txt'
[3.003s] writing manifest file '../../../build/arm_pkg/arm_pkg.egg-info/SOURCES.txt'
[3.003s] running build
[3.004s] running build_py
[3.004s] creating /home/kyu8/tfg/build/arm_pkg/build
[3.004s] creating /home/kyu8/tfg/build/arm_pkg/build/lib
[3.005s] creating /home/kyu8/tfg/build/arm_pkg/build/lib/arm_pkg
[3.005s] copying arm_pkg/__init__.py -> /home/kyu8/tfg/build/arm_pkg/build/lib/arm_pkg
[3.005s] creating /home/kyu8/tfg/build/arm_pkg/build/lib/arm_pkg/tests
[3.005s] copying arm_pkg/tests/sac.py -> /home/kyu8/tfg/build/arm_pkg/build/lib/arm_pkg/tests
[3.005s] copying arm_pkg/tests/__init__.py -> /home/kyu8/tfg/build/arm_pkg/build/lib/arm_pkg/tests
[3.006s] copying arm_pkg/tests/joint_listener.py -> /home/kyu8/tfg/build/arm_pkg/build/lib/arm_pkg/tests
[3.006s] copying arm_pkg/tests/joint_controller.py -> /home/kyu8/tfg/build/arm_pkg/build/lib/arm_pkg/tests
[3.006s] copying arm_pkg/tests/state_test.py -> /home/kyu8/tfg/build/arm_pkg/build/lib/arm_pkg/tests
[3.006s] copying arm_pkg/tests/data_gripper_test.py -> /home/kyu8/tfg/build/arm_pkg/build/lib/arm_pkg/tests
[3.006s] copying arm_pkg/tests/joint_storage.py -> /home/kyu8/tfg/build/arm_pkg/build/lib/arm_pkg/tests
[3.007s] copying arm_pkg/tests/joint_position_reset.py -> /home/kyu8/tfg/build/arm_pkg/build/lib/arm_pkg/tests
[3.007s] copying arm_pkg/tests/joint_processor.py -> /home/kyu8/tfg/build/arm_pkg/build/lib/arm_pkg/tests
[3.007s] copying arm_pkg/tests/launchgazebotest.py -> /home/kyu8/tfg/build/arm_pkg/build/lib/arm_pkg/tests
[3.007s] creating /home/kyu8/tfg/build/arm_pkg/build/lib/arm_pkg/drl
[3.008s] copying arm_pkg/drl/__init__.py -> /home/kyu8/tfg/build/arm_pkg/build/lib/arm_pkg/drl
[3.008s] copying arm_pkg/drl/ddpg.py -> /home/kyu8/tfg/build/arm_pkg/build/lib/arm_pkg/drl
[3.008s] copying arm_pkg/drl/reset.py -> /home/kyu8/tfg/build/arm_pkg/build/lib/arm_pkg/drl
[3.008s] copying arm_pkg/drl/plots.py -> /home/kyu8/tfg/build/arm_pkg/build/lib/arm_pkg/drl
[3.008s] copying arm_pkg/drl/training_loop.py -> /home/kyu8/tfg/build/arm_pkg/build/lib/arm_pkg/drl
[3.009s] copying arm_pkg/drl/robots_state.py -> /home/kyu8/tfg/build/arm_pkg/build/lib/arm_pkg/drl
[3.009s] copying arm_pkg/drl/rbuffer.py -> /home/kyu8/tfg/build/arm_pkg/build/lib/arm_pkg/drl
[3.009s] copying arm_pkg/drl/reward_function.py -> /home/kyu8/tfg/build/arm_pkg/build/lib/arm_pkg/drl
[3.010s] running install
[3.011s] /usr/lib/python3/dist-packages/setuptools/command/install.py:34: SetuptoolsDeprecationWarning: setup.py install is deprecated. Use build and pip and other standards-based tools.
[3.011s]   warnings.warn(
[3.011s] running install_lib
[3.012s] creating /home/kyu8/tfg/install/arm_pkg/lib/python3.10/site-packages/arm_pkg
[3.013s] copying /home/kyu8/tfg/build/arm_pkg/build/lib/arm_pkg/__init__.py -> /home/kyu8/tfg/install/arm_pkg/lib/python3.10/site-packages/arm_pkg
[3.013s] creating /home/kyu8/tfg/install/arm_pkg/lib/python3.10/site-packages/arm_pkg/tests
[3.013s] copying /home/kyu8/tfg/build/arm_pkg/build/lib/arm_pkg/tests/sac.py -> /home/kyu8/tfg/install/arm_pkg/lib/python3.10/site-packages/arm_pkg/tests
[3.014s] copying /home/kyu8/tfg/build/arm_pkg/build/lib/arm_pkg/tests/__init__.py -> /home/kyu8/tfg/install/arm_pkg/lib/python3.10/site-packages/arm_pkg/tests
[3.014s] copying /home/kyu8/tfg/build/arm_pkg/build/lib/arm_pkg/tests/joint_listener.py -> /home/kyu8/tfg/install/arm_pkg/lib/python3.10/site-packages/arm_pkg/tests
[3.014s] copying /home/kyu8/tfg/build/arm_pkg/build/lib/arm_pkg/tests/joint_controller.py -> /home/kyu8/tfg/install/arm_pkg/lib/python3.10/site-packages/arm_pkg/tests
[3.014s] copying /home/kyu8/tfg/build/arm_pkg/build/lib/arm_pkg/tests/state_test.py -> /home/kyu8/tfg/install/arm_pkg/lib/python3.10/site-packages/arm_pkg/tests
[3.014s] copying /home/kyu8/tfg/build/arm_pkg/build/lib/arm_pkg/tests/data_gripper_test.py -> /home/kyu8/tfg/install/arm_pkg/lib/python3.10/site-packages/arm_pkg/tests
[3.014s] copying /home/kyu8/tfg/build/arm_pkg/build/lib/arm_pkg/tests/joint_storage.py -> /home/kyu8/tfg/install/arm_pkg/lib/python3.10/site-packages/arm_pkg/tests
[3.015s] copying /home/kyu8/tfg/build/arm_pkg/build/lib/arm_pkg/tests/joint_position_reset.py -> /home/kyu8/tfg/install/arm_pkg/lib/python3.10/site-packages/arm_pkg/tests
[3.015s] copying /home/kyu8/tfg/build/arm_pkg/build/lib/arm_pkg/tests/joint_processor.py -> /home/kyu8/tfg/install/arm_pkg/lib/python3.10/site-packages/arm_pkg/tests
[3.015s] copying /home/kyu8/tfg/build/arm_pkg/build/lib/arm_pkg/tests/launchgazebotest.py -> /home/kyu8/tfg/install/arm_pkg/lib/python3.10/site-packages/arm_pkg/tests
[3.015s] creating /home/kyu8/tfg/install/arm_pkg/lib/python3.10/site-packages/arm_pkg/drl
[3.015s] copying /home/kyu8/tfg/build/arm_pkg/build/lib/arm_pkg/drl/__init__.py -> /home/kyu8/tfg/install/arm_pkg/lib/python3.10/site-packages/arm_pkg/drl
[3.016s] copying /home/kyu8/tfg/build/arm_pkg/build/lib/arm_pkg/drl/ddpg.py -> /home/kyu8/tfg/install/arm_pkg/lib/python3.10/site-packages/arm_pkg/drl
[3.016s] copying /home/kyu8/tfg/build/arm_pkg/build/lib/arm_pkg/drl/reset.py -> /home/kyu8/tfg/install/arm_pkg/lib/python3.10/site-packages/arm_pkg/drl
[3.016s] copying /home/kyu8/tfg/build/arm_pkg/build/lib/arm_pkg/drl/plots.py -> /home/kyu8/tfg/install/arm_pkg/lib/python3.10/site-packages/arm_pkg/drl
[3.016s] copying /home/kyu8/tfg/build/arm_pkg/build/lib/arm_pkg/drl/training_loop.py -> /home/kyu8/tfg/install/arm_pkg/lib/python3.10/site-packages/arm_pkg/drl
[3.016s] copying /home/kyu8/tfg/build/arm_pkg/build/lib/arm_pkg/drl/robots_state.py -> /home/kyu8/tfg/install/arm_pkg/lib/python3.10/site-packages/arm_pkg/drl
[3.017s] copying /home/kyu8/tfg/build/arm_pkg/build/lib/arm_pkg/drl/rbuffer.py -> /home/kyu8/tfg/install/arm_pkg/lib/python3.10/site-packages/arm_pkg/drl
[3.017s] copying /home/kyu8/tfg/build/arm_pkg/build/lib/arm_pkg/drl/reward_function.py -> /home/kyu8/tfg/install/arm_pkg/lib/python3.10/site-packages/arm_pkg/drl
[3.018s] byte-compiling /home/kyu8/tfg/install/arm_pkg/lib/python3.10/site-packages/arm_pkg/__init__.py to __init__.cpython-310.pyc
[3.018s] byte-compiling /home/kyu8/tfg/install/arm_pkg/lib/python3.10/site-packages/arm_pkg/tests/sac.py to sac.cpython-310.pyc
[3.019s] byte-compiling /home/kyu8/tfg/install/arm_pkg/lib/python3.10/site-packages/arm_pkg/tests/__init__.py to __init__.cpython-310.pyc
[3.020s] byte-compiling /home/kyu8/tfg/install/arm_pkg/lib/python3.10/site-packages/arm_pkg/tests/joint_listener.py to joint_listener.cpython-310.pyc
[3.021s] byte-compiling /home/kyu8/tfg/install/arm_pkg/lib/python3.10/site-packages/arm_pkg/tests/joint_controller.py to joint_controller.cpython-310.pyc
[3.024s] byte-compiling /home/kyu8/tfg/install/arm_pkg/lib/python3.10/site-packages/arm_pkg/tests/state_test.py to state_test.cpython-310.pyc
[3.025s] byte-compiling /home/kyu8/tfg/install/arm_pkg/lib/python3.10/site-packages/arm_pkg/tests/data_gripper_test.py to data_gripper_test.cpython-310.pyc
[3.026s] byte-compiling /home/kyu8/tfg/install/arm_pkg/lib/python3.10/site-packages/arm_pkg/tests/joint_storage.py to joint_storage.cpython-310.pyc
[3.027s] byte-compiling /home/kyu8/tfg/install/arm_pkg/lib/python3.10/site-packages/arm_pkg/tests/joint_position_reset.py to joint_position_reset.cpython-310.pyc
[3.029s] byte-compiling /home/kyu8/tfg/install/arm_pkg/lib/python3.10/site-packages/arm_pkg/tests/joint_processor.py to joint_processor.cpython-310.pyc
[3.029s] byte-compiling /home/kyu8/tfg/install/arm_pkg/lib/python3.10/site-packages/arm_pkg/tests/launchgazebotest.py to launchgazebotest.cpython-310.pyc
[3.030s] byte-compiling /home/kyu8/tfg/install/arm_pkg/lib/python3.10/site-packages/arm_pkg/drl/__init__.py to __init__.cpython-310.pyc
[3.030s] byte-compiling /home/kyu8/tfg/install/arm_pkg/lib/python3.10/site-packages/arm_pkg/drl/ddpg.py to ddpg.cpython-310.pyc
[3.032s] byte-compiling /home/kyu8/tfg/install/arm_pkg/lib/python3.10/site-packages/arm_pkg/drl/reset.py to reset.cpython-310.pyc
[3.033s] byte-compiling /home/kyu8/tfg/install/arm_pkg/lib/python3.10/site-packages/arm_pkg/drl/plots.py to plots.cpython-310.pyc
[3.034s] byte-compiling /home/kyu8/tfg/install/arm_pkg/lib/python3.10/site-packages/arm_pkg/drl/training_loop.py to training_loop.cpython-310.pyc
[3.036s] byte-compiling /home/kyu8/tfg/install/arm_pkg/lib/python3.10/site-packages/arm_pkg/drl/robots_state.py to robots_state.cpython-310.pyc
[3.037s] byte-compiling /home/kyu8/tfg/install/arm_pkg/lib/python3.10/site-packages/arm_pkg/drl/rbuffer.py to rbuffer.cpython-310.pyc
[3.038s] byte-compiling /home/kyu8/tfg/install/arm_pkg/lib/python3.10/site-packages/arm_pkg/drl/reward_function.py to reward_function.cpython-310.pyc
[3.039s] running install_data
[3.040s] creating /home/kyu8/tfg/install/arm_pkg/share/ament_index
[3.040s] creating /home/kyu8/tfg/install/arm_pkg/share/ament_index/resource_index
[3.041s] creating /home/kyu8/tfg/install/arm_pkg/share/ament_index/resource_index/packages
[3.041s] copying resource/arm_pkg -> /home/kyu8/tfg/install/arm_pkg/share/ament_index/resource_index/packages
[3.042s] copying package.xml -> /home/kyu8/tfg/install/arm_pkg/share/arm_pkg
[3.042s] running install_egg_info
[3.044s] Copying ../../../build/arm_pkg/arm_pkg.egg-info to /home/kyu8/tfg/install/arm_pkg/lib/python3.10/site-packages/arm_pkg-0.0.0-py3.10.egg-info
[3.046s] running install_scripts
[3.086s] Installing controller script to /home/kyu8/tfg/install/arm_pkg/lib/arm_pkg
[3.087s] Installing ddpg script to /home/kyu8/tfg/install/arm_pkg/lib/arm_pkg
[3.087s] Installing gripper_test script to /home/kyu8/tfg/install/arm_pkg/lib/arm_pkg
[3.089s] Installing listener script to /home/kyu8/tfg/install/arm_pkg/lib/arm_pkg
[3.089s] Installing processor script to /home/kyu8/tfg/install/arm_pkg/lib/arm_pkg
[3.090s] Installing reset_controller script to /home/kyu8/tfg/install/arm_pkg/lib/arm_pkg
[3.090s] Installing reward_function script to /home/kyu8/tfg/install/arm_pkg/lib/arm_pkg
[3.090s] Installing robots_state script to /home/kyu8/tfg/install/arm_pkg/lib/arm_pkg
[3.091s] Installing sac script to /home/kyu8/tfg/install/arm_pkg/lib/arm_pkg
[3.091s] Installing state_test script to /home/kyu8/tfg/install/arm_pkg/lib/arm_pkg
[3.092s] Installing storage script to /home/kyu8/tfg/install/arm_pkg/lib/arm_pkg
[3.093s] Installing training script to /home/kyu8/tfg/install/arm_pkg/lib/arm_pkg
[3.093s] writing list of installed files to '/home/kyu8/tfg/build/arm_pkg/install.log'
[3.196s] Invoked command in '/home/kyu8/tfg/Simulation/src/arm_pkg' returned '0': PYTHONPATH=/home/kyu8/tfg/build/arm_pkg/prefix_override:/home/kyu8/tfg/install/arm_pkg/lib/python3.10/site-packages:${PYTHONPATH} /usr/bin/python3 setup.py egg_info --egg-base ../../../build/arm_pkg build --build-base /home/kyu8/tfg/build/arm_pkg/build install --record /home/kyu8/tfg/build/arm_pkg/install.log --single-version-externally-managed
