[1.281s] DEBUG:colcon:Command line arguments: ['/usr/bin/colcon', 'build']
[1.281s] DEBUG:colcon:Parsed command line arguments: Namespace(log_base=None, log_level=None, verb_name='build', build_base='build', install_base='install', merge_install=False, symlink_install=False, test_result_base=None, continue_on_error=False, executor='parallel', parallel_workers=5, event_handlers=None, ignore_user_meta=False, metas=['./colcon.meta'], base_paths=['.'], packages_ignore=None, packages_ignore_regex=None, paths=None, packages_up_to=None, packages_up_to_regex=None, packages_above=None, packages_above_and_dependencies=None, packages_above_depth=None, packages_select_by_dep=None, packages_skip_by_dep=None, packages_skip_up_to=None, packages_select_build_failed=False, packages_skip_build_finished=False, packages_select_test_failures=False, packages_skip_test_passed=False, packages_select=None, packages_skip=None, packages_select_regex=None, packages_skip_regex=None, packages_start=None, packages_end=None, allow_overriding=[], cmake_args=None, cmake_target=None, cmake_target_skip_unavailable=False, cmake_clean_cache=False, cmake_clean_first=False, cmake_force_configure=False, ament_cmake_args=None, catkin_cmake_args=None, catkin_skip_building_tests=False, verb_parser=<colcon_defaults.argument_parser.defaults.DefaultArgumentsDecorator object at 0x7f7878fa2920>, verb_extension=<colcon_core.verb.build.BuildVerb object at 0x7f78793d3730>, main=<bound method BuildVerb.main of <colcon_core.verb.build.BuildVerb object at 0x7f78793d3730>>)
[1.337s] Level 1:colcon.colcon_core.package_discovery:discover_packages(colcon_meta) check parameters
[1.337s] Level 1:colcon.colcon_core.package_discovery:discover_packages(recursive) check parameters
[1.337s] Level 1:colcon.colcon_core.package_discovery:discover_packages(ignore) check parameters
[1.337s] Level 1:colcon.colcon_core.package_discovery:discover_packages(path) check parameters
[1.337s] Level 1:colcon.colcon_core.package_discovery:discover_packages(colcon_meta) discover
[1.337s] Level 1:colcon.colcon_core.package_discovery:discover_packages(recursive) discover
[1.337s] INFO:colcon.colcon_core.package_discovery:Crawling recursively for packages in '/home/kyu8/tfg'
[1.337s] Level 1:colcon.colcon_core.package_identification:_identify(.) by extensions ['ignore', 'ignore_ament_install']
[1.338s] Level 1:colcon.colcon_core.package_identification:_identify(.) by extension 'ignore'
[1.338s] Level 1:colcon.colcon_core.package_identification:_identify(.) by extension 'ignore_ament_install'
[1.338s] Level 1:colcon.colcon_core.package_identification:_identify(.) by extensions ['colcon_pkg']
[1.338s] Level 1:colcon.colcon_core.package_identification:_identify(.) by extension 'colcon_pkg'
[1.338s] Level 1:colcon.colcon_core.package_identification:_identify(.) by extensions ['colcon_meta']
[1.338s] Level 1:colcon.colcon_core.package_identification:_identify(.) by extension 'colcon_meta'
[1.338s] Level 1:colcon.colcon_core.package_identification:_identify(.) by extensions ['ros']
[1.338s] Level 1:colcon.colcon_core.package_identification:_identify(.) by extension 'ros'
[1.351s] Level 1:colcon.colcon_core.package_identification:_identify(.) by extensions ['cmake', 'python']
[1.351s] Level 1:colcon.colcon_core.package_identification:_identify(.) by extension 'cmake'
[1.351s] Level 1:colcon.colcon_core.package_identification:_identify(.) by extension 'python'
[1.351s] Level 1:colcon.colcon_core.package_identification:_identify(.) by extensions ['python_setup_py']
[1.351s] Level 1:colcon.colcon_core.package_identification:_identify(.) by extension 'python_setup_py'
[1.351s] Level 1:colcon.colcon_core.package_identification:_identify(Implementation) by extensions ['ignore', 'ignore_ament_install']
[1.351s] Level 1:colcon.colcon_core.package_identification:_identify(Implementation) by extension 'ignore'
[1.351s] Level 1:colcon.colcon_core.package_identification:_identify(Implementation) by extension 'ignore_ament_install'
[1.351s] Level 1:colcon.colcon_core.package_identification:_identify(Implementation) by extensions ['colcon_pkg']
[1.351s] Level 1:colcon.colcon_core.package_identification:_identify(Implementation) by extension 'colcon_pkg'
[1.351s] Level 1:colcon.colcon_core.package_identification:_identify(Implementation) by extensions ['colcon_meta']
[1.351s] Level 1:colcon.colcon_core.package_identification:_identify(Implementation) by extension 'colcon_meta'
[1.351s] Level 1:colcon.colcon_core.package_identification:_identify(Implementation) by extensions ['ros']
[1.351s] Level 1:colcon.colcon_core.package_identification:_identify(Implementation) by extension 'ros'
[1.352s] Level 1:colcon.colcon_core.package_identification:_identify(Implementation) by extensions ['cmake', 'python']
[1.352s] Level 1:colcon.colcon_core.package_identification:_identify(Implementation) by extension 'cmake'
[1.352s] Level 1:colcon.colcon_core.package_identification:_identify(Implementation) by extension 'python'
[1.352s] Level 1:colcon.colcon_core.package_identification:_identify(Implementation) by extensions ['python_setup_py']
[1.352s] Level 1:colcon.colcon_core.package_identification:_identify(Implementation) by extension 'python_setup_py'
[1.352s] Level 1:colcon.colcon_core.package_identification:_identify(Implementation/tests) by extensions ['ignore', 'ignore_ament_install']
[1.352s] Level 1:colcon.colcon_core.package_identification:_identify(Implementation/tests) by extension 'ignore'
[1.352s] Level 1:colcon.colcon_core.package_identification:_identify(Implementation/tests) by extension 'ignore_ament_install'
[1.352s] Level 1:colcon.colcon_core.package_identification:_identify(Implementation/tests) by extensions ['colcon_pkg']
[1.352s] Level 1:colcon.colcon_core.package_identification:_identify(Implementation/tests) by extension 'colcon_pkg'
[1.352s] Level 1:colcon.colcon_core.package_identification:_identify(Implementation/tests) by extensions ['colcon_meta']
[1.352s] Level 1:colcon.colcon_core.package_identification:_identify(Implementation/tests) by extension 'colcon_meta'
[1.352s] Level 1:colcon.colcon_core.package_identification:_identify(Implementation/tests) by extensions ['ros']
[1.352s] Level 1:colcon.colcon_core.package_identification:_identify(Implementation/tests) by extension 'ros'
[1.352s] Level 1:colcon.colcon_core.package_identification:_identify(Implementation/tests) by extensions ['cmake', 'python']
[1.352s] Level 1:colcon.colcon_core.package_identification:_identify(Implementation/tests) by extension 'cmake'
[1.352s] Level 1:colcon.colcon_core.package_identification:_identify(Implementation/tests) by extension 'python'
[1.352s] Level 1:colcon.colcon_core.package_identification:_identify(Implementation/tests) by extensions ['python_setup_py']
[1.352s] Level 1:colcon.colcon_core.package_identification:_identify(Implementation/tests) by extension 'python_setup_py'
[1.352s] Level 1:colcon.colcon_core.package_identification:_identify(Implementation/tests/HC-SR04) by extensions ['ignore', 'ignore_ament_install']
[1.353s] Level 1:colcon.colcon_core.package_identification:_identify(Implementation/tests/HC-SR04) by extension 'ignore'
[1.353s] Level 1:colcon.colcon_core.package_identification:_identify(Implementation/tests/HC-SR04) by extension 'ignore_ament_install'
[1.353s] Level 1:colcon.colcon_core.package_identification:_identify(Implementation/tests/HC-SR04) by extensions ['colcon_pkg']
[1.353s] Level 1:colcon.colcon_core.package_identification:_identify(Implementation/tests/HC-SR04) by extension 'colcon_pkg'
[1.353s] Level 1:colcon.colcon_core.package_identification:_identify(Implementation/tests/HC-SR04) by extensions ['colcon_meta']
[1.353s] Level 1:colcon.colcon_core.package_identification:_identify(Implementation/tests/HC-SR04) by extension 'colcon_meta'
[1.353s] Level 1:colcon.colcon_core.package_identification:_identify(Implementation/tests/HC-SR04) by extensions ['ros']
[1.353s] Level 1:colcon.colcon_core.package_identification:_identify(Implementation/tests/HC-SR04) by extension 'ros'
[1.353s] Level 1:colcon.colcon_core.package_identification:_identify(Implementation/tests/HC-SR04) by extensions ['cmake', 'python']
[1.353s] Level 1:colcon.colcon_core.package_identification:_identify(Implementation/tests/HC-SR04) by extension 'cmake'
[1.353s] Level 1:colcon.colcon_core.package_identification:_identify(Implementation/tests/HC-SR04) by extension 'python'
[1.353s] Level 1:colcon.colcon_core.package_identification:_identify(Implementation/tests/HC-SR04) by extensions ['python_setup_py']
[1.353s] Level 1:colcon.colcon_core.package_identification:_identify(Implementation/tests/HC-SR04) by extension 'python_setup_py'
[1.353s] Level 1:colcon.colcon_core.package_identification:_identify(Implementation/tests/HC-SR04/HC-SR04_test) by extensions ['ignore', 'ignore_ament_install']
[1.353s] Level 1:colcon.colcon_core.package_identification:_identify(Implementation/tests/HC-SR04/HC-SR04_test) by extension 'ignore'
[1.353s] Level 1:colcon.colcon_core.package_identification:_identify(Implementation/tests/HC-SR04/HC-SR04_test) by extension 'ignore_ament_install'
[1.353s] Level 1:colcon.colcon_core.package_identification:_identify(Implementation/tests/HC-SR04/HC-SR04_test) by extensions ['colcon_pkg']
[1.353s] Level 1:colcon.colcon_core.package_identification:_identify(Implementation/tests/HC-SR04/HC-SR04_test) by extension 'colcon_pkg'
[1.353s] Level 1:colcon.colcon_core.package_identification:_identify(Implementation/tests/HC-SR04/HC-SR04_test) by extensions ['colcon_meta']
[1.354s] Level 1:colcon.colcon_core.package_identification:_identify(Implementation/tests/HC-SR04/HC-SR04_test) by extension 'colcon_meta'
[1.354s] Level 1:colcon.colcon_core.package_identification:_identify(Implementation/tests/HC-SR04/HC-SR04_test) by extensions ['ros']
[1.354s] Level 1:colcon.colcon_core.package_identification:_identify(Implementation/tests/HC-SR04/HC-SR04_test) by extension 'ros'
[1.354s] Level 1:colcon.colcon_core.package_identification:_identify(Implementation/tests/HC-SR04/HC-SR04_test) by extensions ['cmake', 'python']
[1.354s] Level 1:colcon.colcon_core.package_identification:_identify(Implementation/tests/HC-SR04/HC-SR04_test) by extension 'cmake'
[1.354s] Level 1:colcon.colcon_core.package_identification:_identify(Implementation/tests/HC-SR04/HC-SR04_test) by extension 'python'
[1.354s] Level 1:colcon.colcon_core.package_identification:_identify(Implementation/tests/HC-SR04/HC-SR04_test) by extensions ['python_setup_py']
[1.354s] Level 1:colcon.colcon_core.package_identification:_identify(Implementation/tests/HC-SR04/HC-SR04_test) by extension 'python_setup_py'
[1.354s] Level 1:colcon.colcon_core.package_identification:_identify(Implementation/tests/IMU) by extensions ['ignore', 'ignore_ament_install']
[1.354s] Level 1:colcon.colcon_core.package_identification:_identify(Implementation/tests/IMU) by extension 'ignore'
[1.354s] Level 1:colcon.colcon_core.package_identification:_identify(Implementation/tests/IMU) by extension 'ignore_ament_install'
[1.354s] Level 1:colcon.colcon_core.package_identification:_identify(Implementation/tests/IMU) by extensions ['colcon_pkg']
[1.354s] Level 1:colcon.colcon_core.package_identification:_identify(Implementation/tests/IMU) by extension 'colcon_pkg'
[1.354s] Level 1:colcon.colcon_core.package_identification:_identify(Implementation/tests/IMU) by extensions ['colcon_meta']
[1.354s] Level 1:colcon.colcon_core.package_identification:_identify(Implementation/tests/IMU) by extension 'colcon_meta'
[1.354s] Level 1:colcon.colcon_core.package_identification:_identify(Implementation/tests/IMU) by extensions ['ros']
[1.354s] Level 1:colcon.colcon_core.package_identification:_identify(Implementation/tests/IMU) by extension 'ros'
[1.354s] Level 1:colcon.colcon_core.package_identification:_identify(Implementation/tests/IMU) by extensions ['cmake', 'python']
[1.355s] Level 1:colcon.colcon_core.package_identification:_identify(Implementation/tests/IMU) by extension 'cmake'
[1.355s] Level 1:colcon.colcon_core.package_identification:_identify(Implementation/tests/IMU) by extension 'python'
[1.355s] Level 1:colcon.colcon_core.package_identification:_identify(Implementation/tests/IMU) by extensions ['python_setup_py']
[1.355s] Level 1:colcon.colcon_core.package_identification:_identify(Implementation/tests/IMU) by extension 'python_setup_py'
[1.355s] Level 1:colcon.colcon_core.package_identification:_identify(Implementation/tests/IMU/IMU_angle_pos) by extensions ['ignore', 'ignore_ament_install']
[1.355s] Level 1:colcon.colcon_core.package_identification:_identify(Implementation/tests/IMU/IMU_angle_pos) by extension 'ignore'
[1.355s] Level 1:colcon.colcon_core.package_identification:_identify(Implementation/tests/IMU/IMU_angle_pos) by extension 'ignore_ament_install'
[1.355s] Level 1:colcon.colcon_core.package_identification:_identify(Implementation/tests/IMU/IMU_angle_pos) by extensions ['colcon_pkg']
[1.355s] Level 1:colcon.colcon_core.package_identification:_identify(Implementation/tests/IMU/IMU_angle_pos) by extension 'colcon_pkg'
[1.355s] Level 1:colcon.colcon_core.package_identification:_identify(Implementation/tests/IMU/IMU_angle_pos) by extensions ['colcon_meta']
[1.355s] Level 1:colcon.colcon_core.package_identification:_identify(Implementation/tests/IMU/IMU_angle_pos) by extension 'colcon_meta'
[1.355s] Level 1:colcon.colcon_core.package_identification:_identify(Implementation/tests/IMU/IMU_angle_pos) by extensions ['ros']
[1.355s] Level 1:colcon.colcon_core.package_identification:_identify(Implementation/tests/IMU/IMU_angle_pos) by extension 'ros'
[1.355s] Level 1:colcon.colcon_core.package_identification:_identify(Implementation/tests/IMU/IMU_angle_pos) by extensions ['cmake', 'python']
[1.355s] Level 1:colcon.colcon_core.package_identification:_identify(Implementation/tests/IMU/IMU_angle_pos) by extension 'cmake'
[1.355s] Level 1:colcon.colcon_core.package_identification:_identify(Implementation/tests/IMU/IMU_angle_pos) by extension 'python'
[1.355s] Level 1:colcon.colcon_core.package_identification:_identify(Implementation/tests/IMU/IMU_angle_pos) by extensions ['python_setup_py']
[1.355s] Level 1:colcon.colcon_core.package_identification:_identify(Implementation/tests/IMU/IMU_angle_pos) by extension 'python_setup_py'
[1.355s] Level 1:colcon.colcon_core.package_identification:_identify(Implementation/tests/IMU/IMU_test) by extensions ['ignore', 'ignore_ament_install']
[1.356s] Level 1:colcon.colcon_core.package_identification:_identify(Implementation/tests/IMU/IMU_test) by extension 'ignore'
[1.356s] Level 1:colcon.colcon_core.package_identification:_identify(Implementation/tests/IMU/IMU_test) by extension 'ignore_ament_install'
[1.356s] Level 1:colcon.colcon_core.package_identification:_identify(Implementation/tests/IMU/IMU_test) by extensions ['colcon_pkg']
[1.356s] Level 1:colcon.colcon_core.package_identification:_identify(Implementation/tests/IMU/IMU_test) by extension 'colcon_pkg'
[1.356s] Level 1:colcon.colcon_core.package_identification:_identify(Implementation/tests/IMU/IMU_test) by extensions ['colcon_meta']
[1.356s] Level 1:colcon.colcon_core.package_identification:_identify(Implementation/tests/IMU/IMU_test) by extension 'colcon_meta'
[1.356s] Level 1:colcon.colcon_core.package_identification:_identify(Implementation/tests/IMU/IMU_test) by extensions ['ros']
[1.356s] Level 1:colcon.colcon_core.package_identification:_identify(Implementation/tests/IMU/IMU_test) by extension 'ros'
[1.356s] Level 1:colcon.colcon_core.package_identification:_identify(Implementation/tests/IMU/IMU_test) by extensions ['cmake', 'python']
[1.356s] Level 1:colcon.colcon_core.package_identification:_identify(Implementation/tests/IMU/IMU_test) by extension 'cmake'
[1.356s] Level 1:colcon.colcon_core.package_identification:_identify(Implementation/tests/IMU/IMU_test) by extension 'python'
[1.356s] Level 1:colcon.colcon_core.package_identification:_identify(Implementation/tests/IMU/IMU_test) by extensions ['python_setup_py']
[1.356s] Level 1:colcon.colcon_core.package_identification:_identify(Implementation/tests/IMU/IMU_test) by extension 'python_setup_py'
[1.356s] Level 1:colcon.colcon_core.package_identification:_identify(Implementation/tests/WiFi com) by extensions ['ignore', 'ignore_ament_install']
[1.357s] Level 1:colcon.colcon_core.package_identification:_identify(Implementation/tests/WiFi com) by extension 'ignore'
[1.357s] Level 1:colcon.colcon_core.package_identification:_identify(Implementation/tests/WiFi com) by extension 'ignore_ament_install'
[1.357s] Level 1:colcon.colcon_core.package_identification:_identify(Implementation/tests/WiFi com) by extensions ['colcon_pkg']
[1.357s] Level 1:colcon.colcon_core.package_identification:_identify(Implementation/tests/WiFi com) by extension 'colcon_pkg'
[1.357s] Level 1:colcon.colcon_core.package_identification:_identify(Implementation/tests/WiFi com) by extensions ['colcon_meta']
[1.357s] Level 1:colcon.colcon_core.package_identification:_identify(Implementation/tests/WiFi com) by extension 'colcon_meta'
[1.357s] Level 1:colcon.colcon_core.package_identification:_identify(Implementation/tests/WiFi com) by extensions ['ros']
[1.357s] Level 1:colcon.colcon_core.package_identification:_identify(Implementation/tests/WiFi com) by extension 'ros'
[1.357s] Level 1:colcon.colcon_core.package_identification:_identify(Implementation/tests/WiFi com) by extensions ['cmake', 'python']
[1.357s] Level 1:colcon.colcon_core.package_identification:_identify(Implementation/tests/WiFi com) by extension 'cmake'
[1.357s] Level 1:colcon.colcon_core.package_identification:_identify(Implementation/tests/WiFi com) by extension 'python'
[1.357s] Level 1:colcon.colcon_core.package_identification:_identify(Implementation/tests/WiFi com) by extensions ['python_setup_py']
[1.357s] Level 1:colcon.colcon_core.package_identification:_identify(Implementation/tests/WiFi com) by extension 'python_setup_py'
[1.357s] Level 1:colcon.colcon_core.package_identification:_identify(Implementation/tests/WiFi com/socket_test) by extensions ['ignore', 'ignore_ament_install']
[1.357s] Level 1:colcon.colcon_core.package_identification:_identify(Implementation/tests/WiFi com/socket_test) by extension 'ignore'
[1.357s] Level 1:colcon.colcon_core.package_identification:_identify(Implementation/tests/WiFi com/socket_test) by extension 'ignore_ament_install'
[1.357s] Level 1:colcon.colcon_core.package_identification:_identify(Implementation/tests/WiFi com/socket_test) by extensions ['colcon_pkg']
[1.357s] Level 1:colcon.colcon_core.package_identification:_identify(Implementation/tests/WiFi com/socket_test) by extension 'colcon_pkg'
[1.357s] Level 1:colcon.colcon_core.package_identification:_identify(Implementation/tests/WiFi com/socket_test) by extensions ['colcon_meta']
[1.358s] Level 1:colcon.colcon_core.package_identification:_identify(Implementation/tests/WiFi com/socket_test) by extension 'colcon_meta'
[1.358s] Level 1:colcon.colcon_core.package_identification:_identify(Implementation/tests/WiFi com/socket_test) by extensions ['ros']
[1.358s] Level 1:colcon.colcon_core.package_identification:_identify(Implementation/tests/WiFi com/socket_test) by extension 'ros'
[1.358s] Level 1:colcon.colcon_core.package_identification:_identify(Implementation/tests/WiFi com/socket_test) by extensions ['cmake', 'python']
[1.358s] Level 1:colcon.colcon_core.package_identification:_identify(Implementation/tests/WiFi com/socket_test) by extension 'cmake'
[1.358s] Level 1:colcon.colcon_core.package_identification:_identify(Implementation/tests/WiFi com/socket_test) by extension 'python'
[1.358s] Level 1:colcon.colcon_core.package_identification:_identify(Implementation/tests/WiFi com/socket_test) by extensions ['python_setup_py']
[1.358s] Level 1:colcon.colcon_core.package_identification:_identify(Implementation/tests/WiFi com/socket_test) by extension 'python_setup_py'
[1.358s] Level 1:colcon.colcon_core.package_identification:_identify(Implementation/tests/test_1) by extensions ['ignore', 'ignore_ament_install']
[1.358s] Level 1:colcon.colcon_core.package_identification:_identify(Implementation/tests/test_1) by extension 'ignore'
[1.358s] Level 1:colcon.colcon_core.package_identification:_identify(Implementation/tests/test_1) by extension 'ignore_ament_install'
[1.358s] Level 1:colcon.colcon_core.package_identification:_identify(Implementation/tests/test_1) by extensions ['colcon_pkg']
[1.358s] Level 1:colcon.colcon_core.package_identification:_identify(Implementation/tests/test_1) by extension 'colcon_pkg'
[1.358s] Level 1:colcon.colcon_core.package_identification:_identify(Implementation/tests/test_1) by extensions ['colcon_meta']
[1.358s] Level 1:colcon.colcon_core.package_identification:_identify(Implementation/tests/test_1) by extension 'colcon_meta'
[1.358s] Level 1:colcon.colcon_core.package_identification:_identify(Implementation/tests/test_1) by extensions ['ros']
[1.359s] Level 1:colcon.colcon_core.package_identification:_identify(Implementation/tests/test_1) by extension 'ros'
[1.359s] Level 1:colcon.colcon_core.package_identification:_identify(Implementation/tests/test_1) by extensions ['cmake', 'python']
[1.359s] Level 1:colcon.colcon_core.package_identification:_identify(Implementation/tests/test_1) by extension 'cmake'
[1.359s] Level 1:colcon.colcon_core.package_identification:_identify(Implementation/tests/test_1) by extension 'python'
[1.359s] Level 1:colcon.colcon_core.package_identification:_identify(Implementation/tests/test_1) by extensions ['python_setup_py']
[1.359s] Level 1:colcon.colcon_core.package_identification:_identify(Implementation/tests/test_1) by extension 'python_setup_py'
[1.359s] Level 1:colcon.colcon_core.package_identification:_identify(Simulation) by extensions ['ignore', 'ignore_ament_install']
[1.359s] Level 1:colcon.colcon_core.package_identification:_identify(Simulation) by extension 'ignore'
[1.359s] Level 1:colcon.colcon_core.package_identification:_identify(Simulation) by extension 'ignore_ament_install'
[1.359s] Level 1:colcon.colcon_core.package_identification:_identify(Simulation) by extensions ['colcon_pkg']
[1.359s] Level 1:colcon.colcon_core.package_identification:_identify(Simulation) by extension 'colcon_pkg'
[1.359s] Level 1:colcon.colcon_core.package_identification:_identify(Simulation) by extensions ['colcon_meta']
[1.359s] Level 1:colcon.colcon_core.package_identification:_identify(Simulation) by extension 'colcon_meta'
[1.359s] Level 1:colcon.colcon_core.package_identification:_identify(Simulation) by extensions ['ros']
[1.359s] Level 1:colcon.colcon_core.package_identification:_identify(Simulation) by extension 'ros'
[1.359s] Level 1:colcon.colcon_core.package_identification:_identify(Simulation) by extensions ['cmake', 'python']
[1.359s] Level 1:colcon.colcon_core.package_identification:_identify(Simulation) by extension 'cmake'
[1.359s] Level 1:colcon.colcon_core.package_identification:_identify(Simulation) by extension 'python'
[1.359s] Level 1:colcon.colcon_core.package_identification:_identify(Simulation) by extensions ['python_setup_py']
[1.359s] Level 1:colcon.colcon_core.package_identification:_identify(Simulation) by extension 'python_setup_py'
[1.360s] Level 1:colcon.colcon_core.package_identification:_identify(Simulation/build) by extensions ['ignore', 'ignore_ament_install']
[1.360s] Level 1:colcon.colcon_core.package_identification:_identify(Simulation/build) by extension 'ignore'
[1.360s] Level 1:colcon.colcon_core.package_identification:_identify(Simulation/build) ignored
[1.360s] Level 1:colcon.colcon_core.package_identification:_identify(Simulation/install) by extensions ['ignore', 'ignore_ament_install']
[1.360s] Level 1:colcon.colcon_core.package_identification:_identify(Simulation/install) by extension 'ignore'
[1.360s] Level 1:colcon.colcon_core.package_identification:_identify(Simulation/install) ignored
[1.360s] Level 1:colcon.colcon_core.package_identification:_identify(Simulation/log) by extensions ['ignore', 'ignore_ament_install']
[1.361s] Level 1:colcon.colcon_core.package_identification:_identify(Simulation/log) by extension 'ignore'
[1.361s] Level 1:colcon.colcon_core.package_identification:_identify(Simulation/log) ignored
[1.361s] Level 1:colcon.colcon_core.package_identification:_identify(Simulation/src) by extensions ['ignore', 'ignore_ament_install']
[1.361s] Level 1:colcon.colcon_core.package_identification:_identify(Simulation/src) by extension 'ignore'
[1.361s] Level 1:colcon.colcon_core.package_identification:_identify(Simulation/src) by extension 'ignore_ament_install'
[1.361s] Level 1:colcon.colcon_core.package_identification:_identify(Simulation/src) by extensions ['colcon_pkg']
[1.361s] Level 1:colcon.colcon_core.package_identification:_identify(Simulation/src) by extension 'colcon_pkg'
[1.361s] Level 1:colcon.colcon_core.package_identification:_identify(Simulation/src) by extensions ['colcon_meta']
[1.361s] Level 1:colcon.colcon_core.package_identification:_identify(Simulation/src) by extension 'colcon_meta'
[1.361s] Level 1:colcon.colcon_core.package_identification:_identify(Simulation/src) by extensions ['ros']
[1.361s] Level 1:colcon.colcon_core.package_identification:_identify(Simulation/src) by extension 'ros'
[1.361s] Level 1:colcon.colcon_core.package_identification:_identify(Simulation/src) by extensions ['cmake', 'python']
[1.361s] Level 1:colcon.colcon_core.package_identification:_identify(Simulation/src) by extension 'cmake'
[1.361s] Level 1:colcon.colcon_core.package_identification:_identify(Simulation/src) by extension 'python'
[1.361s] Level 1:colcon.colcon_core.package_identification:_identify(Simulation/src) by extensions ['python_setup_py']
[1.361s] Level 1:colcon.colcon_core.package_identification:_identify(Simulation/src) by extension 'python_setup_py'
[1.362s] Level 1:colcon.colcon_core.package_identification:_identify(Simulation/src/arm_pkg) by extensions ['ignore', 'ignore_ament_install']
[1.362s] Level 1:colcon.colcon_core.package_identification:_identify(Simulation/src/arm_pkg) by extension 'ignore'
[1.362s] Level 1:colcon.colcon_core.package_identification:_identify(Simulation/src/arm_pkg) by extension 'ignore_ament_install'
[1.362s] Level 1:colcon.colcon_core.package_identification:_identify(Simulation/src/arm_pkg) by extensions ['colcon_pkg']
[1.362s] Level 1:colcon.colcon_core.package_identification:_identify(Simulation/src/arm_pkg) by extension 'colcon_pkg'
[1.362s] Level 1:colcon.colcon_core.package_identification:_identify(Simulation/src/arm_pkg) by extensions ['colcon_meta']
[1.362s] Level 1:colcon.colcon_core.package_identification:_identify(Simulation/src/arm_pkg) by extension 'colcon_meta'
[1.362s] Level 1:colcon.colcon_core.package_identification:_identify(Simulation/src/arm_pkg) by extensions ['ros']
[1.362s] Level 1:colcon.colcon_core.package_identification:_identify(Simulation/src/arm_pkg) by extension 'ros'
[1.366s] DEBUG:colcon.colcon_core.package_identification:Package 'Simulation/src/arm_pkg' with type 'ros.ament_python' and name 'arm_pkg'
[1.366s] Level 1:colcon.colcon_core.package_identification:_identify(Simulation/src/bridge_commands) by extensions ['ignore', 'ignore_ament_install']
[1.367s] Level 1:colcon.colcon_core.package_identification:_identify(Simulation/src/bridge_commands) by extension 'ignore'
[1.367s] Level 1:colcon.colcon_core.package_identification:_identify(Simulation/src/bridge_commands) by extension 'ignore_ament_install'
[1.367s] Level 1:colcon.colcon_core.package_identification:_identify(Simulation/src/bridge_commands) by extensions ['colcon_pkg']
[1.367s] Level 1:colcon.colcon_core.package_identification:_identify(Simulation/src/bridge_commands) by extension 'colcon_pkg'
[1.367s] Level 1:colcon.colcon_core.package_identification:_identify(Simulation/src/bridge_commands) by extensions ['colcon_meta']
[1.367s] Level 1:colcon.colcon_core.package_identification:_identify(Simulation/src/bridge_commands) by extension 'colcon_meta'
[1.367s] Level 1:colcon.colcon_core.package_identification:_identify(Simulation/src/bridge_commands) by extensions ['ros']
[1.367s] Level 1:colcon.colcon_core.package_identification:_identify(Simulation/src/bridge_commands) by extension 'ros'
[1.367s] Level 1:colcon.colcon_core.package_identification:_identify(Simulation/src/bridge_commands) by extensions ['cmake', 'python']
[1.367s] Level 1:colcon.colcon_core.package_identification:_identify(Simulation/src/bridge_commands) by extension 'cmake'
[1.367s] Level 1:colcon.colcon_core.package_identification:_identify(Simulation/src/bridge_commands) by extension 'python'
[1.367s] Level 1:colcon.colcon_core.package_identification:_identify(Simulation/src/bridge_commands) by extensions ['python_setup_py']
[1.367s] Level 1:colcon.colcon_core.package_identification:_identify(Simulation/src/bridge_commands) by extension 'python_setup_py'
[1.367s] Level 1:colcon.colcon_core.package_identification:_identify(Simulation/src/dual_arm_control_pkg) by extensions ['ignore', 'ignore_ament_install']
[1.367s] Level 1:colcon.colcon_core.package_identification:_identify(Simulation/src/dual_arm_control_pkg) by extension 'ignore'
[1.368s] Level 1:colcon.colcon_core.package_identification:_identify(Simulation/src/dual_arm_control_pkg) by extension 'ignore_ament_install'
[1.368s] Level 1:colcon.colcon_core.package_identification:_identify(Simulation/src/dual_arm_control_pkg) by extensions ['colcon_pkg']
[1.368s] Level 1:colcon.colcon_core.package_identification:_identify(Simulation/src/dual_arm_control_pkg) by extension 'colcon_pkg'
[1.368s] Level 1:colcon.colcon_core.package_identification:_identify(Simulation/src/dual_arm_control_pkg) by extensions ['colcon_meta']
[1.368s] Level 1:colcon.colcon_core.package_identification:_identify(Simulation/src/dual_arm_control_pkg) by extension 'colcon_meta'
[1.368s] Level 1:colcon.colcon_core.package_identification:_identify(Simulation/src/dual_arm_control_pkg) by extensions ['ros']
[1.368s] Level 1:colcon.colcon_core.package_identification:_identify(Simulation/src/dual_arm_control_pkg) by extension 'ros'
[1.369s] DEBUG:colcon.colcon_core.package_identification:Package 'Simulation/src/dual_arm_control_pkg' with type 'ros.ament_python' and name 'dual_arm_control_pkg'
[1.369s] Level 1:colcon.colcon_core.package_identification:_identify(Simulation/src/sdf_files) by extensions ['ignore', 'ignore_ament_install']
[1.369s] Level 1:colcon.colcon_core.package_identification:_identify(Simulation/src/sdf_files) by extension 'ignore'
[1.369s] Level 1:colcon.colcon_core.package_identification:_identify(Simulation/src/sdf_files) by extension 'ignore_ament_install'
[1.369s] Level 1:colcon.colcon_core.package_identification:_identify(Simulation/src/sdf_files) by extensions ['colcon_pkg']
[1.369s] Level 1:colcon.colcon_core.package_identification:_identify(Simulation/src/sdf_files) by extension 'colcon_pkg'
[1.369s] Level 1:colcon.colcon_core.package_identification:_identify(Simulation/src/sdf_files) by extensions ['colcon_meta']
[1.369s] Level 1:colcon.colcon_core.package_identification:_identify(Simulation/src/sdf_files) by extension 'colcon_meta'
[1.369s] Level 1:colcon.colcon_core.package_identification:_identify(Simulation/src/sdf_files) by extensions ['ros']
[1.369s] Level 1:colcon.colcon_core.package_identification:_identify(Simulation/src/sdf_files) by extension 'ros'
[1.370s] Level 1:colcon.colcon_core.package_identification:_identify(Simulation/src/sdf_files) by extensions ['cmake', 'python']
[1.370s] Level 1:colcon.colcon_core.package_identification:_identify(Simulation/src/sdf_files) by extension 'cmake'
[1.370s] Level 1:colcon.colcon_core.package_identification:_identify(Simulation/src/sdf_files) by extension 'python'
[1.370s] Level 1:colcon.colcon_core.package_identification:_identify(Simulation/src/sdf_files) by extensions ['python_setup_py']
[1.370s] Level 1:colcon.colcon_core.package_identification:_identify(Simulation/src/sdf_files) by extension 'python_setup_py'
[1.370s] Level 1:colcon.colcon_core.package_identification:_identify(Simulation/src/sdf_files/example) by extensions ['ignore', 'ignore_ament_install']
[1.370s] Level 1:colcon.colcon_core.package_identification:_identify(Simulation/src/sdf_files/example) by extension 'ignore'
[1.370s] Level 1:colcon.colcon_core.package_identification:_identify(Simulation/src/sdf_files/example) by extension 'ignore_ament_install'
[1.370s] Level 1:colcon.colcon_core.package_identification:_identify(Simulation/src/sdf_files/example) by extensions ['colcon_pkg']
[1.370s] Level 1:colcon.colcon_core.package_identification:_identify(Simulation/src/sdf_files/example) by extension 'colcon_pkg'
[1.370s] Level 1:colcon.colcon_core.package_identification:_identify(Simulation/src/sdf_files/example) by extensions ['colcon_meta']
[1.370s] Level 1:colcon.colcon_core.package_identification:_identify(Simulation/src/sdf_files/example) by extension 'colcon_meta'
[1.370s] Level 1:colcon.colcon_core.package_identification:_identify(Simulation/src/sdf_files/example) by extensions ['ros']
[1.370s] Level 1:colcon.colcon_core.package_identification:_identify(Simulation/src/sdf_files/example) by extension 'ros'
[1.370s] Level 1:colcon.colcon_core.package_identification:_identify(Simulation/src/sdf_files/example) by extensions ['cmake', 'python']
[1.370s] Level 1:colcon.colcon_core.package_identification:_identify(Simulation/src/sdf_files/example) by extension 'cmake'
[1.370s] Level 1:colcon.colcon_core.package_identification:_identify(Simulation/src/sdf_files/example) by extension 'python'
[1.370s] Level 1:colcon.colcon_core.package_identification:_identify(Simulation/src/sdf_files/example) by extensions ['python_setup_py']
[1.370s] Level 1:colcon.colcon_core.package_identification:_identify(Simulation/src/sdf_files/example) by extension 'python_setup_py'
[1.371s] Level 1:colcon.colcon_core.package_identification:_identify(build) by extensions ['ignore', 'ignore_ament_install']
[1.371s] Level 1:colcon.colcon_core.package_identification:_identify(build) by extension 'ignore'
[1.371s] Level 1:colcon.colcon_core.package_identification:_identify(build) ignored
[1.371s] Level 1:colcon.colcon_core.package_identification:_identify(install) by extensions ['ignore', 'ignore_ament_install']
[1.371s] Level 1:colcon.colcon_core.package_identification:_identify(install) by extension 'ignore'
[1.371s] Level 1:colcon.colcon_core.package_identification:_identify(install) ignored
[1.371s] Level 1:colcon.colcon_core.package_identification:_identify(log) by extensions ['ignore', 'ignore_ament_install']
[1.371s] Level 1:colcon.colcon_core.package_identification:_identify(log) by extension 'ignore'
[1.371s] Level 1:colcon.colcon_core.package_identification:_identify(log) ignored
[1.371s] Level 1:colcon.colcon_core.package_identification:_identify(rwork) by extensions ['ignore', 'ignore_ament_install']
[1.371s] Level 1:colcon.colcon_core.package_identification:_identify(rwork) by extension 'ignore'
[1.371s] Level 1:colcon.colcon_core.package_identification:_identify(rwork) by extension 'ignore_ament_install'
[1.371s] Level 1:colcon.colcon_core.package_identification:_identify(rwork) by extensions ['colcon_pkg']
[1.371s] Level 1:colcon.colcon_core.package_identification:_identify(rwork) by extension 'colcon_pkg'
[1.372s] Level 1:colcon.colcon_core.package_identification:_identify(rwork) by extensions ['colcon_meta']
[1.372s] Level 1:colcon.colcon_core.package_identification:_identify(rwork) by extension 'colcon_meta'
[1.372s] Level 1:colcon.colcon_core.package_identification:_identify(rwork) by extensions ['ros']
[1.372s] Level 1:colcon.colcon_core.package_identification:_identify(rwork) by extension 'ros'
[1.372s] Level 1:colcon.colcon_core.package_identification:_identify(rwork) by extensions ['cmake', 'python']
[1.372s] Level 1:colcon.colcon_core.package_identification:_identify(rwork) by extension 'cmake'
[1.372s] Level 1:colcon.colcon_core.package_identification:_identify(rwork) by extension 'python'
[1.372s] Level 1:colcon.colcon_core.package_identification:_identify(rwork) by extensions ['python_setup_py']
[1.372s] Level 1:colcon.colcon_core.package_identification:_identify(rwork) by extension 'python_setup_py'
[1.372s] Level 1:colcon.colcon_core.package_identification:_identify(rwork/build) by extensions ['ignore', 'ignore_ament_install']
[1.372s] Level 1:colcon.colcon_core.package_identification:_identify(rwork/build) by extension 'ignore'
[1.372s] Level 1:colcon.colcon_core.package_identification:_identify(rwork/build) by extension 'ignore_ament_install'
[1.372s] Level 1:colcon.colcon_core.package_identification:_identify(rwork/build) by extensions ['colcon_pkg']
[1.372s] Level 1:colcon.colcon_core.package_identification:_identify(rwork/build) by extension 'colcon_pkg'
[1.372s] Level 1:colcon.colcon_core.package_identification:_identify(rwork/build) by extensions ['colcon_meta']
[1.372s] Level 1:colcon.colcon_core.package_identification:_identify(rwork/build) by extension 'colcon_meta'
[1.372s] Level 1:colcon.colcon_core.package_identification:_identify(rwork/build) by extensions ['ros']
[1.372s] Level 1:colcon.colcon_core.package_identification:_identify(rwork/build) by extension 'ros'
[1.372s] Level 1:colcon.colcon_core.package_identification:_identify(rwork/build) by extensions ['cmake', 'python']
[1.372s] Level 1:colcon.colcon_core.package_identification:_identify(rwork/build) by extension 'cmake'
[1.372s] Level 1:colcon.colcon_core.package_identification:_identify(rwork/build) by extension 'python'
[1.373s] Level 1:colcon.colcon_core.package_identification:_identify(rwork/build) by extensions ['python_setup_py']
[1.373s] Level 1:colcon.colcon_core.package_identification:_identify(rwork/build) by extension 'python_setup_py'
[1.373s] Level 1:colcon.colcon_core.package_identification:_identify(rwork/build/dual_arm_control_pkg) by extensions ['ignore', 'ignore_ament_install']
[1.373s] Level 1:colcon.colcon_core.package_identification:_identify(rwork/build/dual_arm_control_pkg) by extension 'ignore'
[1.373s] Level 1:colcon.colcon_core.package_identification:_identify(rwork/build/dual_arm_control_pkg) by extension 'ignore_ament_install'
[1.373s] Level 1:colcon.colcon_core.package_identification:_identify(rwork/build/dual_arm_control_pkg) by extensions ['colcon_pkg']
[1.373s] Level 1:colcon.colcon_core.package_identification:_identify(rwork/build/dual_arm_control_pkg) by extension 'colcon_pkg'
[1.373s] Level 1:colcon.colcon_core.package_identification:_identify(rwork/build/dual_arm_control_pkg) by extensions ['colcon_meta']
[1.373s] Level 1:colcon.colcon_core.package_identification:_identify(rwork/build/dual_arm_control_pkg) by extension 'colcon_meta'
[1.373s] Level 1:colcon.colcon_core.package_identification:_identify(rwork/build/dual_arm_control_pkg) by extensions ['ros']
[1.373s] Level 1:colcon.colcon_core.package_identification:_identify(rwork/build/dual_arm_control_pkg) by extension 'ros'
[1.373s] Level 1:colcon.colcon_core.package_identification:_identify(rwork/build/dual_arm_control_pkg) by extensions ['cmake', 'python']
[1.373s] Level 1:colcon.colcon_core.package_identification:_identify(rwork/build/dual_arm_control_pkg) by extension 'cmake'
[1.373s] Level 1:colcon.colcon_core.package_identification:_identify(rwork/build/dual_arm_control_pkg) by extension 'python'
[1.373s] Level 1:colcon.colcon_core.package_identification:_identify(rwork/build/dual_arm_control_pkg) by extensions ['python_setup_py']
[1.373s] Level 1:colcon.colcon_core.package_identification:_identify(rwork/build/dual_arm_control_pkg) by extension 'python_setup_py'
[1.373s] Level 1:colcon.colcon_core.package_identification:_identify(rwork/build/dual_arm_control_pkg/CMakeFiles) by extensions ['ignore', 'ignore_ament_install']
[1.373s] Level 1:colcon.colcon_core.package_identification:_identify(rwork/build/dual_arm_control_pkg/CMakeFiles) by extension 'ignore'
[1.373s] Level 1:colcon.colcon_core.package_identification:_identify(rwork/build/dual_arm_control_pkg/CMakeFiles) by extension 'ignore_ament_install'
[1.374s] Level 1:colcon.colcon_core.package_identification:_identify(rwork/build/dual_arm_control_pkg/CMakeFiles) by extensions ['colcon_pkg']
[1.374s] Level 1:colcon.colcon_core.package_identification:_identify(rwork/build/dual_arm_control_pkg/CMakeFiles) by extension 'colcon_pkg'
[1.374s] Level 1:colcon.colcon_core.package_identification:_identify(rwork/build/dual_arm_control_pkg/CMakeFiles) by extensions ['colcon_meta']
[1.374s] Level 1:colcon.colcon_core.package_identification:_identify(rwork/build/dual_arm_control_pkg/CMakeFiles) by extension 'colcon_meta'
[1.374s] Level 1:colcon.colcon_core.package_identification:_identify(rwork/build/dual_arm_control_pkg/CMakeFiles) by extensions ['ros']
[1.374s] Level 1:colcon.colcon_core.package_identification:_identify(rwork/build/dual_arm_control_pkg/CMakeFiles) by extension 'ros'
[1.374s] Level 1:colcon.colcon_core.package_identification:_identify(rwork/build/dual_arm_control_pkg/CMakeFiles) by extensions ['cmake', 'python']
[1.374s] Level 1:colcon.colcon_core.package_identification:_identify(rwork/build/dual_arm_control_pkg/CMakeFiles) by extension 'cmake'
[1.374s] Level 1:colcon.colcon_core.package_identification:_identify(rwork/build/dual_arm_control_pkg/CMakeFiles) by extension 'python'
[1.374s] Level 1:colcon.colcon_core.package_identification:_identify(rwork/build/dual_arm_control_pkg/CMakeFiles) by extensions ['python_setup_py']
[1.374s] Level 1:colcon.colcon_core.package_identification:_identify(rwork/build/dual_arm_control_pkg/CMakeFiles) by extension 'python_setup_py'
[1.374s] Level 1:colcon.colcon_core.package_identification:_identify(rwork/build/dual_arm_control_pkg/CMakeFiles/3.22.1) by extensions ['ignore', 'ignore_ament_install']
[1.374s] Level 1:colcon.colcon_core.package_identification:_identify(rwork/build/dual_arm_control_pkg/CMakeFiles/3.22.1) by extension 'ignore'
[1.374s] Level 1:colcon.colcon_core.package_identification:_identify(rwork/build/dual_arm_control_pkg/CMakeFiles/3.22.1) by extension 'ignore_ament_install'
[1.374s] Level 1:colcon.colcon_core.package_identification:_identify(rwork/build/dual_arm_control_pkg/CMakeFiles/3.22.1) by extensions ['colcon_pkg']
[1.374s] Level 1:colcon.colcon_core.package_identification:_identify(rwork/build/dual_arm_control_pkg/CMakeFiles/3.22.1) by extension 'colcon_pkg'
[1.374s] Level 1:colcon.colcon_core.package_identification:_identify(rwork/build/dual_arm_control_pkg/CMakeFiles/3.22.1) by extensions ['colcon_meta']
[1.374s] Level 1:colcon.colcon_core.package_identification:_identify(rwork/build/dual_arm_control_pkg/CMakeFiles/3.22.1) by extension 'colcon_meta'
[1.375s] Level 1:colcon.colcon_core.package_identification:_identify(rwork/build/dual_arm_control_pkg/CMakeFiles/3.22.1) by extensions ['ros']
[1.375s] Level 1:colcon.colcon_core.package_identification:_identify(rwork/build/dual_arm_control_pkg/CMakeFiles/3.22.1) by extension 'ros'
[1.375s] Level 1:colcon.colcon_core.package_identification:_identify(rwork/build/dual_arm_control_pkg/CMakeFiles/3.22.1) by extensions ['cmake', 'python']
[1.375s] Level 1:colcon.colcon_core.package_identification:_identify(rwork/build/dual_arm_control_pkg/CMakeFiles/3.22.1) by extension 'cmake'
[1.375s] Level 1:colcon.colcon_core.package_identification:_identify(rwork/build/dual_arm_control_pkg/CMakeFiles/3.22.1) by extension 'python'
[1.375s] Level 1:colcon.colcon_core.package_identification:_identify(rwork/build/dual_arm_control_pkg/CMakeFiles/3.22.1) by extensions ['python_setup_py']
[1.375s] Level 1:colcon.colcon_core.package_identification:_identify(rwork/build/dual_arm_control_pkg/CMakeFiles/3.22.1) by extension 'python_setup_py'
[1.375s] Level 1:colcon.colcon_core.package_identification:_identify(rwork/build/dual_arm_control_pkg/CMakeFiles/3.22.1/CompilerIdC) by extensions ['ignore', 'ignore_ament_install']
[1.375s] Level 1:colcon.colcon_core.package_identification:_identify(rwork/build/dual_arm_control_pkg/CMakeFiles/3.22.1/CompilerIdC) by extension 'ignore'
[1.375s] Level 1:colcon.colcon_core.package_identification:_identify(rwork/build/dual_arm_control_pkg/CMakeFiles/3.22.1/CompilerIdC) by extension 'ignore_ament_install'
[1.375s] Level 1:colcon.colcon_core.package_identification:_identify(rwork/build/dual_arm_control_pkg/CMakeFiles/3.22.1/CompilerIdC) by extensions ['colcon_pkg']
[1.375s] Level 1:colcon.colcon_core.package_identification:_identify(rwork/build/dual_arm_control_pkg/CMakeFiles/3.22.1/CompilerIdC) by extension 'colcon_pkg'
[1.375s] Level 1:colcon.colcon_core.package_identification:_identify(rwork/build/dual_arm_control_pkg/CMakeFiles/3.22.1/CompilerIdC) by extensions ['colcon_meta']
[1.375s] Level 1:colcon.colcon_core.package_identification:_identify(rwork/build/dual_arm_control_pkg/CMakeFiles/3.22.1/CompilerIdC) by extension 'colcon_meta'
[1.375s] Level 1:colcon.colcon_core.package_identification:_identify(rwork/build/dual_arm_control_pkg/CMakeFiles/3.22.1/CompilerIdC) by extensions ['ros']
[1.375s] Level 1:colcon.colcon_core.package_identification:_identify(rwork/build/dual_arm_control_pkg/CMakeFiles/3.22.1/CompilerIdC) by extension 'ros'
[1.375s] Level 1:colcon.colcon_core.package_identification:_identify(rwork/build/dual_arm_control_pkg/CMakeFiles/3.22.1/CompilerIdC) by extensions ['cmake', 'python']
[1.375s] Level 1:colcon.colcon_core.package_identification:_identify(rwork/build/dual_arm_control_pkg/CMakeFiles/3.22.1/CompilerIdC) by extension 'cmake'
[1.375s] Level 1:colcon.colcon_core.package_identification:_identify(rwork/build/dual_arm_control_pkg/CMakeFiles/3.22.1/CompilerIdC) by extension 'python'
[1.376s] Level 1:colcon.colcon_core.package_identification:_identify(rwork/build/dual_arm_control_pkg/CMakeFiles/3.22.1/CompilerIdC) by extensions ['python_setup_py']
[1.376s] Level 1:colcon.colcon_core.package_identification:_identify(rwork/build/dual_arm_control_pkg/CMakeFiles/3.22.1/CompilerIdC) by extension 'python_setup_py'
[1.376s] Level 1:colcon.colcon_core.package_identification:_identify(rwork/build/dual_arm_control_pkg/CMakeFiles/3.22.1/CompilerIdC/tmp) by extensions ['ignore', 'ignore_ament_install']
[1.376s] Level 1:colcon.colcon_core.package_identification:_identify(rwork/build/dual_arm_control_pkg/CMakeFiles/3.22.1/CompilerIdC/tmp) by extension 'ignore'
[1.376s] Level 1:colcon.colcon_core.package_identification:_identify(rwork/build/dual_arm_control_pkg/CMakeFiles/3.22.1/CompilerIdC/tmp) by extension 'ignore_ament_install'
[1.376s] Level 1:colcon.colcon_core.package_identification:_identify(rwork/build/dual_arm_control_pkg/CMakeFiles/3.22.1/CompilerIdC/tmp) by extensions ['colcon_pkg']
[1.376s] Level 1:colcon.colcon_core.package_identification:_identify(rwork/build/dual_arm_control_pkg/CMakeFiles/3.22.1/CompilerIdC/tmp) by extension 'colcon_pkg'
[1.376s] Level 1:colcon.colcon_core.package_identification:_identify(rwork/build/dual_arm_control_pkg/CMakeFiles/3.22.1/CompilerIdC/tmp) by extensions ['colcon_meta']
[1.376s] Level 1:colcon.colcon_core.package_identification:_identify(rwork/build/dual_arm_control_pkg/CMakeFiles/3.22.1/CompilerIdC/tmp) by extension 'colcon_meta'
[1.376s] Level 1:colcon.colcon_core.package_identification:_identify(rwork/build/dual_arm_control_pkg/CMakeFiles/3.22.1/CompilerIdC/tmp) by extensions ['ros']
[1.376s] Level 1:colcon.colcon_core.package_identification:_identify(rwork/build/dual_arm_control_pkg/CMakeFiles/3.22.1/CompilerIdC/tmp) by extension 'ros'
[1.376s] Level 1:colcon.colcon_core.package_identification:_identify(rwork/build/dual_arm_control_pkg/CMakeFiles/3.22.1/CompilerIdC/tmp) by extensions ['cmake', 'python']
[1.376s] Level 1:colcon.colcon_core.package_identification:_identify(rwork/build/dual_arm_control_pkg/CMakeFiles/3.22.1/CompilerIdC/tmp) by extension 'cmake'
[1.376s] Level 1:colcon.colcon_core.package_identification:_identify(rwork/build/dual_arm_control_pkg/CMakeFiles/3.22.1/CompilerIdC/tmp) by extension 'python'
[1.376s] Level 1:colcon.colcon_core.package_identification:_identify(rwork/build/dual_arm_control_pkg/CMakeFiles/3.22.1/CompilerIdC/tmp) by extensions ['python_setup_py']
[1.376s] Level 1:colcon.colcon_core.package_identification:_identify(rwork/build/dual_arm_control_pkg/CMakeFiles/3.22.1/CompilerIdC/tmp) by extension 'python_setup_py'
[1.376s] Level 1:colcon.colcon_core.package_identification:_identify(rwork/build/dual_arm_control_pkg/CMakeFiles/3.22.1/CompilerIdCXX) by extensions ['ignore', 'ignore_ament_install']
[1.377s] Level 1:colcon.colcon_core.package_identification:_identify(rwork/build/dual_arm_control_pkg/CMakeFiles/3.22.1/CompilerIdCXX) by extension 'ignore'
[1.377s] Level 1:colcon.colcon_core.package_identification:_identify(rwork/build/dual_arm_control_pkg/CMakeFiles/3.22.1/CompilerIdCXX) by extension 'ignore_ament_install'
[1.377s] Level 1:colcon.colcon_core.package_identification:_identify(rwork/build/dual_arm_control_pkg/CMakeFiles/3.22.1/CompilerIdCXX) by extensions ['colcon_pkg']
[1.377s] Level 1:colcon.colcon_core.package_identification:_identify(rwork/build/dual_arm_control_pkg/CMakeFiles/3.22.1/CompilerIdCXX) by extension 'colcon_pkg'
[1.377s] Level 1:colcon.colcon_core.package_identification:_identify(rwork/build/dual_arm_control_pkg/CMakeFiles/3.22.1/CompilerIdCXX) by extensions ['colcon_meta']
[1.377s] Level 1:colcon.colcon_core.package_identification:_identify(rwork/build/dual_arm_control_pkg/CMakeFiles/3.22.1/CompilerIdCXX) by extension 'colcon_meta'
[1.377s] Level 1:colcon.colcon_core.package_identification:_identify(rwork/build/dual_arm_control_pkg/CMakeFiles/3.22.1/CompilerIdCXX) by extensions ['ros']
[1.377s] Level 1:colcon.colcon_core.package_identification:_identify(rwork/build/dual_arm_control_pkg/CMakeFiles/3.22.1/CompilerIdCXX) by extension 'ros'
[1.377s] Level 1:colcon.colcon_core.package_identification:_identify(rwork/build/dual_arm_control_pkg/CMakeFiles/3.22.1/CompilerIdCXX) by extensions ['cmake', 'python']
[1.377s] Level 1:colcon.colcon_core.package_identification:_identify(rwork/build/dual_arm_control_pkg/CMakeFiles/3.22.1/CompilerIdCXX) by extension 'cmake'
[1.377s] Level 1:colcon.colcon_core.package_identification:_identify(rwork/build/dual_arm_control_pkg/CMakeFiles/3.22.1/CompilerIdCXX) by extension 'python'
[1.377s] Level 1:colcon.colcon_core.package_identification:_identify(rwork/build/dual_arm_control_pkg/CMakeFiles/3.22.1/CompilerIdCXX) by extensions ['python_setup_py']
[1.377s] Level 1:colcon.colcon_core.package_identification:_identify(rwork/build/dual_arm_control_pkg/CMakeFiles/3.22.1/CompilerIdCXX) by extension 'python_setup_py'
[1.377s] Level 1:colcon.colcon_core.package_identification:_identify(rwork/build/dual_arm_control_pkg/CMakeFiles/3.22.1/CompilerIdCXX/tmp) by extensions ['ignore', 'ignore_ament_install']
[1.377s] Level 1:colcon.colcon_core.package_identification:_identify(rwork/build/dual_arm_control_pkg/CMakeFiles/3.22.1/CompilerIdCXX/tmp) by extension 'ignore'
[1.377s] Level 1:colcon.colcon_core.package_identification:_identify(rwork/build/dual_arm_control_pkg/CMakeFiles/3.22.1/CompilerIdCXX/tmp) by extension 'ignore_ament_install'
[1.377s] Level 1:colcon.colcon_core.package_identification:_identify(rwork/build/dual_arm_control_pkg/CMakeFiles/3.22.1/CompilerIdCXX/tmp) by extensions ['colcon_pkg']
[1.377s] Level 1:colcon.colcon_core.package_identification:_identify(rwork/build/dual_arm_control_pkg/CMakeFiles/3.22.1/CompilerIdCXX/tmp) by extension 'colcon_pkg'
[1.377s] Level 1:colcon.colcon_core.package_identification:_identify(rwork/build/dual_arm_control_pkg/CMakeFiles/3.22.1/CompilerIdCXX/tmp) by extensions ['colcon_meta']
[1.377s] Level 1:colcon.colcon_core.package_identification:_identify(rwork/build/dual_arm_control_pkg/CMakeFiles/3.22.1/CompilerIdCXX/tmp) by extension 'colcon_meta'
[1.378s] Level 1:colcon.colcon_core.package_identification:_identify(rwork/build/dual_arm_control_pkg/CMakeFiles/3.22.1/CompilerIdCXX/tmp) by extensions ['ros']
[1.378s] Level 1:colcon.colcon_core.package_identification:_identify(rwork/build/dual_arm_control_pkg/CMakeFiles/3.22.1/CompilerIdCXX/tmp) by extension 'ros'
[1.378s] Level 1:colcon.colcon_core.package_identification:_identify(rwork/build/dual_arm_control_pkg/CMakeFiles/3.22.1/CompilerIdCXX/tmp) by extensions ['cmake', 'python']
[1.378s] Level 1:colcon.colcon_core.package_identification:_identify(rwork/build/dual_arm_control_pkg/CMakeFiles/3.22.1/CompilerIdCXX/tmp) by extension 'cmake'
[1.378s] Level 1:colcon.colcon_core.package_identification:_identify(rwork/build/dual_arm_control_pkg/CMakeFiles/3.22.1/CompilerIdCXX/tmp) by extension 'python'
[1.378s] Level 1:colcon.colcon_core.package_identification:_identify(rwork/build/dual_arm_control_pkg/CMakeFiles/3.22.1/CompilerIdCXX/tmp) by extensions ['python_setup_py']
[1.378s] Level 1:colcon.colcon_core.package_identification:_identify(rwork/build/dual_arm_control_pkg/CMakeFiles/3.22.1/CompilerIdCXX/tmp) by extension 'python_setup_py'
[1.378s] Level 1:colcon.colcon_core.package_identification:_identify(rwork/build/dual_arm_control_pkg/CMakeFiles/CMakeTmp) by extensions ['ignore', 'ignore_ament_install']
[1.378s] Level 1:colcon.colcon_core.package_identification:_identify(rwork/build/dual_arm_control_pkg/CMakeFiles/CMakeTmp) by extension 'ignore'
[1.378s] Level 1:colcon.colcon_core.package_identification:_identify(rwork/build/dual_arm_control_pkg/CMakeFiles/CMakeTmp) by extension 'ignore_ament_install'
[1.378s] Level 1:colcon.colcon_core.package_identification:_identify(rwork/build/dual_arm_control_pkg/CMakeFiles/CMakeTmp) by extensions ['colcon_pkg']
[1.378s] Level 1:colcon.colcon_core.package_identification:_identify(rwork/build/dual_arm_control_pkg/CMakeFiles/CMakeTmp) by extension 'colcon_pkg'
[1.378s] Level 1:colcon.colcon_core.package_identification:_identify(rwork/build/dual_arm_control_pkg/CMakeFiles/CMakeTmp) by extensions ['colcon_meta']
[1.378s] Level 1:colcon.colcon_core.package_identification:_identify(rwork/build/dual_arm_control_pkg/CMakeFiles/CMakeTmp) by extension 'colcon_meta'
[1.378s] Level 1:colcon.colcon_core.package_identification:_identify(rwork/build/dual_arm_control_pkg/CMakeFiles/CMakeTmp) by extensions ['ros']
[1.378s] Level 1:colcon.colcon_core.package_identification:_identify(rwork/build/dual_arm_control_pkg/CMakeFiles/CMakeTmp) by extension 'ros'
[1.379s] Level 1:colcon.colcon_core.package_identification:_identify(rwork/build/dual_arm_control_pkg/CMakeFiles/CMakeTmp) by extensions ['cmake', 'python']
[1.379s] Level 1:colcon.colcon_core.package_identification:_identify(rwork/build/dual_arm_control_pkg/CMakeFiles/CMakeTmp) by extension 'cmake'
[1.379s] Level 1:colcon.colcon_core.package_identification:_identify(rwork/build/dual_arm_control_pkg/CMakeFiles/CMakeTmp) by extension 'python'
[1.379s] Level 1:colcon.colcon_core.package_identification:_identify(rwork/build/dual_arm_control_pkg/CMakeFiles/CMakeTmp) by extensions ['python_setup_py']
[1.379s] Level 1:colcon.colcon_core.package_identification:_identify(rwork/build/dual_arm_control_pkg/CMakeFiles/CMakeTmp) by extension 'python_setup_py'
[1.379s] Level 1:colcon.colcon_core.package_identification:_identify(rwork/build/dual_arm_control_pkg/ament_cppcheck) by extensions ['ignore', 'ignore_ament_install']
[1.379s] Level 1:colcon.colcon_core.package_identification:_identify(rwork/build/dual_arm_control_pkg/ament_cppcheck) by extension 'ignore'
[1.379s] Level 1:colcon.colcon_core.package_identification:_identify(rwork/build/dual_arm_control_pkg/ament_cppcheck) by extension 'ignore_ament_install'
[1.379s] Level 1:colcon.colcon_core.package_identification:_identify(rwork/build/dual_arm_control_pkg/ament_cppcheck) by extensions ['colcon_pkg']
[1.379s] Level 1:colcon.colcon_core.package_identification:_identify(rwork/build/dual_arm_control_pkg/ament_cppcheck) by extension 'colcon_pkg'
[1.379s] Level 1:colcon.colcon_core.package_identification:_identify(rwork/build/dual_arm_control_pkg/ament_cppcheck) by extensions ['colcon_meta']
[1.379s] Level 1:colcon.colcon_core.package_identification:_identify(rwork/build/dual_arm_control_pkg/ament_cppcheck) by extension 'colcon_meta'
[1.379s] Level 1:colcon.colcon_core.package_identification:_identify(rwork/build/dual_arm_control_pkg/ament_cppcheck) by extensions ['ros']
[1.379s] Level 1:colcon.colcon_core.package_identification:_identify(rwork/build/dual_arm_control_pkg/ament_cppcheck) by extension 'ros'
[1.379s] Level 1:colcon.colcon_core.package_identification:_identify(rwork/build/dual_arm_control_pkg/ament_cppcheck) by extensions ['cmake', 'python']
[1.379s] Level 1:colcon.colcon_core.package_identification:_identify(rwork/build/dual_arm_control_pkg/ament_cppcheck) by extension 'cmake'
[1.379s] Level 1:colcon.colcon_core.package_identification:_identify(rwork/build/dual_arm_control_pkg/ament_cppcheck) by extension 'python'
[1.379s] Level 1:colcon.colcon_core.package_identification:_identify(rwork/build/dual_arm_control_pkg/ament_cppcheck) by extensions ['python_setup_py']
[1.379s] Level 1:colcon.colcon_core.package_identification:_identify(rwork/build/dual_arm_control_pkg/ament_cppcheck) by extension 'python_setup_py'
[1.380s] Level 1:colcon.colcon_core.package_identification:_identify(rwork/build/dual_arm_control_pkg/ament_lint_cmake) by extensions ['ignore', 'ignore_ament_install']
[1.380s] Level 1:colcon.colcon_core.package_identification:_identify(rwork/build/dual_arm_control_pkg/ament_lint_cmake) by extension 'ignore'
[1.380s] Level 1:colcon.colcon_core.package_identification:_identify(rwork/build/dual_arm_control_pkg/ament_lint_cmake) by extension 'ignore_ament_install'
[1.380s] Level 1:colcon.colcon_core.package_identification:_identify(rwork/build/dual_arm_control_pkg/ament_lint_cmake) by extensions ['colcon_pkg']
[1.380s] Level 1:colcon.colcon_core.package_identification:_identify(rwork/build/dual_arm_control_pkg/ament_lint_cmake) by extension 'colcon_pkg'
[1.380s] Level 1:colcon.colcon_core.package_identification:_identify(rwork/build/dual_arm_control_pkg/ament_lint_cmake) by extensions ['colcon_meta']
[1.380s] Level 1:colcon.colcon_core.package_identification:_identify(rwork/build/dual_arm_control_pkg/ament_lint_cmake) by extension 'colcon_meta'
[1.380s] Level 1:colcon.colcon_core.package_identification:_identify(rwork/build/dual_arm_control_pkg/ament_lint_cmake) by extensions ['ros']
[1.380s] Level 1:colcon.colcon_core.package_identification:_identify(rwork/build/dual_arm_control_pkg/ament_lint_cmake) by extension 'ros'
[1.380s] Level 1:colcon.colcon_core.package_identification:_identify(rwork/build/dual_arm_control_pkg/ament_lint_cmake) by extensions ['cmake', 'python']
[1.380s] Level 1:colcon.colcon_core.package_identification:_identify(rwork/build/dual_arm_control_pkg/ament_lint_cmake) by extension 'cmake'
[1.380s] Level 1:colcon.colcon_core.package_identification:_identify(rwork/build/dual_arm_control_pkg/ament_lint_cmake) by extension 'python'
[1.380s] Level 1:colcon.colcon_core.package_identification:_identify(rwork/build/dual_arm_control_pkg/ament_lint_cmake) by extensions ['python_setup_py']
[1.380s] Level 1:colcon.colcon_core.package_identification:_identify(rwork/build/dual_arm_control_pkg/ament_lint_cmake) by extension 'python_setup_py'
[1.380s] Level 1:colcon.colcon_core.package_identification:_identify(rwork/build/dual_arm_control_pkg/ament_uncrustify) by extensions ['ignore', 'ignore_ament_install']
[1.380s] Level 1:colcon.colcon_core.package_identification:_identify(rwork/build/dual_arm_control_pkg/ament_uncrustify) by extension 'ignore'
[1.380s] Level 1:colcon.colcon_core.package_identification:_identify(rwork/build/dual_arm_control_pkg/ament_uncrustify) by extension 'ignore_ament_install'
[1.380s] Level 1:colcon.colcon_core.package_identification:_identify(rwork/build/dual_arm_control_pkg/ament_uncrustify) by extensions ['colcon_pkg']
[1.380s] Level 1:colcon.colcon_core.package_identification:_identify(rwork/build/dual_arm_control_pkg/ament_uncrustify) by extension 'colcon_pkg'
[1.380s] Level 1:colcon.colcon_core.package_identification:_identify(rwork/build/dual_arm_control_pkg/ament_uncrustify) by extensions ['colcon_meta']
[1.380s] Level 1:colcon.colcon_core.package_identification:_identify(rwork/build/dual_arm_control_pkg/ament_uncrustify) by extension 'colcon_meta'
[1.381s] Level 1:colcon.colcon_core.package_identification:_identify(rwork/build/dual_arm_control_pkg/ament_uncrustify) by extensions ['ros']
[1.381s] Level 1:colcon.colcon_core.package_identification:_identify(rwork/build/dual_arm_control_pkg/ament_uncrustify) by extension 'ros'
[1.381s] Level 1:colcon.colcon_core.package_identification:_identify(rwork/build/dual_arm_control_pkg/ament_uncrustify) by extensions ['cmake', 'python']
[1.381s] Level 1:colcon.colcon_core.package_identification:_identify(rwork/build/dual_arm_control_pkg/ament_uncrustify) by extension 'cmake'
[1.381s] Level 1:colcon.colcon_core.package_identification:_identify(rwork/build/dual_arm_control_pkg/ament_uncrustify) by extension 'python'
[1.381s] Level 1:colcon.colcon_core.package_identification:_identify(rwork/build/dual_arm_control_pkg/ament_uncrustify) by extensions ['python_setup_py']
[1.381s] Level 1:colcon.colcon_core.package_identification:_identify(rwork/build/dual_arm_control_pkg/ament_uncrustify) by extension 'python_setup_py'
[1.381s] Level 1:colcon.colcon_core.package_identification:_identify(rwork/build/dual_arm_control_pkg/ament_xmllint) by extensions ['ignore', 'ignore_ament_install']
[1.381s] Level 1:colcon.colcon_core.package_identification:_identify(rwork/build/dual_arm_control_pkg/ament_xmllint) by extension 'ignore'
[1.381s] Level 1:colcon.colcon_core.package_identification:_identify(rwork/build/dual_arm_control_pkg/ament_xmllint) by extension 'ignore_ament_install'
[1.381s] Level 1:colcon.colcon_core.package_identification:_identify(rwork/build/dual_arm_control_pkg/ament_xmllint) by extensions ['colcon_pkg']
[1.381s] Level 1:colcon.colcon_core.package_identification:_identify(rwork/build/dual_arm_control_pkg/ament_xmllint) by extension 'colcon_pkg'
[1.381s] Level 1:colcon.colcon_core.package_identification:_identify(rwork/build/dual_arm_control_pkg/ament_xmllint) by extensions ['colcon_meta']
[1.381s] Level 1:colcon.colcon_core.package_identification:_identify(rwork/build/dual_arm_control_pkg/ament_xmllint) by extension 'colcon_meta'
[1.381s] Level 1:colcon.colcon_core.package_identification:_identify(rwork/build/dual_arm_control_pkg/ament_xmllint) by extensions ['ros']
[1.381s] Level 1:colcon.colcon_core.package_identification:_identify(rwork/build/dual_arm_control_pkg/ament_xmllint) by extension 'ros'
[1.381s] Level 1:colcon.colcon_core.package_identification:_identify(rwork/build/dual_arm_control_pkg/ament_xmllint) by extensions ['cmake', 'python']
[1.381s] Level 1:colcon.colcon_core.package_identification:_identify(rwork/build/dual_arm_control_pkg/ament_xmllint) by extension 'cmake'
[1.381s] Level 1:colcon.colcon_core.package_identification:_identify(rwork/build/dual_arm_control_pkg/ament_xmllint) by extension 'python'
[1.382s] Level 1:colcon.colcon_core.package_identification:_identify(rwork/build/dual_arm_control_pkg/ament_xmllint) by extensions ['python_setup_py']
[1.382s] Level 1:colcon.colcon_core.package_identification:_identify(rwork/build/dual_arm_control_pkg/ament_xmllint) by extension 'python_setup_py'
[1.382s] Level 1:colcon.colcon_core.package_identification:_identify(rwork/src) by extensions ['ignore', 'ignore_ament_install']
[1.382s] Level 1:colcon.colcon_core.package_identification:_identify(rwork/src) by extension 'ignore'
[1.382s] Level 1:colcon.colcon_core.package_identification:_identify(rwork/src) by extension 'ignore_ament_install'
[1.382s] Level 1:colcon.colcon_core.package_identification:_identify(rwork/src) by extensions ['colcon_pkg']
[1.382s] Level 1:colcon.colcon_core.package_identification:_identify(rwork/src) by extension 'colcon_pkg'
[1.382s] Level 1:colcon.colcon_core.package_identification:_identify(rwork/src) by extensions ['colcon_meta']
[1.382s] Level 1:colcon.colcon_core.package_identification:_identify(rwork/src) by extension 'colcon_meta'
[1.382s] Level 1:colcon.colcon_core.package_identification:_identify(rwork/src) by extensions ['ros']
[1.382s] Level 1:colcon.colcon_core.package_identification:_identify(rwork/src) by extension 'ros'
[1.382s] Level 1:colcon.colcon_core.package_identification:_identify(rwork/src) by extensions ['cmake', 'python']
[1.382s] Level 1:colcon.colcon_core.package_identification:_identify(rwork/src) by extension 'cmake'
[1.382s] Level 1:colcon.colcon_core.package_identification:_identify(rwork/src) by extension 'python'
[1.382s] Level 1:colcon.colcon_core.package_identification:_identify(rwork/src) by extensions ['python_setup_py']
[1.382s] Level 1:colcon.colcon_core.package_identification:_identify(rwork/src) by extension 'python_setup_py'
[1.382s] Level 1:colcon.colcon_core.package_identification:_identify(rwork/src/csv_files) by extensions ['ignore', 'ignore_ament_install']
[1.382s] Level 1:colcon.colcon_core.package_identification:_identify(rwork/src/csv_files) by extension 'ignore'
[1.382s] Level 1:colcon.colcon_core.package_identification:_identify(rwork/src/csv_files) by extension 'ignore_ament_install'
[1.383s] Level 1:colcon.colcon_core.package_identification:_identify(rwork/src/csv_files) by extensions ['colcon_pkg']
[1.383s] Level 1:colcon.colcon_core.package_identification:_identify(rwork/src/csv_files) by extension 'colcon_pkg'
[1.383s] Level 1:colcon.colcon_core.package_identification:_identify(rwork/src/csv_files) by extensions ['colcon_meta']
[1.383s] Level 1:colcon.colcon_core.package_identification:_identify(rwork/src/csv_files) by extension 'colcon_meta'
[1.383s] Level 1:colcon.colcon_core.package_identification:_identify(rwork/src/csv_files) by extensions ['ros']
[1.383s] Level 1:colcon.colcon_core.package_identification:_identify(rwork/src/csv_files) by extension 'ros'
[1.383s] Level 1:colcon.colcon_core.package_identification:_identify(rwork/src/csv_files) by extensions ['cmake', 'python']
[1.383s] Level 1:colcon.colcon_core.package_identification:_identify(rwork/src/csv_files) by extension 'cmake'
[1.383s] Level 1:colcon.colcon_core.package_identification:_identify(rwork/src/csv_files) by extension 'python'
[1.383s] Level 1:colcon.colcon_core.package_identification:_identify(rwork/src/csv_files) by extensions ['python_setup_py']
[1.383s] Level 1:colcon.colcon_core.package_identification:_identify(rwork/src/csv_files) by extension 'python_setup_py'
[1.383s] Level 1:colcon.colcon_core.package_identification:_identify(rwork/src/dual_arm_control_pkg) by extensions ['ignore', 'ignore_ament_install']
[1.383s] Level 1:colcon.colcon_core.package_identification:_identify(rwork/src/dual_arm_control_pkg) by extension 'ignore'
[1.383s] Level 1:colcon.colcon_core.package_identification:_identify(rwork/src/dual_arm_control_pkg) by extension 'ignore_ament_install'
[1.383s] Level 1:colcon.colcon_core.package_identification:_identify(rwork/src/dual_arm_control_pkg) by extensions ['colcon_pkg']
[1.383s] Level 1:colcon.colcon_core.package_identification:_identify(rwork/src/dual_arm_control_pkg) by extension 'colcon_pkg'
[1.383s] Level 1:colcon.colcon_core.package_identification:_identify(rwork/src/dual_arm_control_pkg) by extensions ['colcon_meta']
[1.384s] Level 1:colcon.colcon_core.package_identification:_identify(rwork/src/dual_arm_control_pkg) by extension 'colcon_meta'
[1.384s] Level 1:colcon.colcon_core.package_identification:_identify(rwork/src/dual_arm_control_pkg) by extensions ['ros']
[1.384s] Level 1:colcon.colcon_core.package_identification:_identify(rwork/src/dual_arm_control_pkg) by extension 'ros'
[1.384s] Level 1:colcon.colcon_core.package_identification:_identify(rwork/src/dual_arm_control_pkg) by extensions ['cmake', 'python']
[1.384s] Level 1:colcon.colcon_core.package_identification:_identify(rwork/src/dual_arm_control_pkg) by extension 'cmake'
[1.384s] Level 1:colcon.colcon_core.package_identification:_identify(rwork/src/dual_arm_control_pkg) by extension 'python'
[1.384s] Level 1:colcon.colcon_core.package_identification:_identify(rwork/src/dual_arm_control_pkg) by extensions ['python_setup_py']
[1.384s] Level 1:colcon.colcon_core.package_identification:_identify(rwork/src/dual_arm_control_pkg) by extension 'python_setup_py'
[1.384s] Level 1:colcon.colcon_core.package_identification:_identify(rwork/src/dual_arm_control_pkg/include) by extensions ['ignore', 'ignore_ament_install']
[1.384s] Level 1:colcon.colcon_core.package_identification:_identify(rwork/src/dual_arm_control_pkg/include) by extension 'ignore'
[1.384s] Level 1:colcon.colcon_core.package_identification:_identify(rwork/src/dual_arm_control_pkg/include) by extension 'ignore_ament_install'
[1.384s] Level 1:colcon.colcon_core.package_identification:_identify(rwork/src/dual_arm_control_pkg/include) by extensions ['colcon_pkg']
[1.384s] Level 1:colcon.colcon_core.package_identification:_identify(rwork/src/dual_arm_control_pkg/include) by extension 'colcon_pkg'
[1.384s] Level 1:colcon.colcon_core.package_identification:_identify(rwork/src/dual_arm_control_pkg/include) by extensions ['colcon_meta']
[1.384s] Level 1:colcon.colcon_core.package_identification:_identify(rwork/src/dual_arm_control_pkg/include) by extension 'colcon_meta'
[1.384s] Level 1:colcon.colcon_core.package_identification:_identify(rwork/src/dual_arm_control_pkg/include) by extensions ['ros']
[1.384s] Level 1:colcon.colcon_core.package_identification:_identify(rwork/src/dual_arm_control_pkg/include) by extension 'ros'
[1.384s] Level 1:colcon.colcon_core.package_identification:_identify(rwork/src/dual_arm_control_pkg/include) by extensions ['cmake', 'python']
[1.384s] Level 1:colcon.colcon_core.package_identification:_identify(rwork/src/dual_arm_control_pkg/include) by extension 'cmake'
[1.384s] Level 1:colcon.colcon_core.package_identification:_identify(rwork/src/dual_arm_control_pkg/include) by extension 'python'
[1.385s] Level 1:colcon.colcon_core.package_identification:_identify(rwork/src/dual_arm_control_pkg/include) by extensions ['python_setup_py']
[1.385s] Level 1:colcon.colcon_core.package_identification:_identify(rwork/src/dual_arm_control_pkg/include) by extension 'python_setup_py'
[1.385s] Level 1:colcon.colcon_core.package_identification:_identify(rwork/src/dual_arm_control_pkg/include/dual_arm_control_pkg) by extensions ['ignore', 'ignore_ament_install']
[1.385s] Level 1:colcon.colcon_core.package_identification:_identify(rwork/src/dual_arm_control_pkg/include/dual_arm_control_pkg) by extension 'ignore'
[1.385s] Level 1:colcon.colcon_core.package_identification:_identify(rwork/src/dual_arm_control_pkg/include/dual_arm_control_pkg) by extension 'ignore_ament_install'
[1.385s] Level 1:colcon.colcon_core.package_identification:_identify(rwork/src/dual_arm_control_pkg/include/dual_arm_control_pkg) by extensions ['colcon_pkg']
[1.385s] Level 1:colcon.colcon_core.package_identification:_identify(rwork/src/dual_arm_control_pkg/include/dual_arm_control_pkg) by extension 'colcon_pkg'
[1.385s] Level 1:colcon.colcon_core.package_identification:_identify(rwork/src/dual_arm_control_pkg/include/dual_arm_control_pkg) by extensions ['colcon_meta']
[1.385s] Level 1:colcon.colcon_core.package_identification:_identify(rwork/src/dual_arm_control_pkg/include/dual_arm_control_pkg) by extension 'colcon_meta'
[1.385s] Level 1:colcon.colcon_core.package_identification:_identify(rwork/src/dual_arm_control_pkg/include/dual_arm_control_pkg) by extensions ['ros']
[1.385s] Level 1:colcon.colcon_core.package_identification:_identify(rwork/src/dual_arm_control_pkg/include/dual_arm_control_pkg) by extension 'ros'
[1.385s] Level 1:colcon.colcon_core.package_identification:_identify(rwork/src/dual_arm_control_pkg/include/dual_arm_control_pkg) by extensions ['cmake', 'python']
[1.385s] Level 1:colcon.colcon_core.package_identification:_identify(rwork/src/dual_arm_control_pkg/include/dual_arm_control_pkg) by extension 'cmake'
[1.385s] Level 1:colcon.colcon_core.package_identification:_identify(rwork/src/dual_arm_control_pkg/include/dual_arm_control_pkg) by extension 'python'
[1.385s] Level 1:colcon.colcon_core.package_identification:_identify(rwork/src/dual_arm_control_pkg/include/dual_arm_control_pkg) by extensions ['python_setup_py']
[1.385s] Level 1:colcon.colcon_core.package_identification:_identify(rwork/src/dual_arm_control_pkg/include/dual_arm_control_pkg) by extension 'python_setup_py'
[1.385s] Level 1:colcon.colcon_core.package_identification:_identify(text_files) by extensions ['ignore', 'ignore_ament_install']
[1.386s] Level 1:colcon.colcon_core.package_identification:_identify(text_files) by extension 'ignore'
[1.386s] Level 1:colcon.colcon_core.package_identification:_identify(text_files) by extension 'ignore_ament_install'
[1.386s] Level 1:colcon.colcon_core.package_identification:_identify(text_files) by extensions ['colcon_pkg']
[1.386s] Level 1:colcon.colcon_core.package_identification:_identify(text_files) by extension 'colcon_pkg'
[1.386s] Level 1:colcon.colcon_core.package_identification:_identify(text_files) by extensions ['colcon_meta']
[1.386s] Level 1:colcon.colcon_core.package_identification:_identify(text_files) by extension 'colcon_meta'
[1.386s] Level 1:colcon.colcon_core.package_identification:_identify(text_files) by extensions ['ros']
[1.386s] Level 1:colcon.colcon_core.package_identification:_identify(text_files) by extension 'ros'
[1.386s] Level 1:colcon.colcon_core.package_identification:_identify(text_files) by extensions ['cmake', 'python']
[1.386s] Level 1:colcon.colcon_core.package_identification:_identify(text_files) by extension 'cmake'
[1.386s] Level 1:colcon.colcon_core.package_identification:_identify(text_files) by extension 'python'
[1.386s] Level 1:colcon.colcon_core.package_identification:_identify(text_files) by extensions ['python_setup_py']
[1.386s] Level 1:colcon.colcon_core.package_identification:_identify(text_files) by extension 'python_setup_py'
[1.386s] Level 1:colcon.colcon_core.package_discovery:discover_packages(recursive) using defaults
[1.386s] Level 1:colcon.colcon_core.package_discovery:discover_packages(ignore) discover
[1.386s] Level 1:colcon.colcon_core.package_discovery:discover_packages(ignore) using defaults
[1.386s] Level 1:colcon.colcon_core.package_discovery:discover_packages(path) discover
[1.386s] Level 1:colcon.colcon_core.package_discovery:discover_packages(path) using defaults
[1.499s] Level 1:colcon.colcon_core.package_discovery:discover_packages(prefix_path) check parameters
[1.499s] Level 1:colcon.colcon_core.package_discovery:discover_packages(prefix_path) discover
[1.540s] DEBUG:colcon.colcon_installed_package_information.package_discovery:Found 279 installed packages in /opt/ros/humble
[1.542s] Level 1:colcon.colcon_core.package_discovery:discover_packages(prefix_path) using defaults
[1.671s] Level 5:colcon.colcon_core.verb:set package 'arm_pkg' build argument 'cmake_args' from command line to 'None'
[1.671s] Level 5:colcon.colcon_core.verb:set package 'arm_pkg' build argument 'cmake_target' from command line to 'None'
[1.671s] Level 5:colcon.colcon_core.verb:set package 'arm_pkg' build argument 'cmake_target_skip_unavailable' from command line to 'False'
[1.671s] Level 5:colcon.colcon_core.verb:set package 'arm_pkg' build argument 'cmake_clean_cache' from command line to 'False'
[1.671s] Level 5:colcon.colcon_core.verb:set package 'arm_pkg' build argument 'cmake_clean_first' from command line to 'False'
[1.671s] Level 5:colcon.colcon_core.verb:set package 'arm_pkg' build argument 'cmake_force_configure' from command line to 'False'
[1.671s] Level 5:colcon.colcon_core.verb:set package 'arm_pkg' build argument 'ament_cmake_args' from command line to 'None'
[1.671s] Level 5:colcon.colcon_core.verb:set package 'arm_pkg' build argument 'catkin_cmake_args' from command line to 'None'
[1.671s] Level 5:colcon.colcon_core.verb:set package 'arm_pkg' build argument 'catkin_skip_building_tests' from command line to 'False'
[1.671s] DEBUG:colcon.colcon_core.verb:Building package 'arm_pkg' with the following arguments: {'ament_cmake_args': None, 'build_base': '/home/kyu8/tfg/build/arm_pkg', 'catkin_cmake_args': None, 'catkin_skip_building_tests': False, 'cmake_args': None, 'cmake_clean_cache': False, 'cmake_clean_first': False, 'cmake_force_configure': False, 'cmake_target': None, 'cmake_target_skip_unavailable': False, 'install_base': '/home/kyu8/tfg/install/arm_pkg', 'merge_install': False, 'path': '/home/kyu8/tfg/Simulation/src/arm_pkg', 'symlink_install': False, 'test_result_base': None}
[1.689s] Level 5:colcon.colcon_core.verb:set package 'dual_arm_control_pkg' build argument 'cmake_args' from command line to 'None'
[1.689s] Level 5:colcon.colcon_core.verb:set package 'dual_arm_control_pkg' build argument 'cmake_target' from command line to 'None'
[1.689s] Level 5:colcon.colcon_core.verb:set package 'dual_arm_control_pkg' build argument 'cmake_target_skip_unavailable' from command line to 'False'
[1.689s] Level 5:colcon.colcon_core.verb:set package 'dual_arm_control_pkg' build argument 'cmake_clean_cache' from command line to 'False'
[1.689s] Level 5:colcon.colcon_core.verb:set package 'dual_arm_control_pkg' build argument 'cmake_clean_first' from command line to 'False'
[1.689s] Level 5:colcon.colcon_core.verb:set package 'dual_arm_control_pkg' build argument 'cmake_force_configure' from command line to 'False'
[1.689s] Level 5:colcon.colcon_core.verb:set package 'dual_arm_control_pkg' build argument 'ament_cmake_args' from command line to 'None'
[1.689s] Level 5:colcon.colcon_core.verb:set package 'dual_arm_control_pkg' build argument 'catkin_cmake_args' from command line to 'None'
[1.689s] Level 5:colcon.colcon_core.verb:set package 'dual_arm_control_pkg' build argument 'catkin_skip_building_tests' from command line to 'False'
[1.689s] DEBUG:colcon.colcon_core.verb:Building package 'dual_arm_control_pkg' with the following arguments: {'ament_cmake_args': None, 'build_base': '/home/kyu8/tfg/build/dual_arm_control_pkg', 'catkin_cmake_args': None, 'catkin_skip_building_tests': False, 'cmake_args': None, 'cmake_clean_cache': False, 'cmake_clean_first': False, 'cmake_force_configure': False, 'cmake_target': None, 'cmake_target_skip_unavailable': False, 'install_base': '/home/kyu8/tfg/install/dual_arm_control_pkg', 'merge_install': False, 'path': '/home/kyu8/tfg/Simulation/src/dual_arm_control_pkg', 'symlink_install': False, 'test_result_base': None}
[1.707s] INFO:colcon.colcon_core.executor:Executing jobs using 'parallel' executor
[1.726s] DEBUG:colcon.colcon_parallel_executor.executor.parallel:run_until_complete
[1.727s] INFO:colcon.colcon_ros.task.ament_python.build:Building ROS package in '/home/kyu8/tfg/Simulation/src/arm_pkg' with build type 'ament_python'
[1.727s] Level 1:colcon.colcon_core.shell:create_environment_hook('arm_pkg', 'ament_prefix_path')
[1.746s] INFO:colcon.colcon_core.plugin_system:Skipping extension 'colcon_core.shell.bat': Not used on non-Windows systems
[1.747s] INFO:colcon.colcon_core.shell:Creating environment hook '/home/kyu8/tfg/install/arm_pkg/share/arm_pkg/hook/ament_prefix_path.ps1'
[1.748s] INFO:colcon.colcon_core.shell:Creating environment descriptor '/home/kyu8/tfg/install/arm_pkg/share/arm_pkg/hook/ament_prefix_path.dsv'
[1.749s] INFO:colcon.colcon_core.shell:Creating environment hook '/home/kyu8/tfg/install/arm_pkg/share/arm_pkg/hook/ament_prefix_path.sh'
[1.768s] INFO:colcon.colcon_core.shell:Skip shell extension 'powershell' for command environment: Not usable outside of PowerShell
[1.768s] DEBUG:colcon.colcon_core.shell:Skip shell extension 'dsv' for command environment
[1.810s] INFO:colcon.colcon_ros.task.ament_python.build:Building ROS package in '/home/kyu8/tfg/Simulation/src/dual_arm_control_pkg' with build type 'ament_python'
[1.810s] Level 1:colcon.colcon_core.shell:create_environment_hook('dual_arm_control_pkg', 'ament_prefix_path')
[1.829s] INFO:colcon.colcon_core.shell:Creating environment hook '/home/kyu8/tfg/install/dual_arm_control_pkg/share/dual_arm_control_pkg/hook/ament_prefix_path.ps1'
[1.830s] INFO:colcon.colcon_core.shell:Creating environment descriptor '/home/kyu8/tfg/install/dual_arm_control_pkg/share/dual_arm_control_pkg/hook/ament_prefix_path.dsv'
[1.831s] INFO:colcon.colcon_core.shell:Creating environment hook '/home/kyu8/tfg/install/dual_arm_control_pkg/share/dual_arm_control_pkg/hook/ament_prefix_path.sh'
[1.852s] INFO:colcon.colcon_core.shell:Skip shell extension 'powershell' for command environment: Not usable outside of PowerShell
[1.853s] DEBUG:colcon.colcon_core.shell:Skip shell extension 'dsv' for command environment
[2.265s] INFO:colcon.colcon_core.task.python.build:Building Python package in '/home/kyu8/tfg/Simulation/src/arm_pkg'
[2.286s] INFO:colcon.colcon_core.shell:Skip shell extension 'powershell' for command environment: Not usable outside of PowerShell
[2.287s] DEBUG:colcon.colcon_core.shell:Skip shell extension 'dsv' for command environment
[2.671s] INFO:colcon.colcon_core.task.python.build:Building Python package in '/home/kyu8/tfg/Simulation/src/dual_arm_control_pkg'
[2.690s] INFO:colcon.colcon_core.shell:Skip shell extension 'powershell' for command environment: Not usable outside of PowerShell
[2.690s] DEBUG:colcon.colcon_core.shell:Skip shell extension 'dsv' for command environment
[3.237s] DEBUG:colcon.colcon_core.event_handler.log_command:Invoking command in '/home/kyu8/tfg/Simulation/src/arm_pkg': PYTHONPATH=/home/kyu8/tfg/build/arm_pkg/prefix_override:/home/kyu8/tfg/install/arm_pkg/lib/python3.10/site-packages:${PYTHONPATH} /usr/bin/python3 setup.py egg_info --egg-base ../../../build/arm_pkg build --build-base /home/kyu8/tfg/build/arm_pkg/build install --record /home/kyu8/tfg/build/arm_pkg/install.log --single-version-externally-managed
[3.239s] DEBUG:colcon.colcon_core.event_handler.log_command:Invoking command in '/home/kyu8/tfg/Simulation/src/dual_arm_control_pkg': PYTHONPATH=/home/kyu8/tfg/build/dual_arm_control_pkg/prefix_override:/home/kyu8/tfg/install/dual_arm_control_pkg/lib/python3.10/site-packages:${PYTHONPATH} /usr/bin/python3 setup.py egg_info --egg-base ../../../build/dual_arm_control_pkg build --build-base /home/kyu8/tfg/build/dual_arm_control_pkg/build install --record /home/kyu8/tfg/build/dual_arm_control_pkg/install.log --single-version-externally-managed
[3.730s] DEBUG:colcon.colcon_core.event_handler.log_command:Invoked command in '/home/kyu8/tfg/Simulation/src/dual_arm_control_pkg' returned '0': PYTHONPATH=/home/kyu8/tfg/build/dual_arm_control_pkg/prefix_override:/home/kyu8/tfg/install/dual_arm_control_pkg/lib/python3.10/site-packages:${PYTHONPATH} /usr/bin/python3 setup.py egg_info --egg-base ../../../build/dual_arm_control_pkg build --build-base /home/kyu8/tfg/build/dual_arm_control_pkg/build install --record /home/kyu8/tfg/build/dual_arm_control_pkg/install.log --single-version-externally-managed
[3.750s] Level 1:colcon.colcon_core.environment:checking '/home/kyu8/tfg/install/dual_arm_control_pkg' for CMake module files
[3.752s] Level 1:colcon.colcon_core.environment:checking '/home/kyu8/tfg/install/dual_arm_control_pkg' for CMake config files
[3.753s] Level 1:colcon.colcon_core.environment:checking '/home/kyu8/tfg/install/dual_arm_control_pkg/lib'
[3.754s] Level 1:colcon.colcon_core.environment:checking '/home/kyu8/tfg/install/dual_arm_control_pkg/bin'
[3.754s] Level 1:colcon.colcon_core.environment:checking '/home/kyu8/tfg/install/dual_arm_control_pkg/lib/pkgconfig/dual_arm_control_pkg.pc'
[3.755s] Level 1:colcon.colcon_core.environment:checking '/home/kyu8/tfg/install/dual_arm_control_pkg/lib/python3.10/site-packages'
[3.755s] Level 1:colcon.colcon_core.shell:create_environment_hook('dual_arm_control_pkg', 'pythonpath')
[3.774s] INFO:colcon.colcon_core.shell:Creating environment hook '/home/kyu8/tfg/install/dual_arm_control_pkg/share/dual_arm_control_pkg/hook/pythonpath.ps1'
[3.775s] INFO:colcon.colcon_core.shell:Creating environment descriptor '/home/kyu8/tfg/install/dual_arm_control_pkg/share/dual_arm_control_pkg/hook/pythonpath.dsv'
[3.776s] INFO:colcon.colcon_core.shell:Creating environment hook '/home/kyu8/tfg/install/dual_arm_control_pkg/share/dual_arm_control_pkg/hook/pythonpath.sh'
[3.777s] Level 1:colcon.colcon_core.environment:checking '/home/kyu8/tfg/install/dual_arm_control_pkg/bin'
[3.777s] Level 1:colcon.colcon_core.environment:create_environment_scripts_only(dual_arm_control_pkg)
[3.803s] INFO:colcon.colcon_core.shell:Creating package script '/home/kyu8/tfg/install/dual_arm_control_pkg/share/dual_arm_control_pkg/package.ps1'
[3.805s] INFO:colcon.colcon_core.shell:Creating package descriptor '/home/kyu8/tfg/install/dual_arm_control_pkg/share/dual_arm_control_pkg/package.dsv'
[3.806s] INFO:colcon.colcon_core.shell:Creating package script '/home/kyu8/tfg/install/dual_arm_control_pkg/share/dual_arm_control_pkg/package.sh'
[3.812s] INFO:colcon.colcon_core.shell:Creating package script '/home/kyu8/tfg/install/dual_arm_control_pkg/share/dual_arm_control_pkg/package.bash'
[3.813s] INFO:colcon.colcon_core.shell:Creating package script '/home/kyu8/tfg/install/dual_arm_control_pkg/share/dual_arm_control_pkg/package.zsh'
[3.814s] Level 1:colcon.colcon_core.environment:create_file_with_runtime_dependencies(/home/kyu8/tfg/install/dual_arm_control_pkg/share/colcon-core/packages/dual_arm_control_pkg)
[3.822s] DEBUG:colcon.colcon_core.event_handler.log_command:Invoked command in '/home/kyu8/tfg/Simulation/src/arm_pkg' returned '0': PYTHONPATH=/home/kyu8/tfg/build/arm_pkg/prefix_override:/home/kyu8/tfg/install/arm_pkg/lib/python3.10/site-packages:${PYTHONPATH} /usr/bin/python3 setup.py egg_info --egg-base ../../../build/arm_pkg build --build-base /home/kyu8/tfg/build/arm_pkg/build install --record /home/kyu8/tfg/build/arm_pkg/install.log --single-version-externally-managed
[3.841s] Level 1:colcon.colcon_core.environment:checking '/home/kyu8/tfg/install/arm_pkg' for CMake module files
[3.843s] Level 1:colcon.colcon_core.environment:checking '/home/kyu8/tfg/install/arm_pkg' for CMake config files
[3.844s] Level 1:colcon.colcon_core.environment:checking '/home/kyu8/tfg/install/arm_pkg/lib'
[3.844s] Level 1:colcon.colcon_core.environment:checking '/home/kyu8/tfg/install/arm_pkg/bin'
[3.844s] Level 1:colcon.colcon_core.environment:checking '/home/kyu8/tfg/install/arm_pkg/lib/pkgconfig/arm_pkg.pc'
[3.844s] Level 1:colcon.colcon_core.environment:checking '/home/kyu8/tfg/install/arm_pkg/lib/python3.10/site-packages'
[3.845s] Level 1:colcon.colcon_core.shell:create_environment_hook('arm_pkg', 'pythonpath')
[3.867s] INFO:colcon.colcon_core.shell:Creating environment hook '/home/kyu8/tfg/install/arm_pkg/share/arm_pkg/hook/pythonpath.ps1'
[3.867s] INFO:colcon.colcon_core.shell:Creating environment descriptor '/home/kyu8/tfg/install/arm_pkg/share/arm_pkg/hook/pythonpath.dsv'
[3.868s] INFO:colcon.colcon_core.shell:Creating environment hook '/home/kyu8/tfg/install/arm_pkg/share/arm_pkg/hook/pythonpath.sh'
[3.869s] Level 1:colcon.colcon_core.environment:checking '/home/kyu8/tfg/install/arm_pkg/bin'
[3.869s] Level 1:colcon.colcon_core.environment:create_environment_scripts_only(arm_pkg)
[3.896s] INFO:colcon.colcon_core.shell:Creating package script '/home/kyu8/tfg/install/arm_pkg/share/arm_pkg/package.ps1'
[3.897s] INFO:colcon.colcon_core.shell:Creating package descriptor '/home/kyu8/tfg/install/arm_pkg/share/arm_pkg/package.dsv'
[3.898s] INFO:colcon.colcon_core.shell:Creating package script '/home/kyu8/tfg/install/arm_pkg/share/arm_pkg/package.sh'
[3.899s] INFO:colcon.colcon_core.shell:Creating package script '/home/kyu8/tfg/install/arm_pkg/share/arm_pkg/package.bash'
[3.899s] INFO:colcon.colcon_core.shell:Creating package script '/home/kyu8/tfg/install/arm_pkg/share/arm_pkg/package.zsh'
[3.900s] Level 1:colcon.colcon_core.environment:create_file_with_runtime_dependencies(/home/kyu8/tfg/install/arm_pkg/share/colcon-core/packages/arm_pkg)
[3.901s] DEBUG:colcon.colcon_parallel_executor.executor.parallel:closing loop
[3.902s] DEBUG:colcon.colcon_parallel_executor.executor.parallel:loop closed
[3.902s] DEBUG:colcon.colcon_parallel_executor.executor.parallel:run_until_complete finished with '0'
[3.902s] DEBUG:colcon.colcon_core.event_reactor:joining thread
[3.933s] INFO:colcon.colcon_core.plugin_system:Skipping extension 'colcon_notification.desktop_notification.terminal_notifier': Not used on non-Darwin systems
[3.934s] INFO:colcon.colcon_core.plugin_system:Skipping extension 'colcon_notification.desktop_notification.win32': Not used on non-Windows systems
[3.934s] INFO:colcon.colcon_notification.desktop_notification:Sending desktop notification using 'notify2'
[3.964s] DEBUG:colcon.colcon_core.event_reactor:joined thread
[3.989s] INFO:colcon.colcon_core.shell:Creating prefix script '/home/kyu8/tfg/install/local_setup.ps1'
[3.991s] INFO:colcon.colcon_core.shell:Creating prefix util module '/home/kyu8/tfg/install/_local_setup_util_ps1.py'
[3.994s] INFO:colcon.colcon_core.shell:Creating prefix chain script '/home/kyu8/tfg/install/setup.ps1'
[4.016s] INFO:colcon.colcon_core.shell:Creating prefix script '/home/kyu8/tfg/install/local_setup.sh'
[4.017s] INFO:colcon.colcon_core.shell:Creating prefix util module '/home/kyu8/tfg/install/_local_setup_util_sh.py'
[4.018s] INFO:colcon.colcon_core.shell:Creating prefix chain script '/home/kyu8/tfg/install/setup.sh'
[4.043s] INFO:colcon.colcon_core.shell:Creating prefix script '/home/kyu8/tfg/install/local_setup.bash'
[4.044s] INFO:colcon.colcon_core.shell:Creating prefix chain script '/home/kyu8/tfg/install/setup.bash'
[4.064s] INFO:colcon.colcon_core.shell:Creating prefix script '/home/kyu8/tfg/install/local_setup.zsh'
[4.067s] INFO:colcon.colcon_core.shell:Creating prefix chain script '/home/kyu8/tfg/install/setup.zsh'
