[1.658s] Invoking command in '/home/kyu8/tfg/Simulation/src/arm_pkg': PYTHONPATH=/home/kyu8/tfg/build/arm_pkg/prefix_override:/home/kyu8/tfg/install/arm_pkg/lib/python3.10/site-packages:${PYTHONPATH} /usr/bin/python3 setup.py egg_info --egg-base ../../../build/arm_pkg build --build-base /home/kyu8/tfg/build/arm_pkg/build install --record /home/kyu8/tfg/build/arm_pkg/install.log --single-version-externally-managed
[2.019s] running egg_info
[2.021s] writing ../../../build/arm_pkg/arm_pkg.egg-info/PKG-INFO
[2.022s] writing dependency_links to ../../../build/arm_pkg/arm_pkg.egg-info/dependency_links.txt
[2.023s] writing entry points to ../../../build/arm_pkg/arm_pkg.egg-info/entry_points.txt
[2.023s] writing requirements to ../../../build/arm_pkg/arm_pkg.egg-info/requires.txt
[2.023s] writing top-level names to ../../../build/arm_pkg/arm_pkg.egg-info/top_level.txt
[2.025s] reading manifest file '../../../build/arm_pkg/arm_pkg.egg-info/SOURCES.txt'
[2.027s] writing manifest file '../../../build/arm_pkg/arm_pkg.egg-info/SOURCES.txt'
[2.028s] running build
[2.028s] running build_py
[2.029s] copying arm_pkg/drl/reset.py -> /home/kyu8/tfg/build/arm_pkg/build/lib/arm_pkg/drl
[2.031s] /usr/lib/python3/dist-packages/setuptools/command/install.py:34: SetuptoolsDeprecationWarning: setup.py install is deprecated. Use build and pip and other standards-based tools.
[2.031s]   warnings.warn(
[2.032s] running install
[2.032s] running install_lib
[2.036s] copying /home/kyu8/tfg/build/arm_pkg/build/lib/arm_pkg/drl/reset.py -> /home/kyu8/tfg/install/arm_pkg/lib/python3.10/site-packages/arm_pkg/drl
[2.036s] byte-compiling /home/kyu8/tfg/install/arm_pkg/lib/python3.10/site-packages/arm_pkg/drl/reset.py to reset.cpython-310.pyc
[2.038s] running install_data
[2.038s] running install_egg_info
[2.043s] removing '/home/kyu8/tfg/install/arm_pkg/lib/python3.10/site-packages/arm_pkg-0.0.0-py3.10.egg-info' (and everything under it)
[2.043s] Copying ../../../build/arm_pkg/arm_pkg.egg-info to /home/kyu8/tfg/install/arm_pkg/lib/python3.10/site-packages/arm_pkg-0.0.0-py3.10.egg-info
[2.043s] running install_scripts
[2.077s] Installing controller script to /home/kyu8/tfg/install/arm_pkg/lib/arm_pkg
[2.077s] Installing ddpg script to /home/kyu8/tfg/install/arm_pkg/lib/arm_pkg
[2.078s] Installing gripper_test script to /home/kyu8/tfg/install/arm_pkg/lib/arm_pkg
[2.078s] Installing listener script to /home/kyu8/tfg/install/arm_pkg/lib/arm_pkg
[2.079s] Installing processor script to /home/kyu8/tfg/install/arm_pkg/lib/arm_pkg
[2.079s] Installing reset_controller script to /home/kyu8/tfg/install/arm_pkg/lib/arm_pkg
[2.080s] Installing reward_function script to /home/kyu8/tfg/install/arm_pkg/lib/arm_pkg
[2.080s] Installing robots_state script to /home/kyu8/tfg/install/arm_pkg/lib/arm_pkg
[2.080s] Installing sac script to /home/kyu8/tfg/install/arm_pkg/lib/arm_pkg
[2.080s] Installing state_test script to /home/kyu8/tfg/install/arm_pkg/lib/arm_pkg
[2.081s] Installing storage script to /home/kyu8/tfg/install/arm_pkg/lib/arm_pkg
[2.081s] Installing training script to /home/kyu8/tfg/install/arm_pkg/lib/arm_pkg
[2.082s] writing list of installed files to '/home/kyu8/tfg/build/arm_pkg/install.log'
[2.137s] Invoked command in '/home/kyu8/tfg/Simulation/src/arm_pkg' returned '0': PYTHONPATH=/home/kyu8/tfg/build/arm_pkg/prefix_override:/home/kyu8/tfg/install/arm_pkg/lib/python3.10/site-packages:${PYTHONPATH} /usr/bin/python3 setup.py egg_info --egg-base ../../../build/arm_pkg build --build-base /home/kyu8/tfg/build/arm_pkg/build install --record /home/kyu8/tfg/build/arm_pkg/install.log --single-version-externally-managed
