[2.238s] Invoking command in '/home/kyu8/tfg/Simulation/src/arm_pkg': PYTHONPATH=/home/kyu8/tfg/Simulation/build/arm_pkg/prefix_override:/home/kyu8/tfg/Simulation/install/arm_pkg/lib/python3.10/site-packages:${PYTHONPATH} /usr/bin/python3 setup.py egg_info --egg-base ../../build/arm_pkg build --build-base /home/kyu8/tfg/Simulation/build/arm_pkg/build install --record /home/kyu8/tfg/Simulation/build/arm_pkg/install.log --single-version-externally-managed
[2.719s] running egg_info
[2.721s] writing ../../build/arm_pkg/arm_pkg.egg-info/PKG-INFO
[2.721s] writing dependency_links to ../../build/arm_pkg/arm_pkg.egg-info/dependency_links.txt
[2.721s] writing entry points to ../../build/arm_pkg/arm_pkg.egg-info/entry_points.txt
[2.722s] writing requirements to ../../build/arm_pkg/arm_pkg.egg-info/requires.txt
[2.722s] writing top-level names to ../../build/arm_pkg/arm_pkg.egg-info/top_level.txt
[2.726s] reading manifest file '../../build/arm_pkg/arm_pkg.egg-info/SOURCES.txt'
[2.729s] writing manifest file '../../build/arm_pkg/arm_pkg.egg-info/SOURCES.txt'
[2.729s] running build
[2.729s] running build_py
[2.732s] copying arm_pkg/drl/ddpg.py -> /home/kyu8/tfg/Simulation/build/arm_pkg/build/lib/arm_pkg/drl
[2.732s] copying arm_pkg/drl/inference.py -> /home/kyu8/tfg/Simulation/build/arm_pkg/build/lib/arm_pkg/drl
[2.733s] copying arm_pkg/drl/sub_modules/move_joints.py -> /home/kyu8/tfg/Simulation/build/arm_pkg/build/lib/arm_pkg/drl/sub_modules
[2.734s] copying arm_pkg/drl/sub_modules/reward.py -> /home/kyu8/tfg/Simulation/build/arm_pkg/build/lib/arm_pkg/drl/sub_modules
[2.734s] copying arm_pkg/drl/sub_modules/abort_save.py -> /home/kyu8/tfg/Simulation/build/arm_pkg/build/lib/arm_pkg/drl/sub_modules
[2.735s] running install
[2.736s] /usr/lib/python3/dist-packages/setuptools/command/install.py:34: SetuptoolsDeprecationWarning: setup.py install is deprecated. Use build and pip and other standards-based tools.
[2.736s]   warnings.warn(
[2.736s] running install_lib
[2.741s] copying /home/kyu8/tfg/Simulation/build/arm_pkg/build/lib/arm_pkg/drl/ddpg.py -> /home/kyu8/tfg/Simulation/install/arm_pkg/lib/python3.10/site-packages/arm_pkg/drl
[2.741s] copying /home/kyu8/tfg/Simulation/build/arm_pkg/build/lib/arm_pkg/drl/inference.py -> /home/kyu8/tfg/Simulation/install/arm_pkg/lib/python3.10/site-packages/arm_pkg/drl
[2.742s] copying /home/kyu8/tfg/Simulation/build/arm_pkg/build/lib/arm_pkg/drl/sub_modules/move_joints.py -> /home/kyu8/tfg/Simulation/install/arm_pkg/lib/python3.10/site-packages/arm_pkg/drl/sub_modules
[2.742s] copying /home/kyu8/tfg/Simulation/build/arm_pkg/build/lib/arm_pkg/drl/sub_modules/reward.py -> /home/kyu8/tfg/Simulation/install/arm_pkg/lib/python3.10/site-packages/arm_pkg/drl/sub_modules
[2.742s] copying /home/kyu8/tfg/Simulation/build/arm_pkg/build/lib/arm_pkg/drl/sub_modules/abort_save.py -> /home/kyu8/tfg/Simulation/install/arm_pkg/lib/python3.10/site-packages/arm_pkg/drl/sub_modules
[2.743s] byte-compiling /home/kyu8/tfg/Simulation/install/arm_pkg/lib/python3.10/site-packages/arm_pkg/distributed.py to distributed.cpython-310.pyc
[2.743s]   File "/home/kyu8/tfg/Simulation/install/arm_pkg/lib/python3.10/site-packages/arm_pkg/distributed.py", line 2
[2.743s]     import JointStateListener from joint_listener.py
[2.744s]                               ^^^^
[2.744s] SyntaxError: invalid syntax
[2.744s] 
[2.744s] byte-compiling /home/kyu8/tfg/Simulation/install/arm_pkg/lib/python3.10/site-packages/arm_pkg/drl/ddpg.py to ddpg.cpython-310.pyc
[2.747s] byte-compiling /home/kyu8/tfg/Simulation/install/arm_pkg/lib/python3.10/site-packages/arm_pkg/drl/inference.py to inference.cpython-310.pyc
[2.748s] byte-compiling /home/kyu8/tfg/Simulation/install/arm_pkg/lib/python3.10/site-packages/arm_pkg/drl/sub_modules/move_joints.py to move_joints.cpython-310.pyc
[2.749s] byte-compiling /home/kyu8/tfg/Simulation/install/arm_pkg/lib/python3.10/site-packages/arm_pkg/drl/sub_modules/reward.py to reward.cpython-310.pyc
[2.749s] byte-compiling /home/kyu8/tfg/Simulation/install/arm_pkg/lib/python3.10/site-packages/arm_pkg/drl/sub_modules/abort_save.py to abort_save.cpython-310.pyc
[2.751s] running install_data
[2.752s] copying launch/launch.py -> /home/kyu8/tfg/Simulation/install/arm_pkg/share/arm_pkg
[2.752s] running install_egg_info
[2.754s] removing '/home/kyu8/tfg/Simulation/install/arm_pkg/lib/python3.10/site-packages/arm_pkg-0.0.0-py3.10.egg-info' (and everything under it)
[2.755s] Copying ../../build/arm_pkg/arm_pkg.egg-info to /home/kyu8/tfg/Simulation/install/arm_pkg/lib/python3.10/site-packages/arm_pkg-0.0.0-py3.10.egg-info
[2.757s] running install_scripts
[2.796s] Installing controller script to /home/kyu8/tfg/Simulation/install/arm_pkg/lib/arm_pkg
[2.797s] Installing ddpg script to /home/kyu8/tfg/Simulation/install/arm_pkg/lib/arm_pkg
[2.797s] Installing gripper_test script to /home/kyu8/tfg/Simulation/install/arm_pkg/lib/arm_pkg
[2.798s] Installing inference script to /home/kyu8/tfg/Simulation/install/arm_pkg/lib/arm_pkg
[2.798s] Installing listener script to /home/kyu8/tfg/Simulation/install/arm_pkg/lib/arm_pkg
[2.798s] Installing processor script to /home/kyu8/tfg/Simulation/install/arm_pkg/lib/arm_pkg
[2.798s] Installing reset_controller script to /home/kyu8/tfg/Simulation/install/arm_pkg/lib/arm_pkg
[2.799s] Installing reward_function script to /home/kyu8/tfg/Simulation/install/arm_pkg/lib/arm_pkg
[2.799s] Installing robots_state script to /home/kyu8/tfg/Simulation/install/arm_pkg/lib/arm_pkg
[2.799s] Installing sac script to /home/kyu8/tfg/Simulation/install/arm_pkg/lib/arm_pkg
[2.799s] Installing state_test script to /home/kyu8/tfg/Simulation/install/arm_pkg/lib/arm_pkg
[2.799s] Installing storage script to /home/kyu8/tfg/Simulation/install/arm_pkg/lib/arm_pkg
[2.799s] Installing training script to /home/kyu8/tfg/Simulation/install/arm_pkg/lib/arm_pkg
[2.801s] writing list of installed files to '/home/kyu8/tfg/Simulation/build/arm_pkg/install.log'
[2.854s] Invoked command in '/home/kyu8/tfg/Simulation/src/arm_pkg' returned '0': PYTHONPATH=/home/kyu8/tfg/Simulation/build/arm_pkg/prefix_override:/home/kyu8/tfg/Simulation/install/arm_pkg/lib/python3.10/site-packages:${PYTHONPATH} /usr/bin/python3 setup.py egg_info --egg-base ../../build/arm_pkg build --build-base /home/kyu8/tfg/Simulation/build/arm_pkg/build install --record /home/kyu8/tfg/Simulation/build/arm_pkg/install.log --single-version-externally-managed
