[1.569s] Invoking command in '/home/kyu8/tfg/Simulation/src/dual_arm_control_pkg': PYTHONPATH=/home/kyu8/tfg/Simulation/build/dual_arm_control_pkg/prefix_override:/home/kyu8/tfg/Simulation/install/dual_arm_control_pkg/lib/python3.10/site-packages:${PYTHONPATH} /usr/bin/python3 setup.py egg_info --egg-base ../../build/dual_arm_control_pkg build --build-base /home/kyu8/tfg/Simulation/build/dual_arm_control_pkg/build install --record /home/kyu8/tfg/Simulation/build/dual_arm_control_pkg/install.log --single-version-externally-managed
[1.928s] running egg_info
[1.931s] writing ../../build/dual_arm_control_pkg/dual_arm_control_pkg.egg-info/PKG-INFO
[1.933s] writing dependency_links to ../../build/dual_arm_control_pkg/dual_arm_control_pkg.egg-info/dependency_links.txt
[1.934s] writing entry points to ../../build/dual_arm_control_pkg/dual_arm_control_pkg.egg-info/entry_points.txt
[1.935s] writing requirements to ../../build/dual_arm_control_pkg/dual_arm_control_pkg.egg-info/requires.txt
[1.935s] writing top-level names to ../../build/dual_arm_control_pkg/dual_arm_control_pkg.egg-info/top_level.txt
[1.940s] reading manifest file '../../build/dual_arm_control_pkg/dual_arm_control_pkg.egg-info/SOURCES.txt'
[1.941s] writing manifest file '../../build/dual_arm_control_pkg/dual_arm_control_pkg.egg-info/SOURCES.txt'
[1.942s] running build
[1.942s] running build_py
[1.942s] running install
[1.943s] /usr/lib/python3/dist-packages/setuptools/command/install.py:34: SetuptoolsDeprecationWarning: setup.py install is deprecated. Use build and pip and other standards-based tools.
[1.943s]   warnings.warn(
[1.943s] running install_lib
[1.946s] running install_data
[1.947s] running install_egg_info
[1.949s] removing '/home/kyu8/tfg/Simulation/install/dual_arm_control_pkg/lib/python3.10/site-packages/dual_arm_control_pkg-0.0.0-py3.10.egg-info' (and everything under it)
[1.950s] Copying ../../build/dual_arm_control_pkg/dual_arm_control_pkg.egg-info to /home/kyu8/tfg/Simulation/install/dual_arm_control_pkg/lib/python3.10/site-packages/dual_arm_control_pkg-0.0.0-py3.10.egg-info
[1.951s] running install_scripts
[1.996s] Installing esp32_receiver_test script to /home/kyu8/tfg/Simulation/install/dual_arm_control_pkg/lib/dual_arm_control_pkg
[1.996s] writing list of installed files to '/home/kyu8/tfg/Simulation/build/dual_arm_control_pkg/install.log'
[2.051s] Invoked command in '/home/kyu8/tfg/Simulation/src/dual_arm_control_pkg' returned '0': PYTHONPATH=/home/kyu8/tfg/Simulation/build/dual_arm_control_pkg/prefix_override:/home/kyu8/tfg/Simulation/install/dual_arm_control_pkg/lib/python3.10/site-packages:${PYTHONPATH} /usr/bin/python3 setup.py egg_info --egg-base ../../build/dual_arm_control_pkg build --build-base /home/kyu8/tfg/Simulation/build/dual_arm_control_pkg/build install --record /home/kyu8/tfg/Simulation/build/dual_arm_control_pkg/install.log --single-version-externally-managed
