[0.822s] Invoking command in '/home/chi8kyu/tfg/Simulation/src/dual_arm_control_pkg': PYTHONPATH=/home/chi8kyu/tfg/Simulation/build/dual_arm_control_pkg/prefix_override:/home/chi8kyu/tfg/Simulation/install/dual_arm_control_pkg/lib/python3.10/site-packages:${PYTHONPATH} /usr/bin/python3 setup.py egg_info --egg-base ../../build/dual_arm_control_pkg build --build-base /home/chi8kyu/tfg/Simulation/build/dual_arm_control_pkg/build install --record /home/chi8kyu/tfg/Simulation/build/dual_arm_control_pkg/install.log --single-version-externally-managed
[1.016s] running egg_info
[1.017s] writing ../../build/dual_arm_control_pkg/dual_arm_control_pkg.egg-info/PKG-INFO
[1.017s] writing dependency_links to ../../build/dual_arm_control_pkg/dual_arm_control_pkg.egg-info/dependency_links.txt
[1.017s] writing entry points to ../../build/dual_arm_control_pkg/dual_arm_control_pkg.egg-info/entry_points.txt
[1.018s] writing requirements to ../../build/dual_arm_control_pkg/dual_arm_control_pkg.egg-info/requires.txt
[1.018s] writing top-level names to ../../build/dual_arm_control_pkg/dual_arm_control_pkg.egg-info/top_level.txt
[1.019s] reading manifest file '../../build/dual_arm_control_pkg/dual_arm_control_pkg.egg-info/SOURCES.txt'
[1.020s] writing manifest file '../../build/dual_arm_control_pkg/dual_arm_control_pkg.egg-info/SOURCES.txt'
[1.020s] running build
[1.020s] running build_py
[1.020s] running install
[1.020s] /usr/lib/python3/dist-packages/setuptools/command/install.py:34: SetuptoolsDeprecationWarning: setup.py install is deprecated. Use build and pip and other standards-based tools.
[1.020s]   warnings.warn(
[1.020s] running install_lib
[1.021s] running install_data
[1.022s] running install_egg_info
[1.023s] removing '/home/chi8kyu/tfg/Simulation/install/dual_arm_control_pkg/lib/python3.10/site-packages/dual_arm_control_pkg-0.0.0-py3.10.egg-info' (and everything under it)
[1.023s] Copying ../../build/dual_arm_control_pkg/dual_arm_control_pkg.egg-info to /home/chi8kyu/tfg/Simulation/install/dual_arm_control_pkg/lib/python3.10/site-packages/dual_arm_control_pkg-0.0.0-py3.10.egg-info
[1.024s] running install_scripts
[1.041s] Installing esp32_receiver_test script to /home/chi8kyu/tfg/Simulation/install/dual_arm_control_pkg/lib/dual_arm_control_pkg
[1.041s] writing list of installed files to '/home/chi8kyu/tfg/Simulation/build/dual_arm_control_pkg/install.log'
[1.060s] Invoked command in '/home/chi8kyu/tfg/Simulation/src/dual_arm_control_pkg' returned '0': PYTHONPATH=/home/chi8kyu/tfg/Simulation/build/dual_arm_control_pkg/prefix_override:/home/chi8kyu/tfg/Simulation/install/dual_arm_control_pkg/lib/python3.10/site-packages:${PYTHONPATH} /usr/bin/python3 setup.py egg_info --egg-base ../../build/dual_arm_control_pkg build --build-base /home/chi8kyu/tfg/Simulation/build/dual_arm_control_pkg/build install --record /home/chi8kyu/tfg/Simulation/build/dual_arm_control_pkg/install.log --single-version-externally-managed
