[2.179s] DEBUG:colcon:Command line arguments: ['/usr/bin/colcon', 'build']
[2.180s] DEBUG:colcon:Parsed command line arguments: Namespace(log_base=None, log_level=None, verb_name='build', build_base='build', install_base='install', merge_install=False, symlink_install=False, test_result_base=None, continue_on_error=False, executor='parallel', parallel_workers=5, event_handlers=None, ignore_user_meta=False, metas=['./colcon.meta'], base_paths=['.'], packages_ignore=None, packages_ignore_regex=None, paths=None, packages_up_to=None, packages_up_to_regex=None, packages_above=None, packages_above_and_dependencies=None, packages_above_depth=None, packages_select_by_dep=None, packages_skip_by_dep=None, packages_skip_up_to=None, packages_select_build_failed=False, packages_skip_build_finished=False, packages_select_test_failures=False, packages_skip_test_passed=False, packages_select=None, packages_skip=None, packages_select_regex=None, packages_skip_regex=None, packages_start=None, packages_end=None, allow_overriding=[], cmake_args=None, cmake_target=None, cmake_target_skip_unavailable=False, cmake_clean_cache=False, cmake_clean_first=False, cmake_force_configure=False, ament_cmake_args=None, catkin_cmake_args=None, catkin_skip_building_tests=False, verb_parser=<colcon_defaults.argument_parser.defaults.DefaultArgumentsDecorator object at 0x7fdb4a603640>, verb_extension=<colcon_core.verb.build.BuildVerb object at 0x7fdb4aac7730>, main=<bound method BuildVerb.main of <colcon_core.verb.build.BuildVerb object at 0x7fdb4aac7730>>)
[2.281s] Level 1:colcon.colcon_core.package_discovery:discover_packages(colcon_meta) check parameters
[2.281s] Level 1:colcon.colcon_core.package_discovery:discover_packages(recursive) check parameters
[2.281s] Level 1:colcon.colcon_core.package_discovery:discover_packages(ignore) check parameters
[2.281s] Level 1:colcon.colcon_core.package_discovery:discover_packages(path) check parameters
[2.281s] Level 1:colcon.colcon_core.package_discovery:discover_packages(colcon_meta) discover
[2.281s] Level 1:colcon.colcon_core.package_discovery:discover_packages(recursive) discover
[2.281s] INFO:colcon.colcon_core.package_discovery:Crawling recursively for packages in '/home/kyu8/tfg'
[2.282s] Level 1:colcon.colcon_core.package_identification:_identify(.) by extensions ['ignore', 'ignore_ament_install']
[2.282s] Level 1:colcon.colcon_core.package_identification:_identify(.) by extension 'ignore'
[2.282s] Level 1:colcon.colcon_core.package_identification:_identify(.) by extension 'ignore_ament_install'
[2.282s] Level 1:colcon.colcon_core.package_identification:_identify(.) by extensions ['colcon_pkg']
[2.282s] Level 1:colcon.colcon_core.package_identification:_identify(.) by extension 'colcon_pkg'
[2.282s] Level 1:colcon.colcon_core.package_identification:_identify(.) by extensions ['colcon_meta']
[2.282s] Level 1:colcon.colcon_core.package_identification:_identify(.) by extension 'colcon_meta'
[2.282s] Level 1:colcon.colcon_core.package_identification:_identify(.) by extensions ['ros']
[2.282s] Level 1:colcon.colcon_core.package_identification:_identify(.) by extension 'ros'
[2.304s] Level 1:colcon.colcon_core.package_identification:_identify(.) by extensions ['cmake', 'python']
[2.304s] Level 1:colcon.colcon_core.package_identification:_identify(.) by extension 'cmake'
[2.304s] Level 1:colcon.colcon_core.package_identification:_identify(.) by extension 'python'
[2.304s] Level 1:colcon.colcon_core.package_identification:_identify(.) by extensions ['python_setup_py']
[2.304s] Level 1:colcon.colcon_core.package_identification:_identify(.) by extension 'python_setup_py'
[2.304s] Level 1:colcon.colcon_core.package_identification:_identify(Implementation) by extensions ['ignore', 'ignore_ament_install']
[2.304s] Level 1:colcon.colcon_core.package_identification:_identify(Implementation) by extension 'ignore'
[2.305s] Level 1:colcon.colcon_core.package_identification:_identify(Implementation) by extension 'ignore_ament_install'
[2.305s] Level 1:colcon.colcon_core.package_identification:_identify(Implementation) by extensions ['colcon_pkg']
[2.305s] Level 1:colcon.colcon_core.package_identification:_identify(Implementation) by extension 'colcon_pkg'
[2.305s] Level 1:colcon.colcon_core.package_identification:_identify(Implementation) by extensions ['colcon_meta']
[2.305s] Level 1:colcon.colcon_core.package_identification:_identify(Implementation) by extension 'colcon_meta'
[2.305s] Level 1:colcon.colcon_core.package_identification:_identify(Implementation) by extensions ['ros']
[2.305s] Level 1:colcon.colcon_core.package_identification:_identify(Implementation) by extension 'ros'
[2.305s] Level 1:colcon.colcon_core.package_identification:_identify(Implementation) by extensions ['cmake', 'python']
[2.305s] Level 1:colcon.colcon_core.package_identification:_identify(Implementation) by extension 'cmake'
[2.305s] Level 1:colcon.colcon_core.package_identification:_identify(Implementation) by extension 'python'
[2.305s] Level 1:colcon.colcon_core.package_identification:_identify(Implementation) by extensions ['python_setup_py']
[2.305s] Level 1:colcon.colcon_core.package_identification:_identify(Implementation) by extension 'python_setup_py'
[2.306s] Level 1:colcon.colcon_core.package_identification:_identify(Implementation/tests) by extensions ['ignore', 'ignore_ament_install']
[2.306s] Level 1:colcon.colcon_core.package_identification:_identify(Implementation/tests) by extension 'ignore'
[2.306s] Level 1:colcon.colcon_core.package_identification:_identify(Implementation/tests) by extension 'ignore_ament_install'
[2.306s] Level 1:colcon.colcon_core.package_identification:_identify(Implementation/tests) by extensions ['colcon_pkg']
[2.306s] Level 1:colcon.colcon_core.package_identification:_identify(Implementation/tests) by extension 'colcon_pkg'
[2.306s] Level 1:colcon.colcon_core.package_identification:_identify(Implementation/tests) by extensions ['colcon_meta']
[2.306s] Level 1:colcon.colcon_core.package_identification:_identify(Implementation/tests) by extension 'colcon_meta'
[2.306s] Level 1:colcon.colcon_core.package_identification:_identify(Implementation/tests) by extensions ['ros']
[2.306s] Level 1:colcon.colcon_core.package_identification:_identify(Implementation/tests) by extension 'ros'
[2.306s] Level 1:colcon.colcon_core.package_identification:_identify(Implementation/tests) by extensions ['cmake', 'python']
[2.306s] Level 1:colcon.colcon_core.package_identification:_identify(Implementation/tests) by extension 'cmake'
[2.307s] Level 1:colcon.colcon_core.package_identification:_identify(Implementation/tests) by extension 'python'
[2.307s] Level 1:colcon.colcon_core.package_identification:_identify(Implementation/tests) by extensions ['python_setup_py']
[2.307s] Level 1:colcon.colcon_core.package_identification:_identify(Implementation/tests) by extension 'python_setup_py'
[2.307s] Level 1:colcon.colcon_core.package_identification:_identify(Implementation/tests/HC-SR04) by extensions ['ignore', 'ignore_ament_install']
[2.307s] Level 1:colcon.colcon_core.package_identification:_identify(Implementation/tests/HC-SR04) by extension 'ignore'
[2.307s] Level 1:colcon.colcon_core.package_identification:_identify(Implementation/tests/HC-SR04) by extension 'ignore_ament_install'
[2.307s] Level 1:colcon.colcon_core.package_identification:_identify(Implementation/tests/HC-SR04) by extensions ['colcon_pkg']
[2.307s] Level 1:colcon.colcon_core.package_identification:_identify(Implementation/tests/HC-SR04) by extension 'colcon_pkg'
[2.307s] Level 1:colcon.colcon_core.package_identification:_identify(Implementation/tests/HC-SR04) by extensions ['colcon_meta']
[2.307s] Level 1:colcon.colcon_core.package_identification:_identify(Implementation/tests/HC-SR04) by extension 'colcon_meta'
[2.307s] Level 1:colcon.colcon_core.package_identification:_identify(Implementation/tests/HC-SR04) by extensions ['ros']
[2.307s] Level 1:colcon.colcon_core.package_identification:_identify(Implementation/tests/HC-SR04) by extension 'ros'
[2.308s] Level 1:colcon.colcon_core.package_identification:_identify(Implementation/tests/HC-SR04) by extensions ['cmake', 'python']
[2.308s] Level 1:colcon.colcon_core.package_identification:_identify(Implementation/tests/HC-SR04) by extension 'cmake'
[2.308s] Level 1:colcon.colcon_core.package_identification:_identify(Implementation/tests/HC-SR04) by extension 'python'
[2.308s] Level 1:colcon.colcon_core.package_identification:_identify(Implementation/tests/HC-SR04) by extensions ['python_setup_py']
[2.308s] Level 1:colcon.colcon_core.package_identification:_identify(Implementation/tests/HC-SR04) by extension 'python_setup_py'
[2.308s] Level 1:colcon.colcon_core.package_identification:_identify(Implementation/tests/HC-SR04/HC-SR04_test) by extensions ['ignore', 'ignore_ament_install']
[2.308s] Level 1:colcon.colcon_core.package_identification:_identify(Implementation/tests/HC-SR04/HC-SR04_test) by extension 'ignore'
[2.308s] Level 1:colcon.colcon_core.package_identification:_identify(Implementation/tests/HC-SR04/HC-SR04_test) by extension 'ignore_ament_install'
[2.308s] Level 1:colcon.colcon_core.package_identification:_identify(Implementation/tests/HC-SR04/HC-SR04_test) by extensions ['colcon_pkg']
[2.309s] Level 1:colcon.colcon_core.package_identification:_identify(Implementation/tests/HC-SR04/HC-SR04_test) by extension 'colcon_pkg'
[2.309s] Level 1:colcon.colcon_core.package_identification:_identify(Implementation/tests/HC-SR04/HC-SR04_test) by extensions ['colcon_meta']
[2.309s] Level 1:colcon.colcon_core.package_identification:_identify(Implementation/tests/HC-SR04/HC-SR04_test) by extension 'colcon_meta'
[2.309s] Level 1:colcon.colcon_core.package_identification:_identify(Implementation/tests/HC-SR04/HC-SR04_test) by extensions ['ros']
[2.309s] Level 1:colcon.colcon_core.package_identification:_identify(Implementation/tests/HC-SR04/HC-SR04_test) by extension 'ros'
[2.309s] Level 1:colcon.colcon_core.package_identification:_identify(Implementation/tests/HC-SR04/HC-SR04_test) by extensions ['cmake', 'python']
[2.309s] Level 1:colcon.colcon_core.package_identification:_identify(Implementation/tests/HC-SR04/HC-SR04_test) by extension 'cmake'
[2.309s] Level 1:colcon.colcon_core.package_identification:_identify(Implementation/tests/HC-SR04/HC-SR04_test) by extension 'python'
[2.309s] Level 1:colcon.colcon_core.package_identification:_identify(Implementation/tests/HC-SR04/HC-SR04_test) by extensions ['python_setup_py']
[2.309s] Level 1:colcon.colcon_core.package_identification:_identify(Implementation/tests/HC-SR04/HC-SR04_test) by extension 'python_setup_py'
[2.309s] Level 1:colcon.colcon_core.package_identification:_identify(Implementation/tests/IMU) by extensions ['ignore', 'ignore_ament_install']
[2.310s] Level 1:colcon.colcon_core.package_identification:_identify(Implementation/tests/IMU) by extension 'ignore'
[2.310s] Level 1:colcon.colcon_core.package_identification:_identify(Implementation/tests/IMU) by extension 'ignore_ament_install'
[2.310s] Level 1:colcon.colcon_core.package_identification:_identify(Implementation/tests/IMU) by extensions ['colcon_pkg']
[2.310s] Level 1:colcon.colcon_core.package_identification:_identify(Implementation/tests/IMU) by extension 'colcon_pkg'
[2.310s] Level 1:colcon.colcon_core.package_identification:_identify(Implementation/tests/IMU) by extensions ['colcon_meta']
[2.310s] Level 1:colcon.colcon_core.package_identification:_identify(Implementation/tests/IMU) by extension 'colcon_meta'
[2.310s] Level 1:colcon.colcon_core.package_identification:_identify(Implementation/tests/IMU) by extensions ['ros']
[2.310s] Level 1:colcon.colcon_core.package_identification:_identify(Implementation/tests/IMU) by extension 'ros'
[2.310s] Level 1:colcon.colcon_core.package_identification:_identify(Implementation/tests/IMU) by extensions ['cmake', 'python']
[2.310s] Level 1:colcon.colcon_core.package_identification:_identify(Implementation/tests/IMU) by extension 'cmake'
[2.310s] Level 1:colcon.colcon_core.package_identification:_identify(Implementation/tests/IMU) by extension 'python'
[2.310s] Level 1:colcon.colcon_core.package_identification:_identify(Implementation/tests/IMU) by extensions ['python_setup_py']
[2.311s] Level 1:colcon.colcon_core.package_identification:_identify(Implementation/tests/IMU) by extension 'python_setup_py'
[2.311s] Level 1:colcon.colcon_core.package_identification:_identify(Implementation/tests/IMU/IMU_angle_pos) by extensions ['ignore', 'ignore_ament_install']
[2.311s] Level 1:colcon.colcon_core.package_identification:_identify(Implementation/tests/IMU/IMU_angle_pos) by extension 'ignore'
[2.311s] Level 1:colcon.colcon_core.package_identification:_identify(Implementation/tests/IMU/IMU_angle_pos) by extension 'ignore_ament_install'
[2.311s] Level 1:colcon.colcon_core.package_identification:_identify(Implementation/tests/IMU/IMU_angle_pos) by extensions ['colcon_pkg']
[2.311s] Level 1:colcon.colcon_core.package_identification:_identify(Implementation/tests/IMU/IMU_angle_pos) by extension 'colcon_pkg'
[2.311s] Level 1:colcon.colcon_core.package_identification:_identify(Implementation/tests/IMU/IMU_angle_pos) by extensions ['colcon_meta']
[2.312s] Level 1:colcon.colcon_core.package_identification:_identify(Implementation/tests/IMU/IMU_angle_pos) by extension 'colcon_meta'
[2.312s] Level 1:colcon.colcon_core.package_identification:_identify(Implementation/tests/IMU/IMU_angle_pos) by extensions ['ros']
[2.312s] Level 1:colcon.colcon_core.package_identification:_identify(Implementation/tests/IMU/IMU_angle_pos) by extension 'ros'
[2.312s] Level 1:colcon.colcon_core.package_identification:_identify(Implementation/tests/IMU/IMU_angle_pos) by extensions ['cmake', 'python']
[2.312s] Level 1:colcon.colcon_core.package_identification:_identify(Implementation/tests/IMU/IMU_angle_pos) by extension 'cmake'
[2.312s] Level 1:colcon.colcon_core.package_identification:_identify(Implementation/tests/IMU/IMU_angle_pos) by extension 'python'
[2.312s] Level 1:colcon.colcon_core.package_identification:_identify(Implementation/tests/IMU/IMU_angle_pos) by extensions ['python_setup_py']
[2.312s] Level 1:colcon.colcon_core.package_identification:_identify(Implementation/tests/IMU/IMU_angle_pos) by extension 'python_setup_py'
[2.312s] Level 1:colcon.colcon_core.package_identification:_identify(Implementation/tests/IMU/IMU_test) by extensions ['ignore', 'ignore_ament_install']
[2.312s] Level 1:colcon.colcon_core.package_identification:_identify(Implementation/tests/IMU/IMU_test) by extension 'ignore'
[2.313s] Level 1:colcon.colcon_core.package_identification:_identify(Implementation/tests/IMU/IMU_test) by extension 'ignore_ament_install'
[2.313s] Level 1:colcon.colcon_core.package_identification:_identify(Implementation/tests/IMU/IMU_test) by extensions ['colcon_pkg']
[2.313s] Level 1:colcon.colcon_core.package_identification:_identify(Implementation/tests/IMU/IMU_test) by extension 'colcon_pkg'
[2.313s] Level 1:colcon.colcon_core.package_identification:_identify(Implementation/tests/IMU/IMU_test) by extensions ['colcon_meta']
[2.313s] Level 1:colcon.colcon_core.package_identification:_identify(Implementation/tests/IMU/IMU_test) by extension 'colcon_meta'
[2.313s] Level 1:colcon.colcon_core.package_identification:_identify(Implementation/tests/IMU/IMU_test) by extensions ['ros']
[2.313s] Level 1:colcon.colcon_core.package_identification:_identify(Implementation/tests/IMU/IMU_test) by extension 'ros'
[2.313s] Level 1:colcon.colcon_core.package_identification:_identify(Implementation/tests/IMU/IMU_test) by extensions ['cmake', 'python']
[2.313s] Level 1:colcon.colcon_core.package_identification:_identify(Implementation/tests/IMU/IMU_test) by extension 'cmake'
[2.313s] Level 1:colcon.colcon_core.package_identification:_identify(Implementation/tests/IMU/IMU_test) by extension 'python'
[2.313s] Level 1:colcon.colcon_core.package_identification:_identify(Implementation/tests/IMU/IMU_test) by extensions ['python_setup_py']
[2.313s] Level 1:colcon.colcon_core.package_identification:_identify(Implementation/tests/IMU/IMU_test) by extension 'python_setup_py'
[2.313s] Level 1:colcon.colcon_core.package_identification:_identify(Implementation/tests/MG995) by extensions ['ignore', 'ignore_ament_install']
[2.314s] Level 1:colcon.colcon_core.package_identification:_identify(Implementation/tests/MG995) by extension 'ignore'
[2.314s] Level 1:colcon.colcon_core.package_identification:_identify(Implementation/tests/MG995) by extension 'ignore_ament_install'
[2.314s] Level 1:colcon.colcon_core.package_identification:_identify(Implementation/tests/MG995) by extensions ['colcon_pkg']
[2.314s] Level 1:colcon.colcon_core.package_identification:_identify(Implementation/tests/MG995) by extension 'colcon_pkg'
[2.314s] Level 1:colcon.colcon_core.package_identification:_identify(Implementation/tests/MG995) by extensions ['colcon_meta']
[2.314s] Level 1:colcon.colcon_core.package_identification:_identify(Implementation/tests/MG995) by extension 'colcon_meta'
[2.314s] Level 1:colcon.colcon_core.package_identification:_identify(Implementation/tests/MG995) by extensions ['ros']
[2.314s] Level 1:colcon.colcon_core.package_identification:_identify(Implementation/tests/MG995) by extension 'ros'
[2.314s] Level 1:colcon.colcon_core.package_identification:_identify(Implementation/tests/MG995) by extensions ['cmake', 'python']
[2.314s] Level 1:colcon.colcon_core.package_identification:_identify(Implementation/tests/MG995) by extension 'cmake'
[2.314s] Level 1:colcon.colcon_core.package_identification:_identify(Implementation/tests/MG995) by extension 'python'
[2.314s] Level 1:colcon.colcon_core.package_identification:_identify(Implementation/tests/MG995) by extensions ['python_setup_py']
[2.315s] Level 1:colcon.colcon_core.package_identification:_identify(Implementation/tests/MG995) by extension 'python_setup_py'
[2.315s] Level 1:colcon.colcon_core.package_identification:_identify(Implementation/tests/MG995/MG995_test) by extensions ['ignore', 'ignore_ament_install']
[2.315s] Level 1:colcon.colcon_core.package_identification:_identify(Implementation/tests/MG995/MG995_test) by extension 'ignore'
[2.315s] Level 1:colcon.colcon_core.package_identification:_identify(Implementation/tests/MG995/MG995_test) by extension 'ignore_ament_install'
[2.315s] Level 1:colcon.colcon_core.package_identification:_identify(Implementation/tests/MG995/MG995_test) by extensions ['colcon_pkg']
[2.315s] Level 1:colcon.colcon_core.package_identification:_identify(Implementation/tests/MG995/MG995_test) by extension 'colcon_pkg'
[2.315s] Level 1:colcon.colcon_core.package_identification:_identify(Implementation/tests/MG995/MG995_test) by extensions ['colcon_meta']
[2.315s] Level 1:colcon.colcon_core.package_identification:_identify(Implementation/tests/MG995/MG995_test) by extension 'colcon_meta'
[2.315s] Level 1:colcon.colcon_core.package_identification:_identify(Implementation/tests/MG995/MG995_test) by extensions ['ros']
[2.315s] Level 1:colcon.colcon_core.package_identification:_identify(Implementation/tests/MG995/MG995_test) by extension 'ros'
[2.316s] Level 1:colcon.colcon_core.package_identification:_identify(Implementation/tests/MG995/MG995_test) by extensions ['cmake', 'python']
[2.316s] Level 1:colcon.colcon_core.package_identification:_identify(Implementation/tests/MG995/MG995_test) by extension 'cmake'
[2.316s] Level 1:colcon.colcon_core.package_identification:_identify(Implementation/tests/MG995/MG995_test) by extension 'python'
[2.316s] Level 1:colcon.colcon_core.package_identification:_identify(Implementation/tests/MG995/MG995_test) by extensions ['python_setup_py']
[2.316s] Level 1:colcon.colcon_core.package_identification:_identify(Implementation/tests/MG995/MG995_test) by extension 'python_setup_py'
[2.316s] Level 1:colcon.colcon_core.package_identification:_identify(Implementation/tests/WiFi com) by extensions ['ignore', 'ignore_ament_install']
[2.316s] Level 1:colcon.colcon_core.package_identification:_identify(Implementation/tests/WiFi com) by extension 'ignore'
[2.316s] Level 1:colcon.colcon_core.package_identification:_identify(Implementation/tests/WiFi com) by extension 'ignore_ament_install'
[2.316s] Level 1:colcon.colcon_core.package_identification:_identify(Implementation/tests/WiFi com) by extensions ['colcon_pkg']
[2.316s] Level 1:colcon.colcon_core.package_identification:_identify(Implementation/tests/WiFi com) by extension 'colcon_pkg'
[2.316s] Level 1:colcon.colcon_core.package_identification:_identify(Implementation/tests/WiFi com) by extensions ['colcon_meta']
[2.317s] Level 1:colcon.colcon_core.package_identification:_identify(Implementation/tests/WiFi com) by extension 'colcon_meta'
[2.317s] Level 1:colcon.colcon_core.package_identification:_identify(Implementation/tests/WiFi com) by extensions ['ros']
[2.317s] Level 1:colcon.colcon_core.package_identification:_identify(Implementation/tests/WiFi com) by extension 'ros'
[2.317s] Level 1:colcon.colcon_core.package_identification:_identify(Implementation/tests/WiFi com) by extensions ['cmake', 'python']
[2.317s] Level 1:colcon.colcon_core.package_identification:_identify(Implementation/tests/WiFi com) by extension 'cmake'
[2.317s] Level 1:colcon.colcon_core.package_identification:_identify(Implementation/tests/WiFi com) by extension 'python'
[2.317s] Level 1:colcon.colcon_core.package_identification:_identify(Implementation/tests/WiFi com) by extensions ['python_setup_py']
[2.317s] Level 1:colcon.colcon_core.package_identification:_identify(Implementation/tests/WiFi com) by extension 'python_setup_py'
[2.317s] Level 1:colcon.colcon_core.package_identification:_identify(Implementation/tests/WiFi com/socket_test) by extensions ['ignore', 'ignore_ament_install']
[2.317s] Level 1:colcon.colcon_core.package_identification:_identify(Implementation/tests/WiFi com/socket_test) by extension 'ignore'
[2.317s] Level 1:colcon.colcon_core.package_identification:_identify(Implementation/tests/WiFi com/socket_test) by extension 'ignore_ament_install'
[2.318s] Level 1:colcon.colcon_core.package_identification:_identify(Implementation/tests/WiFi com/socket_test) by extensions ['colcon_pkg']
[2.318s] Level 1:colcon.colcon_core.package_identification:_identify(Implementation/tests/WiFi com/socket_test) by extension 'colcon_pkg'
[2.318s] Level 1:colcon.colcon_core.package_identification:_identify(Implementation/tests/WiFi com/socket_test) by extensions ['colcon_meta']
[2.318s] Level 1:colcon.colcon_core.package_identification:_identify(Implementation/tests/WiFi com/socket_test) by extension 'colcon_meta'
[2.318s] Level 1:colcon.colcon_core.package_identification:_identify(Implementation/tests/WiFi com/socket_test) by extensions ['ros']
[2.318s] Level 1:colcon.colcon_core.package_identification:_identify(Implementation/tests/WiFi com/socket_test) by extension 'ros'
[2.318s] Level 1:colcon.colcon_core.package_identification:_identify(Implementation/tests/WiFi com/socket_test) by extensions ['cmake', 'python']
[2.318s] Level 1:colcon.colcon_core.package_identification:_identify(Implementation/tests/WiFi com/socket_test) by extension 'cmake'
[2.318s] Level 1:colcon.colcon_core.package_identification:_identify(Implementation/tests/WiFi com/socket_test) by extension 'python'
[2.318s] Level 1:colcon.colcon_core.package_identification:_identify(Implementation/tests/WiFi com/socket_test) by extensions ['python_setup_py']
[2.318s] Level 1:colcon.colcon_core.package_identification:_identify(Implementation/tests/WiFi com/socket_test) by extension 'python_setup_py'
[2.318s] Level 1:colcon.colcon_core.package_identification:_identify(Implementation/tests/test_1) by extensions ['ignore', 'ignore_ament_install']
[2.319s] Level 1:colcon.colcon_core.package_identification:_identify(Implementation/tests/test_1) by extension 'ignore'
[2.319s] Level 1:colcon.colcon_core.package_identification:_identify(Implementation/tests/test_1) by extension 'ignore_ament_install'
[2.319s] Level 1:colcon.colcon_core.package_identification:_identify(Implementation/tests/test_1) by extensions ['colcon_pkg']
[2.319s] Level 1:colcon.colcon_core.package_identification:_identify(Implementation/tests/test_1) by extension 'colcon_pkg'
[2.319s] Level 1:colcon.colcon_core.package_identification:_identify(Implementation/tests/test_1) by extensions ['colcon_meta']
[2.319s] Level 1:colcon.colcon_core.package_identification:_identify(Implementation/tests/test_1) by extension 'colcon_meta'
[2.319s] Level 1:colcon.colcon_core.package_identification:_identify(Implementation/tests/test_1) by extensions ['ros']
[2.319s] Level 1:colcon.colcon_core.package_identification:_identify(Implementation/tests/test_1) by extension 'ros'
[2.319s] Level 1:colcon.colcon_core.package_identification:_identify(Implementation/tests/test_1) by extensions ['cmake', 'python']
[2.319s] Level 1:colcon.colcon_core.package_identification:_identify(Implementation/tests/test_1) by extension 'cmake'
[2.319s] Level 1:colcon.colcon_core.package_identification:_identify(Implementation/tests/test_1) by extension 'python'
[2.319s] Level 1:colcon.colcon_core.package_identification:_identify(Implementation/tests/test_1) by extensions ['python_setup_py']
[2.320s] Level 1:colcon.colcon_core.package_identification:_identify(Implementation/tests/test_1) by extension 'python_setup_py'
[2.320s] Level 1:colcon.colcon_core.package_identification:_identify(Simulation) by extensions ['ignore', 'ignore_ament_install']
[2.320s] Level 1:colcon.colcon_core.package_identification:_identify(Simulation) by extension 'ignore'
[2.320s] Level 1:colcon.colcon_core.package_identification:_identify(Simulation) by extension 'ignore_ament_install'
[2.320s] Level 1:colcon.colcon_core.package_identification:_identify(Simulation) by extensions ['colcon_pkg']
[2.320s] Level 1:colcon.colcon_core.package_identification:_identify(Simulation) by extension 'colcon_pkg'
[2.320s] Level 1:colcon.colcon_core.package_identification:_identify(Simulation) by extensions ['colcon_meta']
[2.320s] Level 1:colcon.colcon_core.package_identification:_identify(Simulation) by extension 'colcon_meta'
[2.320s] Level 1:colcon.colcon_core.package_identification:_identify(Simulation) by extensions ['ros']
[2.320s] Level 1:colcon.colcon_core.package_identification:_identify(Simulation) by extension 'ros'
[2.320s] Level 1:colcon.colcon_core.package_identification:_identify(Simulation) by extensions ['cmake', 'python']
[2.321s] Level 1:colcon.colcon_core.package_identification:_identify(Simulation) by extension 'cmake'
[2.321s] Level 1:colcon.colcon_core.package_identification:_identify(Simulation) by extension 'python'
[2.321s] Level 1:colcon.colcon_core.package_identification:_identify(Simulation) by extensions ['python_setup_py']
[2.321s] Level 1:colcon.colcon_core.package_identification:_identify(Simulation) by extension 'python_setup_py'
[2.321s] Level 1:colcon.colcon_core.package_identification:_identify(Simulation/build) by extensions ['ignore', 'ignore_ament_install']
[2.321s] Level 1:colcon.colcon_core.package_identification:_identify(Simulation/build) by extension 'ignore'
[2.321s] Level 1:colcon.colcon_core.package_identification:_identify(Simulation/build) ignored
[2.322s] Level 1:colcon.colcon_core.package_identification:_identify(Simulation/install) by extensions ['ignore', 'ignore_ament_install']
[2.322s] Level 1:colcon.colcon_core.package_identification:_identify(Simulation/install) by extension 'ignore'
[2.322s] Level 1:colcon.colcon_core.package_identification:_identify(Simulation/install) ignored
[2.323s] Level 1:colcon.colcon_core.package_identification:_identify(Simulation/log) by extensions ['ignore', 'ignore_ament_install']
[2.324s] Level 1:colcon.colcon_core.package_identification:_identify(Simulation/log) by extension 'ignore'
[2.324s] Level 1:colcon.colcon_core.package_identification:_identify(Simulation/log) ignored
[2.324s] Level 1:colcon.colcon_core.package_identification:_identify(Simulation/src) by extensions ['ignore', 'ignore_ament_install']
[2.324s] Level 1:colcon.colcon_core.package_identification:_identify(Simulation/src) by extension 'ignore'
[2.324s] Level 1:colcon.colcon_core.package_identification:_identify(Simulation/src) by extension 'ignore_ament_install'
[2.324s] Level 1:colcon.colcon_core.package_identification:_identify(Simulation/src) by extensions ['colcon_pkg']
[2.324s] Level 1:colcon.colcon_core.package_identification:_identify(Simulation/src) by extension 'colcon_pkg'
[2.325s] Level 1:colcon.colcon_core.package_identification:_identify(Simulation/src) by extensions ['colcon_meta']
[2.325s] Level 1:colcon.colcon_core.package_identification:_identify(Simulation/src) by extension 'colcon_meta'
[2.325s] Level 1:colcon.colcon_core.package_identification:_identify(Simulation/src) by extensions ['ros']
[2.325s] Level 1:colcon.colcon_core.package_identification:_identify(Simulation/src) by extension 'ros'
[2.325s] Level 1:colcon.colcon_core.package_identification:_identify(Simulation/src) by extensions ['cmake', 'python']
[2.325s] Level 1:colcon.colcon_core.package_identification:_identify(Simulation/src) by extension 'cmake'
[2.325s] Level 1:colcon.colcon_core.package_identification:_identify(Simulation/src) by extension 'python'
[2.325s] Level 1:colcon.colcon_core.package_identification:_identify(Simulation/src) by extensions ['python_setup_py']
[2.325s] Level 1:colcon.colcon_core.package_identification:_identify(Simulation/src) by extension 'python_setup_py'
[2.325s] Level 1:colcon.colcon_core.package_identification:_identify(Simulation/src/arm_pkg) by extensions ['ignore', 'ignore_ament_install']
[2.326s] Level 1:colcon.colcon_core.package_identification:_identify(Simulation/src/arm_pkg) by extension 'ignore'
[2.326s] Level 1:colcon.colcon_core.package_identification:_identify(Simulation/src/arm_pkg) by extension 'ignore_ament_install'
[2.326s] Level 1:colcon.colcon_core.package_identification:_identify(Simulation/src/arm_pkg) by extensions ['colcon_pkg']
[2.326s] Level 1:colcon.colcon_core.package_identification:_identify(Simulation/src/arm_pkg) by extension 'colcon_pkg'
[2.326s] Level 1:colcon.colcon_core.package_identification:_identify(Simulation/src/arm_pkg) by extensions ['colcon_meta']
[2.326s] Level 1:colcon.colcon_core.package_identification:_identify(Simulation/src/arm_pkg) by extension 'colcon_meta'
[2.326s] Level 1:colcon.colcon_core.package_identification:_identify(Simulation/src/arm_pkg) by extensions ['ros']
[2.326s] Level 1:colcon.colcon_core.package_identification:_identify(Simulation/src/arm_pkg) by extension 'ros'
[2.334s] DEBUG:colcon.colcon_core.package_identification:Package 'Simulation/src/arm_pkg' with type 'ros.ament_python' and name 'arm_pkg'
[2.335s] Level 1:colcon.colcon_core.package_identification:_identify(Simulation/src/bridge_commands) by extensions ['ignore', 'ignore_ament_install']
[2.335s] Level 1:colcon.colcon_core.package_identification:_identify(Simulation/src/bridge_commands) by extension 'ignore'
[2.335s] Level 1:colcon.colcon_core.package_identification:_identify(Simulation/src/bridge_commands) by extension 'ignore_ament_install'
[2.335s] Level 1:colcon.colcon_core.package_identification:_identify(Simulation/src/bridge_commands) by extensions ['colcon_pkg']
[2.335s] Level 1:colcon.colcon_core.package_identification:_identify(Simulation/src/bridge_commands) by extension 'colcon_pkg'
[2.335s] Level 1:colcon.colcon_core.package_identification:_identify(Simulation/src/bridge_commands) by extensions ['colcon_meta']
[2.336s] Level 1:colcon.colcon_core.package_identification:_identify(Simulation/src/bridge_commands) by extension 'colcon_meta'
[2.336s] Level 1:colcon.colcon_core.package_identification:_identify(Simulation/src/bridge_commands) by extensions ['ros']
[2.336s] Level 1:colcon.colcon_core.package_identification:_identify(Simulation/src/bridge_commands) by extension 'ros'
[2.336s] Level 1:colcon.colcon_core.package_identification:_identify(Simulation/src/bridge_commands) by extensions ['cmake', 'python']
[2.336s] Level 1:colcon.colcon_core.package_identification:_identify(Simulation/src/bridge_commands) by extension 'cmake'
[2.336s] Level 1:colcon.colcon_core.package_identification:_identify(Simulation/src/bridge_commands) by extension 'python'
[2.336s] Level 1:colcon.colcon_core.package_identification:_identify(Simulation/src/bridge_commands) by extensions ['python_setup_py']
[2.336s] Level 1:colcon.colcon_core.package_identification:_identify(Simulation/src/bridge_commands) by extension 'python_setup_py'
[2.336s] Level 1:colcon.colcon_core.package_identification:_identify(Simulation/src/dual_arm_control_pkg) by extensions ['ignore', 'ignore_ament_install']
[2.336s] Level 1:colcon.colcon_core.package_identification:_identify(Simulation/src/dual_arm_control_pkg) by extension 'ignore'
[2.336s] Level 1:colcon.colcon_core.package_identification:_identify(Simulation/src/dual_arm_control_pkg) by extension 'ignore_ament_install'
[2.337s] Level 1:colcon.colcon_core.package_identification:_identify(Simulation/src/dual_arm_control_pkg) by extensions ['colcon_pkg']
[2.337s] Level 1:colcon.colcon_core.package_identification:_identify(Simulation/src/dual_arm_control_pkg) by extension 'colcon_pkg'
[2.337s] Level 1:colcon.colcon_core.package_identification:_identify(Simulation/src/dual_arm_control_pkg) by extensions ['colcon_meta']
[2.337s] Level 1:colcon.colcon_core.package_identification:_identify(Simulation/src/dual_arm_control_pkg) by extension 'colcon_meta'
[2.337s] Level 1:colcon.colcon_core.package_identification:_identify(Simulation/src/dual_arm_control_pkg) by extensions ['ros']
[2.337s] Level 1:colcon.colcon_core.package_identification:_identify(Simulation/src/dual_arm_control_pkg) by extension 'ros'
[2.339s] DEBUG:colcon.colcon_core.package_identification:Package 'Simulation/src/dual_arm_control_pkg' with type 'ros.ament_python' and name 'dual_arm_control_pkg'
[2.340s] Level 1:colcon.colcon_core.package_identification:_identify(Simulation/src/sdf_files) by extensions ['ignore', 'ignore_ament_install']
[2.340s] Level 1:colcon.colcon_core.package_identification:_identify(Simulation/src/sdf_files) by extension 'ignore'
[2.340s] Level 1:colcon.colcon_core.package_identification:_identify(Simulation/src/sdf_files) by extension 'ignore_ament_install'
[2.340s] Level 1:colcon.colcon_core.package_identification:_identify(Simulation/src/sdf_files) by extensions ['colcon_pkg']
[2.340s] Level 1:colcon.colcon_core.package_identification:_identify(Simulation/src/sdf_files) by extension 'colcon_pkg'
[2.341s] Level 1:colcon.colcon_core.package_identification:_identify(Simulation/src/sdf_files) by extensions ['colcon_meta']
[2.341s] Level 1:colcon.colcon_core.package_identification:_identify(Simulation/src/sdf_files) by extension 'colcon_meta'
[2.341s] Level 1:colcon.colcon_core.package_identification:_identify(Simulation/src/sdf_files) by extensions ['ros']
[2.341s] Level 1:colcon.colcon_core.package_identification:_identify(Simulation/src/sdf_files) by extension 'ros'
[2.341s] Level 1:colcon.colcon_core.package_identification:_identify(Simulation/src/sdf_files) by extensions ['cmake', 'python']
[2.341s] Level 1:colcon.colcon_core.package_identification:_identify(Simulation/src/sdf_files) by extension 'cmake'
[2.341s] Level 1:colcon.colcon_core.package_identification:_identify(Simulation/src/sdf_files) by extension 'python'
[2.341s] Level 1:colcon.colcon_core.package_identification:_identify(Simulation/src/sdf_files) by extensions ['python_setup_py']
[2.341s] Level 1:colcon.colcon_core.package_identification:_identify(Simulation/src/sdf_files) by extension 'python_setup_py'
[2.341s] Level 1:colcon.colcon_core.package_identification:_identify(Simulation/src/sdf_files/example) by extensions ['ignore', 'ignore_ament_install']
[2.342s] Level 1:colcon.colcon_core.package_identification:_identify(Simulation/src/sdf_files/example) by extension 'ignore'
[2.342s] Level 1:colcon.colcon_core.package_identification:_identify(Simulation/src/sdf_files/example) by extension 'ignore_ament_install'
[2.342s] Level 1:colcon.colcon_core.package_identification:_identify(Simulation/src/sdf_files/example) by extensions ['colcon_pkg']
[2.342s] Level 1:colcon.colcon_core.package_identification:_identify(Simulation/src/sdf_files/example) by extension 'colcon_pkg'
[2.342s] Level 1:colcon.colcon_core.package_identification:_identify(Simulation/src/sdf_files/example) by extensions ['colcon_meta']
[2.342s] Level 1:colcon.colcon_core.package_identification:_identify(Simulation/src/sdf_files/example) by extension 'colcon_meta'
[2.342s] Level 1:colcon.colcon_core.package_identification:_identify(Simulation/src/sdf_files/example) by extensions ['ros']
[2.342s] Level 1:colcon.colcon_core.package_identification:_identify(Simulation/src/sdf_files/example) by extension 'ros'
[2.342s] Level 1:colcon.colcon_core.package_identification:_identify(Simulation/src/sdf_files/example) by extensions ['cmake', 'python']
[2.342s] Level 1:colcon.colcon_core.package_identification:_identify(Simulation/src/sdf_files/example) by extension 'cmake'
[2.343s] Level 1:colcon.colcon_core.package_identification:_identify(Simulation/src/sdf_files/example) by extension 'python'
[2.343s] Level 1:colcon.colcon_core.package_identification:_identify(Simulation/src/sdf_files/example) by extensions ['python_setup_py']
[2.343s] Level 1:colcon.colcon_core.package_identification:_identify(Simulation/src/sdf_files/example) by extension 'python_setup_py'
[2.343s] Level 1:colcon.colcon_core.package_identification:_identify(build) by extensions ['ignore', 'ignore_ament_install']
[2.343s] Level 1:colcon.colcon_core.package_identification:_identify(build) by extension 'ignore'
[2.344s] Level 1:colcon.colcon_core.package_identification:_identify(build) ignored
[2.344s] Level 1:colcon.colcon_core.package_identification:_identify(install) by extensions ['ignore', 'ignore_ament_install']
[2.344s] Level 1:colcon.colcon_core.package_identification:_identify(install) by extension 'ignore'
[2.344s] Level 1:colcon.colcon_core.package_identification:_identify(install) ignored
[2.344s] Level 1:colcon.colcon_core.package_identification:_identify(log) by extensions ['ignore', 'ignore_ament_install']
[2.344s] Level 1:colcon.colcon_core.package_identification:_identify(log) by extension 'ignore'
[2.344s] Level 1:colcon.colcon_core.package_identification:_identify(log) ignored
[2.345s] Level 1:colcon.colcon_core.package_identification:_identify(rwork) by extensions ['ignore', 'ignore_ament_install']
[2.345s] Level 1:colcon.colcon_core.package_identification:_identify(rwork) by extension 'ignore'
[2.345s] Level 1:colcon.colcon_core.package_identification:_identify(rwork) by extension 'ignore_ament_install'
[2.345s] Level 1:colcon.colcon_core.package_identification:_identify(rwork) by extensions ['colcon_pkg']
[2.345s] Level 1:colcon.colcon_core.package_identification:_identify(rwork) by extension 'colcon_pkg'
[2.345s] Level 1:colcon.colcon_core.package_identification:_identify(rwork) by extensions ['colcon_meta']
[2.345s] Level 1:colcon.colcon_core.package_identification:_identify(rwork) by extension 'colcon_meta'
[2.345s] Level 1:colcon.colcon_core.package_identification:_identify(rwork) by extensions ['ros']
[2.345s] Level 1:colcon.colcon_core.package_identification:_identify(rwork) by extension 'ros'
[2.345s] Level 1:colcon.colcon_core.package_identification:_identify(rwork) by extensions ['cmake', 'python']
[2.345s] Level 1:colcon.colcon_core.package_identification:_identify(rwork) by extension 'cmake'
[2.345s] Level 1:colcon.colcon_core.package_identification:_identify(rwork) by extension 'python'
[2.346s] Level 1:colcon.colcon_core.package_identification:_identify(rwork) by extensions ['python_setup_py']
[2.346s] Level 1:colcon.colcon_core.package_identification:_identify(rwork) by extension 'python_setup_py'
[2.346s] Level 1:colcon.colcon_core.package_identification:_identify(rwork/build) by extensions ['ignore', 'ignore_ament_install']
[2.346s] Level 1:colcon.colcon_core.package_identification:_identify(rwork/build) by extension 'ignore'
[2.346s] Level 1:colcon.colcon_core.package_identification:_identify(rwork/build) by extension 'ignore_ament_install'
[2.346s] Level 1:colcon.colcon_core.package_identification:_identify(rwork/build) by extensions ['colcon_pkg']
[2.346s] Level 1:colcon.colcon_core.package_identification:_identify(rwork/build) by extension 'colcon_pkg'
[2.346s] Level 1:colcon.colcon_core.package_identification:_identify(rwork/build) by extensions ['colcon_meta']
[2.346s] Level 1:colcon.colcon_core.package_identification:_identify(rwork/build) by extension 'colcon_meta'
[2.346s] Level 1:colcon.colcon_core.package_identification:_identify(rwork/build) by extensions ['ros']
[2.346s] Level 1:colcon.colcon_core.package_identification:_identify(rwork/build) by extension 'ros'
[2.346s] Level 1:colcon.colcon_core.package_identification:_identify(rwork/build) by extensions ['cmake', 'python']
[2.347s] Level 1:colcon.colcon_core.package_identification:_identify(rwork/build) by extension 'cmake'
[2.347s] Level 1:colcon.colcon_core.package_identification:_identify(rwork/build) by extension 'python'
[2.347s] Level 1:colcon.colcon_core.package_identification:_identify(rwork/build) by extensions ['python_setup_py']
[2.347s] Level 1:colcon.colcon_core.package_identification:_identify(rwork/build) by extension 'python_setup_py'
[2.347s] Level 1:colcon.colcon_core.package_identification:_identify(rwork/build/dual_arm_control_pkg) by extensions ['ignore', 'ignore_ament_install']
[2.347s] Level 1:colcon.colcon_core.package_identification:_identify(rwork/build/dual_arm_control_pkg) by extension 'ignore'
[2.347s] Level 1:colcon.colcon_core.package_identification:_identify(rwork/build/dual_arm_control_pkg) by extension 'ignore_ament_install'
[2.347s] Level 1:colcon.colcon_core.package_identification:_identify(rwork/build/dual_arm_control_pkg) by extensions ['colcon_pkg']
[2.347s] Level 1:colcon.colcon_core.package_identification:_identify(rwork/build/dual_arm_control_pkg) by extension 'colcon_pkg'
[2.347s] Level 1:colcon.colcon_core.package_identification:_identify(rwork/build/dual_arm_control_pkg) by extensions ['colcon_meta']
[2.348s] Level 1:colcon.colcon_core.package_identification:_identify(rwork/build/dual_arm_control_pkg) by extension 'colcon_meta'
[2.348s] Level 1:colcon.colcon_core.package_identification:_identify(rwork/build/dual_arm_control_pkg) by extensions ['ros']
[2.348s] Level 1:colcon.colcon_core.package_identification:_identify(rwork/build/dual_arm_control_pkg) by extension 'ros'
[2.348s] Level 1:colcon.colcon_core.package_identification:_identify(rwork/build/dual_arm_control_pkg) by extensions ['cmake', 'python']
[2.348s] Level 1:colcon.colcon_core.package_identification:_identify(rwork/build/dual_arm_control_pkg) by extension 'cmake'
[2.348s] Level 1:colcon.colcon_core.package_identification:_identify(rwork/build/dual_arm_control_pkg) by extension 'python'
[2.348s] Level 1:colcon.colcon_core.package_identification:_identify(rwork/build/dual_arm_control_pkg) by extensions ['python_setup_py']
[2.348s] Level 1:colcon.colcon_core.package_identification:_identify(rwork/build/dual_arm_control_pkg) by extension 'python_setup_py'
[2.348s] Level 1:colcon.colcon_core.package_identification:_identify(rwork/build/dual_arm_control_pkg/CMakeFiles) by extensions ['ignore', 'ignore_ament_install']
[2.348s] Level 1:colcon.colcon_core.package_identification:_identify(rwork/build/dual_arm_control_pkg/CMakeFiles) by extension 'ignore'
[2.348s] Level 1:colcon.colcon_core.package_identification:_identify(rwork/build/dual_arm_control_pkg/CMakeFiles) by extension 'ignore_ament_install'
[2.349s] Level 1:colcon.colcon_core.package_identification:_identify(rwork/build/dual_arm_control_pkg/CMakeFiles) by extensions ['colcon_pkg']
[2.349s] Level 1:colcon.colcon_core.package_identification:_identify(rwork/build/dual_arm_control_pkg/CMakeFiles) by extension 'colcon_pkg'
[2.349s] Level 1:colcon.colcon_core.package_identification:_identify(rwork/build/dual_arm_control_pkg/CMakeFiles) by extensions ['colcon_meta']
[2.349s] Level 1:colcon.colcon_core.package_identification:_identify(rwork/build/dual_arm_control_pkg/CMakeFiles) by extension 'colcon_meta'
[2.349s] Level 1:colcon.colcon_core.package_identification:_identify(rwork/build/dual_arm_control_pkg/CMakeFiles) by extensions ['ros']
[2.349s] Level 1:colcon.colcon_core.package_identification:_identify(rwork/build/dual_arm_control_pkg/CMakeFiles) by extension 'ros'
[2.349s] Level 1:colcon.colcon_core.package_identification:_identify(rwork/build/dual_arm_control_pkg/CMakeFiles) by extensions ['cmake', 'python']
[2.349s] Level 1:colcon.colcon_core.package_identification:_identify(rwork/build/dual_arm_control_pkg/CMakeFiles) by extension 'cmake'
[2.349s] Level 1:colcon.colcon_core.package_identification:_identify(rwork/build/dual_arm_control_pkg/CMakeFiles) by extension 'python'
[2.349s] Level 1:colcon.colcon_core.package_identification:_identify(rwork/build/dual_arm_control_pkg/CMakeFiles) by extensions ['python_setup_py']
[2.349s] Level 1:colcon.colcon_core.package_identification:_identify(rwork/build/dual_arm_control_pkg/CMakeFiles) by extension 'python_setup_py'
[2.349s] Level 1:colcon.colcon_core.package_identification:_identify(rwork/build/dual_arm_control_pkg/CMakeFiles/3.22.1) by extensions ['ignore', 'ignore_ament_install']
[2.350s] Level 1:colcon.colcon_core.package_identification:_identify(rwork/build/dual_arm_control_pkg/CMakeFiles/3.22.1) by extension 'ignore'
[2.350s] Level 1:colcon.colcon_core.package_identification:_identify(rwork/build/dual_arm_control_pkg/CMakeFiles/3.22.1) by extension 'ignore_ament_install'
[2.350s] Level 1:colcon.colcon_core.package_identification:_identify(rwork/build/dual_arm_control_pkg/CMakeFiles/3.22.1) by extensions ['colcon_pkg']
[2.350s] Level 1:colcon.colcon_core.package_identification:_identify(rwork/build/dual_arm_control_pkg/CMakeFiles/3.22.1) by extension 'colcon_pkg'
[2.350s] Level 1:colcon.colcon_core.package_identification:_identify(rwork/build/dual_arm_control_pkg/CMakeFiles/3.22.1) by extensions ['colcon_meta']
[2.350s] Level 1:colcon.colcon_core.package_identification:_identify(rwork/build/dual_arm_control_pkg/CMakeFiles/3.22.1) by extension 'colcon_meta'
[2.350s] Level 1:colcon.colcon_core.package_identification:_identify(rwork/build/dual_arm_control_pkg/CMakeFiles/3.22.1) by extensions ['ros']
[2.350s] Level 1:colcon.colcon_core.package_identification:_identify(rwork/build/dual_arm_control_pkg/CMakeFiles/3.22.1) by extension 'ros'
[2.350s] Level 1:colcon.colcon_core.package_identification:_identify(rwork/build/dual_arm_control_pkg/CMakeFiles/3.22.1) by extensions ['cmake', 'python']
[2.350s] Level 1:colcon.colcon_core.package_identification:_identify(rwork/build/dual_arm_control_pkg/CMakeFiles/3.22.1) by extension 'cmake'
[2.350s] Level 1:colcon.colcon_core.package_identification:_identify(rwork/build/dual_arm_control_pkg/CMakeFiles/3.22.1) by extension 'python'
[2.350s] Level 1:colcon.colcon_core.package_identification:_identify(rwork/build/dual_arm_control_pkg/CMakeFiles/3.22.1) by extensions ['python_setup_py']
[2.350s] Level 1:colcon.colcon_core.package_identification:_identify(rwork/build/dual_arm_control_pkg/CMakeFiles/3.22.1) by extension 'python_setup_py'
[2.351s] Level 1:colcon.colcon_core.package_identification:_identify(rwork/build/dual_arm_control_pkg/CMakeFiles/3.22.1/CompilerIdC) by extensions ['ignore', 'ignore_ament_install']
[2.351s] Level 1:colcon.colcon_core.package_identification:_identify(rwork/build/dual_arm_control_pkg/CMakeFiles/3.22.1/CompilerIdC) by extension 'ignore'
[2.351s] Level 1:colcon.colcon_core.package_identification:_identify(rwork/build/dual_arm_control_pkg/CMakeFiles/3.22.1/CompilerIdC) by extension 'ignore_ament_install'
[2.351s] Level 1:colcon.colcon_core.package_identification:_identify(rwork/build/dual_arm_control_pkg/CMakeFiles/3.22.1/CompilerIdC) by extensions ['colcon_pkg']
[2.351s] Level 1:colcon.colcon_core.package_identification:_identify(rwork/build/dual_arm_control_pkg/CMakeFiles/3.22.1/CompilerIdC) by extension 'colcon_pkg'
[2.351s] Level 1:colcon.colcon_core.package_identification:_identify(rwork/build/dual_arm_control_pkg/CMakeFiles/3.22.1/CompilerIdC) by extensions ['colcon_meta']
[2.351s] Level 1:colcon.colcon_core.package_identification:_identify(rwork/build/dual_arm_control_pkg/CMakeFiles/3.22.1/CompilerIdC) by extension 'colcon_meta'
[2.351s] Level 1:colcon.colcon_core.package_identification:_identify(rwork/build/dual_arm_control_pkg/CMakeFiles/3.22.1/CompilerIdC) by extensions ['ros']
[2.351s] Level 1:colcon.colcon_core.package_identification:_identify(rwork/build/dual_arm_control_pkg/CMakeFiles/3.22.1/CompilerIdC) by extension 'ros'
[2.352s] Level 1:colcon.colcon_core.package_identification:_identify(rwork/build/dual_arm_control_pkg/CMakeFiles/3.22.1/CompilerIdC) by extensions ['cmake', 'python']
[2.352s] Level 1:colcon.colcon_core.package_identification:_identify(rwork/build/dual_arm_control_pkg/CMakeFiles/3.22.1/CompilerIdC) by extension 'cmake'
[2.352s] Level 1:colcon.colcon_core.package_identification:_identify(rwork/build/dual_arm_control_pkg/CMakeFiles/3.22.1/CompilerIdC) by extension 'python'
[2.352s] Level 1:colcon.colcon_core.package_identification:_identify(rwork/build/dual_arm_control_pkg/CMakeFiles/3.22.1/CompilerIdC) by extensions ['python_setup_py']
[2.352s] Level 1:colcon.colcon_core.package_identification:_identify(rwork/build/dual_arm_control_pkg/CMakeFiles/3.22.1/CompilerIdC) by extension 'python_setup_py'
[2.352s] Level 1:colcon.colcon_core.package_identification:_identify(rwork/build/dual_arm_control_pkg/CMakeFiles/3.22.1/CompilerIdC/tmp) by extensions ['ignore', 'ignore_ament_install']
[2.352s] Level 1:colcon.colcon_core.package_identification:_identify(rwork/build/dual_arm_control_pkg/CMakeFiles/3.22.1/CompilerIdC/tmp) by extension 'ignore'
[2.352s] Level 1:colcon.colcon_core.package_identification:_identify(rwork/build/dual_arm_control_pkg/CMakeFiles/3.22.1/CompilerIdC/tmp) by extension 'ignore_ament_install'
[2.352s] Level 1:colcon.colcon_core.package_identification:_identify(rwork/build/dual_arm_control_pkg/CMakeFiles/3.22.1/CompilerIdC/tmp) by extensions ['colcon_pkg']
[2.352s] Level 1:colcon.colcon_core.package_identification:_identify(rwork/build/dual_arm_control_pkg/CMakeFiles/3.22.1/CompilerIdC/tmp) by extension 'colcon_pkg'
[2.352s] Level 1:colcon.colcon_core.package_identification:_identify(rwork/build/dual_arm_control_pkg/CMakeFiles/3.22.1/CompilerIdC/tmp) by extensions ['colcon_meta']
[2.353s] Level 1:colcon.colcon_core.package_identification:_identify(rwork/build/dual_arm_control_pkg/CMakeFiles/3.22.1/CompilerIdC/tmp) by extension 'colcon_meta'
[2.353s] Level 1:colcon.colcon_core.package_identification:_identify(rwork/build/dual_arm_control_pkg/CMakeFiles/3.22.1/CompilerIdC/tmp) by extensions ['ros']
[2.353s] Level 1:colcon.colcon_core.package_identification:_identify(rwork/build/dual_arm_control_pkg/CMakeFiles/3.22.1/CompilerIdC/tmp) by extension 'ros'
[2.353s] Level 1:colcon.colcon_core.package_identification:_identify(rwork/build/dual_arm_control_pkg/CMakeFiles/3.22.1/CompilerIdC/tmp) by extensions ['cmake', 'python']
[2.353s] Level 1:colcon.colcon_core.package_identification:_identify(rwork/build/dual_arm_control_pkg/CMakeFiles/3.22.1/CompilerIdC/tmp) by extension 'cmake'
[2.353s] Level 1:colcon.colcon_core.package_identification:_identify(rwork/build/dual_arm_control_pkg/CMakeFiles/3.22.1/CompilerIdC/tmp) by extension 'python'
[2.353s] Level 1:colcon.colcon_core.package_identification:_identify(rwork/build/dual_arm_control_pkg/CMakeFiles/3.22.1/CompilerIdC/tmp) by extensions ['python_setup_py']
[2.353s] Level 1:colcon.colcon_core.package_identification:_identify(rwork/build/dual_arm_control_pkg/CMakeFiles/3.22.1/CompilerIdC/tmp) by extension 'python_setup_py'
[2.353s] Level 1:colcon.colcon_core.package_identification:_identify(rwork/build/dual_arm_control_pkg/CMakeFiles/3.22.1/CompilerIdCXX) by extensions ['ignore', 'ignore_ament_install']
[2.353s] Level 1:colcon.colcon_core.package_identification:_identify(rwork/build/dual_arm_control_pkg/CMakeFiles/3.22.1/CompilerIdCXX) by extension 'ignore'
[2.353s] Level 1:colcon.colcon_core.package_identification:_identify(rwork/build/dual_arm_control_pkg/CMakeFiles/3.22.1/CompilerIdCXX) by extension 'ignore_ament_install'
[2.354s] Level 1:colcon.colcon_core.package_identification:_identify(rwork/build/dual_arm_control_pkg/CMakeFiles/3.22.1/CompilerIdCXX) by extensions ['colcon_pkg']
[2.354s] Level 1:colcon.colcon_core.package_identification:_identify(rwork/build/dual_arm_control_pkg/CMakeFiles/3.22.1/CompilerIdCXX) by extension 'colcon_pkg'
[2.354s] Level 1:colcon.colcon_core.package_identification:_identify(rwork/build/dual_arm_control_pkg/CMakeFiles/3.22.1/CompilerIdCXX) by extensions ['colcon_meta']
[2.354s] Level 1:colcon.colcon_core.package_identification:_identify(rwork/build/dual_arm_control_pkg/CMakeFiles/3.22.1/CompilerIdCXX) by extension 'colcon_meta'
[2.354s] Level 1:colcon.colcon_core.package_identification:_identify(rwork/build/dual_arm_control_pkg/CMakeFiles/3.22.1/CompilerIdCXX) by extensions ['ros']
[2.354s] Level 1:colcon.colcon_core.package_identification:_identify(rwork/build/dual_arm_control_pkg/CMakeFiles/3.22.1/CompilerIdCXX) by extension 'ros'
[2.354s] Level 1:colcon.colcon_core.package_identification:_identify(rwork/build/dual_arm_control_pkg/CMakeFiles/3.22.1/CompilerIdCXX) by extensions ['cmake', 'python']
[2.354s] Level 1:colcon.colcon_core.package_identification:_identify(rwork/build/dual_arm_control_pkg/CMakeFiles/3.22.1/CompilerIdCXX) by extension 'cmake'
[2.354s] Level 1:colcon.colcon_core.package_identification:_identify(rwork/build/dual_arm_control_pkg/CMakeFiles/3.22.1/CompilerIdCXX) by extension 'python'
[2.354s] Level 1:colcon.colcon_core.package_identification:_identify(rwork/build/dual_arm_control_pkg/CMakeFiles/3.22.1/CompilerIdCXX) by extensions ['python_setup_py']
[2.354s] Level 1:colcon.colcon_core.package_identification:_identify(rwork/build/dual_arm_control_pkg/CMakeFiles/3.22.1/CompilerIdCXX) by extension 'python_setup_py'
[2.354s] Level 1:colcon.colcon_core.package_identification:_identify(rwork/build/dual_arm_control_pkg/CMakeFiles/3.22.1/CompilerIdCXX/tmp) by extensions ['ignore', 'ignore_ament_install']
[2.355s] Level 1:colcon.colcon_core.package_identification:_identify(rwork/build/dual_arm_control_pkg/CMakeFiles/3.22.1/CompilerIdCXX/tmp) by extension 'ignore'
[2.355s] Level 1:colcon.colcon_core.package_identification:_identify(rwork/build/dual_arm_control_pkg/CMakeFiles/3.22.1/CompilerIdCXX/tmp) by extension 'ignore_ament_install'
[2.355s] Level 1:colcon.colcon_core.package_identification:_identify(rwork/build/dual_arm_control_pkg/CMakeFiles/3.22.1/CompilerIdCXX/tmp) by extensions ['colcon_pkg']
[2.355s] Level 1:colcon.colcon_core.package_identification:_identify(rwork/build/dual_arm_control_pkg/CMakeFiles/3.22.1/CompilerIdCXX/tmp) by extension 'colcon_pkg'
[2.355s] Level 1:colcon.colcon_core.package_identification:_identify(rwork/build/dual_arm_control_pkg/CMakeFiles/3.22.1/CompilerIdCXX/tmp) by extensions ['colcon_meta']
[2.355s] Level 1:colcon.colcon_core.package_identification:_identify(rwork/build/dual_arm_control_pkg/CMakeFiles/3.22.1/CompilerIdCXX/tmp) by extension 'colcon_meta'
[2.355s] Level 1:colcon.colcon_core.package_identification:_identify(rwork/build/dual_arm_control_pkg/CMakeFiles/3.22.1/CompilerIdCXX/tmp) by extensions ['ros']
[2.355s] Level 1:colcon.colcon_core.package_identification:_identify(rwork/build/dual_arm_control_pkg/CMakeFiles/3.22.1/CompilerIdCXX/tmp) by extension 'ros'
[2.355s] Level 1:colcon.colcon_core.package_identification:_identify(rwork/build/dual_arm_control_pkg/CMakeFiles/3.22.1/CompilerIdCXX/tmp) by extensions ['cmake', 'python']
[2.355s] Level 1:colcon.colcon_core.package_identification:_identify(rwork/build/dual_arm_control_pkg/CMakeFiles/3.22.1/CompilerIdCXX/tmp) by extension 'cmake'
[2.355s] Level 1:colcon.colcon_core.package_identification:_identify(rwork/build/dual_arm_control_pkg/CMakeFiles/3.22.1/CompilerIdCXX/tmp) by extension 'python'
[2.356s] Level 1:colcon.colcon_core.package_identification:_identify(rwork/build/dual_arm_control_pkg/CMakeFiles/3.22.1/CompilerIdCXX/tmp) by extensions ['python_setup_py']
[2.356s] Level 1:colcon.colcon_core.package_identification:_identify(rwork/build/dual_arm_control_pkg/CMakeFiles/3.22.1/CompilerIdCXX/tmp) by extension 'python_setup_py'
[2.356s] Level 1:colcon.colcon_core.package_identification:_identify(rwork/build/dual_arm_control_pkg/CMakeFiles/CMakeTmp) by extensions ['ignore', 'ignore_ament_install']
[2.356s] Level 1:colcon.colcon_core.package_identification:_identify(rwork/build/dual_arm_control_pkg/CMakeFiles/CMakeTmp) by extension 'ignore'
[2.356s] Level 1:colcon.colcon_core.package_identification:_identify(rwork/build/dual_arm_control_pkg/CMakeFiles/CMakeTmp) by extension 'ignore_ament_install'
[2.356s] Level 1:colcon.colcon_core.package_identification:_identify(rwork/build/dual_arm_control_pkg/CMakeFiles/CMakeTmp) by extensions ['colcon_pkg']
[2.356s] Level 1:colcon.colcon_core.package_identification:_identify(rwork/build/dual_arm_control_pkg/CMakeFiles/CMakeTmp) by extension 'colcon_pkg'
[2.356s] Level 1:colcon.colcon_core.package_identification:_identify(rwork/build/dual_arm_control_pkg/CMakeFiles/CMakeTmp) by extensions ['colcon_meta']
[2.356s] Level 1:colcon.colcon_core.package_identification:_identify(rwork/build/dual_arm_control_pkg/CMakeFiles/CMakeTmp) by extension 'colcon_meta'
[2.356s] Level 1:colcon.colcon_core.package_identification:_identify(rwork/build/dual_arm_control_pkg/CMakeFiles/CMakeTmp) by extensions ['ros']
[2.356s] Level 1:colcon.colcon_core.package_identification:_identify(rwork/build/dual_arm_control_pkg/CMakeFiles/CMakeTmp) by extension 'ros'
[2.357s] Level 1:colcon.colcon_core.package_identification:_identify(rwork/build/dual_arm_control_pkg/CMakeFiles/CMakeTmp) by extensions ['cmake', 'python']
[2.357s] Level 1:colcon.colcon_core.package_identification:_identify(rwork/build/dual_arm_control_pkg/CMakeFiles/CMakeTmp) by extension 'cmake'
[2.357s] Level 1:colcon.colcon_core.package_identification:_identify(rwork/build/dual_arm_control_pkg/CMakeFiles/CMakeTmp) by extension 'python'
[2.357s] Level 1:colcon.colcon_core.package_identification:_identify(rwork/build/dual_arm_control_pkg/CMakeFiles/CMakeTmp) by extensions ['python_setup_py']
[2.357s] Level 1:colcon.colcon_core.package_identification:_identify(rwork/build/dual_arm_control_pkg/CMakeFiles/CMakeTmp) by extension 'python_setup_py'
[2.357s] Level 1:colcon.colcon_core.package_identification:_identify(rwork/build/dual_arm_control_pkg/ament_cppcheck) by extensions ['ignore', 'ignore_ament_install']
[2.357s] Level 1:colcon.colcon_core.package_identification:_identify(rwork/build/dual_arm_control_pkg/ament_cppcheck) by extension 'ignore'
[2.357s] Level 1:colcon.colcon_core.package_identification:_identify(rwork/build/dual_arm_control_pkg/ament_cppcheck) by extension 'ignore_ament_install'
[2.357s] Level 1:colcon.colcon_core.package_identification:_identify(rwork/build/dual_arm_control_pkg/ament_cppcheck) by extensions ['colcon_pkg']
[2.357s] Level 1:colcon.colcon_core.package_identification:_identify(rwork/build/dual_arm_control_pkg/ament_cppcheck) by extension 'colcon_pkg'
[2.357s] Level 1:colcon.colcon_core.package_identification:_identify(rwork/build/dual_arm_control_pkg/ament_cppcheck) by extensions ['colcon_meta']
[2.357s] Level 1:colcon.colcon_core.package_identification:_identify(rwork/build/dual_arm_control_pkg/ament_cppcheck) by extension 'colcon_meta'
[2.358s] Level 1:colcon.colcon_core.package_identification:_identify(rwork/build/dual_arm_control_pkg/ament_cppcheck) by extensions ['ros']
[2.358s] Level 1:colcon.colcon_core.package_identification:_identify(rwork/build/dual_arm_control_pkg/ament_cppcheck) by extension 'ros'
[2.358s] Level 1:colcon.colcon_core.package_identification:_identify(rwork/build/dual_arm_control_pkg/ament_cppcheck) by extensions ['cmake', 'python']
[2.358s] Level 1:colcon.colcon_core.package_identification:_identify(rwork/build/dual_arm_control_pkg/ament_cppcheck) by extension 'cmake'
[2.358s] Level 1:colcon.colcon_core.package_identification:_identify(rwork/build/dual_arm_control_pkg/ament_cppcheck) by extension 'python'
[2.358s] Level 1:colcon.colcon_core.package_identification:_identify(rwork/build/dual_arm_control_pkg/ament_cppcheck) by extensions ['python_setup_py']
[2.358s] Level 1:colcon.colcon_core.package_identification:_identify(rwork/build/dual_arm_control_pkg/ament_cppcheck) by extension 'python_setup_py'
[2.358s] Level 1:colcon.colcon_core.package_identification:_identify(rwork/build/dual_arm_control_pkg/ament_lint_cmake) by extensions ['ignore', 'ignore_ament_install']
[2.358s] Level 1:colcon.colcon_core.package_identification:_identify(rwork/build/dual_arm_control_pkg/ament_lint_cmake) by extension 'ignore'
[2.358s] Level 1:colcon.colcon_core.package_identification:_identify(rwork/build/dual_arm_control_pkg/ament_lint_cmake) by extension 'ignore_ament_install'
[2.358s] Level 1:colcon.colcon_core.package_identification:_identify(rwork/build/dual_arm_control_pkg/ament_lint_cmake) by extensions ['colcon_pkg']
[2.358s] Level 1:colcon.colcon_core.package_identification:_identify(rwork/build/dual_arm_control_pkg/ament_lint_cmake) by extension 'colcon_pkg'
[2.359s] Level 1:colcon.colcon_core.package_identification:_identify(rwork/build/dual_arm_control_pkg/ament_lint_cmake) by extensions ['colcon_meta']
[2.359s] Level 1:colcon.colcon_core.package_identification:_identify(rwork/build/dual_arm_control_pkg/ament_lint_cmake) by extension 'colcon_meta'
[2.359s] Level 1:colcon.colcon_core.package_identification:_identify(rwork/build/dual_arm_control_pkg/ament_lint_cmake) by extensions ['ros']
[2.359s] Level 1:colcon.colcon_core.package_identification:_identify(rwork/build/dual_arm_control_pkg/ament_lint_cmake) by extension 'ros'
[2.359s] Level 1:colcon.colcon_core.package_identification:_identify(rwork/build/dual_arm_control_pkg/ament_lint_cmake) by extensions ['cmake', 'python']
[2.359s] Level 1:colcon.colcon_core.package_identification:_identify(rwork/build/dual_arm_control_pkg/ament_lint_cmake) by extension 'cmake'
[2.359s] Level 1:colcon.colcon_core.package_identification:_identify(rwork/build/dual_arm_control_pkg/ament_lint_cmake) by extension 'python'
[2.359s] Level 1:colcon.colcon_core.package_identification:_identify(rwork/build/dual_arm_control_pkg/ament_lint_cmake) by extensions ['python_setup_py']
[2.359s] Level 1:colcon.colcon_core.package_identification:_identify(rwork/build/dual_arm_control_pkg/ament_lint_cmake) by extension 'python_setup_py'
[2.359s] Level 1:colcon.colcon_core.package_identification:_identify(rwork/build/dual_arm_control_pkg/ament_uncrustify) by extensions ['ignore', 'ignore_ament_install']
[2.359s] Level 1:colcon.colcon_core.package_identification:_identify(rwork/build/dual_arm_control_pkg/ament_uncrustify) by extension 'ignore'
[2.360s] Level 1:colcon.colcon_core.package_identification:_identify(rwork/build/dual_arm_control_pkg/ament_uncrustify) by extension 'ignore_ament_install'
[2.360s] Level 1:colcon.colcon_core.package_identification:_identify(rwork/build/dual_arm_control_pkg/ament_uncrustify) by extensions ['colcon_pkg']
[2.360s] Level 1:colcon.colcon_core.package_identification:_identify(rwork/build/dual_arm_control_pkg/ament_uncrustify) by extension 'colcon_pkg'
[2.360s] Level 1:colcon.colcon_core.package_identification:_identify(rwork/build/dual_arm_control_pkg/ament_uncrustify) by extensions ['colcon_meta']
[2.360s] Level 1:colcon.colcon_core.package_identification:_identify(rwork/build/dual_arm_control_pkg/ament_uncrustify) by extension 'colcon_meta'
[2.360s] Level 1:colcon.colcon_core.package_identification:_identify(rwork/build/dual_arm_control_pkg/ament_uncrustify) by extensions ['ros']
[2.360s] Level 1:colcon.colcon_core.package_identification:_identify(rwork/build/dual_arm_control_pkg/ament_uncrustify) by extension 'ros'
[2.360s] Level 1:colcon.colcon_core.package_identification:_identify(rwork/build/dual_arm_control_pkg/ament_uncrustify) by extensions ['cmake', 'python']
[2.360s] Level 1:colcon.colcon_core.package_identification:_identify(rwork/build/dual_arm_control_pkg/ament_uncrustify) by extension 'cmake'
[2.360s] Level 1:colcon.colcon_core.package_identification:_identify(rwork/build/dual_arm_control_pkg/ament_uncrustify) by extension 'python'
[2.360s] Level 1:colcon.colcon_core.package_identification:_identify(rwork/build/dual_arm_control_pkg/ament_uncrustify) by extensions ['python_setup_py']
[2.360s] Level 1:colcon.colcon_core.package_identification:_identify(rwork/build/dual_arm_control_pkg/ament_uncrustify) by extension 'python_setup_py'
[2.361s] Level 1:colcon.colcon_core.package_identification:_identify(rwork/build/dual_arm_control_pkg/ament_xmllint) by extensions ['ignore', 'ignore_ament_install']
[2.361s] Level 1:colcon.colcon_core.package_identification:_identify(rwork/build/dual_arm_control_pkg/ament_xmllint) by extension 'ignore'
[2.361s] Level 1:colcon.colcon_core.package_identification:_identify(rwork/build/dual_arm_control_pkg/ament_xmllint) by extension 'ignore_ament_install'
[2.361s] Level 1:colcon.colcon_core.package_identification:_identify(rwork/build/dual_arm_control_pkg/ament_xmllint) by extensions ['colcon_pkg']
[2.361s] Level 1:colcon.colcon_core.package_identification:_identify(rwork/build/dual_arm_control_pkg/ament_xmllint) by extension 'colcon_pkg'
[2.361s] Level 1:colcon.colcon_core.package_identification:_identify(rwork/build/dual_arm_control_pkg/ament_xmllint) by extensions ['colcon_meta']
[2.361s] Level 1:colcon.colcon_core.package_identification:_identify(rwork/build/dual_arm_control_pkg/ament_xmllint) by extension 'colcon_meta'
[2.361s] Level 1:colcon.colcon_core.package_identification:_identify(rwork/build/dual_arm_control_pkg/ament_xmllint) by extensions ['ros']
[2.361s] Level 1:colcon.colcon_core.package_identification:_identify(rwork/build/dual_arm_control_pkg/ament_xmllint) by extension 'ros'
[2.361s] Level 1:colcon.colcon_core.package_identification:_identify(rwork/build/dual_arm_control_pkg/ament_xmllint) by extensions ['cmake', 'python']
[2.361s] Level 1:colcon.colcon_core.package_identification:_identify(rwork/build/dual_arm_control_pkg/ament_xmllint) by extension 'cmake'
[2.362s] Level 1:colcon.colcon_core.package_identification:_identify(rwork/build/dual_arm_control_pkg/ament_xmllint) by extension 'python'
[2.362s] Level 1:colcon.colcon_core.package_identification:_identify(rwork/build/dual_arm_control_pkg/ament_xmllint) by extensions ['python_setup_py']
[2.362s] Level 1:colcon.colcon_core.package_identification:_identify(rwork/build/dual_arm_control_pkg/ament_xmllint) by extension 'python_setup_py'
[2.362s] Level 1:colcon.colcon_core.package_identification:_identify(rwork/src) by extensions ['ignore', 'ignore_ament_install']
[2.362s] Level 1:colcon.colcon_core.package_identification:_identify(rwork/src) by extension 'ignore'
[2.362s] Level 1:colcon.colcon_core.package_identification:_identify(rwork/src) by extension 'ignore_ament_install'
[2.362s] Level 1:colcon.colcon_core.package_identification:_identify(rwork/src) by extensions ['colcon_pkg']
[2.362s] Level 1:colcon.colcon_core.package_identification:_identify(rwork/src) by extension 'colcon_pkg'
[2.362s] Level 1:colcon.colcon_core.package_identification:_identify(rwork/src) by extensions ['colcon_meta']
[2.362s] Level 1:colcon.colcon_core.package_identification:_identify(rwork/src) by extension 'colcon_meta'
[2.362s] Level 1:colcon.colcon_core.package_identification:_identify(rwork/src) by extensions ['ros']
[2.363s] Level 1:colcon.colcon_core.package_identification:_identify(rwork/src) by extension 'ros'
[2.363s] Level 1:colcon.colcon_core.package_identification:_identify(rwork/src) by extensions ['cmake', 'python']
[2.363s] Level 1:colcon.colcon_core.package_identification:_identify(rwork/src) by extension 'cmake'
[2.363s] Level 1:colcon.colcon_core.package_identification:_identify(rwork/src) by extension 'python'
[2.363s] Level 1:colcon.colcon_core.package_identification:_identify(rwork/src) by extensions ['python_setup_py']
[2.363s] Level 1:colcon.colcon_core.package_identification:_identify(rwork/src) by extension 'python_setup_py'
[2.363s] Level 1:colcon.colcon_core.package_identification:_identify(rwork/src/csv_files) by extensions ['ignore', 'ignore_ament_install']
[2.363s] Level 1:colcon.colcon_core.package_identification:_identify(rwork/src/csv_files) by extension 'ignore'
[2.363s] Level 1:colcon.colcon_core.package_identification:_identify(rwork/src/csv_files) by extension 'ignore_ament_install'
[2.363s] Level 1:colcon.colcon_core.package_identification:_identify(rwork/src/csv_files) by extensions ['colcon_pkg']
[2.363s] Level 1:colcon.colcon_core.package_identification:_identify(rwork/src/csv_files) by extension 'colcon_pkg'
[2.363s] Level 1:colcon.colcon_core.package_identification:_identify(rwork/src/csv_files) by extensions ['colcon_meta']
[2.364s] Level 1:colcon.colcon_core.package_identification:_identify(rwork/src/csv_files) by extension 'colcon_meta'
[2.364s] Level 1:colcon.colcon_core.package_identification:_identify(rwork/src/csv_files) by extensions ['ros']
[2.364s] Level 1:colcon.colcon_core.package_identification:_identify(rwork/src/csv_files) by extension 'ros'
[2.364s] Level 1:colcon.colcon_core.package_identification:_identify(rwork/src/csv_files) by extensions ['cmake', 'python']
[2.364s] Level 1:colcon.colcon_core.package_identification:_identify(rwork/src/csv_files) by extension 'cmake'
[2.364s] Level 1:colcon.colcon_core.package_identification:_identify(rwork/src/csv_files) by extension 'python'
[2.364s] Level 1:colcon.colcon_core.package_identification:_identify(rwork/src/csv_files) by extensions ['python_setup_py']
[2.364s] Level 1:colcon.colcon_core.package_identification:_identify(rwork/src/csv_files) by extension 'python_setup_py'
[2.364s] Level 1:colcon.colcon_core.package_identification:_identify(rwork/src/dual_arm_control_pkg) by extensions ['ignore', 'ignore_ament_install']
[2.364s] Level 1:colcon.colcon_core.package_identification:_identify(rwork/src/dual_arm_control_pkg) by extension 'ignore'
[2.364s] Level 1:colcon.colcon_core.package_identification:_identify(rwork/src/dual_arm_control_pkg) by extension 'ignore_ament_install'
[2.365s] Level 1:colcon.colcon_core.package_identification:_identify(rwork/src/dual_arm_control_pkg) by extensions ['colcon_pkg']
[2.365s] Level 1:colcon.colcon_core.package_identification:_identify(rwork/src/dual_arm_control_pkg) by extension 'colcon_pkg'
[2.365s] Level 1:colcon.colcon_core.package_identification:_identify(rwork/src/dual_arm_control_pkg) by extensions ['colcon_meta']
[2.365s] Level 1:colcon.colcon_core.package_identification:_identify(rwork/src/dual_arm_control_pkg) by extension 'colcon_meta'
[2.365s] Level 1:colcon.colcon_core.package_identification:_identify(rwork/src/dual_arm_control_pkg) by extensions ['ros']
[2.365s] Level 1:colcon.colcon_core.package_identification:_identify(rwork/src/dual_arm_control_pkg) by extension 'ros'
[2.365s] Level 1:colcon.colcon_core.package_identification:_identify(rwork/src/dual_arm_control_pkg) by extensions ['cmake', 'python']
[2.365s] Level 1:colcon.colcon_core.package_identification:_identify(rwork/src/dual_arm_control_pkg) by extension 'cmake'
[2.365s] Level 1:colcon.colcon_core.package_identification:_identify(rwork/src/dual_arm_control_pkg) by extension 'python'
[2.365s] Level 1:colcon.colcon_core.package_identification:_identify(rwork/src/dual_arm_control_pkg) by extensions ['python_setup_py']
[2.365s] Level 1:colcon.colcon_core.package_identification:_identify(rwork/src/dual_arm_control_pkg) by extension 'python_setup_py'
[2.365s] Level 1:colcon.colcon_core.package_identification:_identify(rwork/src/dual_arm_control_pkg/include) by extensions ['ignore', 'ignore_ament_install']
[2.365s] Level 1:colcon.colcon_core.package_identification:_identify(rwork/src/dual_arm_control_pkg/include) by extension 'ignore'
[2.366s] Level 1:colcon.colcon_core.package_identification:_identify(rwork/src/dual_arm_control_pkg/include) by extension 'ignore_ament_install'
[2.366s] Level 1:colcon.colcon_core.package_identification:_identify(rwork/src/dual_arm_control_pkg/include) by extensions ['colcon_pkg']
[2.366s] Level 1:colcon.colcon_core.package_identification:_identify(rwork/src/dual_arm_control_pkg/include) by extension 'colcon_pkg'
[2.366s] Level 1:colcon.colcon_core.package_identification:_identify(rwork/src/dual_arm_control_pkg/include) by extensions ['colcon_meta']
[2.366s] Level 1:colcon.colcon_core.package_identification:_identify(rwork/src/dual_arm_control_pkg/include) by extension 'colcon_meta'
[2.366s] Level 1:colcon.colcon_core.package_identification:_identify(rwork/src/dual_arm_control_pkg/include) by extensions ['ros']
[2.366s] Level 1:colcon.colcon_core.package_identification:_identify(rwork/src/dual_arm_control_pkg/include) by extension 'ros'
[2.366s] Level 1:colcon.colcon_core.package_identification:_identify(rwork/src/dual_arm_control_pkg/include) by extensions ['cmake', 'python']
[2.366s] Level 1:colcon.colcon_core.package_identification:_identify(rwork/src/dual_arm_control_pkg/include) by extension 'cmake'
[2.366s] Level 1:colcon.colcon_core.package_identification:_identify(rwork/src/dual_arm_control_pkg/include) by extension 'python'
[2.366s] Level 1:colcon.colcon_core.package_identification:_identify(rwork/src/dual_arm_control_pkg/include) by extensions ['python_setup_py']
[2.366s] Level 1:colcon.colcon_core.package_identification:_identify(rwork/src/dual_arm_control_pkg/include) by extension 'python_setup_py'
[2.367s] Level 1:colcon.colcon_core.package_identification:_identify(rwork/src/dual_arm_control_pkg/include/dual_arm_control_pkg) by extensions ['ignore', 'ignore_ament_install']
[2.367s] Level 1:colcon.colcon_core.package_identification:_identify(rwork/src/dual_arm_control_pkg/include/dual_arm_control_pkg) by extension 'ignore'
[2.367s] Level 1:colcon.colcon_core.package_identification:_identify(rwork/src/dual_arm_control_pkg/include/dual_arm_control_pkg) by extension 'ignore_ament_install'
[2.367s] Level 1:colcon.colcon_core.package_identification:_identify(rwork/src/dual_arm_control_pkg/include/dual_arm_control_pkg) by extensions ['colcon_pkg']
[2.367s] Level 1:colcon.colcon_core.package_identification:_identify(rwork/src/dual_arm_control_pkg/include/dual_arm_control_pkg) by extension 'colcon_pkg'
[2.367s] Level 1:colcon.colcon_core.package_identification:_identify(rwork/src/dual_arm_control_pkg/include/dual_arm_control_pkg) by extensions ['colcon_meta']
[2.367s] Level 1:colcon.colcon_core.package_identification:_identify(rwork/src/dual_arm_control_pkg/include/dual_arm_control_pkg) by extension 'colcon_meta'
[2.367s] Level 1:colcon.colcon_core.package_identification:_identify(rwork/src/dual_arm_control_pkg/include/dual_arm_control_pkg) by extensions ['ros']
[2.367s] Level 1:colcon.colcon_core.package_identification:_identify(rwork/src/dual_arm_control_pkg/include/dual_arm_control_pkg) by extension 'ros'
[2.367s] Level 1:colcon.colcon_core.package_identification:_identify(rwork/src/dual_arm_control_pkg/include/dual_arm_control_pkg) by extensions ['cmake', 'python']
[2.367s] Level 1:colcon.colcon_core.package_identification:_identify(rwork/src/dual_arm_control_pkg/include/dual_arm_control_pkg) by extension 'cmake'
[2.368s] Level 1:colcon.colcon_core.package_identification:_identify(rwork/src/dual_arm_control_pkg/include/dual_arm_control_pkg) by extension 'python'
[2.368s] Level 1:colcon.colcon_core.package_identification:_identify(rwork/src/dual_arm_control_pkg/include/dual_arm_control_pkg) by extensions ['python_setup_py']
[2.368s] Level 1:colcon.colcon_core.package_identification:_identify(rwork/src/dual_arm_control_pkg/include/dual_arm_control_pkg) by extension 'python_setup_py'
[2.368s] Level 1:colcon.colcon_core.package_identification:_identify(text_files) by extensions ['ignore', 'ignore_ament_install']
[2.368s] Level 1:colcon.colcon_core.package_identification:_identify(text_files) by extension 'ignore'
[2.368s] Level 1:colcon.colcon_core.package_identification:_identify(text_files) by extension 'ignore_ament_install'
[2.368s] Level 1:colcon.colcon_core.package_identification:_identify(text_files) by extensions ['colcon_pkg']
[2.368s] Level 1:colcon.colcon_core.package_identification:_identify(text_files) by extension 'colcon_pkg'
[2.368s] Level 1:colcon.colcon_core.package_identification:_identify(text_files) by extensions ['colcon_meta']
[2.368s] Level 1:colcon.colcon_core.package_identification:_identify(text_files) by extension 'colcon_meta'
[2.368s] Level 1:colcon.colcon_core.package_identification:_identify(text_files) by extensions ['ros']
[2.368s] Level 1:colcon.colcon_core.package_identification:_identify(text_files) by extension 'ros'
[2.369s] Level 1:colcon.colcon_core.package_identification:_identify(text_files) by extensions ['cmake', 'python']
[2.369s] Level 1:colcon.colcon_core.package_identification:_identify(text_files) by extension 'cmake'
[2.369s] Level 1:colcon.colcon_core.package_identification:_identify(text_files) by extension 'python'
[2.369s] Level 1:colcon.colcon_core.package_identification:_identify(text_files) by extensions ['python_setup_py']
[2.369s] Level 1:colcon.colcon_core.package_identification:_identify(text_files) by extension 'python_setup_py'
[2.369s] Level 1:colcon.colcon_core.package_discovery:discover_packages(recursive) using defaults
[2.369s] Level 1:colcon.colcon_core.package_discovery:discover_packages(ignore) discover
[2.369s] Level 1:colcon.colcon_core.package_discovery:discover_packages(ignore) using defaults
[2.369s] Level 1:colcon.colcon_core.package_discovery:discover_packages(path) discover
[2.369s] Level 1:colcon.colcon_core.package_discovery:discover_packages(path) using defaults
[2.560s] Level 1:colcon.colcon_core.package_discovery:discover_packages(prefix_path) check parameters
[2.560s] Level 1:colcon.colcon_core.package_discovery:discover_packages(prefix_path) discover
[2.627s] DEBUG:colcon.colcon_installed_package_information.package_discovery:Found 279 installed packages in /opt/ros/humble
[2.631s] Level 1:colcon.colcon_core.package_discovery:discover_packages(prefix_path) using defaults
[2.863s] Level 5:colcon.colcon_core.verb:set package 'arm_pkg' build argument 'cmake_args' from command line to 'None'
[2.863s] Level 5:colcon.colcon_core.verb:set package 'arm_pkg' build argument 'cmake_target' from command line to 'None'
[2.863s] Level 5:colcon.colcon_core.verb:set package 'arm_pkg' build argument 'cmake_target_skip_unavailable' from command line to 'False'
[2.863s] Level 5:colcon.colcon_core.verb:set package 'arm_pkg' build argument 'cmake_clean_cache' from command line to 'False'
[2.863s] Level 5:colcon.colcon_core.verb:set package 'arm_pkg' build argument 'cmake_clean_first' from command line to 'False'
[2.863s] Level 5:colcon.colcon_core.verb:set package 'arm_pkg' build argument 'cmake_force_configure' from command line to 'False'
[2.863s] Level 5:colcon.colcon_core.verb:set package 'arm_pkg' build argument 'ament_cmake_args' from command line to 'None'
[2.863s] Level 5:colcon.colcon_core.verb:set package 'arm_pkg' build argument 'catkin_cmake_args' from command line to 'None'
[2.863s] Level 5:colcon.colcon_core.verb:set package 'arm_pkg' build argument 'catkin_skip_building_tests' from command line to 'False'
[2.863s] DEBUG:colcon.colcon_core.verb:Building package 'arm_pkg' with the following arguments: {'ament_cmake_args': None, 'build_base': '/home/kyu8/tfg/build/arm_pkg', 'catkin_cmake_args': None, 'catkin_skip_building_tests': False, 'cmake_args': None, 'cmake_clean_cache': False, 'cmake_clean_first': False, 'cmake_force_configure': False, 'cmake_target': None, 'cmake_target_skip_unavailable': False, 'install_base': '/home/kyu8/tfg/install/arm_pkg', 'merge_install': False, 'path': '/home/kyu8/tfg/Simulation/src/arm_pkg', 'symlink_install': False, 'test_result_base': None}
[2.896s] Level 5:colcon.colcon_core.verb:set package 'dual_arm_control_pkg' build argument 'cmake_args' from command line to 'None'
[2.896s] Level 5:colcon.colcon_core.verb:set package 'dual_arm_control_pkg' build argument 'cmake_target' from command line to 'None'
[2.896s] Level 5:colcon.colcon_core.verb:set package 'dual_arm_control_pkg' build argument 'cmake_target_skip_unavailable' from command line to 'False'
[2.896s] Level 5:colcon.colcon_core.verb:set package 'dual_arm_control_pkg' build argument 'cmake_clean_cache' from command line to 'False'
[2.896s] Level 5:colcon.colcon_core.verb:set package 'dual_arm_control_pkg' build argument 'cmake_clean_first' from command line to 'False'
[2.896s] Level 5:colcon.colcon_core.verb:set package 'dual_arm_control_pkg' build argument 'cmake_force_configure' from command line to 'False'
[2.897s] Level 5:colcon.colcon_core.verb:set package 'dual_arm_control_pkg' build argument 'ament_cmake_args' from command line to 'None'
[2.897s] Level 5:colcon.colcon_core.verb:set package 'dual_arm_control_pkg' build argument 'catkin_cmake_args' from command line to 'None'
[2.897s] Level 5:colcon.colcon_core.verb:set package 'dual_arm_control_pkg' build argument 'catkin_skip_building_tests' from command line to 'False'
[2.897s] DEBUG:colcon.colcon_core.verb:Building package 'dual_arm_control_pkg' with the following arguments: {'ament_cmake_args': None, 'build_base': '/home/kyu8/tfg/build/dual_arm_control_pkg', 'catkin_cmake_args': None, 'catkin_skip_building_tests': False, 'cmake_args': None, 'cmake_clean_cache': False, 'cmake_clean_first': False, 'cmake_force_configure': False, 'cmake_target': None, 'cmake_target_skip_unavailable': False, 'install_base': '/home/kyu8/tfg/install/dual_arm_control_pkg', 'merge_install': False, 'path': '/home/kyu8/tfg/Simulation/src/dual_arm_control_pkg', 'symlink_install': False, 'test_result_base': None}
[2.931s] INFO:colcon.colcon_core.executor:Executing jobs using 'parallel' executor
[2.965s] DEBUG:colcon.colcon_parallel_executor.executor.parallel:run_until_complete
[2.965s] INFO:colcon.colcon_ros.task.ament_python.build:Building ROS package in '/home/kyu8/tfg/Simulation/src/arm_pkg' with build type 'ament_python'
[2.966s] Level 1:colcon.colcon_core.shell:create_environment_hook('arm_pkg', 'ament_prefix_path')
[3.005s] INFO:colcon.colcon_core.plugin_system:Skipping extension 'colcon_core.shell.bat': Not used on non-Windows systems
[3.006s] INFO:colcon.colcon_core.shell:Creating environment hook '/home/kyu8/tfg/install/arm_pkg/share/arm_pkg/hook/ament_prefix_path.ps1'
[3.008s] INFO:colcon.colcon_core.shell:Creating environment descriptor '/home/kyu8/tfg/install/arm_pkg/share/arm_pkg/hook/ament_prefix_path.dsv'
[3.010s] INFO:colcon.colcon_core.shell:Creating environment hook '/home/kyu8/tfg/install/arm_pkg/share/arm_pkg/hook/ament_prefix_path.sh'
[3.045s] INFO:colcon.colcon_core.shell:Skip shell extension 'powershell' for command environment: Not usable outside of PowerShell
[3.045s] DEBUG:colcon.colcon_core.shell:Skip shell extension 'dsv' for command environment
[3.117s] INFO:colcon.colcon_ros.task.ament_python.build:Building ROS package in '/home/kyu8/tfg/Simulation/src/dual_arm_control_pkg' with build type 'ament_python'
[3.118s] Level 1:colcon.colcon_core.shell:create_environment_hook('dual_arm_control_pkg', 'ament_prefix_path')
[3.152s] INFO:colcon.colcon_core.shell:Creating environment hook '/home/kyu8/tfg/install/dual_arm_control_pkg/share/dual_arm_control_pkg/hook/ament_prefix_path.ps1'
[3.153s] INFO:colcon.colcon_core.shell:Creating environment descriptor '/home/kyu8/tfg/install/dual_arm_control_pkg/share/dual_arm_control_pkg/hook/ament_prefix_path.dsv'
[3.153s] INFO:colcon.colcon_core.shell:Creating environment hook '/home/kyu8/tfg/install/dual_arm_control_pkg/share/dual_arm_control_pkg/hook/ament_prefix_path.sh'
[3.185s] INFO:colcon.colcon_core.shell:Skip shell extension 'powershell' for command environment: Not usable outside of PowerShell
[3.185s] DEBUG:colcon.colcon_core.shell:Skip shell extension 'dsv' for command environment
[3.894s] INFO:colcon.colcon_core.task.python.build:Building Python package in '/home/kyu8/tfg/Simulation/src/arm_pkg'
[3.926s] INFO:colcon.colcon_core.shell:Skip shell extension 'powershell' for command environment: Not usable outside of PowerShell
[3.926s] DEBUG:colcon.colcon_core.shell:Skip shell extension 'dsv' for command environment
[4.586s] INFO:colcon.colcon_core.task.python.build:Building Python package in '/home/kyu8/tfg/Simulation/src/dual_arm_control_pkg'
[4.614s] INFO:colcon.colcon_core.shell:Skip shell extension 'powershell' for command environment: Not usable outside of PowerShell
[4.614s] DEBUG:colcon.colcon_core.shell:Skip shell extension 'dsv' for command environment
[5.443s] DEBUG:colcon.colcon_core.event_handler.log_command:Invoking command in '/home/kyu8/tfg/Simulation/src/arm_pkg': PYTHONPATH=/home/kyu8/tfg/build/arm_pkg/prefix_override:/home/kyu8/tfg/install/arm_pkg/lib/python3.10/site-packages:${PYTHONPATH} /usr/bin/python3 setup.py egg_info --egg-base ../../../build/arm_pkg build --build-base /home/kyu8/tfg/build/arm_pkg/build install --record /home/kyu8/tfg/build/arm_pkg/install.log --single-version-externally-managed
[5.445s] DEBUG:colcon.colcon_core.event_handler.log_command:Invoking command in '/home/kyu8/tfg/Simulation/src/dual_arm_control_pkg': PYTHONPATH=/home/kyu8/tfg/build/dual_arm_control_pkg/prefix_override:/home/kyu8/tfg/install/dual_arm_control_pkg/lib/python3.10/site-packages:${PYTHONPATH} /usr/bin/python3 setup.py egg_info --egg-base ../../../build/dual_arm_control_pkg build --build-base /home/kyu8/tfg/build/dual_arm_control_pkg/build install --record /home/kyu8/tfg/build/dual_arm_control_pkg/install.log --single-version-externally-managed
[6.063s] DEBUG:colcon.colcon_core.event_handler.log_command:Invoked command in '/home/kyu8/tfg/Simulation/src/dual_arm_control_pkg' returned '0': PYTHONPATH=/home/kyu8/tfg/build/dual_arm_control_pkg/prefix_override:/home/kyu8/tfg/install/dual_arm_control_pkg/lib/python3.10/site-packages:${PYTHONPATH} /usr/bin/python3 setup.py egg_info --egg-base ../../../build/dual_arm_control_pkg build --build-base /home/kyu8/tfg/build/dual_arm_control_pkg/build install --record /home/kyu8/tfg/build/dual_arm_control_pkg/install.log --single-version-externally-managed
[6.087s] Level 1:colcon.colcon_core.environment:checking '/home/kyu8/tfg/install/dual_arm_control_pkg' for CMake module files
[6.088s] Level 1:colcon.colcon_core.environment:checking '/home/kyu8/tfg/install/dual_arm_control_pkg' for CMake config files
[6.089s] Level 1:colcon.colcon_core.environment:checking '/home/kyu8/tfg/install/dual_arm_control_pkg/lib'
[6.089s] Level 1:colcon.colcon_core.environment:checking '/home/kyu8/tfg/install/dual_arm_control_pkg/bin'
[6.089s] Level 1:colcon.colcon_core.environment:checking '/home/kyu8/tfg/install/dual_arm_control_pkg/lib/pkgconfig/dual_arm_control_pkg.pc'
[6.089s] Level 1:colcon.colcon_core.environment:checking '/home/kyu8/tfg/install/dual_arm_control_pkg/lib/python3.10/site-packages'
[6.089s] Level 1:colcon.colcon_core.shell:create_environment_hook('dual_arm_control_pkg', 'pythonpath')
[6.119s] INFO:colcon.colcon_core.shell:Creating environment hook '/home/kyu8/tfg/install/dual_arm_control_pkg/share/dual_arm_control_pkg/hook/pythonpath.ps1'
[6.120s] INFO:colcon.colcon_core.shell:Creating environment descriptor '/home/kyu8/tfg/install/dual_arm_control_pkg/share/dual_arm_control_pkg/hook/pythonpath.dsv'
[6.120s] INFO:colcon.colcon_core.shell:Creating environment hook '/home/kyu8/tfg/install/dual_arm_control_pkg/share/dual_arm_control_pkg/hook/pythonpath.sh'
[6.121s] Level 1:colcon.colcon_core.environment:checking '/home/kyu8/tfg/install/dual_arm_control_pkg/bin'
[6.121s] Level 1:colcon.colcon_core.environment:create_environment_scripts_only(dual_arm_control_pkg)
[6.153s] INFO:colcon.colcon_core.shell:Creating package script '/home/kyu8/tfg/install/dual_arm_control_pkg/share/dual_arm_control_pkg/package.ps1'
[6.154s] INFO:colcon.colcon_core.shell:Creating package descriptor '/home/kyu8/tfg/install/dual_arm_control_pkg/share/dual_arm_control_pkg/package.dsv'
[6.156s] INFO:colcon.colcon_core.shell:Creating package script '/home/kyu8/tfg/install/dual_arm_control_pkg/share/dual_arm_control_pkg/package.sh'
[6.157s] INFO:colcon.colcon_core.shell:Creating package script '/home/kyu8/tfg/install/dual_arm_control_pkg/share/dual_arm_control_pkg/package.bash'
[6.158s] INFO:colcon.colcon_core.shell:Creating package script '/home/kyu8/tfg/install/dual_arm_control_pkg/share/dual_arm_control_pkg/package.zsh'
[6.160s] Level 1:colcon.colcon_core.environment:create_file_with_runtime_dependencies(/home/kyu8/tfg/install/dual_arm_control_pkg/share/colcon-core/packages/dual_arm_control_pkg)
[6.164s] DEBUG:colcon.colcon_core.event_handler.log_command:Invoked command in '/home/kyu8/tfg/Simulation/src/arm_pkg' returned '0': PYTHONPATH=/home/kyu8/tfg/build/arm_pkg/prefix_override:/home/kyu8/tfg/install/arm_pkg/lib/python3.10/site-packages:${PYTHONPATH} /usr/bin/python3 setup.py egg_info --egg-base ../../../build/arm_pkg build --build-base /home/kyu8/tfg/build/arm_pkg/build install --record /home/kyu8/tfg/build/arm_pkg/install.log --single-version-externally-managed
[6.193s] Level 1:colcon.colcon_core.environment:checking '/home/kyu8/tfg/install/arm_pkg' for CMake module files
[6.194s] Level 1:colcon.colcon_core.environment:checking '/home/kyu8/tfg/install/arm_pkg' for CMake config files
[6.196s] Level 1:colcon.colcon_core.environment:checking '/home/kyu8/tfg/install/arm_pkg/lib'
[6.196s] Level 1:colcon.colcon_core.environment:checking '/home/kyu8/tfg/install/arm_pkg/bin'
[6.196s] Level 1:colcon.colcon_core.environment:checking '/home/kyu8/tfg/install/arm_pkg/lib/pkgconfig/arm_pkg.pc'
[6.196s] Level 1:colcon.colcon_core.environment:checking '/home/kyu8/tfg/install/arm_pkg/lib/python3.10/site-packages'
[6.197s] Level 1:colcon.colcon_core.shell:create_environment_hook('arm_pkg', 'pythonpath')
[6.228s] INFO:colcon.colcon_core.shell:Creating environment hook '/home/kyu8/tfg/install/arm_pkg/share/arm_pkg/hook/pythonpath.ps1'
[6.229s] INFO:colcon.colcon_core.shell:Creating environment descriptor '/home/kyu8/tfg/install/arm_pkg/share/arm_pkg/hook/pythonpath.dsv'
[6.229s] INFO:colcon.colcon_core.shell:Creating environment hook '/home/kyu8/tfg/install/arm_pkg/share/arm_pkg/hook/pythonpath.sh'
[6.231s] Level 1:colcon.colcon_core.environment:checking '/home/kyu8/tfg/install/arm_pkg/bin'
[6.231s] Level 1:colcon.colcon_core.environment:create_environment_scripts_only(arm_pkg)
[6.264s] INFO:colcon.colcon_core.shell:Creating package script '/home/kyu8/tfg/install/arm_pkg/share/arm_pkg/package.ps1'
[6.265s] INFO:colcon.colcon_core.shell:Creating package descriptor '/home/kyu8/tfg/install/arm_pkg/share/arm_pkg/package.dsv'
[6.265s] INFO:colcon.colcon_core.shell:Creating package script '/home/kyu8/tfg/install/arm_pkg/share/arm_pkg/package.sh'
[6.266s] INFO:colcon.colcon_core.shell:Creating package script '/home/kyu8/tfg/install/arm_pkg/share/arm_pkg/package.bash'
[6.267s] INFO:colcon.colcon_core.shell:Creating package script '/home/kyu8/tfg/install/arm_pkg/share/arm_pkg/package.zsh'
[6.268s] Level 1:colcon.colcon_core.environment:create_file_with_runtime_dependencies(/home/kyu8/tfg/install/arm_pkg/share/colcon-core/packages/arm_pkg)
[6.269s] DEBUG:colcon.colcon_parallel_executor.executor.parallel:closing loop
[6.270s] DEBUG:colcon.colcon_parallel_executor.executor.parallel:loop closed
[6.270s] DEBUG:colcon.colcon_parallel_executor.executor.parallel:run_until_complete finished with '0'
[6.270s] DEBUG:colcon.colcon_core.event_reactor:joining thread
[6.317s] INFO:colcon.colcon_core.plugin_system:Skipping extension 'colcon_notification.desktop_notification.terminal_notifier': Not used on non-Darwin systems
[6.317s] INFO:colcon.colcon_core.plugin_system:Skipping extension 'colcon_notification.desktop_notification.win32': Not used on non-Windows systems
[6.317s] INFO:colcon.colcon_notification.desktop_notification:Sending desktop notification using 'notify2'
[6.344s] DEBUG:colcon.colcon_core.event_reactor:joined thread
[6.378s] INFO:colcon.colcon_core.shell:Creating prefix script '/home/kyu8/tfg/install/local_setup.ps1'
[6.380s] INFO:colcon.colcon_core.shell:Creating prefix util module '/home/kyu8/tfg/install/_local_setup_util_ps1.py'
[6.383s] INFO:colcon.colcon_core.shell:Creating prefix chain script '/home/kyu8/tfg/install/setup.ps1'
[6.413s] INFO:colcon.colcon_core.shell:Creating prefix script '/home/kyu8/tfg/install/local_setup.sh'
[6.414s] INFO:colcon.colcon_core.shell:Creating prefix util module '/home/kyu8/tfg/install/_local_setup_util_sh.py'
[6.415s] INFO:colcon.colcon_core.shell:Creating prefix chain script '/home/kyu8/tfg/install/setup.sh'
[6.452s] INFO:colcon.colcon_core.shell:Creating prefix script '/home/kyu8/tfg/install/local_setup.bash'
[6.454s] INFO:colcon.colcon_core.shell:Creating prefix chain script '/home/kyu8/tfg/install/setup.bash'
[6.490s] INFO:colcon.colcon_core.shell:Creating prefix script '/home/kyu8/tfg/install/local_setup.zsh'
[6.491s] INFO:colcon.colcon_core.shell:Creating prefix chain script '/home/kyu8/tfg/install/setup.zsh'
