[1.497s] Invoking command in '/home/kyu8/tfg/rwork/src/arm_pkg': PYTHONPATH=/home/kyu8/tfg/rwork/build/arm_pkg/prefix_override:/home/kyu8/tfg/rwork/install/arm_pkg/lib/python3.10/site-packages:${PYTHONPATH} /usr/bin/python3 setup.py egg_info --egg-base ../../build/arm_pkg build --build-base /home/kyu8/tfg/rwork/build/arm_pkg/build install --record /home/kyu8/tfg/rwork/build/arm_pkg/install.log --single-version-externally-managed
[1.985s] running egg_info
[1.987s] writing ../../build/arm_pkg/arm_pkg.egg-info/PKG-INFO
[1.987s] writing dependency_links to ../../build/arm_pkg/arm_pkg.egg-info/dependency_links.txt
[1.987s] writing entry points to ../../build/arm_pkg/arm_pkg.egg-info/entry_points.txt
[1.988s] writing requirements to ../../build/arm_pkg/arm_pkg.egg-info/requires.txt
[1.988s] writing top-level names to ../../build/arm_pkg/arm_pkg.egg-info/top_level.txt
[1.992s] reading manifest file '../../build/arm_pkg/arm_pkg.egg-info/SOURCES.txt'
[1.994s] writing manifest file '../../build/arm_pkg/arm_pkg.egg-info/SOURCES.txt'
[1.994s] running build
[1.995s] running build_py
[1.995s] copying arm_pkg/tests/joint_controller.py -> /home/kyu8/tfg/rwork/build/arm_pkg/build/lib/arm_pkg/tests
[1.997s] running install
[1.997s] /usr/lib/python3/dist-packages/setuptools/command/install.py:34: SetuptoolsDeprecationWarning: setup.py install is deprecated. Use build and pip and other standards-based tools.
[1.998s]   warnings.warn(
[1.998s] running install_lib
[2.000s] copying /home/kyu8/tfg/rwork/build/arm_pkg/build/lib/arm_pkg/tests/joint_controller.py -> /home/kyu8/tfg/rwork/install/arm_pkg/lib/python3.10/site-packages/arm_pkg/tests
[2.002s] byte-compiling /home/kyu8/tfg/rwork/install/arm_pkg/lib/python3.10/site-packages/arm_pkg/distributed.py to distributed.cpython-310.pyc
[2.002s]   File "/home/kyu8/tfg/rwork/install/arm_pkg/lib/python3.10/site-packages/arm_pkg/distributed.py", line 2
[2.003s]     import JointStateListener from joint_listener.py
[2.003s]                               ^^^^
[2.003s] SyntaxError: invalid syntax
[2.003s] 
[2.003s] byte-compiling /home/kyu8/tfg/rwork/install/arm_pkg/lib/python3.10/site-packages/arm_pkg/tests/joint_controller.py to joint_controller.cpython-310.pyc
[2.005s] running install_data
[2.006s] running install_egg_info
[2.009s] removing '/home/kyu8/tfg/rwork/install/arm_pkg/lib/python3.10/site-packages/arm_pkg-0.0.0-py3.10.egg-info' (and everything under it)
[2.009s] Copying ../../build/arm_pkg/arm_pkg.egg-info to /home/kyu8/tfg/rwork/install/arm_pkg/lib/python3.10/site-packages/arm_pkg-0.0.0-py3.10.egg-info
[2.011s] running install_scripts
[2.053s] Installing controller script to /home/kyu8/tfg/rwork/install/arm_pkg/lib/arm_pkg
[2.053s] Installing ddpg script to /home/kyu8/tfg/rwork/install/arm_pkg/lib/arm_pkg
[2.054s] Installing gripper_test script to /home/kyu8/tfg/rwork/install/arm_pkg/lib/arm_pkg
[2.055s] Installing listener script to /home/kyu8/tfg/rwork/install/arm_pkg/lib/arm_pkg
[2.055s] Installing processor script to /home/kyu8/tfg/rwork/install/arm_pkg/lib/arm_pkg
[2.056s] Installing reset_controller script to /home/kyu8/tfg/rwork/install/arm_pkg/lib/arm_pkg
[2.056s] Installing reward_function script to /home/kyu8/tfg/rwork/install/arm_pkg/lib/arm_pkg
[2.056s] Installing robots_state script to /home/kyu8/tfg/rwork/install/arm_pkg/lib/arm_pkg
[2.056s] Installing sac script to /home/kyu8/tfg/rwork/install/arm_pkg/lib/arm_pkg
[2.056s] Installing state_test script to /home/kyu8/tfg/rwork/install/arm_pkg/lib/arm_pkg
[2.056s] Installing storage script to /home/kyu8/tfg/rwork/install/arm_pkg/lib/arm_pkg
[2.056s] Installing training script to /home/kyu8/tfg/rwork/install/arm_pkg/lib/arm_pkg
[2.057s] writing list of installed files to '/home/kyu8/tfg/rwork/build/arm_pkg/install.log'
[2.115s] Invoked command in '/home/kyu8/tfg/rwork/src/arm_pkg' returned '0': PYTHONPATH=/home/kyu8/tfg/rwork/build/arm_pkg/prefix_override:/home/kyu8/tfg/rwork/install/arm_pkg/lib/python3.10/site-packages:${PYTHONPATH} /usr/bin/python3 setup.py egg_info --egg-base ../../build/arm_pkg build --build-base /home/kyu8/tfg/rwork/build/arm_pkg/build install --record /home/kyu8/tfg/rwork/build/arm_pkg/install.log --single-version-externally-managed
