[1.524s] Invoking command in '/home/kyu8/gz_ros2_test2/src/robotic_arm_pkg': PYTHONPATH=/home/kyu8/gz_ros2_test2/build/robotic_arm_pkg/prefix_override:/home/kyu8/gz_ros2_test2/install/robotic_arm_pkg/lib/python3.10/site-packages:${PYTHONPATH} /usr/bin/python3 setup.py egg_info --egg-base ../../build/robotic_arm_pkg build --build-base /home/kyu8/gz_ros2_test2/build/robotic_arm_pkg/build install --record /home/kyu8/gz_ros2_test2/build/robotic_arm_pkg/install.log --single-version-externally-managed
[2.007s] running egg_info
[2.009s] writing ../../build/robotic_arm_pkg/robotic_arm_pkg.egg-info/PKG-INFO
[2.009s] writing dependency_links to ../../build/robotic_arm_pkg/robotic_arm_pkg.egg-info/dependency_links.txt
[2.010s] writing entry points to ../../build/robotic_arm_pkg/robotic_arm_pkg.egg-info/entry_points.txt
[2.010s] writing requirements to ../../build/robotic_arm_pkg/robotic_arm_pkg.egg-info/requires.txt
[2.011s] writing top-level names to ../../build/robotic_arm_pkg/robotic_arm_pkg.egg-info/top_level.txt
[2.014s] reading manifest file '../../build/robotic_arm_pkg/robotic_arm_pkg.egg-info/SOURCES.txt'
[2.016s] writing manifest file '../../build/robotic_arm_pkg/robotic_arm_pkg.egg-info/SOURCES.txt'
[2.016s] running build
[2.016s] running build_py
[2.017s] copying robotic_arm_pkg/joint_controller.py -> /home/kyu8/gz_ros2_test2/build/robotic_arm_pkg/build/lib/robotic_arm_pkg
[2.017s] running install
[2.018s] /usr/lib/python3/dist-packages/setuptools/command/install.py:34: SetuptoolsDeprecationWarning: setup.py install is deprecated. Use build and pip and other standards-based tools.
[2.018s]   warnings.warn(
[2.018s] running install_lib
[2.020s] copying /home/kyu8/gz_ros2_test2/build/robotic_arm_pkg/build/lib/robotic_arm_pkg/joint_controller.py -> /home/kyu8/gz_ros2_test2/install/robotic_arm_pkg/lib/python3.10/site-packages/robotic_arm_pkg
[2.021s] byte-compiling /home/kyu8/gz_ros2_test2/install/robotic_arm_pkg/lib/python3.10/site-packages/robotic_arm_pkg/joint_controller.py to joint_controller.cpython-310.pyc
[2.022s] running install_data
[2.023s] running install_egg_info
[2.026s] removing '/home/kyu8/gz_ros2_test2/install/robotic_arm_pkg/lib/python3.10/site-packages/robotic_arm_pkg-0.0.0-py3.10.egg-info' (and everything under it)
[2.027s] Copying ../../build/robotic_arm_pkg/robotic_arm_pkg.egg-info to /home/kyu8/gz_ros2_test2/install/robotic_arm_pkg/lib/python3.10/site-packages/robotic_arm_pkg-0.0.0-py3.10.egg-info
[2.029s] running install_scripts
[2.073s] Installing controller script to /home/kyu8/gz_ros2_test2/install/robotic_arm_pkg/lib/robotic_arm_pkg
[2.074s] Installing listener script to /home/kyu8/gz_ros2_test2/install/robotic_arm_pkg/lib/robotic_arm_pkg
[2.074s] Installing processor script to /home/kyu8/gz_ros2_test2/install/robotic_arm_pkg/lib/robotic_arm_pkg
[2.074s] Installing storage script to /home/kyu8/gz_ros2_test2/install/robotic_arm_pkg/lib/robotic_arm_pkg
[2.075s] writing list of installed files to '/home/kyu8/gz_ros2_test2/build/robotic_arm_pkg/install.log'
[2.128s] Invoked command in '/home/kyu8/gz_ros2_test2/src/robotic_arm_pkg' returned '0': PYTHONPATH=/home/kyu8/gz_ros2_test2/build/robotic_arm_pkg/prefix_override:/home/kyu8/gz_ros2_test2/install/robotic_arm_pkg/lib/python3.10/site-packages:${PYTHONPATH} /usr/bin/python3 setup.py egg_info --egg-base ../../build/robotic_arm_pkg build --build-base /home/kyu8/gz_ros2_test2/build/robotic_arm_pkg/build install --record /home/kyu8/gz_ros2_test2/build/robotic_arm_pkg/install.log --single-version-externally-managed
