[0.955s] Invoking command in '/home/kyu8/tfg/rwork/src/arm_pkg': PYTHONPATH=/home/kyu8/tfg/rwork/build/arm_pkg/prefix_override:/home/kyu8/tfg/rwork/install/arm_pkg/lib/python3.10/site-packages:${PYTHONPATH} /usr/bin/python3 setup.py egg_info --egg-base ../../build/arm_pkg build --build-base /home/kyu8/tfg/rwork/build/arm_pkg/build install --record /home/kyu8/tfg/rwork/build/arm_pkg/install.log --single-version-externally-managed
[1.258s] running egg_info
[1.259s] writing ../../build/arm_pkg/arm_pkg.egg-info/PKG-INFO
[1.259s] writing dependency_links to ../../build/arm_pkg/arm_pkg.egg-info/dependency_links.txt
[1.260s] writing entry points to ../../build/arm_pkg/arm_pkg.egg-info/entry_points.txt
[1.260s] writing requirements to ../../build/arm_pkg/arm_pkg.egg-info/requires.txt
[1.260s] writing top-level names to ../../build/arm_pkg/arm_pkg.egg-info/top_level.txt
[1.263s] reading manifest file '../../build/arm_pkg/arm_pkg.egg-info/SOURCES.txt'
[1.265s] writing manifest file '../../build/arm_pkg/arm_pkg.egg-info/SOURCES.txt'
[1.265s] running build
[1.265s] running build_py
[1.266s] copying arm_pkg/drl/training_loop.py -> /home/kyu8/tfg/rwork/build/arm_pkg/build/lib/arm_pkg/drl
[1.267s] running install
[1.267s] /usr/lib/python3/dist-packages/setuptools/command/install.py:34: SetuptoolsDeprecationWarning: setup.py install is deprecated. Use build and pip and other standards-based tools.
[1.267s]   warnings.warn(
[1.268s] running install_lib
[1.269s] copying /home/kyu8/tfg/rwork/build/arm_pkg/build/lib/arm_pkg/drl/training_loop.py -> /home/kyu8/tfg/rwork/install/arm_pkg/lib/python3.10/site-packages/arm_pkg/drl
[1.270s] byte-compiling /home/kyu8/tfg/rwork/install/arm_pkg/lib/python3.10/site-packages/arm_pkg/distributed.py to distributed.cpython-310.pyc
[1.271s]   File "/home/kyu8/tfg/rwork/install/arm_pkg/lib/python3.10/site-packages/arm_pkg/distributed.py", line 2
[1.271s]     import JointStateListener from joint_listener.py
[1.272s]                               ^^^^
[1.272s] SyntaxError: invalid syntax
[1.272s] 
[1.272s] byte-compiling /home/kyu8/tfg/rwork/install/arm_pkg/lib/python3.10/site-packages/arm_pkg/drl/training_loop.py to training_loop.cpython-310.pyc
[1.274s] running install_data
[1.275s] running install_egg_info
[1.278s] removing '/home/kyu8/tfg/rwork/install/arm_pkg/lib/python3.10/site-packages/arm_pkg-0.0.0-py3.10.egg-info' (and everything under it)
[1.278s] Copying ../../build/arm_pkg/arm_pkg.egg-info to /home/kyu8/tfg/rwork/install/arm_pkg/lib/python3.10/site-packages/arm_pkg-0.0.0-py3.10.egg-info
[1.280s] running install_scripts
[1.304s] Installing controller script to /home/kyu8/tfg/rwork/install/arm_pkg/lib/arm_pkg
[1.305s] Installing ddpg script to /home/kyu8/tfg/rwork/install/arm_pkg/lib/arm_pkg
[1.305s] Installing gripper_test script to /home/kyu8/tfg/rwork/install/arm_pkg/lib/arm_pkg
[1.305s] Installing listener script to /home/kyu8/tfg/rwork/install/arm_pkg/lib/arm_pkg
[1.306s] Installing processor script to /home/kyu8/tfg/rwork/install/arm_pkg/lib/arm_pkg
[1.306s] Installing reset_controller script to /home/kyu8/tfg/rwork/install/arm_pkg/lib/arm_pkg
[1.306s] Installing reward_function script to /home/kyu8/tfg/rwork/install/arm_pkg/lib/arm_pkg
[1.306s] Installing robots_state script to /home/kyu8/tfg/rwork/install/arm_pkg/lib/arm_pkg
[1.306s] Installing sac script to /home/kyu8/tfg/rwork/install/arm_pkg/lib/arm_pkg
[1.306s] Installing state_test script to /home/kyu8/tfg/rwork/install/arm_pkg/lib/arm_pkg
[1.306s] Installing storage script to /home/kyu8/tfg/rwork/install/arm_pkg/lib/arm_pkg
[1.306s] Installing training script to /home/kyu8/tfg/rwork/install/arm_pkg/lib/arm_pkg
[1.307s] writing list of installed files to '/home/kyu8/tfg/rwork/build/arm_pkg/install.log'
[1.352s] Invoked command in '/home/kyu8/tfg/rwork/src/arm_pkg' returned '0': PYTHONPATH=/home/kyu8/tfg/rwork/build/arm_pkg/prefix_override:/home/kyu8/tfg/rwork/install/arm_pkg/lib/python3.10/site-packages:${PYTHONPATH} /usr/bin/python3 setup.py egg_info --egg-base ../../build/arm_pkg build --build-base /home/kyu8/tfg/rwork/build/arm_pkg/build install --record /home/kyu8/tfg/rwork/build/arm_pkg/install.log --single-version-externally-managed
