[0.869s] Invoking command in '/home/kyu8/tfg/rwork/src/arm_pkg': PYTHONPATH=/home/kyu8/tfg/rwork/build/arm_pkg/prefix_override:/home/kyu8/tfg/rwork/install/arm_pkg/lib/python3.10/site-packages:${PYTHONPATH} /usr/bin/python3 setup.py egg_info --egg-base ../../build/arm_pkg build --build-base /home/kyu8/tfg/rwork/build/arm_pkg/build install --record /home/kyu8/tfg/rwork/build/arm_pkg/install.log --single-version-externally-managed
[1.140s] running egg_info
[1.140s] creating ../../build/arm_pkg/arm_pkg.egg-info
[1.141s] writing ../../build/arm_pkg/arm_pkg.egg-info/PKG-INFO
[1.141s] writing dependency_links to ../../build/arm_pkg/arm_pkg.egg-info/dependency_links.txt
[1.141s] writing entry points to ../../build/arm_pkg/arm_pkg.egg-info/entry_points.txt
[1.141s] writing requirements to ../../build/arm_pkg/arm_pkg.egg-info/requires.txt
[1.142s] writing top-level names to ../../build/arm_pkg/arm_pkg.egg-info/top_level.txt
[1.142s] writing manifest file '../../build/arm_pkg/arm_pkg.egg-info/SOURCES.txt'
[1.144s] reading manifest file '../../build/arm_pkg/arm_pkg.egg-info/SOURCES.txt'
[1.145s] writing manifest file '../../build/arm_pkg/arm_pkg.egg-info/SOURCES.txt'
[1.145s] running build
[1.145s] running build_py
[1.146s] running install
[1.146s] /usr/lib/python3/dist-packages/setuptools/command/install.py:34: SetuptoolsDeprecationWarning: setup.py install is deprecated. Use build and pip and other standards-based tools.
[1.146s]   warnings.warn(
[1.146s] running install_lib
[1.148s] running install_data
[1.149s] error: can't copy 'resource/arm_pkg': doesn't exist or not a regular file
[1.185s] Invoked command in '/home/kyu8/tfg/rwork/src/arm_pkg' returned '1': PYTHONPATH=/home/kyu8/tfg/rwork/build/arm_pkg/prefix_override:/home/kyu8/tfg/rwork/install/arm_pkg/lib/python3.10/site-packages:${PYTHONPATH} /usr/bin/python3 setup.py egg_info --egg-base ../../build/arm_pkg build --build-base /home/kyu8/tfg/rwork/build/arm_pkg/build install --record /home/kyu8/tfg/rwork/build/arm_pkg/install.log --single-version-externally-managed
