[1.651s] DEBUG:colcon:Command line arguments: ['/usr/bin/colcon', 'build']
[1.651s] DEBUG:colcon:Parsed command line arguments: Namespace(log_base=None, log_level=None, verb_name='build', build_base='build', install_base='install', merge_install=False, symlink_install=False, test_result_base=None, continue_on_error=False, executor='parallel', parallel_workers=5, event_handlers=None, ignore_user_meta=False, metas=['./colcon.meta'], base_paths=['.'], packages_ignore=None, packages_ignore_regex=None, paths=None, packages_up_to=None, packages_up_to_regex=None, packages_above=None, packages_above_and_dependencies=None, packages_above_depth=None, packages_select_by_dep=None, packages_skip_by_dep=None, packages_skip_up_to=None, packages_select_build_failed=False, packages_skip_build_finished=False, packages_select_test_failures=False, packages_skip_test_passed=False, packages_select=None, packages_skip=None, packages_select_regex=None, packages_skip_regex=None, packages_start=None, packages_end=None, allow_overriding=[], cmake_args=None, cmake_target=None, cmake_target_skip_unavailable=False, cmake_clean_cache=False, cmake_clean_first=False, cmake_force_configure=False, ament_cmake_args=None, catkin_cmake_args=None, catkin_skip_building_tests=False, verb_parser=<colcon_defaults.argument_parser.defaults.DefaultArgumentsDecorator object at 0x7fa16d8b9660>, verb_extension=<colcon_core.verb.build.BuildVerb object at 0x7fa16d8bb5e0>, main=<bound method BuildVerb.main of <colcon_core.verb.build.BuildVerb object at 0x7fa16d8bb5e0>>)
[1.725s] Level 1:colcon.colcon_core.package_discovery:discover_packages(colcon_meta) check parameters
[1.725s] Level 1:colcon.colcon_core.package_discovery:discover_packages(recursive) check parameters
[1.725s] Level 1:colcon.colcon_core.package_discovery:discover_packages(ignore) check parameters
[1.726s] Level 1:colcon.colcon_core.package_discovery:discover_packages(path) check parameters
[1.726s] Level 1:colcon.colcon_core.package_discovery:discover_packages(colcon_meta) discover
[1.726s] Level 1:colcon.colcon_core.package_discovery:discover_packages(recursive) discover
[1.726s] INFO:colcon.colcon_core.package_discovery:Crawling recursively for packages in '/home/kyu8/tfg/rwork'
[1.726s] Level 1:colcon.colcon_core.package_identification:_identify(.) by extensions ['ignore', 'ignore_ament_install']
[1.726s] Level 1:colcon.colcon_core.package_identification:_identify(.) by extension 'ignore'
[1.727s] Level 1:colcon.colcon_core.package_identification:_identify(.) by extension 'ignore_ament_install'
[1.727s] Level 1:colcon.colcon_core.package_identification:_identify(.) by extensions ['colcon_pkg']
[1.727s] Level 1:colcon.colcon_core.package_identification:_identify(.) by extension 'colcon_pkg'
[1.727s] Level 1:colcon.colcon_core.package_identification:_identify(.) by extensions ['colcon_meta']
[1.727s] Level 1:colcon.colcon_core.package_identification:_identify(.) by extension 'colcon_meta'
[1.727s] Level 1:colcon.colcon_core.package_identification:_identify(.) by extensions ['ros']
[1.727s] Level 1:colcon.colcon_core.package_identification:_identify(.) by extension 'ros'
[1.748s] Level 1:colcon.colcon_core.package_identification:_identify(.) by extensions ['cmake', 'python']
[1.748s] Level 1:colcon.colcon_core.package_identification:_identify(.) by extension 'cmake'
[1.748s] Level 1:colcon.colcon_core.package_identification:_identify(.) by extension 'python'
[1.748s] Level 1:colcon.colcon_core.package_identification:_identify(.) by extensions ['python_setup_py']
[1.748s] Level 1:colcon.colcon_core.package_identification:_identify(.) by extension 'python_setup_py'
[1.748s] Level 1:colcon.colcon_core.package_identification:_identify(build) by extensions ['ignore', 'ignore_ament_install']
[1.749s] Level 1:colcon.colcon_core.package_identification:_identify(build) by extension 'ignore'
[1.749s] Level 1:colcon.colcon_core.package_identification:_identify(build) ignored
[1.749s] Level 1:colcon.colcon_core.package_identification:_identify(install) by extensions ['ignore', 'ignore_ament_install']
[1.749s] Level 1:colcon.colcon_core.package_identification:_identify(install) by extension 'ignore'
[1.749s] Level 1:colcon.colcon_core.package_identification:_identify(install) ignored
[1.749s] Level 1:colcon.colcon_core.package_identification:_identify(log) by extensions ['ignore', 'ignore_ament_install']
[1.749s] Level 1:colcon.colcon_core.package_identification:_identify(log) by extension 'ignore'
[1.749s] Level 1:colcon.colcon_core.package_identification:_identify(log) ignored
[1.750s] Level 1:colcon.colcon_core.package_identification:_identify(src) by extensions ['ignore', 'ignore_ament_install']
[1.750s] Level 1:colcon.colcon_core.package_identification:_identify(src) by extension 'ignore'
[1.750s] Level 1:colcon.colcon_core.package_identification:_identify(src) by extension 'ignore_ament_install'
[1.750s] Level 1:colcon.colcon_core.package_identification:_identify(src) by extensions ['colcon_pkg']
[1.750s] Level 1:colcon.colcon_core.package_identification:_identify(src) by extension 'colcon_pkg'
[1.750s] Level 1:colcon.colcon_core.package_identification:_identify(src) by extensions ['colcon_meta']
[1.750s] Level 1:colcon.colcon_core.package_identification:_identify(src) by extension 'colcon_meta'
[1.750s] Level 1:colcon.colcon_core.package_identification:_identify(src) by extensions ['ros']
[1.750s] Level 1:colcon.colcon_core.package_identification:_identify(src) by extension 'ros'
[1.750s] Level 1:colcon.colcon_core.package_identification:_identify(src) by extensions ['cmake', 'python']
[1.750s] Level 1:colcon.colcon_core.package_identification:_identify(src) by extension 'cmake'
[1.751s] Level 1:colcon.colcon_core.package_identification:_identify(src) by extension 'python'
[1.751s] Level 1:colcon.colcon_core.package_identification:_identify(src) by extensions ['python_setup_py']
[1.751s] Level 1:colcon.colcon_core.package_identification:_identify(src) by extension 'python_setup_py'
[1.751s] Level 1:colcon.colcon_core.package_identification:_identify(src/arm_pkg) by extensions ['ignore', 'ignore_ament_install']
[1.751s] Level 1:colcon.colcon_core.package_identification:_identify(src/arm_pkg) by extension 'ignore'
[1.751s] Level 1:colcon.colcon_core.package_identification:_identify(src/arm_pkg) by extension 'ignore_ament_install'
[1.752s] Level 1:colcon.colcon_core.package_identification:_identify(src/arm_pkg) by extensions ['colcon_pkg']
[1.752s] Level 1:colcon.colcon_core.package_identification:_identify(src/arm_pkg) by extension 'colcon_pkg'
[1.752s] Level 1:colcon.colcon_core.package_identification:_identify(src/arm_pkg) by extensions ['colcon_meta']
[1.752s] Level 1:colcon.colcon_core.package_identification:_identify(src/arm_pkg) by extension 'colcon_meta'
[1.752s] Level 1:colcon.colcon_core.package_identification:_identify(src/arm_pkg) by extensions ['ros']
[1.752s] Level 1:colcon.colcon_core.package_identification:_identify(src/arm_pkg) by extension 'ros'
[1.757s] DEBUG:colcon.colcon_core.package_identification:Package 'src/arm_pkg' with type 'ros.ament_python' and name 'arm_pkg'
[1.757s] Level 1:colcon.colcon_core.package_identification:_identify(src/bridge_commands) by extensions ['ignore', 'ignore_ament_install']
[1.757s] Level 1:colcon.colcon_core.package_identification:_identify(src/bridge_commands) by extension 'ignore'
[1.757s] Level 1:colcon.colcon_core.package_identification:_identify(src/bridge_commands) by extension 'ignore_ament_install'
[1.757s] Level 1:colcon.colcon_core.package_identification:_identify(src/bridge_commands) by extensions ['colcon_pkg']
[1.757s] Level 1:colcon.colcon_core.package_identification:_identify(src/bridge_commands) by extension 'colcon_pkg'
[1.757s] Level 1:colcon.colcon_core.package_identification:_identify(src/bridge_commands) by extensions ['colcon_meta']
[1.757s] Level 1:colcon.colcon_core.package_identification:_identify(src/bridge_commands) by extension 'colcon_meta'
[1.757s] Level 1:colcon.colcon_core.package_identification:_identify(src/bridge_commands) by extensions ['ros']
[1.757s] Level 1:colcon.colcon_core.package_identification:_identify(src/bridge_commands) by extension 'ros'
[1.758s] Level 1:colcon.colcon_core.package_identification:_identify(src/bridge_commands) by extensions ['cmake', 'python']
[1.758s] Level 1:colcon.colcon_core.package_identification:_identify(src/bridge_commands) by extension 'cmake'
[1.758s] Level 1:colcon.colcon_core.package_identification:_identify(src/bridge_commands) by extension 'python'
[1.758s] Level 1:colcon.colcon_core.package_identification:_identify(src/bridge_commands) by extensions ['python_setup_py']
[1.758s] Level 1:colcon.colcon_core.package_identification:_identify(src/bridge_commands) by extension 'python_setup_py'
[1.758s] Level 1:colcon.colcon_core.package_identification:_identify(src/csv_files) by extensions ['ignore', 'ignore_ament_install']
[1.758s] Level 1:colcon.colcon_core.package_identification:_identify(src/csv_files) by extension 'ignore'
[1.758s] Level 1:colcon.colcon_core.package_identification:_identify(src/csv_files) by extension 'ignore_ament_install'
[1.758s] Level 1:colcon.colcon_core.package_identification:_identify(src/csv_files) by extensions ['colcon_pkg']
[1.758s] Level 1:colcon.colcon_core.package_identification:_identify(src/csv_files) by extension 'colcon_pkg'
[1.758s] Level 1:colcon.colcon_core.package_identification:_identify(src/csv_files) by extensions ['colcon_meta']
[1.758s] Level 1:colcon.colcon_core.package_identification:_identify(src/csv_files) by extension 'colcon_meta'
[1.758s] Level 1:colcon.colcon_core.package_identification:_identify(src/csv_files) by extensions ['ros']
[1.758s] Level 1:colcon.colcon_core.package_identification:_identify(src/csv_files) by extension 'ros'
[1.758s] Level 1:colcon.colcon_core.package_identification:_identify(src/csv_files) by extensions ['cmake', 'python']
[1.758s] Level 1:colcon.colcon_core.package_identification:_identify(src/csv_files) by extension 'cmake'
[1.758s] Level 1:colcon.colcon_core.package_identification:_identify(src/csv_files) by extension 'python'
[1.758s] Level 1:colcon.colcon_core.package_identification:_identify(src/csv_files) by extensions ['python_setup_py']
[1.759s] Level 1:colcon.colcon_core.package_identification:_identify(src/csv_files) by extension 'python_setup_py'
[1.759s] Level 1:colcon.colcon_core.package_identification:_identify(src/sdf_files) by extensions ['ignore', 'ignore_ament_install']
[1.759s] Level 1:colcon.colcon_core.package_identification:_identify(src/sdf_files) by extension 'ignore'
[1.759s] Level 1:colcon.colcon_core.package_identification:_identify(src/sdf_files) by extension 'ignore_ament_install'
[1.759s] Level 1:colcon.colcon_core.package_identification:_identify(src/sdf_files) by extensions ['colcon_pkg']
[1.759s] Level 1:colcon.colcon_core.package_identification:_identify(src/sdf_files) by extension 'colcon_pkg'
[1.759s] Level 1:colcon.colcon_core.package_identification:_identify(src/sdf_files) by extensions ['colcon_meta']
[1.759s] Level 1:colcon.colcon_core.package_identification:_identify(src/sdf_files) by extension 'colcon_meta'
[1.759s] Level 1:colcon.colcon_core.package_identification:_identify(src/sdf_files) by extensions ['ros']
[1.759s] Level 1:colcon.colcon_core.package_identification:_identify(src/sdf_files) by extension 'ros'
[1.759s] Level 1:colcon.colcon_core.package_identification:_identify(src/sdf_files) by extensions ['cmake', 'python']
[1.759s] Level 1:colcon.colcon_core.package_identification:_identify(src/sdf_files) by extension 'cmake'
[1.759s] Level 1:colcon.colcon_core.package_identification:_identify(src/sdf_files) by extension 'python'
[1.759s] Level 1:colcon.colcon_core.package_identification:_identify(src/sdf_files) by extensions ['python_setup_py']
[1.759s] Level 1:colcon.colcon_core.package_identification:_identify(src/sdf_files) by extension 'python_setup_py'
[1.759s] Level 1:colcon.colcon_core.package_identification:_identify(src/sdf_files/example) by extensions ['ignore', 'ignore_ament_install']
[1.760s] Level 1:colcon.colcon_core.package_identification:_identify(src/sdf_files/example) by extension 'ignore'
[1.760s] Level 1:colcon.colcon_core.package_identification:_identify(src/sdf_files/example) by extension 'ignore_ament_install'
[1.760s] Level 1:colcon.colcon_core.package_identification:_identify(src/sdf_files/example) by extensions ['colcon_pkg']
[1.760s] Level 1:colcon.colcon_core.package_identification:_identify(src/sdf_files/example) by extension 'colcon_pkg'
[1.760s] Level 1:colcon.colcon_core.package_identification:_identify(src/sdf_files/example) by extensions ['colcon_meta']
[1.760s] Level 1:colcon.colcon_core.package_identification:_identify(src/sdf_files/example) by extension 'colcon_meta'
[1.760s] Level 1:colcon.colcon_core.package_identification:_identify(src/sdf_files/example) by extensions ['ros']
[1.760s] Level 1:colcon.colcon_core.package_identification:_identify(src/sdf_files/example) by extension 'ros'
[1.760s] Level 1:colcon.colcon_core.package_identification:_identify(src/sdf_files/example) by extensions ['cmake', 'python']
[1.760s] Level 1:colcon.colcon_core.package_identification:_identify(src/sdf_files/example) by extension 'cmake'
[1.760s] Level 1:colcon.colcon_core.package_identification:_identify(src/sdf_files/example) by extension 'python'
[1.760s] Level 1:colcon.colcon_core.package_identification:_identify(src/sdf_files/example) by extensions ['python_setup_py']
[1.760s] Level 1:colcon.colcon_core.package_identification:_identify(src/sdf_files/example) by extension 'python_setup_py'
[1.760s] Level 1:colcon.colcon_core.package_discovery:discover_packages(recursive) using defaults
[1.760s] Level 1:colcon.colcon_core.package_discovery:discover_packages(ignore) discover
[1.760s] Level 1:colcon.colcon_core.package_discovery:discover_packages(ignore) using defaults
[1.760s] Level 1:colcon.colcon_core.package_discovery:discover_packages(path) discover
[1.760s] Level 1:colcon.colcon_core.package_discovery:discover_packages(path) using defaults
[1.902s] Level 1:colcon.colcon_core.package_discovery:discover_packages(prefix_path) check parameters
[1.902s] Level 1:colcon.colcon_core.package_discovery:discover_packages(prefix_path) discover
[1.953s] DEBUG:colcon.colcon_installed_package_information.package_discovery:Found 279 installed packages in /opt/ros/humble
[1.955s] Level 1:colcon.colcon_core.package_discovery:discover_packages(prefix_path) using defaults
[2.131s] Level 5:colcon.colcon_core.verb:set package 'arm_pkg' build argument 'cmake_args' from command line to 'None'
[2.131s] Level 5:colcon.colcon_core.verb:set package 'arm_pkg' build argument 'cmake_target' from command line to 'None'
[2.132s] Level 5:colcon.colcon_core.verb:set package 'arm_pkg' build argument 'cmake_target_skip_unavailable' from command line to 'False'
[2.132s] Level 5:colcon.colcon_core.verb:set package 'arm_pkg' build argument 'cmake_clean_cache' from command line to 'False'
[2.132s] Level 5:colcon.colcon_core.verb:set package 'arm_pkg' build argument 'cmake_clean_first' from command line to 'False'
[2.132s] Level 5:colcon.colcon_core.verb:set package 'arm_pkg' build argument 'cmake_force_configure' from command line to 'False'
[2.132s] Level 5:colcon.colcon_core.verb:set package 'arm_pkg' build argument 'ament_cmake_args' from command line to 'None'
[2.132s] Level 5:colcon.colcon_core.verb:set package 'arm_pkg' build argument 'catkin_cmake_args' from command line to 'None'
[2.132s] Level 5:colcon.colcon_core.verb:set package 'arm_pkg' build argument 'catkin_skip_building_tests' from command line to 'False'
[2.132s] DEBUG:colcon.colcon_core.verb:Building package 'arm_pkg' with the following arguments: {'ament_cmake_args': None, 'build_base': '/home/kyu8/tfg/rwork/build/arm_pkg', 'catkin_cmake_args': None, 'catkin_skip_building_tests': False, 'cmake_args': None, 'cmake_clean_cache': False, 'cmake_clean_first': False, 'cmake_force_configure': False, 'cmake_target': None, 'cmake_target_skip_unavailable': False, 'install_base': '/home/kyu8/tfg/rwork/install/arm_pkg', 'merge_install': False, 'path': '/home/kyu8/tfg/rwork/src/arm_pkg', 'symlink_install': False, 'test_result_base': None}
[2.153s] INFO:colcon.colcon_core.executor:Executing jobs using 'parallel' executor
[2.175s] DEBUG:colcon.colcon_parallel_executor.executor.parallel:run_until_complete
[2.175s] INFO:colcon.colcon_ros.task.ament_python.build:Building ROS package in '/home/kyu8/tfg/rwork/src/arm_pkg' with build type 'ament_python'
[2.176s] Level 1:colcon.colcon_core.shell:create_environment_hook('arm_pkg', 'ament_prefix_path')
[2.201s] INFO:colcon.colcon_core.plugin_system:Skipping extension 'colcon_core.shell.bat': Not used on non-Windows systems
[2.201s] INFO:colcon.colcon_core.shell:Creating environment hook '/home/kyu8/tfg/rwork/install/arm_pkg/share/arm_pkg/hook/ament_prefix_path.ps1'
[2.202s] INFO:colcon.colcon_core.shell:Creating environment descriptor '/home/kyu8/tfg/rwork/install/arm_pkg/share/arm_pkg/hook/ament_prefix_path.dsv'
[2.203s] INFO:colcon.colcon_core.shell:Creating environment hook '/home/kyu8/tfg/rwork/install/arm_pkg/share/arm_pkg/hook/ament_prefix_path.sh'
[2.225s] INFO:colcon.colcon_core.shell:Skip shell extension 'powershell' for command environment: Not usable outside of PowerShell
[2.226s] DEBUG:colcon.colcon_core.shell:Skip shell extension 'dsv' for command environment
[2.713s] INFO:colcon.colcon_core.task.python.build:Building Python package in '/home/kyu8/tfg/rwork/src/arm_pkg'
[2.734s] INFO:colcon.colcon_core.shell:Skip shell extension 'powershell' for command environment: Not usable outside of PowerShell
[2.734s] DEBUG:colcon.colcon_core.shell:Skip shell extension 'dsv' for command environment
[3.437s] DEBUG:colcon.colcon_core.event_handler.log_command:Invoking command in '/home/kyu8/tfg/rwork/src/arm_pkg': PYTHONPATH=/home/kyu8/tfg/rwork/build/arm_pkg/prefix_override:/home/kyu8/tfg/rwork/install/arm_pkg/lib/python3.10/site-packages:${PYTHONPATH} /usr/bin/python3 setup.py egg_info --egg-base ../../build/arm_pkg build --build-base /home/kyu8/tfg/rwork/build/arm_pkg/build install --record /home/kyu8/tfg/rwork/build/arm_pkg/install.log --single-version-externally-managed
[3.928s] DEBUG:colcon.colcon_core.event_handler.log_command:Invoked command in '/home/kyu8/tfg/rwork/src/arm_pkg' returned '0': PYTHONPATH=/home/kyu8/tfg/rwork/build/arm_pkg/prefix_override:/home/kyu8/tfg/rwork/install/arm_pkg/lib/python3.10/site-packages:${PYTHONPATH} /usr/bin/python3 setup.py egg_info --egg-base ../../build/arm_pkg build --build-base /home/kyu8/tfg/rwork/build/arm_pkg/build install --record /home/kyu8/tfg/rwork/build/arm_pkg/install.log --single-version-externally-managed
[3.963s] Level 1:colcon.colcon_core.environment:checking '/home/kyu8/tfg/rwork/install/arm_pkg' for CMake module files
[3.964s] Level 1:colcon.colcon_core.environment:checking '/home/kyu8/tfg/rwork/install/arm_pkg' for CMake config files
[3.965s] Level 1:colcon.colcon_core.environment:checking '/home/kyu8/tfg/rwork/install/arm_pkg/lib'
[3.966s] Level 1:colcon.colcon_core.environment:checking '/home/kyu8/tfg/rwork/install/arm_pkg/bin'
[3.966s] Level 1:colcon.colcon_core.environment:checking '/home/kyu8/tfg/rwork/install/arm_pkg/lib/pkgconfig/arm_pkg.pc'
[3.966s] Level 1:colcon.colcon_core.environment:checking '/home/kyu8/tfg/rwork/install/arm_pkg/lib/python3.10/site-packages'
[3.966s] Level 1:colcon.colcon_core.shell:create_environment_hook('arm_pkg', 'pythonpath')
[3.996s] INFO:colcon.colcon_core.shell:Creating environment hook '/home/kyu8/tfg/rwork/install/arm_pkg/share/arm_pkg/hook/pythonpath.ps1'
[3.996s] INFO:colcon.colcon_core.shell:Creating environment descriptor '/home/kyu8/tfg/rwork/install/arm_pkg/share/arm_pkg/hook/pythonpath.dsv'
[3.998s] INFO:colcon.colcon_core.shell:Creating environment hook '/home/kyu8/tfg/rwork/install/arm_pkg/share/arm_pkg/hook/pythonpath.sh'
[3.999s] Level 1:colcon.colcon_core.environment:checking '/home/kyu8/tfg/rwork/install/arm_pkg/bin'
[4.000s] Level 1:colcon.colcon_core.environment:create_environment_scripts_only(arm_pkg)
[4.025s] INFO:colcon.colcon_core.shell:Creating package script '/home/kyu8/tfg/rwork/install/arm_pkg/share/arm_pkg/package.ps1'
[4.027s] INFO:colcon.colcon_core.shell:Creating package descriptor '/home/kyu8/tfg/rwork/install/arm_pkg/share/arm_pkg/package.dsv'
[4.028s] INFO:colcon.colcon_core.shell:Creating package script '/home/kyu8/tfg/rwork/install/arm_pkg/share/arm_pkg/package.sh'
[4.030s] INFO:colcon.colcon_core.shell:Creating package script '/home/kyu8/tfg/rwork/install/arm_pkg/share/arm_pkg/package.bash'
[4.032s] INFO:colcon.colcon_core.shell:Creating package script '/home/kyu8/tfg/rwork/install/arm_pkg/share/arm_pkg/package.zsh'
[4.034s] Level 1:colcon.colcon_core.environment:create_file_with_runtime_dependencies(/home/kyu8/tfg/rwork/install/arm_pkg/share/colcon-core/packages/arm_pkg)
[4.036s] DEBUG:colcon.colcon_parallel_executor.executor.parallel:closing loop
[4.036s] DEBUG:colcon.colcon_parallel_executor.executor.parallel:loop closed
[4.036s] DEBUG:colcon.colcon_parallel_executor.executor.parallel:run_until_complete finished with '0'
[4.037s] DEBUG:colcon.colcon_core.event_reactor:joining thread
[4.073s] INFO:colcon.colcon_core.plugin_system:Skipping extension 'colcon_notification.desktop_notification.terminal_notifier': Not used on non-Darwin systems
[4.074s] INFO:colcon.colcon_core.plugin_system:Skipping extension 'colcon_notification.desktop_notification.win32': Not used on non-Windows systems
[4.074s] INFO:colcon.colcon_notification.desktop_notification:Sending desktop notification using 'notify2'
[4.095s] DEBUG:colcon.colcon_core.event_reactor:joined thread
[4.151s] INFO:colcon.colcon_core.shell:Creating prefix script '/home/kyu8/tfg/rwork/install/local_setup.ps1'
[4.153s] INFO:colcon.colcon_core.shell:Creating prefix util module '/home/kyu8/tfg/rwork/install/_local_setup_util_ps1.py'
[4.156s] INFO:colcon.colcon_core.shell:Creating prefix chain script '/home/kyu8/tfg/rwork/install/setup.ps1'
[4.185s] INFO:colcon.colcon_core.shell:Creating prefix script '/home/kyu8/tfg/rwork/install/local_setup.sh'
[4.186s] INFO:colcon.colcon_core.shell:Creating prefix util module '/home/kyu8/tfg/rwork/install/_local_setup_util_sh.py'
[4.187s] INFO:colcon.colcon_core.shell:Creating prefix chain script '/home/kyu8/tfg/rwork/install/setup.sh'
[4.220s] INFO:colcon.colcon_core.shell:Creating prefix script '/home/kyu8/tfg/rwork/install/local_setup.bash'
[4.222s] INFO:colcon.colcon_core.shell:Creating prefix chain script '/home/kyu8/tfg/rwork/install/setup.bash'
[4.249s] INFO:colcon.colcon_core.shell:Creating prefix script '/home/kyu8/tfg/rwork/install/local_setup.zsh'
[4.251s] INFO:colcon.colcon_core.shell:Creating prefix chain script '/home/kyu8/tfg/rwork/install/setup.zsh'
