running develop
/usr/lib/python3/dist-packages/setuptools/command/easy_install.py:158: EasyInstallDeprecationWarning: easy_install command is deprecated. Use build and pip and other standards-based tools.
  warnings.warn(
/usr/lib/python3/dist-packages/setuptools/command/install.py:34: SetuptoolsDeprecationWarning: setup.py install is deprecated. Use build and pip and other standards-based tools.
  warnings.warn(
running egg_info
creating dual_arm_control_pkg.egg-info
writing dual_arm_control_pkg.egg-info/PKG-INFO
writing dependency_links to dual_arm_control_pkg.egg-info/dependency_links.txt
writing entry points to dual_arm_control_pkg.egg-info/entry_points.txt
writing requirements to dual_arm_control_pkg.egg-info/requires.txt
writing top-level names to dual_arm_control_pkg.egg-info/top_level.txt
writing manifest file 'dual_arm_control_pkg.egg-info/SOURCES.txt'
reading manifest file 'dual_arm_control_pkg.egg-info/SOURCES.txt'
writing manifest file 'dual_arm_control_pkg.egg-info/SOURCES.txt'
running build_ext
Creating /home/kyu8/tfg/install/dual_arm_control_pkg/lib/python3.10/site-packages/dual-arm-control-pkg.egg-link (link to .)

Installed /home/kyu8/tfg/build/dual_arm_control_pkg
running install_data
creating /home/kyu8/tfg/install/dual_arm_control_pkg/share/ament_index
creating /home/kyu8/tfg/install/dual_arm_control_pkg/share/ament_index/resource_index
creating /home/kyu8/tfg/install/dual_arm_control_pkg/share/ament_index/resource_index/packages
copying resource/dual_arm_control_pkg -> /home/kyu8/tfg/install/dual_arm_control_pkg/share/ament_index/resource_index/packages
copying package.xml -> /home/kyu8/tfg/install/dual_arm_control_pkg/share/dual_arm_control_pkg
