[2.346s] Invoking command in '/home/kyu8/tfg/build/dual_arm_control_pkg': PYTHONPATH=/home/kyu8/tfg/build/dual_arm_control_pkg/prefix_override:/home/kyu8/tfg/install/dual_arm_control_pkg/lib/python3.10/site-packages:${PYTHONPATH} /usr/bin/python3 setup.py develop --editable --build-directory /home/kyu8/tfg/build/dual_arm_control_pkg/build --no-deps install_data
[2.905s] running develop
[2.906s] /usr/lib/python3/dist-packages/setuptools/command/easy_install.py:158: EasyInstallDeprecationWarning: easy_install command is deprecated. Use build and pip and other standards-based tools.
[2.906s]   warnings.warn(
[2.908s] /usr/lib/python3/dist-packages/setuptools/command/install.py:34: SetuptoolsDeprecationWarning: setup.py install is deprecated. Use build and pip and other standards-based tools.
[2.908s]   warnings.warn(
[3.280s] running egg_info
[3.286s] creating dual_arm_control_pkg.egg-info
[3.286s] writing dual_arm_control_pkg.egg-info/PKG-INFO
[3.286s] writing dependency_links to dual_arm_control_pkg.egg-info/dependency_links.txt
[3.287s] writing entry points to dual_arm_control_pkg.egg-info/entry_points.txt
[3.287s] writing requirements to dual_arm_control_pkg.egg-info/requires.txt
[3.287s] writing top-level names to dual_arm_control_pkg.egg-info/top_level.txt
[3.287s] writing manifest file 'dual_arm_control_pkg.egg-info/SOURCES.txt'
[3.288s] reading manifest file 'dual_arm_control_pkg.egg-info/SOURCES.txt'
[3.288s] writing manifest file 'dual_arm_control_pkg.egg-info/SOURCES.txt'
[3.289s] running build_ext
[3.290s] Creating /home/kyu8/tfg/install/dual_arm_control_pkg/lib/python3.10/site-packages/dual-arm-control-pkg.egg-link (link to .)
[3.292s] 
[3.292s] Installed /home/kyu8/tfg/build/dual_arm_control_pkg
[3.292s] running install_data
[3.292s] creating /home/kyu8/tfg/install/dual_arm_control_pkg/share/ament_index
[3.292s] creating /home/kyu8/tfg/install/dual_arm_control_pkg/share/ament_index/resource_index
[3.292s] creating /home/kyu8/tfg/install/dual_arm_control_pkg/share/ament_index/resource_index/packages
[3.293s] copying resource/dual_arm_control_pkg -> /home/kyu8/tfg/install/dual_arm_control_pkg/share/ament_index/resource_index/packages
[3.293s] copying package.xml -> /home/kyu8/tfg/install/dual_arm_control_pkg/share/dual_arm_control_pkg
[3.388s] Invoked command in '/home/kyu8/tfg/build/dual_arm_control_pkg' returned '0': PYTHONPATH=/home/kyu8/tfg/build/dual_arm_control_pkg/prefix_override:/home/kyu8/tfg/install/dual_arm_control_pkg/lib/python3.10/site-packages:${PYTHONPATH} /usr/bin/python3 setup.py develop --editable --build-directory /home/kyu8/tfg/build/dual_arm_control_pkg/build --no-deps install_data
