[1.743s] Invoking command in '/home/kyu8/tfg/Simulation/src/dual_arm_control_pkg': PYTHONPATH=/home/kyu8/tfg/build/dual_arm_control_pkg/prefix_override:/home/kyu8/tfg/install/dual_arm_control_pkg/lib/python3.10/site-packages:${PYTHONPATH} /usr/bin/python3 setup.py egg_info --egg-base ../../../build/dual_arm_control_pkg build --build-base /home/kyu8/tfg/build/dual_arm_control_pkg/build install --record /home/kyu8/tfg/build/dual_arm_control_pkg/install.log --single-version-externally-managed
[2.238s] running egg_info
[2.240s] writing ../../../build/dual_arm_control_pkg/dual_arm_control_pkg.egg-info/PKG-INFO
[2.241s] writing dependency_links to ../../../build/dual_arm_control_pkg/dual_arm_control_pkg.egg-info/dependency_links.txt
[2.242s] writing entry points to ../../../build/dual_arm_control_pkg/dual_arm_control_pkg.egg-info/entry_points.txt
[2.243s] writing requirements to ../../../build/dual_arm_control_pkg/dual_arm_control_pkg.egg-info/requires.txt
[2.244s] writing top-level names to ../../../build/dual_arm_control_pkg/dual_arm_control_pkg.egg-info/top_level.txt
[2.245s] reading manifest file '../../../build/dual_arm_control_pkg/dual_arm_control_pkg.egg-info/SOURCES.txt'
[2.245s] writing manifest file '../../../build/dual_arm_control_pkg/dual_arm_control_pkg.egg-info/SOURCES.txt'
[2.246s] running build
[2.247s] running build_py
[2.249s] running install
[2.249s] /usr/lib/python3/dist-packages/setuptools/command/install.py:34: SetuptoolsDeprecationWarning: setup.py install is deprecated. Use build and pip and other standards-based tools.
[2.250s]   warnings.warn(
[2.254s] running install_lib
[2.254s] running install_data
[2.254s] running install_egg_info
[2.254s] removing '/home/kyu8/tfg/install/dual_arm_control_pkg/lib/python3.10/site-packages/dual_arm_control_pkg-0.0.0-py3.10.egg-info' (and everything under it)
[2.260s] Copying ../../../build/dual_arm_control_pkg/dual_arm_control_pkg.egg-info to /home/kyu8/tfg/install/dual_arm_control_pkg/lib/python3.10/site-packages/dual_arm_control_pkg-0.0.0-py3.10.egg-info
[2.261s] running install_scripts
[2.287s] Installing esp32_receiver_test script to /home/kyu8/tfg/install/dual_arm_control_pkg/lib/dual_arm_control_pkg
[2.287s] writing list of installed files to '/home/kyu8/tfg/build/dual_arm_control_pkg/install.log'
[2.398s] Invoked command in '/home/kyu8/tfg/Simulation/src/dual_arm_control_pkg' returned '0': PYTHONPATH=/home/kyu8/tfg/build/dual_arm_control_pkg/prefix_override:/home/kyu8/tfg/install/dual_arm_control_pkg/lib/python3.10/site-packages:${PYTHONPATH} /usr/bin/python3 setup.py egg_info --egg-base ../../../build/dual_arm_control_pkg build --build-base /home/kyu8/tfg/build/dual_arm_control_pkg/build install --record /home/kyu8/tfg/build/dual_arm_control_pkg/install.log --single-version-externally-managed
