[2.075s] Invoking command in '/home/kyu8/tfg/build/arm_pkg': PYTHONPATH=/home/kyu8/tfg/build/arm_pkg/prefix_override:/home/kyu8/tfg/install/arm_pkg/lib/python3.10/site-packages:${PYTHONPATH} /usr/bin/python3 setup.py develop --editable --build-directory /home/kyu8/tfg/build/arm_pkg/build --no-deps install_data
[2.649s] running develop
[2.651s] /usr/lib/python3/dist-packages/setuptools/command/easy_install.py:158: EasyInstallDeprecationWarning: easy_install command is deprecated. Use build and pip and other standards-based tools.
[2.651s]   warnings.warn(
[2.653s] /usr/lib/python3/dist-packages/setuptools/command/install.py:34: SetuptoolsDeprecationWarning: setup.py install is deprecated. Use build and pip and other standards-based tools.
[2.654s]   warnings.warn(
[3.015s] running egg_info
[3.015s] creating arm_pkg.egg-info
[3.016s] writing arm_pkg.egg-info/PKG-INFO
[3.016s] writing dependency_links to arm_pkg.egg-info/dependency_links.txt
[3.016s] writing entry points to arm_pkg.egg-info/entry_points.txt
[3.017s] writing requirements to arm_pkg.egg-info/requires.txt
[3.017s] writing top-level names to arm_pkg.egg-info/top_level.txt
[3.017s] writing manifest file 'arm_pkg.egg-info/SOURCES.txt'
[3.022s] reading manifest file 'arm_pkg.egg-info/SOURCES.txt'
[3.024s] writing manifest file 'arm_pkg.egg-info/SOURCES.txt'
[3.028s] running build_ext
[3.029s] Creating /home/kyu8/tfg/install/arm_pkg/lib/python3.10/site-packages/arm-pkg.egg-link (link to .)
[3.030s] Installing controller script to /home/kyu8/tfg/install/arm_pkg/lib/arm_pkg
[3.031s] Installing ddpg script to /home/kyu8/tfg/install/arm_pkg/lib/arm_pkg
[3.031s] Installing gripper_test script to /home/kyu8/tfg/install/arm_pkg/lib/arm_pkg
[3.031s] Installing listener script to /home/kyu8/tfg/install/arm_pkg/lib/arm_pkg
[3.031s] Installing processor script to /home/kyu8/tfg/install/arm_pkg/lib/arm_pkg
[3.032s] Installing reset_controller script to /home/kyu8/tfg/install/arm_pkg/lib/arm_pkg
[3.032s] Installing reward_function script to /home/kyu8/tfg/install/arm_pkg/lib/arm_pkg
[3.033s] Installing robots_state script to /home/kyu8/tfg/install/arm_pkg/lib/arm_pkg
[3.033s] Installing sac script to /home/kyu8/tfg/install/arm_pkg/lib/arm_pkg
[3.034s] Installing state_test script to /home/kyu8/tfg/install/arm_pkg/lib/arm_pkg
[3.034s] Installing storage script to /home/kyu8/tfg/install/arm_pkg/lib/arm_pkg
[3.034s] Installing training script to /home/kyu8/tfg/install/arm_pkg/lib/arm_pkg
[3.034s] 
[3.034s] Installed /home/kyu8/tfg/build/arm_pkg
[3.034s] running install_data
[3.035s] creating /home/kyu8/tfg/install/arm_pkg/share/ament_index
[3.035s] creating /home/kyu8/tfg/install/arm_pkg/share/ament_index/resource_index
[3.035s] creating /home/kyu8/tfg/install/arm_pkg/share/ament_index/resource_index/packages
[3.035s] copying resource/arm_pkg -> /home/kyu8/tfg/install/arm_pkg/share/ament_index/resource_index/packages
[3.035s] copying package.xml -> /home/kyu8/tfg/install/arm_pkg/share/arm_pkg
[3.117s] Invoked command in '/home/kyu8/tfg/build/arm_pkg' returned '0': PYTHONPATH=/home/kyu8/tfg/build/arm_pkg/prefix_override:/home/kyu8/tfg/install/arm_pkg/lib/python3.10/site-packages:${PYTHONPATH} /usr/bin/python3 setup.py develop --editable --build-directory /home/kyu8/tfg/build/arm_pkg/build --no-deps install_data
