[2.142s] DEBUG:colcon:Command line arguments: ['/usr/bin/colcon', 'build']
[2.142s] DEBUG:colcon:Parsed command line arguments: Namespace(log_base=None, log_level=None, verb_name='build', build_base='build', install_base='install', merge_install=False, symlink_install=False, test_result_base=None, continue_on_error=False, executor='parallel', parallel_workers=5, event_handlers=None, ignore_user_meta=False, metas=['./colcon.meta'], base_paths=['.'], packages_ignore=None, packages_ignore_regex=None, paths=None, packages_up_to=None, packages_up_to_regex=None, packages_above=None, packages_above_and_dependencies=None, packages_above_depth=None, packages_select_by_dep=None, packages_skip_by_dep=None, packages_skip_up_to=None, packages_select_build_failed=False, packages_skip_build_finished=False, packages_select_test_failures=False, packages_skip_test_passed=False, packages_select=None, packages_skip=None, packages_select_regex=None, packages_skip_regex=None, packages_start=None, packages_end=None, allow_overriding=[], cmake_args=None, cmake_target=None, cmake_target_skip_unavailable=False, cmake_clean_cache=False, cmake_clean_first=False, cmake_force_configure=False, ament_cmake_args=None, catkin_cmake_args=None, catkin_skip_building_tests=False, verb_parser=<colcon_defaults.argument_parser.defaults.DefaultArgumentsDecorator object at 0x7fb72296f0a0>, verb_extension=<colcon_core.verb.build.BuildVerb object at 0x7fb722dcb730>, main=<bound method BuildVerb.main of <colcon_core.verb.build.BuildVerb object at 0x7fb722dcb730>>)
[2.234s] Level 1:colcon.colcon_core.package_discovery:discover_packages(colcon_meta) check parameters
[2.234s] Level 1:colcon.colcon_core.package_discovery:discover_packages(recursive) check parameters
[2.234s] Level 1:colcon.colcon_core.package_discovery:discover_packages(ignore) check parameters
[2.234s] Level 1:colcon.colcon_core.package_discovery:discover_packages(path) check parameters
[2.234s] Level 1:colcon.colcon_core.package_discovery:discover_packages(colcon_meta) discover
[2.234s] Level 1:colcon.colcon_core.package_discovery:discover_packages(recursive) discover
[2.234s] INFO:colcon.colcon_core.package_discovery:Crawling recursively for packages in '/home/kyu8/tfg/Simulation'
[2.234s] Level 1:colcon.colcon_core.package_identification:_identify(.) by extensions ['ignore', 'ignore_ament_install']
[2.235s] Level 1:colcon.colcon_core.package_identification:_identify(.) by extension 'ignore'
[2.235s] Level 1:colcon.colcon_core.package_identification:_identify(.) by extension 'ignore_ament_install'
[2.235s] Level 1:colcon.colcon_core.package_identification:_identify(.) by extensions ['colcon_pkg']
[2.235s] Level 1:colcon.colcon_core.package_identification:_identify(.) by extension 'colcon_pkg'
[2.235s] Level 1:colcon.colcon_core.package_identification:_identify(.) by extensions ['colcon_meta']
[2.235s] Level 1:colcon.colcon_core.package_identification:_identify(.) by extension 'colcon_meta'
[2.235s] Level 1:colcon.colcon_core.package_identification:_identify(.) by extensions ['ros']
[2.235s] Level 1:colcon.colcon_core.package_identification:_identify(.) by extension 'ros'
[2.259s] Level 1:colcon.colcon_core.package_identification:_identify(.) by extensions ['cmake', 'python']
[2.259s] Level 1:colcon.colcon_core.package_identification:_identify(.) by extension 'cmake'
[2.259s] Level 1:colcon.colcon_core.package_identification:_identify(.) by extension 'python'
[2.259s] Level 1:colcon.colcon_core.package_identification:_identify(.) by extensions ['python_setup_py']
[2.259s] Level 1:colcon.colcon_core.package_identification:_identify(.) by extension 'python_setup_py'
[2.259s] Level 1:colcon.colcon_core.package_identification:_identify(build) by extensions ['ignore', 'ignore_ament_install']
[2.259s] Level 1:colcon.colcon_core.package_identification:_identify(build) by extension 'ignore'
[2.259s] Level 1:colcon.colcon_core.package_identification:_identify(build) ignored
[2.260s] Level 1:colcon.colcon_core.package_identification:_identify(install) by extensions ['ignore', 'ignore_ament_install']
[2.260s] Level 1:colcon.colcon_core.package_identification:_identify(install) by extension 'ignore'
[2.260s] Level 1:colcon.colcon_core.package_identification:_identify(install) ignored
[2.260s] Level 1:colcon.colcon_core.package_identification:_identify(log) by extensions ['ignore', 'ignore_ament_install']
[2.261s] Level 1:colcon.colcon_core.package_identification:_identify(log) by extension 'ignore'
[2.261s] Level 1:colcon.colcon_core.package_identification:_identify(log) ignored
[2.262s] Level 1:colcon.colcon_core.package_identification:_identify(src) by extensions ['ignore', 'ignore_ament_install']
[2.262s] Level 1:colcon.colcon_core.package_identification:_identify(src) by extension 'ignore'
[2.263s] Level 1:colcon.colcon_core.package_identification:_identify(src) by extension 'ignore_ament_install'
[2.263s] Level 1:colcon.colcon_core.package_identification:_identify(src) by extensions ['colcon_pkg']
[2.263s] Level 1:colcon.colcon_core.package_identification:_identify(src) by extension 'colcon_pkg'
[2.263s] Level 1:colcon.colcon_core.package_identification:_identify(src) by extensions ['colcon_meta']
[2.263s] Level 1:colcon.colcon_core.package_identification:_identify(src) by extension 'colcon_meta'
[2.264s] Level 1:colcon.colcon_core.package_identification:_identify(src) by extensions ['ros']
[2.264s] Level 1:colcon.colcon_core.package_identification:_identify(src) by extension 'ros'
[2.264s] Level 1:colcon.colcon_core.package_identification:_identify(src) by extensions ['cmake', 'python']
[2.264s] Level 1:colcon.colcon_core.package_identification:_identify(src) by extension 'cmake'
[2.264s] Level 1:colcon.colcon_core.package_identification:_identify(src) by extension 'python'
[2.264s] Level 1:colcon.colcon_core.package_identification:_identify(src) by extensions ['python_setup_py']
[2.264s] Level 1:colcon.colcon_core.package_identification:_identify(src) by extension 'python_setup_py'
[2.264s] Level 1:colcon.colcon_core.package_identification:_identify(src/arm_pkg) by extensions ['ignore', 'ignore_ament_install']
[2.265s] Level 1:colcon.colcon_core.package_identification:_identify(src/arm_pkg) by extension 'ignore'
[2.265s] Level 1:colcon.colcon_core.package_identification:_identify(src/arm_pkg) by extension 'ignore_ament_install'
[2.265s] Level 1:colcon.colcon_core.package_identification:_identify(src/arm_pkg) by extensions ['colcon_pkg']
[2.265s] Level 1:colcon.colcon_core.package_identification:_identify(src/arm_pkg) by extension 'colcon_pkg'
[2.265s] Level 1:colcon.colcon_core.package_identification:_identify(src/arm_pkg) by extensions ['colcon_meta']
[2.265s] Level 1:colcon.colcon_core.package_identification:_identify(src/arm_pkg) by extension 'colcon_meta'
[2.265s] Level 1:colcon.colcon_core.package_identification:_identify(src/arm_pkg) by extensions ['ros']
[2.265s] Level 1:colcon.colcon_core.package_identification:_identify(src/arm_pkg) by extension 'ros'
[2.275s] DEBUG:colcon.colcon_core.package_identification:Package 'src/arm_pkg' with type 'ros.ament_python' and name 'arm_pkg'
[2.275s] Level 1:colcon.colcon_core.package_identification:_identify(src/bridge_commands) by extensions ['ignore', 'ignore_ament_install']
[2.275s] Level 1:colcon.colcon_core.package_identification:_identify(src/bridge_commands) by extension 'ignore'
[2.275s] Level 1:colcon.colcon_core.package_identification:_identify(src/bridge_commands) by extension 'ignore_ament_install'
[2.275s] Level 1:colcon.colcon_core.package_identification:_identify(src/bridge_commands) by extensions ['colcon_pkg']
[2.276s] Level 1:colcon.colcon_core.package_identification:_identify(src/bridge_commands) by extension 'colcon_pkg'
[2.276s] Level 1:colcon.colcon_core.package_identification:_identify(src/bridge_commands) by extensions ['colcon_meta']
[2.276s] Level 1:colcon.colcon_core.package_identification:_identify(src/bridge_commands) by extension 'colcon_meta'
[2.276s] Level 1:colcon.colcon_core.package_identification:_identify(src/bridge_commands) by extensions ['ros']
[2.276s] Level 1:colcon.colcon_core.package_identification:_identify(src/bridge_commands) by extension 'ros'
[2.276s] Level 1:colcon.colcon_core.package_identification:_identify(src/bridge_commands) by extensions ['cmake', 'python']
[2.276s] Level 1:colcon.colcon_core.package_identification:_identify(src/bridge_commands) by extension 'cmake'
[2.276s] Level 1:colcon.colcon_core.package_identification:_identify(src/bridge_commands) by extension 'python'
[2.276s] Level 1:colcon.colcon_core.package_identification:_identify(src/bridge_commands) by extensions ['python_setup_py']
[2.277s] Level 1:colcon.colcon_core.package_identification:_identify(src/bridge_commands) by extension 'python_setup_py'
[2.277s] Level 1:colcon.colcon_core.package_identification:_identify(src/dual_arm_control_pkg) by extensions ['ignore', 'ignore_ament_install']
[2.277s] Level 1:colcon.colcon_core.package_identification:_identify(src/dual_arm_control_pkg) by extension 'ignore'
[2.277s] Level 1:colcon.colcon_core.package_identification:_identify(src/dual_arm_control_pkg) by extension 'ignore_ament_install'
[2.277s] Level 1:colcon.colcon_core.package_identification:_identify(src/dual_arm_control_pkg) by extensions ['colcon_pkg']
[2.277s] Level 1:colcon.colcon_core.package_identification:_identify(src/dual_arm_control_pkg) by extension 'colcon_pkg'
[2.277s] Level 1:colcon.colcon_core.package_identification:_identify(src/dual_arm_control_pkg) by extensions ['colcon_meta']
[2.277s] Level 1:colcon.colcon_core.package_identification:_identify(src/dual_arm_control_pkg) by extension 'colcon_meta'
[2.278s] Level 1:colcon.colcon_core.package_identification:_identify(src/dual_arm_control_pkg) by extensions ['ros']
[2.278s] Level 1:colcon.colcon_core.package_identification:_identify(src/dual_arm_control_pkg) by extension 'ros'
[2.280s] DEBUG:colcon.colcon_core.package_identification:Package 'src/dual_arm_control_pkg' with type 'ros.ament_python' and name 'dual_arm_control_pkg'
[2.280s] Level 1:colcon.colcon_core.package_identification:_identify(src/models) by extensions ['ignore', 'ignore_ament_install']
[2.280s] Level 1:colcon.colcon_core.package_identification:_identify(src/models) by extension 'ignore'
[2.280s] Level 1:colcon.colcon_core.package_identification:_identify(src/models) by extension 'ignore_ament_install'
[2.280s] Level 1:colcon.colcon_core.package_identification:_identify(src/models) by extensions ['colcon_pkg']
[2.280s] Level 1:colcon.colcon_core.package_identification:_identify(src/models) by extension 'colcon_pkg'
[2.281s] Level 1:colcon.colcon_core.package_identification:_identify(src/models) by extensions ['colcon_meta']
[2.281s] Level 1:colcon.colcon_core.package_identification:_identify(src/models) by extension 'colcon_meta'
[2.281s] Level 1:colcon.colcon_core.package_identification:_identify(src/models) by extensions ['ros']
[2.281s] Level 1:colcon.colcon_core.package_identification:_identify(src/models) by extension 'ros'
[2.281s] Level 1:colcon.colcon_core.package_identification:_identify(src/models) by extensions ['cmake', 'python']
[2.281s] Level 1:colcon.colcon_core.package_identification:_identify(src/models) by extension 'cmake'
[2.281s] Level 1:colcon.colcon_core.package_identification:_identify(src/models) by extension 'python'
[2.281s] Level 1:colcon.colcon_core.package_identification:_identify(src/models) by extensions ['python_setup_py']
[2.281s] Level 1:colcon.colcon_core.package_identification:_identify(src/models) by extension 'python_setup_py'
[2.282s] Level 1:colcon.colcon_core.package_identification:_identify(src/sdf_files) by extensions ['ignore', 'ignore_ament_install']
[2.282s] Level 1:colcon.colcon_core.package_identification:_identify(src/sdf_files) by extension 'ignore'
[2.282s] Level 1:colcon.colcon_core.package_identification:_identify(src/sdf_files) by extension 'ignore_ament_install'
[2.282s] Level 1:colcon.colcon_core.package_identification:_identify(src/sdf_files) by extensions ['colcon_pkg']
[2.282s] Level 1:colcon.colcon_core.package_identification:_identify(src/sdf_files) by extension 'colcon_pkg'
[2.282s] Level 1:colcon.colcon_core.package_identification:_identify(src/sdf_files) by extensions ['colcon_meta']
[2.282s] Level 1:colcon.colcon_core.package_identification:_identify(src/sdf_files) by extension 'colcon_meta'
[2.282s] Level 1:colcon.colcon_core.package_identification:_identify(src/sdf_files) by extensions ['ros']
[2.283s] Level 1:colcon.colcon_core.package_identification:_identify(src/sdf_files) by extension 'ros'
[2.283s] Level 1:colcon.colcon_core.package_identification:_identify(src/sdf_files) by extensions ['cmake', 'python']
[2.283s] Level 1:colcon.colcon_core.package_identification:_identify(src/sdf_files) by extension 'cmake'
[2.283s] Level 1:colcon.colcon_core.package_identification:_identify(src/sdf_files) by extension 'python'
[2.283s] Level 1:colcon.colcon_core.package_identification:_identify(src/sdf_files) by extensions ['python_setup_py']
[2.283s] Level 1:colcon.colcon_core.package_identification:_identify(src/sdf_files) by extension 'python_setup_py'
[2.283s] Level 1:colcon.colcon_core.package_identification:_identify(src/sdf_files/example) by extensions ['ignore', 'ignore_ament_install']
[2.284s] Level 1:colcon.colcon_core.package_identification:_identify(src/sdf_files/example) by extension 'ignore'
[2.284s] Level 1:colcon.colcon_core.package_identification:_identify(src/sdf_files/example) by extension 'ignore_ament_install'
[2.284s] Level 1:colcon.colcon_core.package_identification:_identify(src/sdf_files/example) by extensions ['colcon_pkg']
[2.284s] Level 1:colcon.colcon_core.package_identification:_identify(src/sdf_files/example) by extension 'colcon_pkg'
[2.284s] Level 1:colcon.colcon_core.package_identification:_identify(src/sdf_files/example) by extensions ['colcon_meta']
[2.284s] Level 1:colcon.colcon_core.package_identification:_identify(src/sdf_files/example) by extension 'colcon_meta'
[2.284s] Level 1:colcon.colcon_core.package_identification:_identify(src/sdf_files/example) by extensions ['ros']
[2.284s] Level 1:colcon.colcon_core.package_identification:_identify(src/sdf_files/example) by extension 'ros'
[2.284s] Level 1:colcon.colcon_core.package_identification:_identify(src/sdf_files/example) by extensions ['cmake', 'python']
[2.284s] Level 1:colcon.colcon_core.package_identification:_identify(src/sdf_files/example) by extension 'cmake'
[2.285s] Level 1:colcon.colcon_core.package_identification:_identify(src/sdf_files/example) by extension 'python'
[2.285s] Level 1:colcon.colcon_core.package_identification:_identify(src/sdf_files/example) by extensions ['python_setup_py']
[2.285s] Level 1:colcon.colcon_core.package_identification:_identify(src/sdf_files/example) by extension 'python_setup_py'
[2.285s] Level 1:colcon.colcon_core.package_discovery:discover_packages(recursive) using defaults
[2.285s] Level 1:colcon.colcon_core.package_discovery:discover_packages(ignore) discover
[2.285s] Level 1:colcon.colcon_core.package_discovery:discover_packages(ignore) using defaults
[2.285s] Level 1:colcon.colcon_core.package_discovery:discover_packages(path) discover
[2.285s] Level 1:colcon.colcon_core.package_discovery:discover_packages(path) using defaults
[2.474s] Level 1:colcon.colcon_core.package_discovery:discover_packages(prefix_path) check parameters
[2.474s] Level 1:colcon.colcon_core.package_discovery:discover_packages(prefix_path) discover
[2.538s] DEBUG:colcon.colcon_installed_package_information.package_discovery:Found 279 installed packages in /opt/ros/humble
[2.542s] Level 1:colcon.colcon_core.package_discovery:discover_packages(prefix_path) using defaults
[2.767s] Level 5:colcon.colcon_core.verb:set package 'arm_pkg' build argument 'cmake_args' from command line to 'None'
[2.767s] Level 5:colcon.colcon_core.verb:set package 'arm_pkg' build argument 'cmake_target' from command line to 'None'
[2.767s] Level 5:colcon.colcon_core.verb:set package 'arm_pkg' build argument 'cmake_target_skip_unavailable' from command line to 'False'
[2.767s] Level 5:colcon.colcon_core.verb:set package 'arm_pkg' build argument 'cmake_clean_cache' from command line to 'False'
[2.767s] Level 5:colcon.colcon_core.verb:set package 'arm_pkg' build argument 'cmake_clean_first' from command line to 'False'
[2.767s] Level 5:colcon.colcon_core.verb:set package 'arm_pkg' build argument 'cmake_force_configure' from command line to 'False'
[2.767s] Level 5:colcon.colcon_core.verb:set package 'arm_pkg' build argument 'ament_cmake_args' from command line to 'None'
[2.767s] Level 5:colcon.colcon_core.verb:set package 'arm_pkg' build argument 'catkin_cmake_args' from command line to 'None'
[2.767s] Level 5:colcon.colcon_core.verb:set package 'arm_pkg' build argument 'catkin_skip_building_tests' from command line to 'False'
[2.768s] DEBUG:colcon.colcon_core.verb:Building package 'arm_pkg' with the following arguments: {'ament_cmake_args': None, 'build_base': '/home/kyu8/tfg/Simulation/build/arm_pkg', 'catkin_cmake_args': None, 'catkin_skip_building_tests': False, 'cmake_args': None, 'cmake_clean_cache': False, 'cmake_clean_first': False, 'cmake_force_configure': False, 'cmake_target': None, 'cmake_target_skip_unavailable': False, 'install_base': '/home/kyu8/tfg/Simulation/install/arm_pkg', 'merge_install': False, 'path': '/home/kyu8/tfg/Simulation/src/arm_pkg', 'symlink_install': False, 'test_result_base': None}
[2.800s] Level 5:colcon.colcon_core.verb:set package 'dual_arm_control_pkg' build argument 'cmake_args' from command line to 'None'
[2.800s] Level 5:colcon.colcon_core.verb:set package 'dual_arm_control_pkg' build argument 'cmake_target' from command line to 'None'
[2.800s] Level 5:colcon.colcon_core.verb:set package 'dual_arm_control_pkg' build argument 'cmake_target_skip_unavailable' from command line to 'False'
[2.800s] Level 5:colcon.colcon_core.verb:set package 'dual_arm_control_pkg' build argument 'cmake_clean_cache' from command line to 'False'
[2.800s] Level 5:colcon.colcon_core.verb:set package 'dual_arm_control_pkg' build argument 'cmake_clean_first' from command line to 'False'
[2.800s] Level 5:colcon.colcon_core.verb:set package 'dual_arm_control_pkg' build argument 'cmake_force_configure' from command line to 'False'
[2.800s] Level 5:colcon.colcon_core.verb:set package 'dual_arm_control_pkg' build argument 'ament_cmake_args' from command line to 'None'
[2.800s] Level 5:colcon.colcon_core.verb:set package 'dual_arm_control_pkg' build argument 'catkin_cmake_args' from command line to 'None'
[2.800s] Level 5:colcon.colcon_core.verb:set package 'dual_arm_control_pkg' build argument 'catkin_skip_building_tests' from command line to 'False'
[2.801s] DEBUG:colcon.colcon_core.verb:Building package 'dual_arm_control_pkg' with the following arguments: {'ament_cmake_args': None, 'build_base': '/home/kyu8/tfg/Simulation/build/dual_arm_control_pkg', 'catkin_cmake_args': None, 'catkin_skip_building_tests': False, 'cmake_args': None, 'cmake_clean_cache': False, 'cmake_clean_first': False, 'cmake_force_configure': False, 'cmake_target': None, 'cmake_target_skip_unavailable': False, 'install_base': '/home/kyu8/tfg/Simulation/install/dual_arm_control_pkg', 'merge_install': False, 'path': '/home/kyu8/tfg/Simulation/src/dual_arm_control_pkg', 'symlink_install': False, 'test_result_base': None}
[2.833s] INFO:colcon.colcon_core.executor:Executing jobs using 'parallel' executor
[2.864s] DEBUG:colcon.colcon_parallel_executor.executor.parallel:run_until_complete
[2.864s] INFO:colcon.colcon_ros.task.ament_python.build:Building ROS package in '/home/kyu8/tfg/Simulation/src/arm_pkg' with build type 'ament_python'
[2.865s] Level 1:colcon.colcon_core.shell:create_environment_hook('arm_pkg', 'ament_prefix_path')
[2.900s] INFO:colcon.colcon_core.plugin_system:Skipping extension 'colcon_core.shell.bat': Not used on non-Windows systems
[2.901s] INFO:colcon.colcon_core.shell:Creating environment hook '/home/kyu8/tfg/Simulation/install/arm_pkg/share/arm_pkg/hook/ament_prefix_path.ps1'
[2.903s] INFO:colcon.colcon_core.shell:Creating environment descriptor '/home/kyu8/tfg/Simulation/install/arm_pkg/share/arm_pkg/hook/ament_prefix_path.dsv'
[2.904s] INFO:colcon.colcon_core.shell:Creating environment hook '/home/kyu8/tfg/Simulation/install/arm_pkg/share/arm_pkg/hook/ament_prefix_path.sh'
[2.938s] INFO:colcon.colcon_core.shell:Skip shell extension 'powershell' for command environment: Not usable outside of PowerShell
[2.938s] DEBUG:colcon.colcon_core.shell:Skip shell extension 'dsv' for command environment
[3.014s] INFO:colcon.colcon_ros.task.ament_python.build:Building ROS package in '/home/kyu8/tfg/Simulation/src/dual_arm_control_pkg' with build type 'ament_python'
[3.015s] Level 1:colcon.colcon_core.shell:create_environment_hook('dual_arm_control_pkg', 'ament_prefix_path')
[3.049s] INFO:colcon.colcon_core.shell:Creating environment hook '/home/kyu8/tfg/Simulation/install/dual_arm_control_pkg/share/dual_arm_control_pkg/hook/ament_prefix_path.ps1'
[3.050s] INFO:colcon.colcon_core.shell:Creating environment descriptor '/home/kyu8/tfg/Simulation/install/dual_arm_control_pkg/share/dual_arm_control_pkg/hook/ament_prefix_path.dsv'
[3.050s] INFO:colcon.colcon_core.shell:Creating environment hook '/home/kyu8/tfg/Simulation/install/dual_arm_control_pkg/share/dual_arm_control_pkg/hook/ament_prefix_path.sh'
[3.083s] INFO:colcon.colcon_core.shell:Skip shell extension 'powershell' for command environment: Not usable outside of PowerShell
[3.084s] DEBUG:colcon.colcon_core.shell:Skip shell extension 'dsv' for command environment
[3.675s] INFO:colcon.colcon_core.task.python.build:Building Python package in '/home/kyu8/tfg/Simulation/src/arm_pkg'
[3.709s] INFO:colcon.colcon_core.shell:Skip shell extension 'powershell' for command environment: Not usable outside of PowerShell
[3.709s] DEBUG:colcon.colcon_core.shell:Skip shell extension 'dsv' for command environment
[4.297s] INFO:colcon.colcon_core.task.python.build:Building Python package in '/home/kyu8/tfg/Simulation/src/dual_arm_control_pkg'
[4.333s] INFO:colcon.colcon_core.shell:Skip shell extension 'powershell' for command environment: Not usable outside of PowerShell
[4.333s] DEBUG:colcon.colcon_core.shell:Skip shell extension 'dsv' for command environment
[5.130s] DEBUG:colcon.colcon_core.event_handler.log_command:Invoking command in '/home/kyu8/tfg/Simulation/src/dual_arm_control_pkg': PYTHONPATH=/home/kyu8/tfg/Simulation/build/dual_arm_control_pkg/prefix_override:/home/kyu8/tfg/Simulation/install/dual_arm_control_pkg/lib/python3.10/site-packages:${PYTHONPATH} /usr/bin/python3 setup.py egg_info --egg-base ../../build/dual_arm_control_pkg build --build-base /home/kyu8/tfg/Simulation/build/dual_arm_control_pkg/build install --record /home/kyu8/tfg/Simulation/build/dual_arm_control_pkg/install.log --single-version-externally-managed
[5.160s] DEBUG:colcon.colcon_core.event_handler.log_command:Invoking command in '/home/kyu8/tfg/Simulation/src/arm_pkg': PYTHONPATH=/home/kyu8/tfg/Simulation/build/arm_pkg/prefix_override:/home/kyu8/tfg/Simulation/install/arm_pkg/lib/python3.10/site-packages:${PYTHONPATH} /usr/bin/python3 setup.py egg_info --egg-base ../../build/arm_pkg build --build-base /home/kyu8/tfg/Simulation/build/arm_pkg/build install --record /home/kyu8/tfg/Simulation/build/arm_pkg/install.log --single-version-externally-managed
[5.715s] DEBUG:colcon.colcon_core.event_handler.log_command:Invoked command in '/home/kyu8/tfg/Simulation/src/dual_arm_control_pkg' returned '0': PYTHONPATH=/home/kyu8/tfg/Simulation/build/dual_arm_control_pkg/prefix_override:/home/kyu8/tfg/Simulation/install/dual_arm_control_pkg/lib/python3.10/site-packages:${PYTHONPATH} /usr/bin/python3 setup.py egg_info --egg-base ../../build/dual_arm_control_pkg build --build-base /home/kyu8/tfg/Simulation/build/dual_arm_control_pkg/build install --record /home/kyu8/tfg/Simulation/build/dual_arm_control_pkg/install.log --single-version-externally-managed
[5.747s] Level 1:colcon.colcon_core.environment:checking '/home/kyu8/tfg/Simulation/install/dual_arm_control_pkg' for CMake module files
[5.749s] Level 1:colcon.colcon_core.environment:checking '/home/kyu8/tfg/Simulation/install/dual_arm_control_pkg' for CMake config files
[5.750s] Level 1:colcon.colcon_core.shell:create_environment_hook('dual_arm_control_pkg', 'cmake_prefix_path')
[5.780s] INFO:colcon.colcon_core.shell:Creating environment hook '/home/kyu8/tfg/Simulation/install/dual_arm_control_pkg/share/dual_arm_control_pkg/hook/cmake_prefix_path.ps1'
[5.781s] INFO:colcon.colcon_core.shell:Creating environment descriptor '/home/kyu8/tfg/Simulation/install/dual_arm_control_pkg/share/dual_arm_control_pkg/hook/cmake_prefix_path.dsv'
[5.782s] INFO:colcon.colcon_core.shell:Creating environment hook '/home/kyu8/tfg/Simulation/install/dual_arm_control_pkg/share/dual_arm_control_pkg/hook/cmake_prefix_path.sh'
[5.783s] Level 1:colcon.colcon_core.environment:checking '/home/kyu8/tfg/Simulation/install/dual_arm_control_pkg/lib'
[5.783s] Level 1:colcon.colcon_core.environment:checking '/home/kyu8/tfg/Simulation/install/dual_arm_control_pkg/bin'
[5.783s] Level 1:colcon.colcon_core.environment:checking '/home/kyu8/tfg/Simulation/install/dual_arm_control_pkg/lib/pkgconfig/dual_arm_control_pkg.pc'
[5.783s] Level 1:colcon.colcon_core.environment:checking '/home/kyu8/tfg/Simulation/install/dual_arm_control_pkg/lib/python3.10/site-packages'
[5.784s] Level 1:colcon.colcon_core.shell:create_environment_hook('dual_arm_control_pkg', 'pythonpath')
[5.812s] INFO:colcon.colcon_core.shell:Creating environment hook '/home/kyu8/tfg/Simulation/install/dual_arm_control_pkg/share/dual_arm_control_pkg/hook/pythonpath.ps1'
[5.813s] INFO:colcon.colcon_core.shell:Creating environment descriptor '/home/kyu8/tfg/Simulation/install/dual_arm_control_pkg/share/dual_arm_control_pkg/hook/pythonpath.dsv'
[5.814s] INFO:colcon.colcon_core.shell:Creating environment hook '/home/kyu8/tfg/Simulation/install/dual_arm_control_pkg/share/dual_arm_control_pkg/hook/pythonpath.sh'
[5.815s] Level 1:colcon.colcon_core.environment:checking '/home/kyu8/tfg/Simulation/install/dual_arm_control_pkg/bin'
[5.815s] Level 1:colcon.colcon_core.environment:create_environment_scripts_only(dual_arm_control_pkg)
[5.849s] INFO:colcon.colcon_core.shell:Creating package script '/home/kyu8/tfg/Simulation/install/dual_arm_control_pkg/share/dual_arm_control_pkg/package.ps1'
[5.852s] INFO:colcon.colcon_core.shell:Creating package descriptor '/home/kyu8/tfg/Simulation/install/dual_arm_control_pkg/share/dual_arm_control_pkg/package.dsv'
[5.853s] INFO:colcon.colcon_core.shell:Creating package script '/home/kyu8/tfg/Simulation/install/dual_arm_control_pkg/share/dual_arm_control_pkg/package.sh'
[5.856s] INFO:colcon.colcon_core.shell:Creating package script '/home/kyu8/tfg/Simulation/install/dual_arm_control_pkg/share/dual_arm_control_pkg/package.bash'
[5.858s] INFO:colcon.colcon_core.shell:Creating package script '/home/kyu8/tfg/Simulation/install/dual_arm_control_pkg/share/dual_arm_control_pkg/package.zsh'
[5.860s] Level 1:colcon.colcon_core.environment:create_file_with_runtime_dependencies(/home/kyu8/tfg/Simulation/install/dual_arm_control_pkg/share/colcon-core/packages/dual_arm_control_pkg)
[5.865s] DEBUG:colcon.colcon_core.event_handler.log_command:Invoked command in '/home/kyu8/tfg/Simulation/src/arm_pkg' returned '0': PYTHONPATH=/home/kyu8/tfg/Simulation/build/arm_pkg/prefix_override:/home/kyu8/tfg/Simulation/install/arm_pkg/lib/python3.10/site-packages:${PYTHONPATH} /usr/bin/python3 setup.py egg_info --egg-base ../../build/arm_pkg build --build-base /home/kyu8/tfg/Simulation/build/arm_pkg/build install --record /home/kyu8/tfg/Simulation/build/arm_pkg/install.log --single-version-externally-managed
[5.894s] Level 1:colcon.colcon_core.environment:checking '/home/kyu8/tfg/Simulation/install/arm_pkg' for CMake module files
[5.895s] Level 1:colcon.colcon_core.environment:checking '/home/kyu8/tfg/Simulation/install/arm_pkg' for CMake config files
[5.896s] Level 1:colcon.colcon_core.environment:checking '/home/kyu8/tfg/Simulation/install/arm_pkg/lib'
[5.897s] Level 1:colcon.colcon_core.environment:checking '/home/kyu8/tfg/Simulation/install/arm_pkg/bin'
[5.897s] Level 1:colcon.colcon_core.environment:checking '/home/kyu8/tfg/Simulation/install/arm_pkg/lib/pkgconfig/arm_pkg.pc'
[5.897s] Level 1:colcon.colcon_core.environment:checking '/home/kyu8/tfg/Simulation/install/arm_pkg/lib/python3.10/site-packages'
[5.897s] Level 1:colcon.colcon_core.shell:create_environment_hook('arm_pkg', 'pythonpath')
[5.937s] INFO:colcon.colcon_core.shell:Creating environment hook '/home/kyu8/tfg/Simulation/install/arm_pkg/share/arm_pkg/hook/pythonpath.ps1'
[5.938s] INFO:colcon.colcon_core.shell:Creating environment descriptor '/home/kyu8/tfg/Simulation/install/arm_pkg/share/arm_pkg/hook/pythonpath.dsv'
[5.939s] INFO:colcon.colcon_core.shell:Creating environment hook '/home/kyu8/tfg/Simulation/install/arm_pkg/share/arm_pkg/hook/pythonpath.sh'
[5.941s] Level 1:colcon.colcon_core.environment:checking '/home/kyu8/tfg/Simulation/install/arm_pkg/bin'
[5.941s] Level 1:colcon.colcon_core.environment:create_environment_scripts_only(arm_pkg)
[5.972s] INFO:colcon.colcon_core.shell:Creating package script '/home/kyu8/tfg/Simulation/install/arm_pkg/share/arm_pkg/package.ps1'
[5.973s] INFO:colcon.colcon_core.shell:Creating package descriptor '/home/kyu8/tfg/Simulation/install/arm_pkg/share/arm_pkg/package.dsv'
[5.974s] INFO:colcon.colcon_core.shell:Creating package script '/home/kyu8/tfg/Simulation/install/arm_pkg/share/arm_pkg/package.sh'
[5.975s] INFO:colcon.colcon_core.shell:Creating package script '/home/kyu8/tfg/Simulation/install/arm_pkg/share/arm_pkg/package.bash'
[5.975s] INFO:colcon.colcon_core.shell:Creating package script '/home/kyu8/tfg/Simulation/install/arm_pkg/share/arm_pkg/package.zsh'
[5.976s] Level 1:colcon.colcon_core.environment:create_file_with_runtime_dependencies(/home/kyu8/tfg/Simulation/install/arm_pkg/share/colcon-core/packages/arm_pkg)
[5.976s] DEBUG:colcon.colcon_parallel_executor.executor.parallel:closing loop
[5.976s] DEBUG:colcon.colcon_parallel_executor.executor.parallel:loop closed
[5.976s] DEBUG:colcon.colcon_parallel_executor.executor.parallel:run_until_complete finished with '0'
[5.977s] DEBUG:colcon.colcon_core.event_reactor:joining thread
[6.016s] INFO:colcon.colcon_core.plugin_system:Skipping extension 'colcon_notification.desktop_notification.terminal_notifier': Not used on non-Darwin systems
[6.016s] INFO:colcon.colcon_core.plugin_system:Skipping extension 'colcon_notification.desktop_notification.win32': Not used on non-Windows systems
[6.017s] INFO:colcon.colcon_notification.desktop_notification:Sending desktop notification using 'notify2'
[6.036s] DEBUG:colcon.colcon_core.event_reactor:joined thread
[6.068s] INFO:colcon.colcon_core.shell:Creating prefix script '/home/kyu8/tfg/Simulation/install/local_setup.ps1'
[6.071s] INFO:colcon.colcon_core.shell:Creating prefix util module '/home/kyu8/tfg/Simulation/install/_local_setup_util_ps1.py'
[6.074s] INFO:colcon.colcon_core.shell:Creating prefix chain script '/home/kyu8/tfg/Simulation/install/setup.ps1'
[6.107s] INFO:colcon.colcon_core.shell:Creating prefix script '/home/kyu8/tfg/Simulation/install/local_setup.sh'
[6.108s] INFO:colcon.colcon_core.shell:Creating prefix util module '/home/kyu8/tfg/Simulation/install/_local_setup_util_sh.py'
[6.109s] INFO:colcon.colcon_core.shell:Creating prefix chain script '/home/kyu8/tfg/Simulation/install/setup.sh'
[6.142s] INFO:colcon.colcon_core.shell:Creating prefix script '/home/kyu8/tfg/Simulation/install/local_setup.bash'
[6.143s] INFO:colcon.colcon_core.shell:Creating prefix chain script '/home/kyu8/tfg/Simulation/install/setup.bash'
[6.174s] INFO:colcon.colcon_core.shell:Creating prefix script '/home/kyu8/tfg/Simulation/install/local_setup.zsh'
[6.175s] INFO:colcon.colcon_core.shell:Creating prefix chain script '/home/kyu8/tfg/Simulation/install/setup.zsh'
