[1.501s] Invoking command in '/home/kyu8/tfg/Simulation/src/arm_pkg': PYTHONPATH=/home/kyu8/tfg/build/arm_pkg/prefix_override:/home/kyu8/tfg/install/arm_pkg/lib/python3.10/site-packages:${PYTHONPATH} /usr/bin/python3 setup.py egg_info --egg-base ../../../build/arm_pkg build --build-base /home/kyu8/tfg/build/arm_pkg/build install --record /home/kyu8/tfg/build/arm_pkg/install.log --single-version-externally-managed
[1.816s] running egg_info
[1.817s] writing ../../../build/arm_pkg/arm_pkg.egg-info/PKG-INFO
[1.817s] writing dependency_links to ../../../build/arm_pkg/arm_pkg.egg-info/dependency_links.txt
[1.817s] writing entry points to ../../../build/arm_pkg/arm_pkg.egg-info/entry_points.txt
[1.817s] writing requirements to ../../../build/arm_pkg/arm_pkg.egg-info/requires.txt
[1.817s] writing top-level names to ../../../build/arm_pkg/arm_pkg.egg-info/top_level.txt
[1.820s] reading manifest file '../../../build/arm_pkg/arm_pkg.egg-info/SOURCES.txt'
[1.822s] writing manifest file '../../../build/arm_pkg/arm_pkg.egg-info/SOURCES.txt'
[1.822s] running build
[1.822s] running build_py
[1.823s] copying arm_pkg/drl/training_loop.py -> /home/kyu8/tfg/build/arm_pkg/build/lib/arm_pkg/drl
[1.824s] running install
[1.825s] /usr/lib/python3/dist-packages/setuptools/command/install.py:34: SetuptoolsDeprecationWarning: setup.py install is deprecated. Use build and pip and other standards-based tools.
[1.825s]   warnings.warn(
[1.825s] running install_lib
[1.826s] copying /home/kyu8/tfg/build/arm_pkg/build/lib/arm_pkg/drl/training_loop.py -> /home/kyu8/tfg/install/arm_pkg/lib/python3.10/site-packages/arm_pkg/drl
[1.832s] byte-compiling /home/kyu8/tfg/install/arm_pkg/lib/python3.10/site-packages/arm_pkg/drl/training_loop.py to training_loop.cpython-310.pyc
[1.835s] running install_data
[1.835s] running install_egg_info
[1.837s] removing '/home/kyu8/tfg/install/arm_pkg/lib/python3.10/site-packages/arm_pkg-0.0.0-py3.10.egg-info' (and everything under it)
[1.837s] Copying ../../../build/arm_pkg/arm_pkg.egg-info to /home/kyu8/tfg/install/arm_pkg/lib/python3.10/site-packages/arm_pkg-0.0.0-py3.10.egg-info
[1.838s] running install_scripts
[1.868s] Installing controller script to /home/kyu8/tfg/install/arm_pkg/lib/arm_pkg
[1.868s] Installing ddpg script to /home/kyu8/tfg/install/arm_pkg/lib/arm_pkg
[1.869s] Installing gripper_test script to /home/kyu8/tfg/install/arm_pkg/lib/arm_pkg
[1.871s] Installing listener script to /home/kyu8/tfg/install/arm_pkg/lib/arm_pkg
[1.871s] Installing processor script to /home/kyu8/tfg/install/arm_pkg/lib/arm_pkg
[1.871s] Installing reset_controller script to /home/kyu8/tfg/install/arm_pkg/lib/arm_pkg
[1.871s] Installing reward_function script to /home/kyu8/tfg/install/arm_pkg/lib/arm_pkg
[1.871s] Installing robots_state script to /home/kyu8/tfg/install/arm_pkg/lib/arm_pkg
[1.871s] Installing sac script to /home/kyu8/tfg/install/arm_pkg/lib/arm_pkg
[1.871s] Installing state_test script to /home/kyu8/tfg/install/arm_pkg/lib/arm_pkg
[1.871s] Installing storage script to /home/kyu8/tfg/install/arm_pkg/lib/arm_pkg
[1.871s] Installing training script to /home/kyu8/tfg/install/arm_pkg/lib/arm_pkg
[1.871s] writing list of installed files to '/home/kyu8/tfg/build/arm_pkg/install.log'
[1.992s] Invoked command in '/home/kyu8/tfg/Simulation/src/arm_pkg' returned '0': PYTHONPATH=/home/kyu8/tfg/build/arm_pkg/prefix_override:/home/kyu8/tfg/install/arm_pkg/lib/python3.10/site-packages:${PYTHONPATH} /usr/bin/python3 setup.py egg_info --egg-base ../../../build/arm_pkg build --build-base /home/kyu8/tfg/build/arm_pkg/build install --record /home/kyu8/tfg/build/arm_pkg/install.log --single-version-externally-managed
