[1.628s] Invoking command in '/home/kyu8/tfg/Simulation/src/arm_pkg': PYTHONPATH=/home/kyu8/tfg/build/arm_pkg/prefix_override:/home/kyu8/tfg/install/arm_pkg/lib/python3.10/site-packages:${PYTHONPATH} /usr/bin/python3 setup.py egg_info --egg-base ../../../build/arm_pkg build --build-base /home/kyu8/tfg/build/arm_pkg/build install --record /home/kyu8/tfg/build/arm_pkg/install.log --single-version-externally-managed
[1.949s] running egg_info
[1.950s] writing ../../../build/arm_pkg/arm_pkg.egg-info/PKG-INFO
[1.951s] writing dependency_links to ../../../build/arm_pkg/arm_pkg.egg-info/dependency_links.txt
[1.951s] writing entry points to ../../../build/arm_pkg/arm_pkg.egg-info/entry_points.txt
[1.951s] writing requirements to ../../../build/arm_pkg/arm_pkg.egg-info/requires.txt
[1.951s] writing top-level names to ../../../build/arm_pkg/arm_pkg.egg-info/top_level.txt
[1.954s] reading manifest file '../../../build/arm_pkg/arm_pkg.egg-info/SOURCES.txt'
[1.956s] writing manifest file '../../../build/arm_pkg/arm_pkg.egg-info/SOURCES.txt'
[1.957s] running build
[1.957s] running build_py
[1.958s] copying arm_pkg/drl/ddpg.py -> /home/kyu8/tfg/build/arm_pkg/build/lib/arm_pkg/drl
[1.958s] copying arm_pkg/drl/rosdata.py -> /home/kyu8/tfg/build/arm_pkg/build/lib/arm_pkg/drl
[1.958s] copying arm_pkg/drl/training_loop.py -> /home/kyu8/tfg/build/arm_pkg/build/lib/arm_pkg/drl
[1.958s] copying arm_pkg/drl/configuration.py -> /home/kyu8/tfg/build/arm_pkg/build/lib/arm_pkg/drl
[1.959s] running install
[1.959s] /usr/lib/python3/dist-packages/setuptools/command/install.py:34: SetuptoolsDeprecationWarning: setup.py install is deprecated. Use build and pip and other standards-based tools.
[1.960s]   warnings.warn(
[1.960s] running install_lib
[1.961s] copying /home/kyu8/tfg/build/arm_pkg/build/lib/arm_pkg/drl/ddpg.py -> /home/kyu8/tfg/install/arm_pkg/lib/python3.10/site-packages/arm_pkg/drl
[1.962s] copying /home/kyu8/tfg/build/arm_pkg/build/lib/arm_pkg/drl/rosdata.py -> /home/kyu8/tfg/install/arm_pkg/lib/python3.10/site-packages/arm_pkg/drl
[1.962s] copying /home/kyu8/tfg/build/arm_pkg/build/lib/arm_pkg/drl/training_loop.py -> /home/kyu8/tfg/install/arm_pkg/lib/python3.10/site-packages/arm_pkg/drl
[1.962s] copying /home/kyu8/tfg/build/arm_pkg/build/lib/arm_pkg/drl/configuration.py -> /home/kyu8/tfg/install/arm_pkg/lib/python3.10/site-packages/arm_pkg/drl
[1.967s] byte-compiling /home/kyu8/tfg/install/arm_pkg/lib/python3.10/site-packages/arm_pkg/drl/ddpg.py to ddpg.cpython-310.pyc
[1.967s] byte-compiling /home/kyu8/tfg/install/arm_pkg/lib/python3.10/site-packages/arm_pkg/drl/rosdata.py to rosdata.cpython-310.pyc
[1.968s] byte-compiling /home/kyu8/tfg/install/arm_pkg/lib/python3.10/site-packages/arm_pkg/drl/training_loop.py to training_loop.cpython-310.pyc
[1.968s] byte-compiling /home/kyu8/tfg/install/arm_pkg/lib/python3.10/site-packages/arm_pkg/drl/configuration.py to configuration.cpython-310.pyc
[1.969s] running install_data
[1.970s] running install_egg_info
[1.978s] removing '/home/kyu8/tfg/install/arm_pkg/lib/python3.10/site-packages/arm_pkg-0.0.0-py3.10.egg-info' (and everything under it)
[1.978s] Copying ../../../build/arm_pkg/arm_pkg.egg-info to /home/kyu8/tfg/install/arm_pkg/lib/python3.10/site-packages/arm_pkg-0.0.0-py3.10.egg-info
[1.978s] running install_scripts
[2.003s] Installing controller script to /home/kyu8/tfg/install/arm_pkg/lib/arm_pkg
[2.004s] Installing ddpg script to /home/kyu8/tfg/install/arm_pkg/lib/arm_pkg
[2.004s] Installing gripper_test script to /home/kyu8/tfg/install/arm_pkg/lib/arm_pkg
[2.005s] Installing listener script to /home/kyu8/tfg/install/arm_pkg/lib/arm_pkg
[2.005s] Installing processor script to /home/kyu8/tfg/install/arm_pkg/lib/arm_pkg
[2.005s] Installing reset_controller script to /home/kyu8/tfg/install/arm_pkg/lib/arm_pkg
[2.005s] Installing reward_function script to /home/kyu8/tfg/install/arm_pkg/lib/arm_pkg
[2.005s] Installing robots_state script to /home/kyu8/tfg/install/arm_pkg/lib/arm_pkg
[2.005s] Installing sac script to /home/kyu8/tfg/install/arm_pkg/lib/arm_pkg
[2.005s] Installing state_test script to /home/kyu8/tfg/install/arm_pkg/lib/arm_pkg
[2.005s] Installing storage script to /home/kyu8/tfg/install/arm_pkg/lib/arm_pkg
[2.005s] Installing training script to /home/kyu8/tfg/install/arm_pkg/lib/arm_pkg
[2.007s] writing list of installed files to '/home/kyu8/tfg/build/arm_pkg/install.log'
[2.062s] Invoked command in '/home/kyu8/tfg/Simulation/src/arm_pkg' returned '0': PYTHONPATH=/home/kyu8/tfg/build/arm_pkg/prefix_override:/home/kyu8/tfg/install/arm_pkg/lib/python3.10/site-packages:${PYTHONPATH} /usr/bin/python3 setup.py egg_info --egg-base ../../../build/arm_pkg build --build-base /home/kyu8/tfg/build/arm_pkg/build install --record /home/kyu8/tfg/build/arm_pkg/install.log --single-version-externally-managed
