[1.486s] Invoking command in '/home/kyu8/tfg/rwork/src/arm_pkg': PYTHONPATH=/home/kyu8/tfg/rwork/build/arm_pkg/prefix_override:/home/kyu8/tfg/rwork/install/arm_pkg/lib/python3.10/site-packages:${PYTHONPATH} /usr/bin/python3 setup.py egg_info --egg-base ../../build/arm_pkg build --build-base /home/kyu8/tfg/rwork/build/arm_pkg/build install --record /home/kyu8/tfg/rwork/build/arm_pkg/install.log --single-version-externally-managed
[1.971s] running egg_info
[1.973s] writing ../../build/arm_pkg/arm_pkg.egg-info/PKG-INFO
[1.973s] writing dependency_links to ../../build/arm_pkg/arm_pkg.egg-info/dependency_links.txt
[1.974s] writing entry points to ../../build/arm_pkg/arm_pkg.egg-info/entry_points.txt
[1.974s] writing requirements to ../../build/arm_pkg/arm_pkg.egg-info/requires.txt
[1.974s] writing top-level names to ../../build/arm_pkg/arm_pkg.egg-info/top_level.txt
[1.978s] reading manifest file '../../build/arm_pkg/arm_pkg.egg-info/SOURCES.txt'
[1.980s] writing manifest file '../../build/arm_pkg/arm_pkg.egg-info/SOURCES.txt'
[1.981s] running build
[1.981s] running build_py
[1.981s] copying arm_pkg/state_test.py -> /home/kyu8/tfg/rwork/build/arm_pkg/build/lib/arm_pkg
[1.982s] copying arm_pkg/state.py -> /home/kyu8/tfg/rwork/build/arm_pkg/build/lib/arm_pkg
[1.983s] running install
[1.983s] /usr/lib/python3/dist-packages/setuptools/command/install.py:34: SetuptoolsDeprecationWarning: setup.py install is deprecated. Use build and pip and other standards-based tools.
[1.983s]   warnings.warn(
[1.983s] running install_lib
[1.985s] copying /home/kyu8/tfg/rwork/build/arm_pkg/build/lib/arm_pkg/state_test.py -> /home/kyu8/tfg/rwork/install/arm_pkg/lib/python3.10/site-packages/arm_pkg
[1.986s] copying /home/kyu8/tfg/rwork/build/arm_pkg/build/lib/arm_pkg/state.py -> /home/kyu8/tfg/rwork/install/arm_pkg/lib/python3.10/site-packages/arm_pkg
[1.987s] byte-compiling /home/kyu8/tfg/rwork/install/arm_pkg/lib/python3.10/site-packages/arm_pkg/distributed.py to distributed.cpython-310.pyc
[1.987s]   File "/home/kyu8/tfg/rwork/install/arm_pkg/lib/python3.10/site-packages/arm_pkg/distributed.py", line 2
[1.987s]     import JointStateListener from joint_listener.py
[1.987s]                               ^^^^
[1.987s] SyntaxError: invalid syntax
[1.988s] 
[1.988s] byte-compiling /home/kyu8/tfg/rwork/install/arm_pkg/lib/python3.10/site-packages/arm_pkg/state_test.py to state_test.cpython-310.pyc
[1.988s] byte-compiling /home/kyu8/tfg/rwork/install/arm_pkg/lib/python3.10/site-packages/arm_pkg/state.py to state.cpython-310.pyc
[1.990s] running install_data
[1.991s] running install_egg_info
[1.993s] removing '/home/kyu8/tfg/rwork/install/arm_pkg/lib/python3.10/site-packages/arm_pkg-0.0.0-py3.10.egg-info' (and everything under it)
[1.994s] Copying ../../build/arm_pkg/arm_pkg.egg-info to /home/kyu8/tfg/rwork/install/arm_pkg/lib/python3.10/site-packages/arm_pkg-0.0.0-py3.10.egg-info
[1.996s] running install_scripts
[2.037s] Installing controller script to /home/kyu8/tfg/rwork/install/arm_pkg/lib/arm_pkg
[2.038s] Installing gripper_test script to /home/kyu8/tfg/rwork/install/arm_pkg/lib/arm_pkg
[2.038s] Installing listener script to /home/kyu8/tfg/rwork/install/arm_pkg/lib/arm_pkg
[2.038s] Installing processor script to /home/kyu8/tfg/rwork/install/arm_pkg/lib/arm_pkg
[2.038s] Installing state script to /home/kyu8/tfg/rwork/install/arm_pkg/lib/arm_pkg
[2.039s] Installing state_test script to /home/kyu8/tfg/rwork/install/arm_pkg/lib/arm_pkg
[2.039s] Installing storage script to /home/kyu8/tfg/rwork/install/arm_pkg/lib/arm_pkg
[2.040s] writing list of installed files to '/home/kyu8/tfg/rwork/build/arm_pkg/install.log'
[2.094s] Invoked command in '/home/kyu8/tfg/rwork/src/arm_pkg' returned '0': PYTHONPATH=/home/kyu8/tfg/rwork/build/arm_pkg/prefix_override:/home/kyu8/tfg/rwork/install/arm_pkg/lib/python3.10/site-packages:${PYTHONPATH} /usr/bin/python3 setup.py egg_info --egg-base ../../build/arm_pkg build --build-base /home/kyu8/tfg/rwork/build/arm_pkg/build install --record /home/kyu8/tfg/rwork/build/arm_pkg/install.log --single-version-externally-managed
