[0.916s] Invoking command in '/home/kyu8/tfg/rwork/src/arm_pkg': PYTHONPATH=/home/kyu8/tfg/rwork/build/arm_pkg/prefix_override:/home/kyu8/tfg/rwork/install/arm_pkg/lib/python3.10/site-packages:${PYTHONPATH} /usr/bin/python3 setup.py egg_info --egg-base ../../build/arm_pkg build --build-base /home/kyu8/tfg/rwork/build/arm_pkg/build install --record /home/kyu8/tfg/rwork/build/arm_pkg/install.log --single-version-externally-managed
[1.194s] running egg_info
[1.194s] writing ../../build/arm_pkg/arm_pkg.egg-info/PKG-INFO
[1.195s] writing dependency_links to ../../build/arm_pkg/arm_pkg.egg-info/dependency_links.txt
[1.195s] writing entry points to ../../build/arm_pkg/arm_pkg.egg-info/entry_points.txt
[1.195s] writing requirements to ../../build/arm_pkg/arm_pkg.egg-info/requires.txt
[1.195s] writing top-level names to ../../build/arm_pkg/arm_pkg.egg-info/top_level.txt
[1.199s] reading manifest file '../../build/arm_pkg/arm_pkg.egg-info/SOURCES.txt'
[1.201s] writing manifest file '../../build/arm_pkg/arm_pkg.egg-info/SOURCES.txt'
[1.202s] running build
[1.202s] running build_py
[1.202s] copying arm_pkg/robots_state.py -> /home/kyu8/tfg/rwork/build/arm_pkg/build/lib/arm_pkg
[1.203s] running install
[1.203s] /usr/lib/python3/dist-packages/setuptools/command/install.py:34: SetuptoolsDeprecationWarning: setup.py install is deprecated. Use build and pip and other standards-based tools.
[1.203s]   warnings.warn(
[1.203s] running install_lib
[1.205s] copying /home/kyu8/tfg/rwork/build/arm_pkg/build/lib/arm_pkg/robots_state.py -> /home/kyu8/tfg/rwork/install/arm_pkg/lib/python3.10/site-packages/arm_pkg
[1.205s] byte-compiling /home/kyu8/tfg/rwork/install/arm_pkg/lib/python3.10/site-packages/arm_pkg/distributed.py to distributed.cpython-310.pyc
[1.206s]   File "/home/kyu8/tfg/rwork/install/arm_pkg/lib/python3.10/site-packages/arm_pkg/distributed.py", line 2
[1.206s]     import JointStateListener from joint_listener.py
[1.206s]                               ^^^^
[1.206s] SyntaxError: invalid syntax
[1.206s] 
[1.206s] byte-compiling /home/kyu8/tfg/rwork/install/arm_pkg/lib/python3.10/site-packages/arm_pkg/robots_state.py to robots_state.cpython-310.pyc
[1.207s] running install_data
[1.208s] running install_egg_info
[1.210s] removing '/home/kyu8/tfg/rwork/install/arm_pkg/lib/python3.10/site-packages/arm_pkg-0.0.0-py3.10.egg-info' (and everything under it)
[1.211s] Copying ../../build/arm_pkg/arm_pkg.egg-info to /home/kyu8/tfg/rwork/install/arm_pkg/lib/python3.10/site-packages/arm_pkg-0.0.0-py3.10.egg-info
[1.212s] running install_scripts
[1.236s] Installing controller script to /home/kyu8/tfg/rwork/install/arm_pkg/lib/arm_pkg
[1.237s] Installing gripper_test script to /home/kyu8/tfg/rwork/install/arm_pkg/lib/arm_pkg
[1.237s] Installing listener script to /home/kyu8/tfg/rwork/install/arm_pkg/lib/arm_pkg
[1.237s] Installing object_state script to /home/kyu8/tfg/rwork/install/arm_pkg/lib/arm_pkg
[1.238s] Installing processor script to /home/kyu8/tfg/rwork/install/arm_pkg/lib/arm_pkg
[1.238s] Installing robots_state script to /home/kyu8/tfg/rwork/install/arm_pkg/lib/arm_pkg
[1.239s] Installing state_test script to /home/kyu8/tfg/rwork/install/arm_pkg/lib/arm_pkg
[1.239s] Installing storage script to /home/kyu8/tfg/rwork/install/arm_pkg/lib/arm_pkg
[1.239s] writing list of installed files to '/home/kyu8/tfg/rwork/build/arm_pkg/install.log'
[1.281s] Invoked command in '/home/kyu8/tfg/rwork/src/arm_pkg' returned '0': PYTHONPATH=/home/kyu8/tfg/rwork/build/arm_pkg/prefix_override:/home/kyu8/tfg/rwork/install/arm_pkg/lib/python3.10/site-packages:${PYTHONPATH} /usr/bin/python3 setup.py egg_info --egg-base ../../build/arm_pkg build --build-base /home/kyu8/tfg/rwork/build/arm_pkg/build install --record /home/kyu8/tfg/rwork/build/arm_pkg/install.log --single-version-externally-managed
