[1.465s] Invoking command in '/home/kyu8/tfg/Simulation/src/arm_pkg': PYTHONPATH=/home/kyu8/tfg/build/arm_pkg/prefix_override:/home/kyu8/tfg/install/arm_pkg/lib/python3.10/site-packages:${PYTHONPATH} /usr/bin/python3 setup.py egg_info --egg-base ../../../build/arm_pkg build --build-base /home/kyu8/tfg/build/arm_pkg/build install --record /home/kyu8/tfg/build/arm_pkg/install.log --single-version-externally-managed
[1.757s] running egg_info
[1.758s] writing ../../../build/arm_pkg/arm_pkg.egg-info/PKG-INFO
[1.759s] writing dependency_links to ../../../build/arm_pkg/arm_pkg.egg-info/dependency_links.txt
[1.760s] writing entry points to ../../../build/arm_pkg/arm_pkg.egg-info/entry_points.txt
[1.761s] writing requirements to ../../../build/arm_pkg/arm_pkg.egg-info/requires.txt
[1.761s] writing top-level names to ../../../build/arm_pkg/arm_pkg.egg-info/top_level.txt
[1.765s] reading manifest file '../../../build/arm_pkg/arm_pkg.egg-info/SOURCES.txt'
[1.767s] writing manifest file '../../../build/arm_pkg/arm_pkg.egg-info/SOURCES.txt'
[1.767s] running build
[1.767s] running build_py
[1.768s] copying arm_pkg/tests/sac.py -> /home/kyu8/tfg/build/arm_pkg/build/lib/arm_pkg/tests
[1.770s] copying arm_pkg/drl/ddpg.py -> /home/kyu8/tfg/build/arm_pkg/build/lib/arm_pkg/drl
[1.770s] copying arm_pkg/drl/reset.py -> /home/kyu8/tfg/build/arm_pkg/build/lib/arm_pkg/drl
[1.771s] copying arm_pkg/drl/plots.py -> /home/kyu8/tfg/build/arm_pkg/build/lib/arm_pkg/drl
[1.771s] copying arm_pkg/drl/training_loop.py -> /home/kyu8/tfg/build/arm_pkg/build/lib/arm_pkg/drl
[1.772s] running install
[1.772s] /usr/lib/python3/dist-packages/setuptools/command/install.py:34: SetuptoolsDeprecationWarning: setup.py install is deprecated. Use build and pip and other standards-based tools.
[1.773s]   warnings.warn(
[1.773s] running install_lib
[1.774s] copying /home/kyu8/tfg/build/arm_pkg/build/lib/arm_pkg/tests/sac.py -> /home/kyu8/tfg/install/arm_pkg/lib/python3.10/site-packages/arm_pkg/tests
[1.774s] copying /home/kyu8/tfg/build/arm_pkg/build/lib/arm_pkg/drl/ddpg.py -> /home/kyu8/tfg/install/arm_pkg/lib/python3.10/site-packages/arm_pkg/drl
[1.775s] copying /home/kyu8/tfg/build/arm_pkg/build/lib/arm_pkg/drl/reset.py -> /home/kyu8/tfg/install/arm_pkg/lib/python3.10/site-packages/arm_pkg/drl
[1.775s] copying /home/kyu8/tfg/build/arm_pkg/build/lib/arm_pkg/drl/plots.py -> /home/kyu8/tfg/install/arm_pkg/lib/python3.10/site-packages/arm_pkg/drl
[1.775s] copying /home/kyu8/tfg/build/arm_pkg/build/lib/arm_pkg/drl/training_loop.py -> /home/kyu8/tfg/install/arm_pkg/lib/python3.10/site-packages/arm_pkg/drl
[1.777s] byte-compiling /home/kyu8/tfg/install/arm_pkg/lib/python3.10/site-packages/arm_pkg/tests/sac.py to sac.cpython-310.pyc
[1.779s] byte-compiling /home/kyu8/tfg/install/arm_pkg/lib/python3.10/site-packages/arm_pkg/drl/ddpg.py to ddpg.cpython-310.pyc
[1.780s] byte-compiling /home/kyu8/tfg/install/arm_pkg/lib/python3.10/site-packages/arm_pkg/drl/reset.py to reset.cpython-310.pyc
[1.781s] byte-compiling /home/kyu8/tfg/install/arm_pkg/lib/python3.10/site-packages/arm_pkg/drl/plots.py to plots.cpython-310.pyc
[1.781s] byte-compiling /home/kyu8/tfg/install/arm_pkg/lib/python3.10/site-packages/arm_pkg/drl/training_loop.py to training_loop.cpython-310.pyc
[1.783s] running install_data
[1.783s] running install_egg_info
[1.785s] removing '/home/kyu8/tfg/install/arm_pkg/lib/python3.10/site-packages/arm_pkg-0.0.0-py3.10.egg-info' (and everything under it)
[1.786s] Copying ../../../build/arm_pkg/arm_pkg.egg-info to /home/kyu8/tfg/install/arm_pkg/lib/python3.10/site-packages/arm_pkg-0.0.0-py3.10.egg-info
[1.787s] running install_scripts
[1.814s] Installing controller script to /home/kyu8/tfg/install/arm_pkg/lib/arm_pkg
[1.815s] Installing ddpg script to /home/kyu8/tfg/install/arm_pkg/lib/arm_pkg
[1.816s] Installing gripper_test script to /home/kyu8/tfg/install/arm_pkg/lib/arm_pkg
[1.816s] Installing listener script to /home/kyu8/tfg/install/arm_pkg/lib/arm_pkg
[1.816s] Installing processor script to /home/kyu8/tfg/install/arm_pkg/lib/arm_pkg
[1.816s] Installing reset_controller script to /home/kyu8/tfg/install/arm_pkg/lib/arm_pkg
[1.816s] Installing reward_function script to /home/kyu8/tfg/install/arm_pkg/lib/arm_pkg
[1.817s] Installing robots_state script to /home/kyu8/tfg/install/arm_pkg/lib/arm_pkg
[1.817s] Installing sac script to /home/kyu8/tfg/install/arm_pkg/lib/arm_pkg
[1.817s] Installing state_test script to /home/kyu8/tfg/install/arm_pkg/lib/arm_pkg
[1.817s] Installing storage script to /home/kyu8/tfg/install/arm_pkg/lib/arm_pkg
[1.817s] Installing training script to /home/kyu8/tfg/install/arm_pkg/lib/arm_pkg
[1.818s] writing list of installed files to '/home/kyu8/tfg/build/arm_pkg/install.log'
[1.920s] Invoked command in '/home/kyu8/tfg/Simulation/src/arm_pkg' returned '0': PYTHONPATH=/home/kyu8/tfg/build/arm_pkg/prefix_override:/home/kyu8/tfg/install/arm_pkg/lib/python3.10/site-packages:${PYTHONPATH} /usr/bin/python3 setup.py egg_info --egg-base ../../../build/arm_pkg build --build-base /home/kyu8/tfg/build/arm_pkg/build install --record /home/kyu8/tfg/build/arm_pkg/install.log --single-version-externally-managed
