[1.510s] Invoking command in '/home/kyu8/tfg/Simulation/src/arm_pkg': PYTHONPATH=/home/kyu8/tfg/build/arm_pkg/prefix_override:/home/kyu8/tfg/install/arm_pkg/lib/python3.10/site-packages:${PYTHONPATH} /usr/bin/python3 setup.py egg_info --egg-base ../../../build/arm_pkg build --build-base /home/kyu8/tfg/build/arm_pkg/build install --record /home/kyu8/tfg/build/arm_pkg/install.log --single-version-externally-managed
[1.885s] running egg_info
[1.885s] writing ../../../build/arm_pkg/arm_pkg.egg-info/PKG-INFO
[1.885s] writing dependency_links to ../../../build/arm_pkg/arm_pkg.egg-info/dependency_links.txt
[1.885s] writing entry points to ../../../build/arm_pkg/arm_pkg.egg-info/entry_points.txt
[1.885s] writing requirements to ../../../build/arm_pkg/arm_pkg.egg-info/requires.txt
[1.885s] writing top-level names to ../../../build/arm_pkg/arm_pkg.egg-info/top_level.txt
[1.891s] reading manifest file '../../../build/arm_pkg/arm_pkg.egg-info/SOURCES.txt'
[1.891s] writing manifest file '../../../build/arm_pkg/arm_pkg.egg-info/SOURCES.txt'
[1.891s] running build
[1.891s] running build_py
[1.896s] /usr/lib/python3/dist-packages/setuptools/command/install.py:34: SetuptoolsDeprecationWarning: setup.py install is deprecated. Use build and pip and other standards-based tools.
[1.896s]   warnings.warn(
[1.896s] copying arm_pkg/drl/training_loop.py -> /home/kyu8/tfg/build/arm_pkg/build/lib/arm_pkg/drl
[1.896s] running install
[1.896s] running install_lib
[1.897s] copying /home/kyu8/tfg/build/arm_pkg/build/lib/arm_pkg/drl/training_loop.py -> /home/kyu8/tfg/install/arm_pkg/lib/python3.10/site-packages/arm_pkg/drl
[1.904s] byte-compiling /home/kyu8/tfg/install/arm_pkg/lib/python3.10/site-packages/arm_pkg/drl/training_loop.py to training_loop.cpython-310.pyc
[1.905s] running install_data
[1.905s] running install_egg_info
[1.910s] removing '/home/kyu8/tfg/install/arm_pkg/lib/python3.10/site-packages/arm_pkg-0.0.0-py3.10.egg-info' (and everything under it)
[1.910s] Copying ../../../build/arm_pkg/arm_pkg.egg-info to /home/kyu8/tfg/install/arm_pkg/lib/python3.10/site-packages/arm_pkg-0.0.0-py3.10.egg-info
[1.910s] running install_scripts
[1.940s] Installing controller script to /home/kyu8/tfg/install/arm_pkg/lib/arm_pkg
[1.941s] Installing ddpg script to /home/kyu8/tfg/install/arm_pkg/lib/arm_pkg
[1.945s] Installing gripper_test script to /home/kyu8/tfg/install/arm_pkg/lib/arm_pkg
[1.945s] Installing listener script to /home/kyu8/tfg/install/arm_pkg/lib/arm_pkg
[1.945s] Installing processor script to /home/kyu8/tfg/install/arm_pkg/lib/arm_pkg
[1.945s] Installing reset_controller script to /home/kyu8/tfg/install/arm_pkg/lib/arm_pkg
[1.945s] Installing reward_function script to /home/kyu8/tfg/install/arm_pkg/lib/arm_pkg
[1.945s] Installing robots_state script to /home/kyu8/tfg/install/arm_pkg/lib/arm_pkg
[1.945s] Installing sac script to /home/kyu8/tfg/install/arm_pkg/lib/arm_pkg
[1.945s] Installing state_test script to /home/kyu8/tfg/install/arm_pkg/lib/arm_pkg
[1.945s] Installing storage script to /home/kyu8/tfg/install/arm_pkg/lib/arm_pkg
[1.945s] Installing training script to /home/kyu8/tfg/install/arm_pkg/lib/arm_pkg
[1.946s] writing list of installed files to '/home/kyu8/tfg/build/arm_pkg/install.log'
[2.095s] Invoked command in '/home/kyu8/tfg/Simulation/src/arm_pkg' returned '0': PYTHONPATH=/home/kyu8/tfg/build/arm_pkg/prefix_override:/home/kyu8/tfg/install/arm_pkg/lib/python3.10/site-packages:${PYTHONPATH} /usr/bin/python3 setup.py egg_info --egg-base ../../../build/arm_pkg build --build-base /home/kyu8/tfg/build/arm_pkg/build install --record /home/kyu8/tfg/build/arm_pkg/install.log --single-version-externally-managed
