[2.232s] Invoking command in '/home/kyu8/tfg/Simulation/src/arm_pkg': PYTHONPATH=/home/kyu8/tfg/build/arm_pkg/prefix_override:/home/kyu8/tfg/install/arm_pkg/lib/python3.10/site-packages:${PYTHONPATH} /usr/bin/python3 setup.py egg_info --egg-base ../../../build/arm_pkg build --build-base /home/kyu8/tfg/build/arm_pkg/build install --record /home/kyu8/tfg/build/arm_pkg/install.log --single-version-externally-managed
[2.737s] running egg_info
[2.738s] writing ../../../build/arm_pkg/arm_pkg.egg-info/PKG-INFO
[2.738s] writing dependency_links to ../../../build/arm_pkg/arm_pkg.egg-info/dependency_links.txt
[2.738s] writing entry points to ../../../build/arm_pkg/arm_pkg.egg-info/entry_points.txt
[2.740s] writing requirements to ../../../build/arm_pkg/arm_pkg.egg-info/requires.txt
[2.740s] writing top-level names to ../../../build/arm_pkg/arm_pkg.egg-info/top_level.txt
[2.742s] reading manifest file '../../../build/arm_pkg/arm_pkg.egg-info/SOURCES.txt'
[2.743s] writing manifest file '../../../build/arm_pkg/arm_pkg.egg-info/SOURCES.txt'
[2.744s] running build
[2.745s] running build_py
[2.746s] copying arm_pkg/drl/rosdata.py -> /home/kyu8/tfg/build/arm_pkg/build/lib/arm_pkg/drl
[2.746s] running install
[2.746s] /usr/lib/python3/dist-packages/setuptools/command/install.py:34: SetuptoolsDeprecationWarning: setup.py install is deprecated. Use build and pip and other standards-based tools.
[2.746s]   warnings.warn(
[2.749s] running install_lib
[2.749s] copying /home/kyu8/tfg/build/arm_pkg/build/lib/arm_pkg/drl/rosdata.py -> /home/kyu8/tfg/install/arm_pkg/lib/python3.10/site-packages/arm_pkg/drl
[2.753s] byte-compiling /home/kyu8/tfg/install/arm_pkg/lib/python3.10/site-packages/arm_pkg/drl/rosdata.py to rosdata.cpython-310.pyc
[2.754s] running install_data
[2.754s] running install_egg_info
[2.758s] removing '/home/kyu8/tfg/install/arm_pkg/lib/python3.10/site-packages/arm_pkg-0.0.0-py3.10.egg-info' (and everything under it)
[2.763s] Copying ../../../build/arm_pkg/arm_pkg.egg-info to /home/kyu8/tfg/install/arm_pkg/lib/python3.10/site-packages/arm_pkg-0.0.0-py3.10.egg-info
[2.763s] running install_scripts
[2.792s] Installing controller script to /home/kyu8/tfg/install/arm_pkg/lib/arm_pkg
[2.796s] Installing ddpg script to /home/kyu8/tfg/install/arm_pkg/lib/arm_pkg
[2.796s] Installing gripper_test script to /home/kyu8/tfg/install/arm_pkg/lib/arm_pkg
[2.796s] Installing listener script to /home/kyu8/tfg/install/arm_pkg/lib/arm_pkg
[2.796s] Installing processor script to /home/kyu8/tfg/install/arm_pkg/lib/arm_pkg
[2.797s] Installing reset_controller script to /home/kyu8/tfg/install/arm_pkg/lib/arm_pkg
[2.797s] Installing reward_function script to /home/kyu8/tfg/install/arm_pkg/lib/arm_pkg
[2.797s] Installing robots_state script to /home/kyu8/tfg/install/arm_pkg/lib/arm_pkg
[2.797s] Installing sac script to /home/kyu8/tfg/install/arm_pkg/lib/arm_pkg
[2.797s] Installing state_test script to /home/kyu8/tfg/install/arm_pkg/lib/arm_pkg
[2.797s] Installing storage script to /home/kyu8/tfg/install/arm_pkg/lib/arm_pkg
[2.797s] Installing training script to /home/kyu8/tfg/install/arm_pkg/lib/arm_pkg
[2.797s] writing list of installed files to '/home/kyu8/tfg/build/arm_pkg/install.log'
[2.860s] Invoked command in '/home/kyu8/tfg/Simulation/src/arm_pkg' returned '0': PYTHONPATH=/home/kyu8/tfg/build/arm_pkg/prefix_override:/home/kyu8/tfg/install/arm_pkg/lib/python3.10/site-packages:${PYTHONPATH} /usr/bin/python3 setup.py egg_info --egg-base ../../../build/arm_pkg build --build-base /home/kyu8/tfg/build/arm_pkg/build install --record /home/kyu8/tfg/build/arm_pkg/install.log --single-version-externally-managed
