/home/chi8kyu/tfg/rwork/install/arm_pkg/lib/python3.10/site-packages/arm_pkg/__init__.py
/home/chi8kyu/tfg/rwork/install/arm_pkg/lib/python3.10/site-packages/arm_pkg/drl/reward_function.py
/home/chi8kyu/tfg/rwork/install/arm_pkg/lib/python3.10/site-packages/arm_pkg/drl/sac.py
/home/chi8kyu/tfg/rwork/install/arm_pkg/lib/python3.10/site-packages/arm_pkg/drl/ddpg.py
/home/chi8kyu/tfg/rwork/install/arm_pkg/lib/python3.10/site-packages/arm_pkg/drl/training_loop.py
/home/chi8kyu/tfg/rwork/install/arm_pkg/lib/python3.10/site-packages/arm_pkg/drl/__init__.py
/home/chi8kyu/tfg/rwork/install/arm_pkg/lib/python3.10/site-packages/arm_pkg/drl/robots_state.py
/home/chi8kyu/tfg/rwork/install/arm_pkg/lib/python3.10/site-packages/arm_pkg/tests/joint_storage.py
/home/chi8kyu/tfg/rwork/install/arm_pkg/lib/python3.10/site-packages/arm_pkg/tests/joint_position_reset.py
/home/chi8kyu/tfg/rwork/install/arm_pkg/lib/python3.10/site-packages/arm_pkg/tests/state_test.py
/home/chi8kyu/tfg/rwork/install/arm_pkg/lib/python3.10/site-packages/arm_pkg/tests/data_gripper_test.py
/home/chi8kyu/tfg/rwork/install/arm_pkg/lib/python3.10/site-packages/arm_pkg/tests/joint_processor.py
/home/chi8kyu/tfg/rwork/install/arm_pkg/lib/python3.10/site-packages/arm_pkg/tests/__init__.py
/home/chi8kyu/tfg/rwork/install/arm_pkg/lib/python3.10/site-packages/arm_pkg/tests/joint_controller.py
/home/chi8kyu/tfg/rwork/install/arm_pkg/lib/python3.10/site-packages/arm_pkg/tests/joint_listener.py
/home/chi8kyu/tfg/rwork/install/arm_pkg/lib/python3.10/site-packages/arm_pkg/tests/launchgazebotest.py
/home/chi8kyu/tfg/rwork/install/arm_pkg/lib/python3.10/site-packages/arm_pkg/__pycache__/__init__.cpython-310.pyc
/home/chi8kyu/tfg/rwork/install/arm_pkg/lib/python3.10/site-packages/arm_pkg/drl/__pycache__/reward_function.cpython-310.pyc
/home/chi8kyu/tfg/rwork/install/arm_pkg/lib/python3.10/site-packages/arm_pkg/drl/__pycache__/sac.cpython-310.pyc
/home/chi8kyu/tfg/rwork/install/arm_pkg/lib/python3.10/site-packages/arm_pkg/drl/__pycache__/ddpg.cpython-310.pyc
/home/chi8kyu/tfg/rwork/install/arm_pkg/lib/python3.10/site-packages/arm_pkg/drl/__pycache__/training_loop.cpython-310.pyc
/home/chi8kyu/tfg/rwork/install/arm_pkg/lib/python3.10/site-packages/arm_pkg/drl/__pycache__/__init__.cpython-310.pyc
/home/chi8kyu/tfg/rwork/install/arm_pkg/lib/python3.10/site-packages/arm_pkg/drl/__pycache__/robots_state.cpython-310.pyc
/home/chi8kyu/tfg/rwork/install/arm_pkg/lib/python3.10/site-packages/arm_pkg/tests/__pycache__/joint_storage.cpython-310.pyc
/home/chi8kyu/tfg/rwork/install/arm_pkg/lib/python3.10/site-packages/arm_pkg/tests/__pycache__/joint_position_reset.cpython-310.pyc
/home/chi8kyu/tfg/rwork/install/arm_pkg/lib/python3.10/site-packages/arm_pkg/tests/__pycache__/state_test.cpython-310.pyc
/home/chi8kyu/tfg/rwork/install/arm_pkg/lib/python3.10/site-packages/arm_pkg/tests/__pycache__/data_gripper_test.cpython-310.pyc
/home/chi8kyu/tfg/rwork/install/arm_pkg/lib/python3.10/site-packages/arm_pkg/tests/__pycache__/joint_processor.cpython-310.pyc
/home/chi8kyu/tfg/rwork/install/arm_pkg/lib/python3.10/site-packages/arm_pkg/tests/__pycache__/__init__.cpython-310.pyc
/home/chi8kyu/tfg/rwork/install/arm_pkg/lib/python3.10/site-packages/arm_pkg/tests/__pycache__/joint_controller.cpython-310.pyc
/home/chi8kyu/tfg/rwork/install/arm_pkg/lib/python3.10/site-packages/arm_pkg/tests/__pycache__/joint_listener.cpython-310.pyc
/home/chi8kyu/tfg/rwork/install/arm_pkg/lib/python3.10/site-packages/arm_pkg/tests/__pycache__/launchgazebotest.cpython-310.pyc
/home/chi8kyu/tfg/rwork/install/arm_pkg/share/ament_index/resource_index/packages/arm_pkg
/home/chi8kyu/tfg/rwork/install/arm_pkg/share/arm_pkg/package.xml
/home/chi8kyu/tfg/rwork/install/arm_pkg/lib/python3.10/site-packages/arm_pkg-0.0.0-py3.10.egg-info/SOURCES.txt
/home/chi8kyu/tfg/rwork/install/arm_pkg/lib/python3.10/site-packages/arm_pkg-0.0.0-py3.10.egg-info/PKG-INFO
/home/chi8kyu/tfg/rwork/install/arm_pkg/lib/python3.10/site-packages/arm_pkg-0.0.0-py3.10.egg-info/top_level.txt
/home/chi8kyu/tfg/rwork/install/arm_pkg/lib/python3.10/site-packages/arm_pkg-0.0.0-py3.10.egg-info/zip-safe
/home/chi8kyu/tfg/rwork/install/arm_pkg/lib/python3.10/site-packages/arm_pkg-0.0.0-py3.10.egg-info/requires.txt
/home/chi8kyu/tfg/rwork/install/arm_pkg/lib/python3.10/site-packages/arm_pkg-0.0.0-py3.10.egg-info/entry_points.txt
/home/chi8kyu/tfg/rwork/install/arm_pkg/lib/python3.10/site-packages/arm_pkg-0.0.0-py3.10.egg-info/dependency_links.txt
/home/chi8kyu/tfg/rwork/install/arm_pkg/lib/arm_pkg/controller
/home/chi8kyu/tfg/rwork/install/arm_pkg/lib/arm_pkg/ddpg
/home/chi8kyu/tfg/rwork/install/arm_pkg/lib/arm_pkg/gripper_test
/home/chi8kyu/tfg/rwork/install/arm_pkg/lib/arm_pkg/listener
/home/chi8kyu/tfg/rwork/install/arm_pkg/lib/arm_pkg/processor
/home/chi8kyu/tfg/rwork/install/arm_pkg/lib/arm_pkg/reset_controller
/home/chi8kyu/tfg/rwork/install/arm_pkg/lib/arm_pkg/reward_function
/home/chi8kyu/tfg/rwork/install/arm_pkg/lib/arm_pkg/robots_state
/home/chi8kyu/tfg/rwork/install/arm_pkg/lib/arm_pkg/sac
/home/chi8kyu/tfg/rwork/install/arm_pkg/lib/arm_pkg/state_test
/home/chi8kyu/tfg/rwork/install/arm_pkg/lib/arm_pkg/storage
/home/chi8kyu/tfg/rwork/install/arm_pkg/lib/arm_pkg/training
