[0.577s] Invoking command in '/home/chi8kyu/tfg/rwork/src/arm_pkg': PYTHONPATH=/home/chi8kyu/tfg/rwork/build/arm_pkg/prefix_override:/home/chi8kyu/tfg/rwork/install/arm_pkg/lib/python3.10/site-packages:${PYTHONPATH} /usr/bin/python3 setup.py egg_info --egg-base ../../build/arm_pkg build --build-base /home/chi8kyu/tfg/rwork/build/arm_pkg/build install --record /home/chi8kyu/tfg/rwork/build/arm_pkg/install.log --single-version-externally-managed
[0.765s] running egg_info
[0.765s] writing ../../build/arm_pkg/arm_pkg.egg-info/PKG-INFO
[0.765s] writing dependency_links to ../../build/arm_pkg/arm_pkg.egg-info/dependency_links.txt
[0.766s] writing entry points to ../../build/arm_pkg/arm_pkg.egg-info/entry_points.txt
[0.766s] writing requirements to ../../build/arm_pkg/arm_pkg.egg-info/requires.txt
[0.766s] writing top-level names to ../../build/arm_pkg/arm_pkg.egg-info/top_level.txt
[0.767s] reading manifest file '../../build/arm_pkg/arm_pkg.egg-info/SOURCES.txt'
[0.768s] writing manifest file '../../build/arm_pkg/arm_pkg.egg-info/SOURCES.txt'
[0.768s] running build
[0.768s] running build_py
[0.769s] copying arm_pkg/tests/joint_controller.py -> /home/chi8kyu/tfg/rwork/build/arm_pkg/build/lib/arm_pkg/tests
[0.769s] copying arm_pkg/tests/launchgazebotest.py -> /home/chi8kyu/tfg/rwork/build/arm_pkg/build/lib/arm_pkg/tests
[0.770s] running install
[0.770s] /usr/lib/python3/dist-packages/setuptools/command/install.py:34: SetuptoolsDeprecationWarning: setup.py install is deprecated. Use build and pip and other standards-based tools.
[0.770s]   warnings.warn(
[0.770s] running install_lib
[0.771s] copying /home/chi8kyu/tfg/rwork/build/arm_pkg/build/lib/arm_pkg/tests/joint_controller.py -> /home/chi8kyu/tfg/rwork/install/arm_pkg/lib/python3.10/site-packages/arm_pkg/tests
[0.771s] copying /home/chi8kyu/tfg/rwork/build/arm_pkg/build/lib/arm_pkg/tests/launchgazebotest.py -> /home/chi8kyu/tfg/rwork/install/arm_pkg/lib/python3.10/site-packages/arm_pkg/tests
[0.772s] byte-compiling /home/chi8kyu/tfg/rwork/install/arm_pkg/lib/python3.10/site-packages/arm_pkg/distributed.py to distributed.cpython-310.pyc
[0.772s]   File "/home/chi8kyu/tfg/rwork/install/arm_pkg/lib/python3.10/site-packages/arm_pkg/distributed.py", line 2
[0.772s]     import JointStateListener from joint_listener.py
[0.772s]                               ^^^^
[0.772s] SyntaxError: invalid syntax
[0.772s] 
[0.772s] byte-compiling /home/chi8kyu/tfg/rwork/install/arm_pkg/lib/python3.10/site-packages/arm_pkg/tests/joint_controller.py to joint_controller.cpython-310.pyc
[0.773s] byte-compiling /home/chi8kyu/tfg/rwork/install/arm_pkg/lib/python3.10/site-packages/arm_pkg/tests/launchgazebotest.py to launchgazebotest.cpython-310.pyc
[0.773s] running install_data
[0.773s] running install_egg_info
[0.775s] removing '/home/chi8kyu/tfg/rwork/install/arm_pkg/lib/python3.10/site-packages/arm_pkg-0.0.0-py3.10.egg-info' (and everything under it)
[0.775s] Copying ../../build/arm_pkg/arm_pkg.egg-info to /home/chi8kyu/tfg/rwork/install/arm_pkg/lib/python3.10/site-packages/arm_pkg-0.0.0-py3.10.egg-info
[0.776s] running install_scripts
[0.791s] Installing controller script to /home/chi8kyu/tfg/rwork/install/arm_pkg/lib/arm_pkg
[0.792s] Installing ddpg script to /home/chi8kyu/tfg/rwork/install/arm_pkg/lib/arm_pkg
[0.792s] Installing gripper_test script to /home/chi8kyu/tfg/rwork/install/arm_pkg/lib/arm_pkg
[0.792s] Installing listener script to /home/chi8kyu/tfg/rwork/install/arm_pkg/lib/arm_pkg
[0.792s] Installing processor script to /home/chi8kyu/tfg/rwork/install/arm_pkg/lib/arm_pkg
[0.792s] Installing reset_controller script to /home/chi8kyu/tfg/rwork/install/arm_pkg/lib/arm_pkg
[0.792s] Installing reward_function script to /home/chi8kyu/tfg/rwork/install/arm_pkg/lib/arm_pkg
[0.792s] Installing robots_state script to /home/chi8kyu/tfg/rwork/install/arm_pkg/lib/arm_pkg
[0.792s] Installing sac script to /home/chi8kyu/tfg/rwork/install/arm_pkg/lib/arm_pkg
[0.792s] Installing state_test script to /home/chi8kyu/tfg/rwork/install/arm_pkg/lib/arm_pkg
[0.793s] Installing storage script to /home/chi8kyu/tfg/rwork/install/arm_pkg/lib/arm_pkg
[0.793s] Installing training script to /home/chi8kyu/tfg/rwork/install/arm_pkg/lib/arm_pkg
[0.793s] writing list of installed files to '/home/chi8kyu/tfg/rwork/build/arm_pkg/install.log'
[0.808s] Invoked command in '/home/chi8kyu/tfg/rwork/src/arm_pkg' returned '0': PYTHONPATH=/home/chi8kyu/tfg/rwork/build/arm_pkg/prefix_override:/home/chi8kyu/tfg/rwork/install/arm_pkg/lib/python3.10/site-packages:${PYTHONPATH} /usr/bin/python3 setup.py egg_info --egg-base ../../build/arm_pkg build --build-base /home/chi8kyu/tfg/rwork/build/arm_pkg/build install --record /home/chi8kyu/tfg/rwork/build/arm_pkg/install.log --single-version-externally-managed
