[1.440s] Invoking command in '/home/kyu8/tfg/Simulation/src/arm_pkg': PYTHONPATH=/home/kyu8/tfg/build/arm_pkg/prefix_override:/home/kyu8/tfg/install/arm_pkg/lib/python3.10/site-packages:${PYTHONPATH} /usr/bin/python3 setup.py egg_info --egg-base ../../../build/arm_pkg build --build-base /home/kyu8/tfg/build/arm_pkg/build install --record /home/kyu8/tfg/build/arm_pkg/install.log --single-version-externally-managed
[1.740s] running egg_info
[1.742s] writing ../../../build/arm_pkg/arm_pkg.egg-info/PKG-INFO
[1.743s] writing dependency_links to ../../../build/arm_pkg/arm_pkg.egg-info/dependency_links.txt
[1.743s] writing entry points to ../../../build/arm_pkg/arm_pkg.egg-info/entry_points.txt
[1.743s] writing requirements to ../../../build/arm_pkg/arm_pkg.egg-info/requires.txt
[1.743s] writing top-level names to ../../../build/arm_pkg/arm_pkg.egg-info/top_level.txt
[1.746s] reading manifest file '../../../build/arm_pkg/arm_pkg.egg-info/SOURCES.txt'
[1.748s] writing manifest file '../../../build/arm_pkg/arm_pkg.egg-info/SOURCES.txt'
[1.749s] running build
[1.749s] running build_py
[1.749s] running install
[1.750s] running install_lib
[1.750s] /usr/lib/python3/dist-packages/setuptools/command/install.py:34: SetuptoolsDeprecationWarning: setup.py install is deprecated. Use build and pip and other standards-based tools.
[1.750s]   warnings.warn(
[1.754s] running install_data
[1.754s] running install_egg_info
[1.756s] removing '/home/kyu8/tfg/install/arm_pkg/lib/python3.10/site-packages/arm_pkg-0.0.0-py3.10.egg-info' (and everything under it)
[1.756s] Copying ../../../build/arm_pkg/arm_pkg.egg-info to /home/kyu8/tfg/install/arm_pkg/lib/python3.10/site-packages/arm_pkg-0.0.0-py3.10.egg-info
[1.758s] running install_scripts
[1.785s] Installing controller script to /home/kyu8/tfg/install/arm_pkg/lib/arm_pkg
[1.786s] Installing ddpg script to /home/kyu8/tfg/install/arm_pkg/lib/arm_pkg
[1.786s] Installing gripper_test script to /home/kyu8/tfg/install/arm_pkg/lib/arm_pkg
[1.786s] Installing listener script to /home/kyu8/tfg/install/arm_pkg/lib/arm_pkg
[1.786s] Installing processor script to /home/kyu8/tfg/install/arm_pkg/lib/arm_pkg
[1.786s] Installing reset_controller script to /home/kyu8/tfg/install/arm_pkg/lib/arm_pkg
[1.787s] Installing reward_function script to /home/kyu8/tfg/install/arm_pkg/lib/arm_pkg
[1.787s] Installing robots_state script to /home/kyu8/tfg/install/arm_pkg/lib/arm_pkg
[1.787s] Installing sac script to /home/kyu8/tfg/install/arm_pkg/lib/arm_pkg
[1.787s] Installing state_test script to /home/kyu8/tfg/install/arm_pkg/lib/arm_pkg
[1.787s] Installing storage script to /home/kyu8/tfg/install/arm_pkg/lib/arm_pkg
[1.788s] Installing training script to /home/kyu8/tfg/install/arm_pkg/lib/arm_pkg
[1.788s] writing list of installed files to '/home/kyu8/tfg/build/arm_pkg/install.log'
[1.895s] Invoked command in '/home/kyu8/tfg/Simulation/src/arm_pkg' returned '0': PYTHONPATH=/home/kyu8/tfg/build/arm_pkg/prefix_override:/home/kyu8/tfg/install/arm_pkg/lib/python3.10/site-packages:${PYTHONPATH} /usr/bin/python3 setup.py egg_info --egg-base ../../../build/arm_pkg build --build-base /home/kyu8/tfg/build/arm_pkg/build install --record /home/kyu8/tfg/build/arm_pkg/install.log --single-version-externally-managed
