running egg_info
creating ../../build/dual_arm_control_pkg/dual_arm_control_pkg.egg-info
writing ../../build/dual_arm_control_pkg/dual_arm_control_pkg.egg-info/PKG-INFO
writing dependency_links to ../../build/dual_arm_control_pkg/dual_arm_control_pkg.egg-info/dependency_links.txt
writing entry points to ../../build/dual_arm_control_pkg/dual_arm_control_pkg.egg-info/entry_points.txt
writing requirements to ../../build/dual_arm_control_pkg/dual_arm_control_pkg.egg-info/requires.txt
writing top-level names to ../../build/dual_arm_control_pkg/dual_arm_control_pkg.egg-info/top_level.txt
writing manifest file '../../build/dual_arm_control_pkg/dual_arm_control_pkg.egg-info/SOURCES.txt'
/usr/lib/python3/dist-packages/setuptools/command/install.py:34: SetuptoolsDeprecationWarning: setup.py install is deprecated. Use build and pip and other standards-based tools.
  warnings.warn(
reading manifest file '../../build/dual_arm_control_pkg/dual_arm_control_pkg.egg-info/SOURCES.txt'
writing manifest file '../../build/dual_arm_control_pkg/dual_arm_control_pkg.egg-info/SOURCES.txt'
running build
running build_py
creating /home/kyu8/tfg/Simulation/build/dual_arm_control_pkg/build
creating /home/kyu8/tfg/Simulation/build/dual_arm_control_pkg/build/lib
creating /home/kyu8/tfg/Simulation/build/dual_arm_control_pkg/build/lib/dual_arm_control_pkg
copying dual_arm_control_pkg/__init__.py -> /home/kyu8/tfg/Simulation/build/dual_arm_control_pkg/build/lib/dual_arm_control_pkg
copying dual_arm_control_pkg/real_states.py -> /home/kyu8/tfg/Simulation/build/dual_arm_control_pkg/build/lib/dual_arm_control_pkg
running install
running install_lib
creating /home/kyu8/tfg/Simulation/install/dual_arm_control_pkg/lib/python3.10/site-packages/dual_arm_control_pkg
copying /home/kyu8/tfg/Simulation/build/dual_arm_control_pkg/build/lib/dual_arm_control_pkg/__init__.py -> /home/kyu8/tfg/Simulation/install/dual_arm_control_pkg/lib/python3.10/site-packages/dual_arm_control_pkg
copying /home/kyu8/tfg/Simulation/build/dual_arm_control_pkg/build/lib/dual_arm_control_pkg/real_states.py -> /home/kyu8/tfg/Simulation/install/dual_arm_control_pkg/lib/python3.10/site-packages/dual_arm_control_pkg
byte-compiling /home/kyu8/tfg/Simulation/install/dual_arm_control_pkg/lib/python3.10/site-packages/dual_arm_control_pkg/__init__.py to __init__.cpython-310.pyc
byte-compiling /home/kyu8/tfg/Simulation/install/dual_arm_control_pkg/lib/python3.10/site-packages/dual_arm_control_pkg/real_states.py to real_states.cpython-310.pyc
running install_data
running install_egg_info
Copying ../../build/dual_arm_control_pkg/dual_arm_control_pkg.egg-info to /home/kyu8/tfg/Simulation/install/dual_arm_control_pkg/lib/python3.10/site-packages/dual_arm_control_pkg-0.0.0-py3.10.egg-info
running install_scripts
Installing esp32_receiver_test script to /home/kyu8/tfg/Simulation/install/dual_arm_control_pkg/lib/dual_arm_control_pkg
writing list of installed files to '/home/kyu8/tfg/Simulation/build/dual_arm_control_pkg/install.log'
