[1.473s] Invoking command in '/home/kyu8/tfg/Simulation/src/dual_arm_control_pkg': PYTHONPATH=/home/kyu8/tfg/Simulation/build/dual_arm_control_pkg/prefix_override:/home/kyu8/tfg/Simulation/install/dual_arm_control_pkg/lib/python3.10/site-packages:${PYTHONPATH} /usr/bin/python3 setup.py egg_info --egg-base ../../build/dual_arm_control_pkg build --build-base /home/kyu8/tfg/Simulation/build/dual_arm_control_pkg/build install --record /home/kyu8/tfg/Simulation/build/dual_arm_control_pkg/install.log --single-version-externally-managed
[1.804s] running egg_info
[1.805s] creating ../../build/dual_arm_control_pkg/dual_arm_control_pkg.egg-info
[1.808s] writing ../../build/dual_arm_control_pkg/dual_arm_control_pkg.egg-info/PKG-INFO
[1.808s] writing dependency_links to ../../build/dual_arm_control_pkg/dual_arm_control_pkg.egg-info/dependency_links.txt
[1.808s] writing entry points to ../../build/dual_arm_control_pkg/dual_arm_control_pkg.egg-info/entry_points.txt
[1.808s] writing requirements to ../../build/dual_arm_control_pkg/dual_arm_control_pkg.egg-info/requires.txt
[1.808s] writing top-level names to ../../build/dual_arm_control_pkg/dual_arm_control_pkg.egg-info/top_level.txt
[1.808s] writing manifest file '../../build/dual_arm_control_pkg/dual_arm_control_pkg.egg-info/SOURCES.txt'
[1.813s] /usr/lib/python3/dist-packages/setuptools/command/install.py:34: SetuptoolsDeprecationWarning: setup.py install is deprecated. Use build and pip and other standards-based tools.
[1.813s]   warnings.warn(
[1.813s] reading manifest file '../../build/dual_arm_control_pkg/dual_arm_control_pkg.egg-info/SOURCES.txt'
[1.813s] writing manifest file '../../build/dual_arm_control_pkg/dual_arm_control_pkg.egg-info/SOURCES.txt'
[1.813s] running build
[1.814s] running build_py
[1.814s] creating /home/kyu8/tfg/Simulation/build/dual_arm_control_pkg/build
[1.814s] creating /home/kyu8/tfg/Simulation/build/dual_arm_control_pkg/build/lib
[1.814s] creating /home/kyu8/tfg/Simulation/build/dual_arm_control_pkg/build/lib/dual_arm_control_pkg
[1.814s] copying dual_arm_control_pkg/__init__.py -> /home/kyu8/tfg/Simulation/build/dual_arm_control_pkg/build/lib/dual_arm_control_pkg
[1.814s] copying dual_arm_control_pkg/real_states.py -> /home/kyu8/tfg/Simulation/build/dual_arm_control_pkg/build/lib/dual_arm_control_pkg
[1.814s] running install
[1.814s] running install_lib
[1.820s] creating /home/kyu8/tfg/Simulation/install/dual_arm_control_pkg/lib/python3.10/site-packages/dual_arm_control_pkg
[1.820s] copying /home/kyu8/tfg/Simulation/build/dual_arm_control_pkg/build/lib/dual_arm_control_pkg/__init__.py -> /home/kyu8/tfg/Simulation/install/dual_arm_control_pkg/lib/python3.10/site-packages/dual_arm_control_pkg
[1.820s] copying /home/kyu8/tfg/Simulation/build/dual_arm_control_pkg/build/lib/dual_arm_control_pkg/real_states.py -> /home/kyu8/tfg/Simulation/install/dual_arm_control_pkg/lib/python3.10/site-packages/dual_arm_control_pkg
[1.820s] byte-compiling /home/kyu8/tfg/Simulation/install/dual_arm_control_pkg/lib/python3.10/site-packages/dual_arm_control_pkg/__init__.py to __init__.cpython-310.pyc
[1.820s] byte-compiling /home/kyu8/tfg/Simulation/install/dual_arm_control_pkg/lib/python3.10/site-packages/dual_arm_control_pkg/real_states.py to real_states.cpython-310.pyc
[1.820s] running install_data
[1.821s] running install_egg_info
[1.828s] Copying ../../build/dual_arm_control_pkg/dual_arm_control_pkg.egg-info to /home/kyu8/tfg/Simulation/install/dual_arm_control_pkg/lib/python3.10/site-packages/dual_arm_control_pkg-0.0.0-py3.10.egg-info
[1.829s] running install_scripts
[1.847s] Installing esp32_receiver_test script to /home/kyu8/tfg/Simulation/install/dual_arm_control_pkg/lib/dual_arm_control_pkg
[1.847s] writing list of installed files to '/home/kyu8/tfg/Simulation/build/dual_arm_control_pkg/install.log'
[1.911s] Invoked command in '/home/kyu8/tfg/Simulation/src/dual_arm_control_pkg' returned '0': PYTHONPATH=/home/kyu8/tfg/Simulation/build/dual_arm_control_pkg/prefix_override:/home/kyu8/tfg/Simulation/install/dual_arm_control_pkg/lib/python3.10/site-packages:${PYTHONPATH} /usr/bin/python3 setup.py egg_info --egg-base ../../build/dual_arm_control_pkg build --build-base /home/kyu8/tfg/Simulation/build/dual_arm_control_pkg/build install --record /home/kyu8/tfg/Simulation/build/dual_arm_control_pkg/install.log --single-version-externally-managed
