[1.582s] Invoking command in '/home/kyu8/tfg/rwork/src/arm_pkg': PYTHONPATH=/home/kyu8/tfg/rwork/build/arm_pkg/prefix_override:/home/kyu8/tfg/rwork/install/arm_pkg/lib/python3.10/site-packages:${PYTHONPATH} /usr/bin/python3 setup.py egg_info --egg-base ../../build/arm_pkg build --build-base /home/kyu8/tfg/rwork/build/arm_pkg/build install --record /home/kyu8/tfg/rwork/build/arm_pkg/install.log --single-version-externally-managed
[2.081s] running egg_info
[2.082s] writing ../../build/arm_pkg/arm_pkg.egg-info/PKG-INFO
[2.083s] writing dependency_links to ../../build/arm_pkg/arm_pkg.egg-info/dependency_links.txt
[2.084s] writing entry points to ../../build/arm_pkg/arm_pkg.egg-info/entry_points.txt
[2.084s] writing requirements to ../../build/arm_pkg/arm_pkg.egg-info/requires.txt
[2.084s] writing top-level names to ../../build/arm_pkg/arm_pkg.egg-info/top_level.txt
[2.088s] reading manifest file '../../build/arm_pkg/arm_pkg.egg-info/SOURCES.txt'
[2.091s] writing manifest file '../../build/arm_pkg/arm_pkg.egg-info/SOURCES.txt'
[2.091s] running build
[2.091s] running build_py
[2.094s] copying arm_pkg/drl/training_loop.py -> /home/kyu8/tfg/rwork/build/arm_pkg/build/lib/arm_pkg/drl
[2.096s] running install
[2.096s] /usr/lib/python3/dist-packages/setuptools/command/install.py:34: SetuptoolsDeprecationWarning: setup.py install is deprecated. Use build and pip and other standards-based tools.
[2.096s]   warnings.warn(
[2.097s] running install_lib
[2.102s] copying /home/kyu8/tfg/rwork/build/arm_pkg/build/lib/arm_pkg/drl/training_loop.py -> /home/kyu8/tfg/rwork/install/arm_pkg/lib/python3.10/site-packages/arm_pkg/drl
[2.103s] byte-compiling /home/kyu8/tfg/rwork/install/arm_pkg/lib/python3.10/site-packages/arm_pkg/distributed.py to distributed.cpython-310.pyc
[2.104s]   File "/home/kyu8/tfg/rwork/install/arm_pkg/lib/python3.10/site-packages/arm_pkg/distributed.py", line 2
[2.104s]     import JointStateListener from joint_listener.py
[2.104s]                               ^^^^
[2.104s] SyntaxError: invalid syntax
[2.104s] 
[2.106s] byte-compiling /home/kyu8/tfg/rwork/install/arm_pkg/lib/python3.10/site-packages/arm_pkg/drl/training_loop.py to training_loop.cpython-310.pyc
[2.110s] running install_data
[2.111s] running install_egg_info
[2.116s] removing '/home/kyu8/tfg/rwork/install/arm_pkg/lib/python3.10/site-packages/arm_pkg-0.0.0-py3.10.egg-info' (and everything under it)
[2.116s] Copying ../../build/arm_pkg/arm_pkg.egg-info to /home/kyu8/tfg/rwork/install/arm_pkg/lib/python3.10/site-packages/arm_pkg-0.0.0-py3.10.egg-info
[2.118s] running install_scripts
[2.157s] Installing controller script to /home/kyu8/tfg/rwork/install/arm_pkg/lib/arm_pkg
[2.158s] Installing ddpg script to /home/kyu8/tfg/rwork/install/arm_pkg/lib/arm_pkg
[2.158s] Installing gripper_test script to /home/kyu8/tfg/rwork/install/arm_pkg/lib/arm_pkg
[2.158s] Installing listener script to /home/kyu8/tfg/rwork/install/arm_pkg/lib/arm_pkg
[2.158s] Installing processor script to /home/kyu8/tfg/rwork/install/arm_pkg/lib/arm_pkg
[2.158s] Installing reset_controller script to /home/kyu8/tfg/rwork/install/arm_pkg/lib/arm_pkg
[2.158s] Installing reward_function script to /home/kyu8/tfg/rwork/install/arm_pkg/lib/arm_pkg
[2.159s] Installing robots_state script to /home/kyu8/tfg/rwork/install/arm_pkg/lib/arm_pkg
[2.159s] Installing sac script to /home/kyu8/tfg/rwork/install/arm_pkg/lib/arm_pkg
[2.160s] Installing state_test script to /home/kyu8/tfg/rwork/install/arm_pkg/lib/arm_pkg
[2.160s] Installing storage script to /home/kyu8/tfg/rwork/install/arm_pkg/lib/arm_pkg
[2.160s] Installing training script to /home/kyu8/tfg/rwork/install/arm_pkg/lib/arm_pkg
[2.162s] writing list of installed files to '/home/kyu8/tfg/rwork/build/arm_pkg/install.log'
[2.219s] Invoked command in '/home/kyu8/tfg/rwork/src/arm_pkg' returned '0': PYTHONPATH=/home/kyu8/tfg/rwork/build/arm_pkg/prefix_override:/home/kyu8/tfg/rwork/install/arm_pkg/lib/python3.10/site-packages:${PYTHONPATH} /usr/bin/python3 setup.py egg_info --egg-base ../../build/arm_pkg build --build-base /home/kyu8/tfg/rwork/build/arm_pkg/build install --record /home/kyu8/tfg/rwork/build/arm_pkg/install.log --single-version-externally-managed
