[1.180s] Invoking command in '/home/kyu8/gz_ros2_test2/src/robotic_arm_pkg': PYTHONPATH=/home/kyu8/gz_ros2_test2/build/robotic_arm_pkg/prefix_override:/home/kyu8/gz_ros2_test2/install/robotic_arm_pkg/lib/python3.10/site-packages:${PYTHONPATH} /usr/bin/python3 setup.py egg_info --egg-base ../../build/robotic_arm_pkg build --build-base /home/kyu8/gz_ros2_test2/build/robotic_arm_pkg/build install --record /home/kyu8/gz_ros2_test2/build/robotic_arm_pkg/install.log --single-version-externally-managed
[1.547s] running egg_info
[1.547s] writing ../../build/robotic_arm_pkg/robotic_arm_pkg.egg-info/PKG-INFO
[1.547s] writing dependency_links to ../../build/robotic_arm_pkg/robotic_arm_pkg.egg-info/dependency_links.txt
[1.547s] writing entry points to ../../build/robotic_arm_pkg/robotic_arm_pkg.egg-info/entry_points.txt
[1.547s] writing requirements to ../../build/robotic_arm_pkg/robotic_arm_pkg.egg-info/requires.txt
[1.547s] writing top-level names to ../../build/robotic_arm_pkg/robotic_arm_pkg.egg-info/top_level.txt
[1.552s] reading manifest file '../../build/robotic_arm_pkg/robotic_arm_pkg.egg-info/SOURCES.txt'
[1.554s] writing manifest file '../../build/robotic_arm_pkg/robotic_arm_pkg.egg-info/SOURCES.txt'
[1.555s] running build
[1.555s] running build_py
[1.555s] copying robotic_arm_pkg/joint_listener.py -> /home/kyu8/gz_ros2_test2/build/robotic_arm_pkg/build/lib/robotic_arm_pkg
[1.555s] running install
[1.556s] /usr/lib/python3/dist-packages/setuptools/command/install.py:34: SetuptoolsDeprecationWarning: setup.py install is deprecated. Use build and pip and other standards-based tools.
[1.556s]   warnings.warn(
[1.556s] running install_lib
[1.557s] copying /home/kyu8/gz_ros2_test2/build/robotic_arm_pkg/build/lib/robotic_arm_pkg/joint_listener.py -> /home/kyu8/gz_ros2_test2/install/robotic_arm_pkg/lib/python3.10/site-packages/robotic_arm_pkg
[1.558s] byte-compiling /home/kyu8/gz_ros2_test2/install/robotic_arm_pkg/lib/python3.10/site-packages/robotic_arm_pkg/joint_listener.py to joint_listener.cpython-310.pyc
[1.559s] running install_data
[1.560s] running install_egg_info
[1.563s] removing '/home/kyu8/gz_ros2_test2/install/robotic_arm_pkg/lib/python3.10/site-packages/robotic_arm_pkg-0.0.0-py3.10.egg-info' (and everything under it)
[1.563s] Copying ../../build/robotic_arm_pkg/robotic_arm_pkg.egg-info to /home/kyu8/gz_ros2_test2/install/robotic_arm_pkg/lib/python3.10/site-packages/robotic_arm_pkg-0.0.0-py3.10.egg-info
[1.564s] running install_scripts
[1.601s] Installing listener script to /home/kyu8/gz_ros2_test2/install/robotic_arm_pkg/lib/robotic_arm_pkg
[1.602s] Installing processor script to /home/kyu8/gz_ros2_test2/install/robotic_arm_pkg/lib/robotic_arm_pkg
[1.602s] Installing storage script to /home/kyu8/gz_ros2_test2/install/robotic_arm_pkg/lib/robotic_arm_pkg
[1.602s] writing list of installed files to '/home/kyu8/gz_ros2_test2/build/robotic_arm_pkg/install.log'
[1.666s] Invoked command in '/home/kyu8/gz_ros2_test2/src/robotic_arm_pkg' returned '0': PYTHONPATH=/home/kyu8/gz_ros2_test2/build/robotic_arm_pkg/prefix_override:/home/kyu8/gz_ros2_test2/install/robotic_arm_pkg/lib/python3.10/site-packages:${PYTHONPATH} /usr/bin/python3 setup.py egg_info --egg-base ../../build/robotic_arm_pkg build --build-base /home/kyu8/gz_ros2_test2/build/robotic_arm_pkg/build install --record /home/kyu8/gz_ros2_test2/build/robotic_arm_pkg/install.log --single-version-externally-managed
