[1.264s] Invoking command in '/home/kyu8/tfg/rwork/src/robotic_arm_pkg': PYTHONPATH=/home/kyu8/tfg/rwork/build/robotic_arm_pkg/prefix_override:/home/kyu8/tfg/rwork/install/robotic_arm_pkg/lib/python3.10/site-packages:${PYTHONPATH} /usr/bin/python3 setup.py egg_info --egg-base ../../build/robotic_arm_pkg build --build-base /home/kyu8/tfg/rwork/build/robotic_arm_pkg/build install --record /home/kyu8/tfg/rwork/build/robotic_arm_pkg/install.log --single-version-externally-managed
[1.581s] running egg_info
[1.582s] writing ../../build/robotic_arm_pkg/robotic_arm_pkg.egg-info/PKG-INFO
[1.582s] writing dependency_links to ../../build/robotic_arm_pkg/robotic_arm_pkg.egg-info/dependency_links.txt
[1.582s] writing entry points to ../../build/robotic_arm_pkg/robotic_arm_pkg.egg-info/entry_points.txt
[1.583s] writing requirements to ../../build/robotic_arm_pkg/robotic_arm_pkg.egg-info/requires.txt
[1.583s] writing top-level names to ../../build/robotic_arm_pkg/robotic_arm_pkg.egg-info/top_level.txt
[1.585s] reading manifest file '../../build/robotic_arm_pkg/robotic_arm_pkg.egg-info/SOURCES.txt'
[1.586s] writing manifest file '../../build/robotic_arm_pkg/robotic_arm_pkg.egg-info/SOURCES.txt'
[1.586s] running build
[1.586s] running build_py
[1.587s] running install
[1.595s] /usr/lib/python3/dist-packages/setuptools/command/install.py:34: SetuptoolsDeprecationWarning: setup.py install is deprecated. Use build and pip and other standards-based tools.
[1.595s]   warnings.warn(
[1.596s] running install_lib
[1.597s] running install_data
[1.598s] running install_egg_info
[1.600s] removing '/home/kyu8/tfg/rwork/install/robotic_arm_pkg/lib/python3.10/site-packages/robotic_arm_pkg-0.0.0-py3.10.egg-info' (and everything under it)
[1.600s] Copying ../../build/robotic_arm_pkg/robotic_arm_pkg.egg-info to /home/kyu8/tfg/rwork/install/robotic_arm_pkg/lib/python3.10/site-packages/robotic_arm_pkg-0.0.0-py3.10.egg-info
[1.601s] running install_scripts
[1.629s] Installing controller script to /home/kyu8/tfg/rwork/install/robotic_arm_pkg/lib/robotic_arm_pkg
[1.630s] Installing listener script to /home/kyu8/tfg/rwork/install/robotic_arm_pkg/lib/robotic_arm_pkg
[1.630s] Installing processor script to /home/kyu8/tfg/rwork/install/robotic_arm_pkg/lib/robotic_arm_pkg
[1.630s] Installing storage script to /home/kyu8/tfg/rwork/install/robotic_arm_pkg/lib/robotic_arm_pkg
[1.631s] writing list of installed files to '/home/kyu8/tfg/rwork/build/robotic_arm_pkg/install.log'
[1.684s] Invoked command in '/home/kyu8/tfg/rwork/src/robotic_arm_pkg' returned '0': PYTHONPATH=/home/kyu8/tfg/rwork/build/robotic_arm_pkg/prefix_override:/home/kyu8/tfg/rwork/install/robotic_arm_pkg/lib/python3.10/site-packages:${PYTHONPATH} /usr/bin/python3 setup.py egg_info --egg-base ../../build/robotic_arm_pkg build --build-base /home/kyu8/tfg/rwork/build/robotic_arm_pkg/build install --record /home/kyu8/tfg/rwork/build/robotic_arm_pkg/install.log --single-version-externally-managed
