[0.531s] Invoking command in '/home/chi8kyu/tfg/rwork/src/arm_pkg': PYTHONPATH=/home/chi8kyu/tfg/rwork/build/arm_pkg/prefix_override:/home/chi8kyu/tfg/rwork/install/arm_pkg/lib/python3.10/site-packages:${PYTHONPATH} /usr/bin/python3 setup.py egg_info --egg-base ../../build/arm_pkg build --build-base /home/chi8kyu/tfg/rwork/build/arm_pkg/build install --record /home/chi8kyu/tfg/rwork/build/arm_pkg/install.log --single-version-externally-managed
[0.715s] running egg_info
[0.715s] writing ../../build/arm_pkg/arm_pkg.egg-info/PKG-INFO
[0.715s] writing dependency_links to ../../build/arm_pkg/arm_pkg.egg-info/dependency_links.txt
[0.715s] writing entry points to ../../build/arm_pkg/arm_pkg.egg-info/entry_points.txt
[0.715s] writing requirements to ../../build/arm_pkg/arm_pkg.egg-info/requires.txt
[0.716s] writing top-level names to ../../build/arm_pkg/arm_pkg.egg-info/top_level.txt
[0.717s] reading manifest file '../../build/arm_pkg/arm_pkg.egg-info/SOURCES.txt'
[0.718s] writing manifest file '../../build/arm_pkg/arm_pkg.egg-info/SOURCES.txt'
[0.718s] running build
[0.718s] running build_py
[0.718s] copying arm_pkg/tests/joint_controller.py -> /home/chi8kyu/tfg/rwork/build/arm_pkg/build/lib/arm_pkg/tests
[0.719s] running install
[0.719s] /usr/lib/python3/dist-packages/setuptools/command/install.py:34: SetuptoolsDeprecationWarning: setup.py install is deprecated. Use build and pip and other standards-based tools.
[0.719s]   warnings.warn(
[0.719s] running install_lib
[0.720s] copying /home/chi8kyu/tfg/rwork/build/arm_pkg/build/lib/arm_pkg/tests/joint_controller.py -> /home/chi8kyu/tfg/rwork/install/arm_pkg/lib/python3.10/site-packages/arm_pkg/tests
[0.721s] byte-compiling /home/chi8kyu/tfg/rwork/install/arm_pkg/lib/python3.10/site-packages/arm_pkg/distributed.py to distributed.cpython-310.pyc
[0.721s]   File "/home/chi8kyu/tfg/rwork/install/arm_pkg/lib/python3.10/site-packages/arm_pkg/distributed.py", line 2
[0.721s]     import JointStateListener from joint_listener.py
[0.721s]                               ^^^^
[0.721s] SyntaxError: invalid syntax
[0.721s] 
[0.721s] byte-compiling /home/chi8kyu/tfg/rwork/install/arm_pkg/lib/python3.10/site-packages/arm_pkg/tests/joint_controller.py to joint_controller.cpython-310.pyc
[0.722s] running install_data
[0.722s] running install_egg_info
[0.723s] removing '/home/chi8kyu/tfg/rwork/install/arm_pkg/lib/python3.10/site-packages/arm_pkg-0.0.0-py3.10.egg-info' (and everything under it)
[0.724s] Copying ../../build/arm_pkg/arm_pkg.egg-info to /home/chi8kyu/tfg/rwork/install/arm_pkg/lib/python3.10/site-packages/arm_pkg-0.0.0-py3.10.egg-info
[0.724s] running install_scripts
[0.740s] Installing controller script to /home/chi8kyu/tfg/rwork/install/arm_pkg/lib/arm_pkg
[0.740s] Installing ddpg script to /home/chi8kyu/tfg/rwork/install/arm_pkg/lib/arm_pkg
[0.740s] Installing gripper_test script to /home/chi8kyu/tfg/rwork/install/arm_pkg/lib/arm_pkg
[0.740s] Installing listener script to /home/chi8kyu/tfg/rwork/install/arm_pkg/lib/arm_pkg
[0.741s] Installing processor script to /home/chi8kyu/tfg/rwork/install/arm_pkg/lib/arm_pkg
[0.741s] Installing reset_controller script to /home/chi8kyu/tfg/rwork/install/arm_pkg/lib/arm_pkg
[0.741s] Installing reward_function script to /home/chi8kyu/tfg/rwork/install/arm_pkg/lib/arm_pkg
[0.741s] Installing robots_state script to /home/chi8kyu/tfg/rwork/install/arm_pkg/lib/arm_pkg
[0.741s] Installing sac script to /home/chi8kyu/tfg/rwork/install/arm_pkg/lib/arm_pkg
[0.741s] Installing state_test script to /home/chi8kyu/tfg/rwork/install/arm_pkg/lib/arm_pkg
[0.741s] Installing storage script to /home/chi8kyu/tfg/rwork/install/arm_pkg/lib/arm_pkg
[0.741s] Installing training script to /home/chi8kyu/tfg/rwork/install/arm_pkg/lib/arm_pkg
[0.742s] writing list of installed files to '/home/chi8kyu/tfg/rwork/build/arm_pkg/install.log'
[0.757s] Invoked command in '/home/chi8kyu/tfg/rwork/src/arm_pkg' returned '0': PYTHONPATH=/home/chi8kyu/tfg/rwork/build/arm_pkg/prefix_override:/home/chi8kyu/tfg/rwork/install/arm_pkg/lib/python3.10/site-packages:${PYTHONPATH} /usr/bin/python3 setup.py egg_info --egg-base ../../build/arm_pkg build --build-base /home/chi8kyu/tfg/rwork/build/arm_pkg/build install --record /home/chi8kyu/tfg/rwork/build/arm_pkg/install.log --single-version-externally-managed
