[0.925s] Invoking command in '/home/kyu8/gz_ros2_test2/src/robotic_arm_pkg': PYTHONPATH=/home/kyu8/gz_ros2_test2/build/robotic_arm_pkg/prefix_override:/home/kyu8/gz_ros2_test2/install/robotic_arm_pkg/lib/python3.10/site-packages:${PYTHONPATH} /usr/bin/python3 setup.py egg_info --egg-base ../../build/robotic_arm_pkg build --build-base /home/kyu8/gz_ros2_test2/build/robotic_arm_pkg/build install --record /home/kyu8/gz_ros2_test2/build/robotic_arm_pkg/install.log --single-version-externally-managed
[1.207s] running egg_info
[1.208s] writing ../../build/robotic_arm_pkg/robotic_arm_pkg.egg-info/PKG-INFO
[1.208s] writing dependency_links to ../../build/robotic_arm_pkg/robotic_arm_pkg.egg-info/dependency_links.txt
[1.209s] writing entry points to ../../build/robotic_arm_pkg/robotic_arm_pkg.egg-info/entry_points.txt
[1.209s] writing requirements to ../../build/robotic_arm_pkg/robotic_arm_pkg.egg-info/requires.txt
[1.209s] writing top-level names to ../../build/robotic_arm_pkg/robotic_arm_pkg.egg-info/top_level.txt
[1.212s] reading manifest file '../../build/robotic_arm_pkg/robotic_arm_pkg.egg-info/SOURCES.txt'
[1.214s] writing manifest file '../../build/robotic_arm_pkg/robotic_arm_pkg.egg-info/SOURCES.txt'
[1.214s] running build
[1.214s] running build_py
[1.215s] running install
[1.215s] /usr/lib/python3/dist-packages/setuptools/command/install.py:34: SetuptoolsDeprecationWarning: setup.py install is deprecated. Use build and pip and other standards-based tools.
[1.215s]   warnings.warn(
[1.215s] running install_lib
[1.217s] running install_data
[1.218s] copying package.xml -> /home/kyu8/gz_ros2_test2/install/robotic_arm_pkg/share/robotic_arm_pkg
[1.218s] running install_egg_info
[1.220s] removing '/home/kyu8/gz_ros2_test2/install/robotic_arm_pkg/lib/python3.10/site-packages/robotic_arm_pkg-0.0.0-py3.10.egg-info' (and everything under it)
[1.221s] Copying ../../build/robotic_arm_pkg/robotic_arm_pkg.egg-info to /home/kyu8/gz_ros2_test2/install/robotic_arm_pkg/lib/python3.10/site-packages/robotic_arm_pkg-0.0.0-py3.10.egg-info
[1.222s] running install_scripts
[1.249s] Installing listener script to /home/kyu8/gz_ros2_test2/install/robotic_arm_pkg/lib/robotic_arm_pkg
[1.250s] writing list of installed files to '/home/kyu8/gz_ros2_test2/build/robotic_arm_pkg/install.log'
[1.302s] Invoked command in '/home/kyu8/gz_ros2_test2/src/robotic_arm_pkg' returned '0': PYTHONPATH=/home/kyu8/gz_ros2_test2/build/robotic_arm_pkg/prefix_override:/home/kyu8/gz_ros2_test2/install/robotic_arm_pkg/lib/python3.10/site-packages:${PYTHONPATH} /usr/bin/python3 setup.py egg_info --egg-base ../../build/robotic_arm_pkg build --build-base /home/kyu8/gz_ros2_test2/build/robotic_arm_pkg/build install --record /home/kyu8/gz_ros2_test2/build/robotic_arm_pkg/install.log --single-version-externally-managed
