[2.015s] Invoking command in '/home/kyu8/tfg/Simulation/src/arm_pkg': PYTHONPATH=/home/kyu8/tfg/build/arm_pkg/prefix_override:/home/kyu8/tfg/install/arm_pkg/lib/python3.10/site-packages:${PYTHONPATH} /usr/bin/python3 setup.py egg_info --egg-base ../../../build/arm_pkg build --build-base /home/kyu8/tfg/build/arm_pkg/build install --record /home/kyu8/tfg/build/arm_pkg/install.log --single-version-externally-managed
[2.613s] running egg_info
[2.617s] writing ../../../build/arm_pkg/arm_pkg.egg-info/PKG-INFO
[2.619s] writing dependency_links to ../../../build/arm_pkg/arm_pkg.egg-info/dependency_links.txt
[2.620s] writing entry points to ../../../build/arm_pkg/arm_pkg.egg-info/entry_points.txt
[2.621s] writing requirements to ../../../build/arm_pkg/arm_pkg.egg-info/requires.txt
[2.623s] writing top-level names to ../../../build/arm_pkg/arm_pkg.egg-info/top_level.txt
[2.634s] reading manifest file '../../../build/arm_pkg/arm_pkg.egg-info/SOURCES.txt'
[2.637s] writing manifest file '../../../build/arm_pkg/arm_pkg.egg-info/SOURCES.txt'
[2.639s] running build
[2.640s] running build_py
[2.642s] copying arm_pkg/drl/reset.py -> /home/kyu8/tfg/build/arm_pkg/build/lib/arm_pkg/drl
[2.645s] copying arm_pkg/drl/rosdata.py -> /home/kyu8/tfg/build/arm_pkg/build/lib/arm_pkg/drl
[2.648s] running install
[2.649s] /usr/lib/python3/dist-packages/setuptools/command/install.py:34: SetuptoolsDeprecationWarning: setup.py install is deprecated. Use build and pip and other standards-based tools.
[2.649s]   warnings.warn(
[2.650s] running install_lib
[2.653s] copying /home/kyu8/tfg/build/arm_pkg/build/lib/arm_pkg/drl/reset.py -> /home/kyu8/tfg/install/arm_pkg/lib/python3.10/site-packages/arm_pkg/drl
[2.655s] copying /home/kyu8/tfg/build/arm_pkg/build/lib/arm_pkg/drl/rosdata.py -> /home/kyu8/tfg/install/arm_pkg/lib/python3.10/site-packages/arm_pkg/drl
[2.659s] byte-compiling /home/kyu8/tfg/install/arm_pkg/lib/python3.10/site-packages/arm_pkg/drl/reset.py to reset.cpython-310.pyc
[2.665s] byte-compiling /home/kyu8/tfg/install/arm_pkg/lib/python3.10/site-packages/arm_pkg/drl/rosdata.py to rosdata.cpython-310.pyc
[2.668s] running install_data
[2.669s] running install_egg_info
[2.672s] removing '/home/kyu8/tfg/install/arm_pkg/lib/python3.10/site-packages/arm_pkg-0.0.0-py3.10.egg-info' (and everything under it)
[2.673s] Copying ../../../build/arm_pkg/arm_pkg.egg-info to /home/kyu8/tfg/install/arm_pkg/lib/python3.10/site-packages/arm_pkg-0.0.0-py3.10.egg-info
[2.681s] running install_scripts
[2.735s] Installing controller script to /home/kyu8/tfg/install/arm_pkg/lib/arm_pkg
[2.737s] Installing ddpg script to /home/kyu8/tfg/install/arm_pkg/lib/arm_pkg
[2.741s] Installing gripper_test script to /home/kyu8/tfg/install/arm_pkg/lib/arm_pkg
[2.741s] Installing listener script to /home/kyu8/tfg/install/arm_pkg/lib/arm_pkg
[2.741s] Installing processor script to /home/kyu8/tfg/install/arm_pkg/lib/arm_pkg
[2.741s] Installing reset_controller script to /home/kyu8/tfg/install/arm_pkg/lib/arm_pkg
[2.741s] Installing reward_function script to /home/kyu8/tfg/install/arm_pkg/lib/arm_pkg
[2.742s] Installing robots_state script to /home/kyu8/tfg/install/arm_pkg/lib/arm_pkg
[2.742s] Installing sac script to /home/kyu8/tfg/install/arm_pkg/lib/arm_pkg
[2.742s] Installing state_test script to /home/kyu8/tfg/install/arm_pkg/lib/arm_pkg
[2.742s] Installing storage script to /home/kyu8/tfg/install/arm_pkg/lib/arm_pkg
[2.742s] Installing training script to /home/kyu8/tfg/install/arm_pkg/lib/arm_pkg
[2.747s] writing list of installed files to '/home/kyu8/tfg/build/arm_pkg/install.log'
[2.810s] Invoked command in '/home/kyu8/tfg/Simulation/src/arm_pkg' returned '0': PYTHONPATH=/home/kyu8/tfg/build/arm_pkg/prefix_override:/home/kyu8/tfg/install/arm_pkg/lib/python3.10/site-packages:${PYTHONPATH} /usr/bin/python3 setup.py egg_info --egg-base ../../../build/arm_pkg build --build-base /home/kyu8/tfg/build/arm_pkg/build install --record /home/kyu8/tfg/build/arm_pkg/install.log --single-version-externally-managed
