[0.878s] Invoking command in '/home/kyu8/tfg/rwork/src/arm_pkg': PYTHONPATH=/home/kyu8/tfg/rwork/build/arm_pkg/prefix_override:/home/kyu8/tfg/rwork/install/arm_pkg/lib/python3.10/site-packages:${PYTHONPATH} /usr/bin/python3 setup.py egg_info --egg-base ../../build/arm_pkg build --build-base /home/kyu8/tfg/rwork/build/arm_pkg/build install --record /home/kyu8/tfg/rwork/build/arm_pkg/install.log --single-version-externally-managed
[1.154s] running egg_info
[1.155s] writing ../../build/arm_pkg/robotic_arm_pkg.egg-info/PKG-INFO
[1.155s] writing dependency_links to ../../build/arm_pkg/robotic_arm_pkg.egg-info/dependency_links.txt
[1.155s] writing entry points to ../../build/arm_pkg/robotic_arm_pkg.egg-info/entry_points.txt
[1.155s] writing requirements to ../../build/arm_pkg/robotic_arm_pkg.egg-info/requires.txt
[1.155s] writing top-level names to ../../build/arm_pkg/robotic_arm_pkg.egg-info/top_level.txt
[1.158s] reading manifest file '../../build/arm_pkg/robotic_arm_pkg.egg-info/SOURCES.txt'
[1.159s] writing manifest file '../../build/arm_pkg/robotic_arm_pkg.egg-info/SOURCES.txt'
[1.159s] running build
[1.159s] running build_py
[1.159s] copying arm_pkg/joint_controller.py -> /home/kyu8/tfg/rwork/build/arm_pkg/build/lib/arm_pkg
[1.159s] running install
[1.160s] /usr/lib/python3/dist-packages/setuptools/command/install.py:34: SetuptoolsDeprecationWarning: setup.py install is deprecated. Use build and pip and other standards-based tools.
[1.160s]   warnings.warn(
[1.160s] running install_lib
[1.161s] copying /home/kyu8/tfg/rwork/build/arm_pkg/build/lib/arm_pkg/joint_controller.py -> /home/kyu8/tfg/rwork/install/arm_pkg/lib/python3.10/site-packages/arm_pkg
[1.162s] byte-compiling /home/kyu8/tfg/rwork/install/arm_pkg/lib/python3.10/site-packages/arm_pkg/joint_controller.py to joint_controller.cpython-310.pyc
[1.162s] running install_data
[1.163s] copying package.xml -> /home/kyu8/tfg/rwork/install/arm_pkg/share/robotic_arm_pkg
[1.163s] running install_egg_info
[1.165s] removing '/home/kyu8/tfg/rwork/install/arm_pkg/lib/python3.10/site-packages/robotic_arm_pkg-0.0.0-py3.10.egg-info' (and everything under it)
[1.165s] Copying ../../build/arm_pkg/robotic_arm_pkg.egg-info to /home/kyu8/tfg/rwork/install/arm_pkg/lib/python3.10/site-packages/robotic_arm_pkg-0.0.0-py3.10.egg-info
[1.166s] running install_scripts
[1.192s] Installing controller script to /home/kyu8/tfg/rwork/install/arm_pkg/lib/robotic_arm_pkg
[1.192s] Installing listener script to /home/kyu8/tfg/rwork/install/arm_pkg/lib/robotic_arm_pkg
[1.193s] Installing processor script to /home/kyu8/tfg/rwork/install/arm_pkg/lib/robotic_arm_pkg
[1.193s] Installing storage script to /home/kyu8/tfg/rwork/install/arm_pkg/lib/robotic_arm_pkg
[1.194s] writing list of installed files to '/home/kyu8/tfg/rwork/build/arm_pkg/install.log'
[1.236s] Invoked command in '/home/kyu8/tfg/rwork/src/arm_pkg' returned '0': PYTHONPATH=/home/kyu8/tfg/rwork/build/arm_pkg/prefix_override:/home/kyu8/tfg/rwork/install/arm_pkg/lib/python3.10/site-packages:${PYTHONPATH} /usr/bin/python3 setup.py egg_info --egg-base ../../build/arm_pkg build --build-base /home/kyu8/tfg/rwork/build/arm_pkg/build install --record /home/kyu8/tfg/rwork/build/arm_pkg/install.log --single-version-externally-managed
