[2.052s] Invoking command in '/home/kyu8/tfg/Simulation/src/dual_arm_control_pkg': PYTHONPATH=/home/kyu8/tfg/Simulation/build/dual_arm_control_pkg/prefix_override:/home/kyu8/tfg/Simulation/install/dual_arm_control_pkg/lib/python3.10/site-packages:${PYTHONPATH} /usr/bin/python3 setup.py egg_info --egg-base ../../build/dual_arm_control_pkg build --build-base /home/kyu8/tfg/Simulation/build/dual_arm_control_pkg/build install --record /home/kyu8/tfg/Simulation/build/dual_arm_control_pkg/install.log --single-version-externally-managed
[2.527s] running egg_info
[2.529s] writing ../../build/dual_arm_control_pkg/dual_arm_control_pkg.egg-info/PKG-INFO
[2.530s] writing dependency_links to ../../build/dual_arm_control_pkg/dual_arm_control_pkg.egg-info/dependency_links.txt
[2.530s] writing entry points to ../../build/dual_arm_control_pkg/dual_arm_control_pkg.egg-info/entry_points.txt
[2.530s] writing requirements to ../../build/dual_arm_control_pkg/dual_arm_control_pkg.egg-info/requires.txt
[2.531s] writing top-level names to ../../build/dual_arm_control_pkg/dual_arm_control_pkg.egg-info/top_level.txt
[2.534s] reading manifest file '../../build/dual_arm_control_pkg/dual_arm_control_pkg.egg-info/SOURCES.txt'
[2.536s] writing manifest file '../../build/dual_arm_control_pkg/dual_arm_control_pkg.egg-info/SOURCES.txt'
[2.536s] running build
[2.536s] running build_py
[2.536s] running install
[2.536s] /usr/lib/python3/dist-packages/setuptools/command/install.py:34: SetuptoolsDeprecationWarning: setup.py install is deprecated. Use build and pip and other standards-based tools.
[2.537s]   warnings.warn(
[2.537s] running install_lib
[2.539s] running install_data
[2.540s] running install_egg_info
[2.544s] removing '/home/kyu8/tfg/Simulation/install/dual_arm_control_pkg/lib/python3.10/site-packages/dual_arm_control_pkg-0.0.0-py3.10.egg-info' (and everything under it)
[2.545s] Copying ../../build/dual_arm_control_pkg/dual_arm_control_pkg.egg-info to /home/kyu8/tfg/Simulation/install/dual_arm_control_pkg/lib/python3.10/site-packages/dual_arm_control_pkg-0.0.0-py3.10.egg-info
[2.546s] running install_scripts
[2.587s] Installing esp32_receiver_test script to /home/kyu8/tfg/Simulation/install/dual_arm_control_pkg/lib/dual_arm_control_pkg
[2.588s] writing list of installed files to '/home/kyu8/tfg/Simulation/build/dual_arm_control_pkg/install.log'
[2.639s] Invoked command in '/home/kyu8/tfg/Simulation/src/dual_arm_control_pkg' returned '0': PYTHONPATH=/home/kyu8/tfg/Simulation/build/dual_arm_control_pkg/prefix_override:/home/kyu8/tfg/Simulation/install/dual_arm_control_pkg/lib/python3.10/site-packages:${PYTHONPATH} /usr/bin/python3 setup.py egg_info --egg-base ../../build/dual_arm_control_pkg build --build-base /home/kyu8/tfg/Simulation/build/dual_arm_control_pkg/build install --record /home/kyu8/tfg/Simulation/build/dual_arm_control_pkg/install.log --single-version-externally-managed
