[1.378s] DEBUG:colcon:Command line arguments: ['/usr/bin/colcon', 'build']
[1.378s] DEBUG:colcon:Parsed command line arguments: Namespace(log_base=None, log_level=None, verb_name='build', build_base='build', install_base='install', merge_install=False, symlink_install=False, test_result_base=None, continue_on_error=False, executor='parallel', parallel_workers=5, event_handlers=None, ignore_user_meta=False, metas=['./colcon.meta'], base_paths=['.'], packages_ignore=None, packages_ignore_regex=None, paths=None, packages_up_to=None, packages_up_to_regex=None, packages_above=None, packages_above_and_dependencies=None, packages_above_depth=None, packages_select_by_dep=None, packages_skip_by_dep=None, packages_skip_up_to=None, packages_select_build_failed=False, packages_skip_build_finished=False, packages_select_test_failures=False, packages_skip_test_passed=False, packages_select=None, packages_skip=None, packages_select_regex=None, packages_skip_regex=None, packages_start=None, packages_end=None, allow_overriding=[], cmake_args=None, cmake_target=None, cmake_target_skip_unavailable=False, cmake_clean_cache=False, cmake_clean_first=False, cmake_force_configure=False, ament_cmake_args=None, catkin_cmake_args=None, catkin_skip_building_tests=False, verb_parser=<colcon_defaults.argument_parser.defaults.DefaultArgumentsDecorator object at 0x7fe101f83b80>, verb_extension=<colcon_core.verb.build.BuildVerb object at 0x7fe10227fe20>, main=<bound method BuildVerb.main of <colcon_core.verb.build.BuildVerb object at 0x7fe10227fe20>>)
[1.450s] Level 1:colcon.colcon_core.package_discovery:discover_packages(colcon_meta) check parameters
[1.451s] Level 1:colcon.colcon_core.package_discovery:discover_packages(recursive) check parameters
[1.451s] Level 1:colcon.colcon_core.package_discovery:discover_packages(ignore) check parameters
[1.451s] Level 1:colcon.colcon_core.package_discovery:discover_packages(path) check parameters
[1.451s] Level 1:colcon.colcon_core.package_discovery:discover_packages(colcon_meta) discover
[1.451s] Level 1:colcon.colcon_core.package_discovery:discover_packages(recursive) discover
[1.451s] INFO:colcon.colcon_core.package_discovery:Crawling recursively for packages in '/home/kyu8/tfg'
[1.451s] Level 1:colcon.colcon_core.package_identification:_identify(.) by extensions ['ignore', 'ignore_ament_install']
[1.451s] Level 1:colcon.colcon_core.package_identification:_identify(.) by extension 'ignore'
[1.452s] Level 1:colcon.colcon_core.package_identification:_identify(.) by extension 'ignore_ament_install'
[1.452s] Level 1:colcon.colcon_core.package_identification:_identify(.) by extensions ['colcon_pkg']
[1.452s] Level 1:colcon.colcon_core.package_identification:_identify(.) by extension 'colcon_pkg'
[1.452s] Level 1:colcon.colcon_core.package_identification:_identify(.) by extensions ['colcon_meta']
[1.452s] Level 1:colcon.colcon_core.package_identification:_identify(.) by extension 'colcon_meta'
[1.452s] Level 1:colcon.colcon_core.package_identification:_identify(.) by extensions ['ros']
[1.452s] Level 1:colcon.colcon_core.package_identification:_identify(.) by extension 'ros'
[1.472s] Level 1:colcon.colcon_core.package_identification:_identify(.) by extensions ['cmake', 'python']
[1.472s] Level 1:colcon.colcon_core.package_identification:_identify(.) by extension 'cmake'
[1.472s] Level 1:colcon.colcon_core.package_identification:_identify(.) by extension 'python'
[1.472s] Level 1:colcon.colcon_core.package_identification:_identify(.) by extensions ['python_setup_py']
[1.472s] Level 1:colcon.colcon_core.package_identification:_identify(.) by extension 'python_setup_py'
[1.472s] Level 1:colcon.colcon_core.package_identification:_identify(Implementation) by extensions ['ignore', 'ignore_ament_install']
[1.472s] Level 1:colcon.colcon_core.package_identification:_identify(Implementation) by extension 'ignore'
[1.472s] Level 1:colcon.colcon_core.package_identification:_identify(Implementation) by extension 'ignore_ament_install'
[1.472s] Level 1:colcon.colcon_core.package_identification:_identify(Implementation) by extensions ['colcon_pkg']
[1.472s] Level 1:colcon.colcon_core.package_identification:_identify(Implementation) by extension 'colcon_pkg'
[1.472s] Level 1:colcon.colcon_core.package_identification:_identify(Implementation) by extensions ['colcon_meta']
[1.473s] Level 1:colcon.colcon_core.package_identification:_identify(Implementation) by extension 'colcon_meta'
[1.473s] Level 1:colcon.colcon_core.package_identification:_identify(Implementation) by extensions ['ros']
[1.473s] Level 1:colcon.colcon_core.package_identification:_identify(Implementation) by extension 'ros'
[1.473s] Level 1:colcon.colcon_core.package_identification:_identify(Implementation) by extensions ['cmake', 'python']
[1.473s] Level 1:colcon.colcon_core.package_identification:_identify(Implementation) by extension 'cmake'
[1.473s] Level 1:colcon.colcon_core.package_identification:_identify(Implementation) by extension 'python'
[1.473s] Level 1:colcon.colcon_core.package_identification:_identify(Implementation) by extensions ['python_setup_py']
[1.473s] Level 1:colcon.colcon_core.package_identification:_identify(Implementation) by extension 'python_setup_py'
[1.473s] Level 1:colcon.colcon_core.package_identification:_identify(Implementation/tests) by extensions ['ignore', 'ignore_ament_install']
[1.473s] Level 1:colcon.colcon_core.package_identification:_identify(Implementation/tests) by extension 'ignore'
[1.473s] Level 1:colcon.colcon_core.package_identification:_identify(Implementation/tests) by extension 'ignore_ament_install'
[1.473s] Level 1:colcon.colcon_core.package_identification:_identify(Implementation/tests) by extensions ['colcon_pkg']
[1.473s] Level 1:colcon.colcon_core.package_identification:_identify(Implementation/tests) by extension 'colcon_pkg'
[1.473s] Level 1:colcon.colcon_core.package_identification:_identify(Implementation/tests) by extensions ['colcon_meta']
[1.474s] Level 1:colcon.colcon_core.package_identification:_identify(Implementation/tests) by extension 'colcon_meta'
[1.474s] Level 1:colcon.colcon_core.package_identification:_identify(Implementation/tests) by extensions ['ros']
[1.474s] Level 1:colcon.colcon_core.package_identification:_identify(Implementation/tests) by extension 'ros'
[1.474s] Level 1:colcon.colcon_core.package_identification:_identify(Implementation/tests) by extensions ['cmake', 'python']
[1.474s] Level 1:colcon.colcon_core.package_identification:_identify(Implementation/tests) by extension 'cmake'
[1.474s] Level 1:colcon.colcon_core.package_identification:_identify(Implementation/tests) by extension 'python'
[1.474s] Level 1:colcon.colcon_core.package_identification:_identify(Implementation/tests) by extensions ['python_setup_py']
[1.474s] Level 1:colcon.colcon_core.package_identification:_identify(Implementation/tests) by extension 'python_setup_py'
[1.474s] Level 1:colcon.colcon_core.package_identification:_identify(Implementation/tests/HC-SR04) by extensions ['ignore', 'ignore_ament_install']
[1.474s] Level 1:colcon.colcon_core.package_identification:_identify(Implementation/tests/HC-SR04) by extension 'ignore'
[1.474s] Level 1:colcon.colcon_core.package_identification:_identify(Implementation/tests/HC-SR04) by extension 'ignore_ament_install'
[1.474s] Level 1:colcon.colcon_core.package_identification:_identify(Implementation/tests/HC-SR04) by extensions ['colcon_pkg']
[1.474s] Level 1:colcon.colcon_core.package_identification:_identify(Implementation/tests/HC-SR04) by extension 'colcon_pkg'
[1.475s] Level 1:colcon.colcon_core.package_identification:_identify(Implementation/tests/HC-SR04) by extensions ['colcon_meta']
[1.475s] Level 1:colcon.colcon_core.package_identification:_identify(Implementation/tests/HC-SR04) by extension 'colcon_meta'
[1.475s] Level 1:colcon.colcon_core.package_identification:_identify(Implementation/tests/HC-SR04) by extensions ['ros']
[1.475s] Level 1:colcon.colcon_core.package_identification:_identify(Implementation/tests/HC-SR04) by extension 'ros'
[1.475s] Level 1:colcon.colcon_core.package_identification:_identify(Implementation/tests/HC-SR04) by extensions ['cmake', 'python']
[1.475s] Level 1:colcon.colcon_core.package_identification:_identify(Implementation/tests/HC-SR04) by extension 'cmake'
[1.475s] Level 1:colcon.colcon_core.package_identification:_identify(Implementation/tests/HC-SR04) by extension 'python'
[1.475s] Level 1:colcon.colcon_core.package_identification:_identify(Implementation/tests/HC-SR04) by extensions ['python_setup_py']
[1.475s] Level 1:colcon.colcon_core.package_identification:_identify(Implementation/tests/HC-SR04) by extension 'python_setup_py'
[1.475s] Level 1:colcon.colcon_core.package_identification:_identify(Implementation/tests/HC-SR04/HC-SR04_test) by extensions ['ignore', 'ignore_ament_install']
[1.475s] Level 1:colcon.colcon_core.package_identification:_identify(Implementation/tests/HC-SR04/HC-SR04_test) by extension 'ignore'
[1.475s] Level 1:colcon.colcon_core.package_identification:_identify(Implementation/tests/HC-SR04/HC-SR04_test) by extension 'ignore_ament_install'
[1.476s] Level 1:colcon.colcon_core.package_identification:_identify(Implementation/tests/HC-SR04/HC-SR04_test) by extensions ['colcon_pkg']
[1.476s] Level 1:colcon.colcon_core.package_identification:_identify(Implementation/tests/HC-SR04/HC-SR04_test) by extension 'colcon_pkg'
[1.476s] Level 1:colcon.colcon_core.package_identification:_identify(Implementation/tests/HC-SR04/HC-SR04_test) by extensions ['colcon_meta']
[1.476s] Level 1:colcon.colcon_core.package_identification:_identify(Implementation/tests/HC-SR04/HC-SR04_test) by extension 'colcon_meta'
[1.476s] Level 1:colcon.colcon_core.package_identification:_identify(Implementation/tests/HC-SR04/HC-SR04_test) by extensions ['ros']
[1.476s] Level 1:colcon.colcon_core.package_identification:_identify(Implementation/tests/HC-SR04/HC-SR04_test) by extension 'ros'
[1.476s] Level 1:colcon.colcon_core.package_identification:_identify(Implementation/tests/HC-SR04/HC-SR04_test) by extensions ['cmake', 'python']
[1.476s] Level 1:colcon.colcon_core.package_identification:_identify(Implementation/tests/HC-SR04/HC-SR04_test) by extension 'cmake'
[1.476s] Level 1:colcon.colcon_core.package_identification:_identify(Implementation/tests/HC-SR04/HC-SR04_test) by extension 'python'
[1.476s] Level 1:colcon.colcon_core.package_identification:_identify(Implementation/tests/HC-SR04/HC-SR04_test) by extensions ['python_setup_py']
[1.476s] Level 1:colcon.colcon_core.package_identification:_identify(Implementation/tests/HC-SR04/HC-SR04_test) by extension 'python_setup_py'
[1.477s] Level 1:colcon.colcon_core.package_identification:_identify(Implementation/tests/IMU) by extensions ['ignore', 'ignore_ament_install']
[1.477s] Level 1:colcon.colcon_core.package_identification:_identify(Implementation/tests/IMU) by extension 'ignore'
[1.477s] Level 1:colcon.colcon_core.package_identification:_identify(Implementation/tests/IMU) by extension 'ignore_ament_install'
[1.477s] Level 1:colcon.colcon_core.package_identification:_identify(Implementation/tests/IMU) by extensions ['colcon_pkg']
[1.477s] Level 1:colcon.colcon_core.package_identification:_identify(Implementation/tests/IMU) by extension 'colcon_pkg'
[1.477s] Level 1:colcon.colcon_core.package_identification:_identify(Implementation/tests/IMU) by extensions ['colcon_meta']
[1.477s] Level 1:colcon.colcon_core.package_identification:_identify(Implementation/tests/IMU) by extension 'colcon_meta'
[1.477s] Level 1:colcon.colcon_core.package_identification:_identify(Implementation/tests/IMU) by extensions ['ros']
[1.477s] Level 1:colcon.colcon_core.package_identification:_identify(Implementation/tests/IMU) by extension 'ros'
[1.477s] Level 1:colcon.colcon_core.package_identification:_identify(Implementation/tests/IMU) by extensions ['cmake', 'python']
[1.477s] Level 1:colcon.colcon_core.package_identification:_identify(Implementation/tests/IMU) by extension 'cmake'
[1.477s] Level 1:colcon.colcon_core.package_identification:_identify(Implementation/tests/IMU) by extension 'python'
[1.477s] Level 1:colcon.colcon_core.package_identification:_identify(Implementation/tests/IMU) by extensions ['python_setup_py']
[1.477s] Level 1:colcon.colcon_core.package_identification:_identify(Implementation/tests/IMU) by extension 'python_setup_py'
[1.478s] Level 1:colcon.colcon_core.package_identification:_identify(Implementation/tests/IMU/IMU_angle_pos) by extensions ['ignore', 'ignore_ament_install']
[1.478s] Level 1:colcon.colcon_core.package_identification:_identify(Implementation/tests/IMU/IMU_angle_pos) by extension 'ignore'
[1.478s] Level 1:colcon.colcon_core.package_identification:_identify(Implementation/tests/IMU/IMU_angle_pos) by extension 'ignore_ament_install'
[1.478s] Level 1:colcon.colcon_core.package_identification:_identify(Implementation/tests/IMU/IMU_angle_pos) by extensions ['colcon_pkg']
[1.478s] Level 1:colcon.colcon_core.package_identification:_identify(Implementation/tests/IMU/IMU_angle_pos) by extension 'colcon_pkg'
[1.478s] Level 1:colcon.colcon_core.package_identification:_identify(Implementation/tests/IMU/IMU_angle_pos) by extensions ['colcon_meta']
[1.478s] Level 1:colcon.colcon_core.package_identification:_identify(Implementation/tests/IMU/IMU_angle_pos) by extension 'colcon_meta'
[1.478s] Level 1:colcon.colcon_core.package_identification:_identify(Implementation/tests/IMU/IMU_angle_pos) by extensions ['ros']
[1.478s] Level 1:colcon.colcon_core.package_identification:_identify(Implementation/tests/IMU/IMU_angle_pos) by extension 'ros'
[1.479s] Level 1:colcon.colcon_core.package_identification:_identify(Implementation/tests/IMU/IMU_angle_pos) by extensions ['cmake', 'python']
[1.479s] Level 1:colcon.colcon_core.package_identification:_identify(Implementation/tests/IMU/IMU_angle_pos) by extension 'cmake'
[1.479s] Level 1:colcon.colcon_core.package_identification:_identify(Implementation/tests/IMU/IMU_angle_pos) by extension 'python'
[1.479s] Level 1:colcon.colcon_core.package_identification:_identify(Implementation/tests/IMU/IMU_angle_pos) by extensions ['python_setup_py']
[1.479s] Level 1:colcon.colcon_core.package_identification:_identify(Implementation/tests/IMU/IMU_angle_pos) by extension 'python_setup_py'
[1.479s] Level 1:colcon.colcon_core.package_identification:_identify(Implementation/tests/IMU/IMU_test) by extensions ['ignore', 'ignore_ament_install']
[1.479s] Level 1:colcon.colcon_core.package_identification:_identify(Implementation/tests/IMU/IMU_test) by extension 'ignore'
[1.479s] Level 1:colcon.colcon_core.package_identification:_identify(Implementation/tests/IMU/IMU_test) by extension 'ignore_ament_install'
[1.479s] Level 1:colcon.colcon_core.package_identification:_identify(Implementation/tests/IMU/IMU_test) by extensions ['colcon_pkg']
[1.479s] Level 1:colcon.colcon_core.package_identification:_identify(Implementation/tests/IMU/IMU_test) by extension 'colcon_pkg'
[1.479s] Level 1:colcon.colcon_core.package_identification:_identify(Implementation/tests/IMU/IMU_test) by extensions ['colcon_meta']
[1.480s] Level 1:colcon.colcon_core.package_identification:_identify(Implementation/tests/IMU/IMU_test) by extension 'colcon_meta'
[1.480s] Level 1:colcon.colcon_core.package_identification:_identify(Implementation/tests/IMU/IMU_test) by extensions ['ros']
[1.480s] Level 1:colcon.colcon_core.package_identification:_identify(Implementation/tests/IMU/IMU_test) by extension 'ros'
[1.480s] Level 1:colcon.colcon_core.package_identification:_identify(Implementation/tests/IMU/IMU_test) by extensions ['cmake', 'python']
[1.480s] Level 1:colcon.colcon_core.package_identification:_identify(Implementation/tests/IMU/IMU_test) by extension 'cmake'
[1.480s] Level 1:colcon.colcon_core.package_identification:_identify(Implementation/tests/IMU/IMU_test) by extension 'python'
[1.480s] Level 1:colcon.colcon_core.package_identification:_identify(Implementation/tests/IMU/IMU_test) by extensions ['python_setup_py']
[1.480s] Level 1:colcon.colcon_core.package_identification:_identify(Implementation/tests/IMU/IMU_test) by extension 'python_setup_py'
[1.480s] Level 1:colcon.colcon_core.package_identification:_identify(Implementation/tests/MG995) by extensions ['ignore', 'ignore_ament_install']
[1.480s] Level 1:colcon.colcon_core.package_identification:_identify(Implementation/tests/MG995) by extension 'ignore'
[1.480s] Level 1:colcon.colcon_core.package_identification:_identify(Implementation/tests/MG995) by extension 'ignore_ament_install'
[1.480s] Level 1:colcon.colcon_core.package_identification:_identify(Implementation/tests/MG995) by extensions ['colcon_pkg']
[1.480s] Level 1:colcon.colcon_core.package_identification:_identify(Implementation/tests/MG995) by extension 'colcon_pkg'
[1.481s] Level 1:colcon.colcon_core.package_identification:_identify(Implementation/tests/MG995) by extensions ['colcon_meta']
[1.481s] Level 1:colcon.colcon_core.package_identification:_identify(Implementation/tests/MG995) by extension 'colcon_meta'
[1.481s] Level 1:colcon.colcon_core.package_identification:_identify(Implementation/tests/MG995) by extensions ['ros']
[1.481s] Level 1:colcon.colcon_core.package_identification:_identify(Implementation/tests/MG995) by extension 'ros'
[1.481s] Level 1:colcon.colcon_core.package_identification:_identify(Implementation/tests/MG995) by extensions ['cmake', 'python']
[1.481s] Level 1:colcon.colcon_core.package_identification:_identify(Implementation/tests/MG995) by extension 'cmake'
[1.481s] Level 1:colcon.colcon_core.package_identification:_identify(Implementation/tests/MG995) by extension 'python'
[1.481s] Level 1:colcon.colcon_core.package_identification:_identify(Implementation/tests/MG995) by extensions ['python_setup_py']
[1.481s] Level 1:colcon.colcon_core.package_identification:_identify(Implementation/tests/MG995) by extension 'python_setup_py'
[1.481s] Level 1:colcon.colcon_core.package_identification:_identify(Implementation/tests/MG995/MG995_test) by extensions ['ignore', 'ignore_ament_install']
[1.481s] Level 1:colcon.colcon_core.package_identification:_identify(Implementation/tests/MG995/MG995_test) by extension 'ignore'
[1.481s] Level 1:colcon.colcon_core.package_identification:_identify(Implementation/tests/MG995/MG995_test) by extension 'ignore_ament_install'
[1.481s] Level 1:colcon.colcon_core.package_identification:_identify(Implementation/tests/MG995/MG995_test) by extensions ['colcon_pkg']
[1.482s] Level 1:colcon.colcon_core.package_identification:_identify(Implementation/tests/MG995/MG995_test) by extension 'colcon_pkg'
[1.482s] Level 1:colcon.colcon_core.package_identification:_identify(Implementation/tests/MG995/MG995_test) by extensions ['colcon_meta']
[1.482s] Level 1:colcon.colcon_core.package_identification:_identify(Implementation/tests/MG995/MG995_test) by extension 'colcon_meta'
[1.482s] Level 1:colcon.colcon_core.package_identification:_identify(Implementation/tests/MG995/MG995_test) by extensions ['ros']
[1.482s] Level 1:colcon.colcon_core.package_identification:_identify(Implementation/tests/MG995/MG995_test) by extension 'ros'
[1.482s] Level 1:colcon.colcon_core.package_identification:_identify(Implementation/tests/MG995/MG995_test) by extensions ['cmake', 'python']
[1.482s] Level 1:colcon.colcon_core.package_identification:_identify(Implementation/tests/MG995/MG995_test) by extension 'cmake'
[1.482s] Level 1:colcon.colcon_core.package_identification:_identify(Implementation/tests/MG995/MG995_test) by extension 'python'
[1.482s] Level 1:colcon.colcon_core.package_identification:_identify(Implementation/tests/MG995/MG995_test) by extensions ['python_setup_py']
[1.482s] Level 1:colcon.colcon_core.package_identification:_identify(Implementation/tests/MG995/MG995_test) by extension 'python_setup_py'
[1.482s] Level 1:colcon.colcon_core.package_identification:_identify(Implementation/tests/WiFi com) by extensions ['ignore', 'ignore_ament_install']
[1.482s] Level 1:colcon.colcon_core.package_identification:_identify(Implementation/tests/WiFi com) by extension 'ignore'
[1.482s] Level 1:colcon.colcon_core.package_identification:_identify(Implementation/tests/WiFi com) by extension 'ignore_ament_install'
[1.483s] Level 1:colcon.colcon_core.package_identification:_identify(Implementation/tests/WiFi com) by extensions ['colcon_pkg']
[1.483s] Level 1:colcon.colcon_core.package_identification:_identify(Implementation/tests/WiFi com) by extension 'colcon_pkg'
[1.483s] Level 1:colcon.colcon_core.package_identification:_identify(Implementation/tests/WiFi com) by extensions ['colcon_meta']
[1.483s] Level 1:colcon.colcon_core.package_identification:_identify(Implementation/tests/WiFi com) by extension 'colcon_meta'
[1.483s] Level 1:colcon.colcon_core.package_identification:_identify(Implementation/tests/WiFi com) by extensions ['ros']
[1.483s] Level 1:colcon.colcon_core.package_identification:_identify(Implementation/tests/WiFi com) by extension 'ros'
[1.483s] Level 1:colcon.colcon_core.package_identification:_identify(Implementation/tests/WiFi com) by extensions ['cmake', 'python']
[1.483s] Level 1:colcon.colcon_core.package_identification:_identify(Implementation/tests/WiFi com) by extension 'cmake'
[1.483s] Level 1:colcon.colcon_core.package_identification:_identify(Implementation/tests/WiFi com) by extension 'python'
[1.483s] Level 1:colcon.colcon_core.package_identification:_identify(Implementation/tests/WiFi com) by extensions ['python_setup_py']
[1.483s] Level 1:colcon.colcon_core.package_identification:_identify(Implementation/tests/WiFi com) by extension 'python_setup_py'
[1.483s] Level 1:colcon.colcon_core.package_identification:_identify(Implementation/tests/WiFi com/socket_test) by extensions ['ignore', 'ignore_ament_install']
[1.484s] Level 1:colcon.colcon_core.package_identification:_identify(Implementation/tests/WiFi com/socket_test) by extension 'ignore'
[1.484s] Level 1:colcon.colcon_core.package_identification:_identify(Implementation/tests/WiFi com/socket_test) by extension 'ignore_ament_install'
[1.484s] Level 1:colcon.colcon_core.package_identification:_identify(Implementation/tests/WiFi com/socket_test) by extensions ['colcon_pkg']
[1.484s] Level 1:colcon.colcon_core.package_identification:_identify(Implementation/tests/WiFi com/socket_test) by extension 'colcon_pkg'
[1.484s] Level 1:colcon.colcon_core.package_identification:_identify(Implementation/tests/WiFi com/socket_test) by extensions ['colcon_meta']
[1.484s] Level 1:colcon.colcon_core.package_identification:_identify(Implementation/tests/WiFi com/socket_test) by extension 'colcon_meta'
[1.484s] Level 1:colcon.colcon_core.package_identification:_identify(Implementation/tests/WiFi com/socket_test) by extensions ['ros']
[1.484s] Level 1:colcon.colcon_core.package_identification:_identify(Implementation/tests/WiFi com/socket_test) by extension 'ros'
[1.484s] Level 1:colcon.colcon_core.package_identification:_identify(Implementation/tests/WiFi com/socket_test) by extensions ['cmake', 'python']
[1.484s] Level 1:colcon.colcon_core.package_identification:_identify(Implementation/tests/WiFi com/socket_test) by extension 'cmake'
[1.484s] Level 1:colcon.colcon_core.package_identification:_identify(Implementation/tests/WiFi com/socket_test) by extension 'python'
[1.484s] Level 1:colcon.colcon_core.package_identification:_identify(Implementation/tests/WiFi com/socket_test) by extensions ['python_setup_py']
[1.484s] Level 1:colcon.colcon_core.package_identification:_identify(Implementation/tests/WiFi com/socket_test) by extension 'python_setup_py'
[1.485s] Level 1:colcon.colcon_core.package_identification:_identify(Implementation/tests/test_1) by extensions ['ignore', 'ignore_ament_install']
[1.485s] Level 1:colcon.colcon_core.package_identification:_identify(Implementation/tests/test_1) by extension 'ignore'
[1.485s] Level 1:colcon.colcon_core.package_identification:_identify(Implementation/tests/test_1) by extension 'ignore_ament_install'
[1.485s] Level 1:colcon.colcon_core.package_identification:_identify(Implementation/tests/test_1) by extensions ['colcon_pkg']
[1.485s] Level 1:colcon.colcon_core.package_identification:_identify(Implementation/tests/test_1) by extension 'colcon_pkg'
[1.485s] Level 1:colcon.colcon_core.package_identification:_identify(Implementation/tests/test_1) by extensions ['colcon_meta']
[1.485s] Level 1:colcon.colcon_core.package_identification:_identify(Implementation/tests/test_1) by extension 'colcon_meta'
[1.485s] Level 1:colcon.colcon_core.package_identification:_identify(Implementation/tests/test_1) by extensions ['ros']
[1.485s] Level 1:colcon.colcon_core.package_identification:_identify(Implementation/tests/test_1) by extension 'ros'
[1.485s] Level 1:colcon.colcon_core.package_identification:_identify(Implementation/tests/test_1) by extensions ['cmake', 'python']
[1.485s] Level 1:colcon.colcon_core.package_identification:_identify(Implementation/tests/test_1) by extension 'cmake'
[1.485s] Level 1:colcon.colcon_core.package_identification:_identify(Implementation/tests/test_1) by extension 'python'
[1.485s] Level 1:colcon.colcon_core.package_identification:_identify(Implementation/tests/test_1) by extensions ['python_setup_py']
[1.486s] Level 1:colcon.colcon_core.package_identification:_identify(Implementation/tests/test_1) by extension 'python_setup_py'
[1.486s] Level 1:colcon.colcon_core.package_identification:_identify(Simulation) by extensions ['ignore', 'ignore_ament_install']
[1.486s] Level 1:colcon.colcon_core.package_identification:_identify(Simulation) by extension 'ignore'
[1.486s] Level 1:colcon.colcon_core.package_identification:_identify(Simulation) by extension 'ignore_ament_install'
[1.486s] Level 1:colcon.colcon_core.package_identification:_identify(Simulation) by extensions ['colcon_pkg']
[1.486s] Level 1:colcon.colcon_core.package_identification:_identify(Simulation) by extension 'colcon_pkg'
[1.486s] Level 1:colcon.colcon_core.package_identification:_identify(Simulation) by extensions ['colcon_meta']
[1.486s] Level 1:colcon.colcon_core.package_identification:_identify(Simulation) by extension 'colcon_meta'
[1.486s] Level 1:colcon.colcon_core.package_identification:_identify(Simulation) by extensions ['ros']
[1.486s] Level 1:colcon.colcon_core.package_identification:_identify(Simulation) by extension 'ros'
[1.486s] Level 1:colcon.colcon_core.package_identification:_identify(Simulation) by extensions ['cmake', 'python']
[1.486s] Level 1:colcon.colcon_core.package_identification:_identify(Simulation) by extension 'cmake'
[1.486s] Level 1:colcon.colcon_core.package_identification:_identify(Simulation) by extension 'python'
[1.487s] Level 1:colcon.colcon_core.package_identification:_identify(Simulation) by extensions ['python_setup_py']
[1.487s] Level 1:colcon.colcon_core.package_identification:_identify(Simulation) by extension 'python_setup_py'
[1.487s] Level 1:colcon.colcon_core.package_identification:_identify(Simulation/build) by extensions ['ignore', 'ignore_ament_install']
[1.487s] Level 1:colcon.colcon_core.package_identification:_identify(Simulation/build) by extension 'ignore'
[1.487s] Level 1:colcon.colcon_core.package_identification:_identify(Simulation/build) ignored
[1.487s] Level 1:colcon.colcon_core.package_identification:_identify(Simulation/install) by extensions ['ignore', 'ignore_ament_install']
[1.487s] Level 1:colcon.colcon_core.package_identification:_identify(Simulation/install) by extension 'ignore'
[1.488s] Level 1:colcon.colcon_core.package_identification:_identify(Simulation/install) ignored
[1.488s] Level 1:colcon.colcon_core.package_identification:_identify(Simulation/log) by extensions ['ignore', 'ignore_ament_install']
[1.488s] Level 1:colcon.colcon_core.package_identification:_identify(Simulation/log) by extension 'ignore'
[1.488s] Level 1:colcon.colcon_core.package_identification:_identify(Simulation/log) ignored
[1.488s] Level 1:colcon.colcon_core.package_identification:_identify(Simulation/src) by extensions ['ignore', 'ignore_ament_install']
[1.489s] Level 1:colcon.colcon_core.package_identification:_identify(Simulation/src) by extension 'ignore'
[1.489s] Level 1:colcon.colcon_core.package_identification:_identify(Simulation/src) by extension 'ignore_ament_install'
[1.489s] Level 1:colcon.colcon_core.package_identification:_identify(Simulation/src) by extensions ['colcon_pkg']
[1.489s] Level 1:colcon.colcon_core.package_identification:_identify(Simulation/src) by extension 'colcon_pkg'
[1.489s] Level 1:colcon.colcon_core.package_identification:_identify(Simulation/src) by extensions ['colcon_meta']
[1.489s] Level 1:colcon.colcon_core.package_identification:_identify(Simulation/src) by extension 'colcon_meta'
[1.489s] Level 1:colcon.colcon_core.package_identification:_identify(Simulation/src) by extensions ['ros']
[1.489s] Level 1:colcon.colcon_core.package_identification:_identify(Simulation/src) by extension 'ros'
[1.489s] Level 1:colcon.colcon_core.package_identification:_identify(Simulation/src) by extensions ['cmake', 'python']
[1.490s] Level 1:colcon.colcon_core.package_identification:_identify(Simulation/src) by extension 'cmake'
[1.490s] Level 1:colcon.colcon_core.package_identification:_identify(Simulation/src) by extension 'python'
[1.490s] Level 1:colcon.colcon_core.package_identification:_identify(Simulation/src) by extensions ['python_setup_py']
[1.490s] Level 1:colcon.colcon_core.package_identification:_identify(Simulation/src) by extension 'python_setup_py'
[1.490s] Level 1:colcon.colcon_core.package_identification:_identify(Simulation/src/arm_pkg) by extensions ['ignore', 'ignore_ament_install']
[1.490s] Level 1:colcon.colcon_core.package_identification:_identify(Simulation/src/arm_pkg) by extension 'ignore'
[1.490s] Level 1:colcon.colcon_core.package_identification:_identify(Simulation/src/arm_pkg) by extension 'ignore_ament_install'
[1.491s] Level 1:colcon.colcon_core.package_identification:_identify(Simulation/src/arm_pkg) by extensions ['colcon_pkg']
[1.491s] Level 1:colcon.colcon_core.package_identification:_identify(Simulation/src/arm_pkg) by extension 'colcon_pkg'
[1.491s] Level 1:colcon.colcon_core.package_identification:_identify(Simulation/src/arm_pkg) by extensions ['colcon_meta']
[1.491s] Level 1:colcon.colcon_core.package_identification:_identify(Simulation/src/arm_pkg) by extension 'colcon_meta'
[1.491s] Level 1:colcon.colcon_core.package_identification:_identify(Simulation/src/arm_pkg) by extensions ['ros']
[1.491s] Level 1:colcon.colcon_core.package_identification:_identify(Simulation/src/arm_pkg) by extension 'ros'
[1.497s] DEBUG:colcon.colcon_core.package_identification:Package 'Simulation/src/arm_pkg' with type 'ros.ament_python' and name 'arm_pkg'
[1.497s] Level 1:colcon.colcon_core.package_identification:_identify(Simulation/src/bridge_commands) by extensions ['ignore', 'ignore_ament_install']
[1.498s] Level 1:colcon.colcon_core.package_identification:_identify(Simulation/src/bridge_commands) by extension 'ignore'
[1.498s] Level 1:colcon.colcon_core.package_identification:_identify(Simulation/src/bridge_commands) by extension 'ignore_ament_install'
[1.498s] Level 1:colcon.colcon_core.package_identification:_identify(Simulation/src/bridge_commands) by extensions ['colcon_pkg']
[1.498s] Level 1:colcon.colcon_core.package_identification:_identify(Simulation/src/bridge_commands) by extension 'colcon_pkg'
[1.498s] Level 1:colcon.colcon_core.package_identification:_identify(Simulation/src/bridge_commands) by extensions ['colcon_meta']
[1.498s] Level 1:colcon.colcon_core.package_identification:_identify(Simulation/src/bridge_commands) by extension 'colcon_meta'
[1.498s] Level 1:colcon.colcon_core.package_identification:_identify(Simulation/src/bridge_commands) by extensions ['ros']
[1.498s] Level 1:colcon.colcon_core.package_identification:_identify(Simulation/src/bridge_commands) by extension 'ros'
[1.498s] Level 1:colcon.colcon_core.package_identification:_identify(Simulation/src/bridge_commands) by extensions ['cmake', 'python']
[1.498s] Level 1:colcon.colcon_core.package_identification:_identify(Simulation/src/bridge_commands) by extension 'cmake'
[1.498s] Level 1:colcon.colcon_core.package_identification:_identify(Simulation/src/bridge_commands) by extension 'python'
[1.498s] Level 1:colcon.colcon_core.package_identification:_identify(Simulation/src/bridge_commands) by extensions ['python_setup_py']
[1.498s] Level 1:colcon.colcon_core.package_identification:_identify(Simulation/src/bridge_commands) by extension 'python_setup_py'
[1.499s] Level 1:colcon.colcon_core.package_identification:_identify(Simulation/src/dual_arm_control_pkg) by extensions ['ignore', 'ignore_ament_install']
[1.500s] Level 1:colcon.colcon_core.package_identification:_identify(Simulation/src/dual_arm_control_pkg) by extension 'ignore'
[1.500s] Level 1:colcon.colcon_core.package_identification:_identify(Simulation/src/dual_arm_control_pkg) by extension 'ignore_ament_install'
[1.500s] Level 1:colcon.colcon_core.package_identification:_identify(Simulation/src/dual_arm_control_pkg) by extensions ['colcon_pkg']
[1.500s] Level 1:colcon.colcon_core.package_identification:_identify(Simulation/src/dual_arm_control_pkg) by extension 'colcon_pkg'
[1.501s] Level 1:colcon.colcon_core.package_identification:_identify(Simulation/src/dual_arm_control_pkg) by extensions ['colcon_meta']
[1.501s] Level 1:colcon.colcon_core.package_identification:_identify(Simulation/src/dual_arm_control_pkg) by extension 'colcon_meta'
[1.501s] Level 1:colcon.colcon_core.package_identification:_identify(Simulation/src/dual_arm_control_pkg) by extensions ['ros']
[1.501s] Level 1:colcon.colcon_core.package_identification:_identify(Simulation/src/dual_arm_control_pkg) by extension 'ros'
[1.502s] DEBUG:colcon.colcon_core.package_identification:Package 'Simulation/src/dual_arm_control_pkg' with type 'ros.ament_python' and name 'dual_arm_control_pkg'
[1.503s] Level 1:colcon.colcon_core.package_identification:_identify(Simulation/src/sdf_files) by extensions ['ignore', 'ignore_ament_install']
[1.503s] Level 1:colcon.colcon_core.package_identification:_identify(Simulation/src/sdf_files) by extension 'ignore'
[1.503s] Level 1:colcon.colcon_core.package_identification:_identify(Simulation/src/sdf_files) by extension 'ignore_ament_install'
[1.503s] Level 1:colcon.colcon_core.package_identification:_identify(Simulation/src/sdf_files) by extensions ['colcon_pkg']
[1.503s] Level 1:colcon.colcon_core.package_identification:_identify(Simulation/src/sdf_files) by extension 'colcon_pkg'
[1.503s] Level 1:colcon.colcon_core.package_identification:_identify(Simulation/src/sdf_files) by extensions ['colcon_meta']
[1.503s] Level 1:colcon.colcon_core.package_identification:_identify(Simulation/src/sdf_files) by extension 'colcon_meta'
[1.503s] Level 1:colcon.colcon_core.package_identification:_identify(Simulation/src/sdf_files) by extensions ['ros']
[1.503s] Level 1:colcon.colcon_core.package_identification:_identify(Simulation/src/sdf_files) by extension 'ros'
[1.503s] Level 1:colcon.colcon_core.package_identification:_identify(Simulation/src/sdf_files) by extensions ['cmake', 'python']
[1.504s] Level 1:colcon.colcon_core.package_identification:_identify(Simulation/src/sdf_files) by extension 'cmake'
[1.504s] Level 1:colcon.colcon_core.package_identification:_identify(Simulation/src/sdf_files) by extension 'python'
[1.504s] Level 1:colcon.colcon_core.package_identification:_identify(Simulation/src/sdf_files) by extensions ['python_setup_py']
[1.504s] Level 1:colcon.colcon_core.package_identification:_identify(Simulation/src/sdf_files) by extension 'python_setup_py'
[1.504s] Level 1:colcon.colcon_core.package_identification:_identify(Simulation/src/sdf_files/example) by extensions ['ignore', 'ignore_ament_install']
[1.504s] Level 1:colcon.colcon_core.package_identification:_identify(Simulation/src/sdf_files/example) by extension 'ignore'
[1.505s] Level 1:colcon.colcon_core.package_identification:_identify(Simulation/src/sdf_files/example) by extension 'ignore_ament_install'
[1.505s] Level 1:colcon.colcon_core.package_identification:_identify(Simulation/src/sdf_files/example) by extensions ['colcon_pkg']
[1.505s] Level 1:colcon.colcon_core.package_identification:_identify(Simulation/src/sdf_files/example) by extension 'colcon_pkg'
[1.505s] Level 1:colcon.colcon_core.package_identification:_identify(Simulation/src/sdf_files/example) by extensions ['colcon_meta']
[1.505s] Level 1:colcon.colcon_core.package_identification:_identify(Simulation/src/sdf_files/example) by extension 'colcon_meta'
[1.505s] Level 1:colcon.colcon_core.package_identification:_identify(Simulation/src/sdf_files/example) by extensions ['ros']
[1.505s] Level 1:colcon.colcon_core.package_identification:_identify(Simulation/src/sdf_files/example) by extension 'ros'
[1.505s] Level 1:colcon.colcon_core.package_identification:_identify(Simulation/src/sdf_files/example) by extensions ['cmake', 'python']
[1.505s] Level 1:colcon.colcon_core.package_identification:_identify(Simulation/src/sdf_files/example) by extension 'cmake'
[1.505s] Level 1:colcon.colcon_core.package_identification:_identify(Simulation/src/sdf_files/example) by extension 'python'
[1.505s] Level 1:colcon.colcon_core.package_identification:_identify(Simulation/src/sdf_files/example) by extensions ['python_setup_py']
[1.505s] Level 1:colcon.colcon_core.package_identification:_identify(Simulation/src/sdf_files/example) by extension 'python_setup_py'
[1.506s] Level 1:colcon.colcon_core.package_identification:_identify(build) by extensions ['ignore', 'ignore_ament_install']
[1.506s] Level 1:colcon.colcon_core.package_identification:_identify(build) by extension 'ignore'
[1.506s] Level 1:colcon.colcon_core.package_identification:_identify(build) ignored
[1.506s] Level 1:colcon.colcon_core.package_identification:_identify(install) by extensions ['ignore', 'ignore_ament_install']
[1.506s] Level 1:colcon.colcon_core.package_identification:_identify(install) by extension 'ignore'
[1.506s] Level 1:colcon.colcon_core.package_identification:_identify(install) ignored
[1.507s] Level 1:colcon.colcon_core.package_identification:_identify(log) by extensions ['ignore', 'ignore_ament_install']
[1.507s] Level 1:colcon.colcon_core.package_identification:_identify(log) by extension 'ignore'
[1.507s] Level 1:colcon.colcon_core.package_identification:_identify(log) ignored
[1.507s] Level 1:colcon.colcon_core.package_identification:_identify(rwork) by extensions ['ignore', 'ignore_ament_install']
[1.507s] Level 1:colcon.colcon_core.package_identification:_identify(rwork) by extension 'ignore'
[1.507s] Level 1:colcon.colcon_core.package_identification:_identify(rwork) by extension 'ignore_ament_install'
[1.507s] Level 1:colcon.colcon_core.package_identification:_identify(rwork) by extensions ['colcon_pkg']
[1.507s] Level 1:colcon.colcon_core.package_identification:_identify(rwork) by extension 'colcon_pkg'
[1.507s] Level 1:colcon.colcon_core.package_identification:_identify(rwork) by extensions ['colcon_meta']
[1.507s] Level 1:colcon.colcon_core.package_identification:_identify(rwork) by extension 'colcon_meta'
[1.507s] Level 1:colcon.colcon_core.package_identification:_identify(rwork) by extensions ['ros']
[1.507s] Level 1:colcon.colcon_core.package_identification:_identify(rwork) by extension 'ros'
[1.507s] Level 1:colcon.colcon_core.package_identification:_identify(rwork) by extensions ['cmake', 'python']
[1.507s] Level 1:colcon.colcon_core.package_identification:_identify(rwork) by extension 'cmake'
[1.508s] Level 1:colcon.colcon_core.package_identification:_identify(rwork) by extension 'python'
[1.508s] Level 1:colcon.colcon_core.package_identification:_identify(rwork) by extensions ['python_setup_py']
[1.508s] Level 1:colcon.colcon_core.package_identification:_identify(rwork) by extension 'python_setup_py'
[1.508s] Level 1:colcon.colcon_core.package_identification:_identify(rwork/build) by extensions ['ignore', 'ignore_ament_install']
[1.508s] Level 1:colcon.colcon_core.package_identification:_identify(rwork/build) by extension 'ignore'
[1.508s] Level 1:colcon.colcon_core.package_identification:_identify(rwork/build) by extension 'ignore_ament_install'
[1.508s] Level 1:colcon.colcon_core.package_identification:_identify(rwork/build) by extensions ['colcon_pkg']
[1.508s] Level 1:colcon.colcon_core.package_identification:_identify(rwork/build) by extension 'colcon_pkg'
[1.508s] Level 1:colcon.colcon_core.package_identification:_identify(rwork/build) by extensions ['colcon_meta']
[1.508s] Level 1:colcon.colcon_core.package_identification:_identify(rwork/build) by extension 'colcon_meta'
[1.508s] Level 1:colcon.colcon_core.package_identification:_identify(rwork/build) by extensions ['ros']
[1.508s] Level 1:colcon.colcon_core.package_identification:_identify(rwork/build) by extension 'ros'
[1.508s] Level 1:colcon.colcon_core.package_identification:_identify(rwork/build) by extensions ['cmake', 'python']
[1.508s] Level 1:colcon.colcon_core.package_identification:_identify(rwork/build) by extension 'cmake'
[1.508s] Level 1:colcon.colcon_core.package_identification:_identify(rwork/build) by extension 'python'
[1.509s] Level 1:colcon.colcon_core.package_identification:_identify(rwork/build) by extensions ['python_setup_py']
[1.509s] Level 1:colcon.colcon_core.package_identification:_identify(rwork/build) by extension 'python_setup_py'
[1.509s] Level 1:colcon.colcon_core.package_identification:_identify(rwork/build/dual_arm_control_pkg) by extensions ['ignore', 'ignore_ament_install']
[1.509s] Level 1:colcon.colcon_core.package_identification:_identify(rwork/build/dual_arm_control_pkg) by extension 'ignore'
[1.509s] Level 1:colcon.colcon_core.package_identification:_identify(rwork/build/dual_arm_control_pkg) by extension 'ignore_ament_install'
[1.509s] Level 1:colcon.colcon_core.package_identification:_identify(rwork/build/dual_arm_control_pkg) by extensions ['colcon_pkg']
[1.509s] Level 1:colcon.colcon_core.package_identification:_identify(rwork/build/dual_arm_control_pkg) by extension 'colcon_pkg'
[1.509s] Level 1:colcon.colcon_core.package_identification:_identify(rwork/build/dual_arm_control_pkg) by extensions ['colcon_meta']
[1.509s] Level 1:colcon.colcon_core.package_identification:_identify(rwork/build/dual_arm_control_pkg) by extension 'colcon_meta'
[1.509s] Level 1:colcon.colcon_core.package_identification:_identify(rwork/build/dual_arm_control_pkg) by extensions ['ros']
[1.509s] Level 1:colcon.colcon_core.package_identification:_identify(rwork/build/dual_arm_control_pkg) by extension 'ros'
[1.510s] Level 1:colcon.colcon_core.package_identification:_identify(rwork/build/dual_arm_control_pkg) by extensions ['cmake', 'python']
[1.510s] Level 1:colcon.colcon_core.package_identification:_identify(rwork/build/dual_arm_control_pkg) by extension 'cmake'
[1.510s] Level 1:colcon.colcon_core.package_identification:_identify(rwork/build/dual_arm_control_pkg) by extension 'python'
[1.510s] Level 1:colcon.colcon_core.package_identification:_identify(rwork/build/dual_arm_control_pkg) by extensions ['python_setup_py']
[1.510s] Level 1:colcon.colcon_core.package_identification:_identify(rwork/build/dual_arm_control_pkg) by extension 'python_setup_py'
[1.510s] Level 1:colcon.colcon_core.package_identification:_identify(rwork/build/dual_arm_control_pkg/CMakeFiles) by extensions ['ignore', 'ignore_ament_install']
[1.510s] Level 1:colcon.colcon_core.package_identification:_identify(rwork/build/dual_arm_control_pkg/CMakeFiles) by extension 'ignore'
[1.510s] Level 1:colcon.colcon_core.package_identification:_identify(rwork/build/dual_arm_control_pkg/CMakeFiles) by extension 'ignore_ament_install'
[1.510s] Level 1:colcon.colcon_core.package_identification:_identify(rwork/build/dual_arm_control_pkg/CMakeFiles) by extensions ['colcon_pkg']
[1.510s] Level 1:colcon.colcon_core.package_identification:_identify(rwork/build/dual_arm_control_pkg/CMakeFiles) by extension 'colcon_pkg'
[1.511s] Level 1:colcon.colcon_core.package_identification:_identify(rwork/build/dual_arm_control_pkg/CMakeFiles) by extensions ['colcon_meta']
[1.511s] Level 1:colcon.colcon_core.package_identification:_identify(rwork/build/dual_arm_control_pkg/CMakeFiles) by extension 'colcon_meta'
[1.511s] Level 1:colcon.colcon_core.package_identification:_identify(rwork/build/dual_arm_control_pkg/CMakeFiles) by extensions ['ros']
[1.511s] Level 1:colcon.colcon_core.package_identification:_identify(rwork/build/dual_arm_control_pkg/CMakeFiles) by extension 'ros'
[1.511s] Level 1:colcon.colcon_core.package_identification:_identify(rwork/build/dual_arm_control_pkg/CMakeFiles) by extensions ['cmake', 'python']
[1.511s] Level 1:colcon.colcon_core.package_identification:_identify(rwork/build/dual_arm_control_pkg/CMakeFiles) by extension 'cmake'
[1.511s] Level 1:colcon.colcon_core.package_identification:_identify(rwork/build/dual_arm_control_pkg/CMakeFiles) by extension 'python'
[1.511s] Level 1:colcon.colcon_core.package_identification:_identify(rwork/build/dual_arm_control_pkg/CMakeFiles) by extensions ['python_setup_py']
[1.511s] Level 1:colcon.colcon_core.package_identification:_identify(rwork/build/dual_arm_control_pkg/CMakeFiles) by extension 'python_setup_py'
[1.511s] Level 1:colcon.colcon_core.package_identification:_identify(rwork/build/dual_arm_control_pkg/CMakeFiles/3.22.1) by extensions ['ignore', 'ignore_ament_install']
[1.511s] Level 1:colcon.colcon_core.package_identification:_identify(rwork/build/dual_arm_control_pkg/CMakeFiles/3.22.1) by extension 'ignore'
[1.512s] Level 1:colcon.colcon_core.package_identification:_identify(rwork/build/dual_arm_control_pkg/CMakeFiles/3.22.1) by extension 'ignore_ament_install'
[1.512s] Level 1:colcon.colcon_core.package_identification:_identify(rwork/build/dual_arm_control_pkg/CMakeFiles/3.22.1) by extensions ['colcon_pkg']
[1.512s] Level 1:colcon.colcon_core.package_identification:_identify(rwork/build/dual_arm_control_pkg/CMakeFiles/3.22.1) by extension 'colcon_pkg'
[1.512s] Level 1:colcon.colcon_core.package_identification:_identify(rwork/build/dual_arm_control_pkg/CMakeFiles/3.22.1) by extensions ['colcon_meta']
[1.512s] Level 1:colcon.colcon_core.package_identification:_identify(rwork/build/dual_arm_control_pkg/CMakeFiles/3.22.1) by extension 'colcon_meta'
[1.512s] Level 1:colcon.colcon_core.package_identification:_identify(rwork/build/dual_arm_control_pkg/CMakeFiles/3.22.1) by extensions ['ros']
[1.512s] Level 1:colcon.colcon_core.package_identification:_identify(rwork/build/dual_arm_control_pkg/CMakeFiles/3.22.1) by extension 'ros'
[1.512s] Level 1:colcon.colcon_core.package_identification:_identify(rwork/build/dual_arm_control_pkg/CMakeFiles/3.22.1) by extensions ['cmake', 'python']
[1.512s] Level 1:colcon.colcon_core.package_identification:_identify(rwork/build/dual_arm_control_pkg/CMakeFiles/3.22.1) by extension 'cmake'
[1.512s] Level 1:colcon.colcon_core.package_identification:_identify(rwork/build/dual_arm_control_pkg/CMakeFiles/3.22.1) by extension 'python'
[1.512s] Level 1:colcon.colcon_core.package_identification:_identify(rwork/build/dual_arm_control_pkg/CMakeFiles/3.22.1) by extensions ['python_setup_py']
[1.512s] Level 1:colcon.colcon_core.package_identification:_identify(rwork/build/dual_arm_control_pkg/CMakeFiles/3.22.1) by extension 'python_setup_py'
[1.513s] Level 1:colcon.colcon_core.package_identification:_identify(rwork/build/dual_arm_control_pkg/CMakeFiles/3.22.1/CompilerIdC) by extensions ['ignore', 'ignore_ament_install']
[1.513s] Level 1:colcon.colcon_core.package_identification:_identify(rwork/build/dual_arm_control_pkg/CMakeFiles/3.22.1/CompilerIdC) by extension 'ignore'
[1.513s] Level 1:colcon.colcon_core.package_identification:_identify(rwork/build/dual_arm_control_pkg/CMakeFiles/3.22.1/CompilerIdC) by extension 'ignore_ament_install'
[1.513s] Level 1:colcon.colcon_core.package_identification:_identify(rwork/build/dual_arm_control_pkg/CMakeFiles/3.22.1/CompilerIdC) by extensions ['colcon_pkg']
[1.513s] Level 1:colcon.colcon_core.package_identification:_identify(rwork/build/dual_arm_control_pkg/CMakeFiles/3.22.1/CompilerIdC) by extension 'colcon_pkg'
[1.513s] Level 1:colcon.colcon_core.package_identification:_identify(rwork/build/dual_arm_control_pkg/CMakeFiles/3.22.1/CompilerIdC) by extensions ['colcon_meta']
[1.513s] Level 1:colcon.colcon_core.package_identification:_identify(rwork/build/dual_arm_control_pkg/CMakeFiles/3.22.1/CompilerIdC) by extension 'colcon_meta'
[1.513s] Level 1:colcon.colcon_core.package_identification:_identify(rwork/build/dual_arm_control_pkg/CMakeFiles/3.22.1/CompilerIdC) by extensions ['ros']
[1.513s] Level 1:colcon.colcon_core.package_identification:_identify(rwork/build/dual_arm_control_pkg/CMakeFiles/3.22.1/CompilerIdC) by extension 'ros'
[1.513s] Level 1:colcon.colcon_core.package_identification:_identify(rwork/build/dual_arm_control_pkg/CMakeFiles/3.22.1/CompilerIdC) by extensions ['cmake', 'python']
[1.513s] Level 1:colcon.colcon_core.package_identification:_identify(rwork/build/dual_arm_control_pkg/CMakeFiles/3.22.1/CompilerIdC) by extension 'cmake'
[1.513s] Level 1:colcon.colcon_core.package_identification:_identify(rwork/build/dual_arm_control_pkg/CMakeFiles/3.22.1/CompilerIdC) by extension 'python'
[1.513s] Level 1:colcon.colcon_core.package_identification:_identify(rwork/build/dual_arm_control_pkg/CMakeFiles/3.22.1/CompilerIdC) by extensions ['python_setup_py']
[1.513s] Level 1:colcon.colcon_core.package_identification:_identify(rwork/build/dual_arm_control_pkg/CMakeFiles/3.22.1/CompilerIdC) by extension 'python_setup_py'
[1.514s] Level 1:colcon.colcon_core.package_identification:_identify(rwork/build/dual_arm_control_pkg/CMakeFiles/3.22.1/CompilerIdC/tmp) by extensions ['ignore', 'ignore_ament_install']
[1.514s] Level 1:colcon.colcon_core.package_identification:_identify(rwork/build/dual_arm_control_pkg/CMakeFiles/3.22.1/CompilerIdC/tmp) by extension 'ignore'
[1.514s] Level 1:colcon.colcon_core.package_identification:_identify(rwork/build/dual_arm_control_pkg/CMakeFiles/3.22.1/CompilerIdC/tmp) by extension 'ignore_ament_install'
[1.514s] Level 1:colcon.colcon_core.package_identification:_identify(rwork/build/dual_arm_control_pkg/CMakeFiles/3.22.1/CompilerIdC/tmp) by extensions ['colcon_pkg']
[1.514s] Level 1:colcon.colcon_core.package_identification:_identify(rwork/build/dual_arm_control_pkg/CMakeFiles/3.22.1/CompilerIdC/tmp) by extension 'colcon_pkg'
[1.514s] Level 1:colcon.colcon_core.package_identification:_identify(rwork/build/dual_arm_control_pkg/CMakeFiles/3.22.1/CompilerIdC/tmp) by extensions ['colcon_meta']
[1.514s] Level 1:colcon.colcon_core.package_identification:_identify(rwork/build/dual_arm_control_pkg/CMakeFiles/3.22.1/CompilerIdC/tmp) by extension 'colcon_meta'
[1.514s] Level 1:colcon.colcon_core.package_identification:_identify(rwork/build/dual_arm_control_pkg/CMakeFiles/3.22.1/CompilerIdC/tmp) by extensions ['ros']
[1.514s] Level 1:colcon.colcon_core.package_identification:_identify(rwork/build/dual_arm_control_pkg/CMakeFiles/3.22.1/CompilerIdC/tmp) by extension 'ros'
[1.514s] Level 1:colcon.colcon_core.package_identification:_identify(rwork/build/dual_arm_control_pkg/CMakeFiles/3.22.1/CompilerIdC/tmp) by extensions ['cmake', 'python']
[1.514s] Level 1:colcon.colcon_core.package_identification:_identify(rwork/build/dual_arm_control_pkg/CMakeFiles/3.22.1/CompilerIdC/tmp) by extension 'cmake'
[1.514s] Level 1:colcon.colcon_core.package_identification:_identify(rwork/build/dual_arm_control_pkg/CMakeFiles/3.22.1/CompilerIdC/tmp) by extension 'python'
[1.514s] Level 1:colcon.colcon_core.package_identification:_identify(rwork/build/dual_arm_control_pkg/CMakeFiles/3.22.1/CompilerIdC/tmp) by extensions ['python_setup_py']
[1.514s] Level 1:colcon.colcon_core.package_identification:_identify(rwork/build/dual_arm_control_pkg/CMakeFiles/3.22.1/CompilerIdC/tmp) by extension 'python_setup_py'
[1.515s] Level 1:colcon.colcon_core.package_identification:_identify(rwork/build/dual_arm_control_pkg/CMakeFiles/3.22.1/CompilerIdCXX) by extensions ['ignore', 'ignore_ament_install']
[1.515s] Level 1:colcon.colcon_core.package_identification:_identify(rwork/build/dual_arm_control_pkg/CMakeFiles/3.22.1/CompilerIdCXX) by extension 'ignore'
[1.515s] Level 1:colcon.colcon_core.package_identification:_identify(rwork/build/dual_arm_control_pkg/CMakeFiles/3.22.1/CompilerIdCXX) by extension 'ignore_ament_install'
[1.515s] Level 1:colcon.colcon_core.package_identification:_identify(rwork/build/dual_arm_control_pkg/CMakeFiles/3.22.1/CompilerIdCXX) by extensions ['colcon_pkg']
[1.515s] Level 1:colcon.colcon_core.package_identification:_identify(rwork/build/dual_arm_control_pkg/CMakeFiles/3.22.1/CompilerIdCXX) by extension 'colcon_pkg'
[1.515s] Level 1:colcon.colcon_core.package_identification:_identify(rwork/build/dual_arm_control_pkg/CMakeFiles/3.22.1/CompilerIdCXX) by extensions ['colcon_meta']
[1.515s] Level 1:colcon.colcon_core.package_identification:_identify(rwork/build/dual_arm_control_pkg/CMakeFiles/3.22.1/CompilerIdCXX) by extension 'colcon_meta'
[1.515s] Level 1:colcon.colcon_core.package_identification:_identify(rwork/build/dual_arm_control_pkg/CMakeFiles/3.22.1/CompilerIdCXX) by extensions ['ros']
[1.515s] Level 1:colcon.colcon_core.package_identification:_identify(rwork/build/dual_arm_control_pkg/CMakeFiles/3.22.1/CompilerIdCXX) by extension 'ros'
[1.515s] Level 1:colcon.colcon_core.package_identification:_identify(rwork/build/dual_arm_control_pkg/CMakeFiles/3.22.1/CompilerIdCXX) by extensions ['cmake', 'python']
[1.515s] Level 1:colcon.colcon_core.package_identification:_identify(rwork/build/dual_arm_control_pkg/CMakeFiles/3.22.1/CompilerIdCXX) by extension 'cmake'
[1.515s] Level 1:colcon.colcon_core.package_identification:_identify(rwork/build/dual_arm_control_pkg/CMakeFiles/3.22.1/CompilerIdCXX) by extension 'python'
[1.515s] Level 1:colcon.colcon_core.package_identification:_identify(rwork/build/dual_arm_control_pkg/CMakeFiles/3.22.1/CompilerIdCXX) by extensions ['python_setup_py']
[1.516s] Level 1:colcon.colcon_core.package_identification:_identify(rwork/build/dual_arm_control_pkg/CMakeFiles/3.22.1/CompilerIdCXX) by extension 'python_setup_py'
[1.516s] Level 1:colcon.colcon_core.package_identification:_identify(rwork/build/dual_arm_control_pkg/CMakeFiles/3.22.1/CompilerIdCXX/tmp) by extensions ['ignore', 'ignore_ament_install']
[1.516s] Level 1:colcon.colcon_core.package_identification:_identify(rwork/build/dual_arm_control_pkg/CMakeFiles/3.22.1/CompilerIdCXX/tmp) by extension 'ignore'
[1.516s] Level 1:colcon.colcon_core.package_identification:_identify(rwork/build/dual_arm_control_pkg/CMakeFiles/3.22.1/CompilerIdCXX/tmp) by extension 'ignore_ament_install'
[1.516s] Level 1:colcon.colcon_core.package_identification:_identify(rwork/build/dual_arm_control_pkg/CMakeFiles/3.22.1/CompilerIdCXX/tmp) by extensions ['colcon_pkg']
[1.516s] Level 1:colcon.colcon_core.package_identification:_identify(rwork/build/dual_arm_control_pkg/CMakeFiles/3.22.1/CompilerIdCXX/tmp) by extension 'colcon_pkg'
[1.516s] Level 1:colcon.colcon_core.package_identification:_identify(rwork/build/dual_arm_control_pkg/CMakeFiles/3.22.1/CompilerIdCXX/tmp) by extensions ['colcon_meta']
[1.516s] Level 1:colcon.colcon_core.package_identification:_identify(rwork/build/dual_arm_control_pkg/CMakeFiles/3.22.1/CompilerIdCXX/tmp) by extension 'colcon_meta'
[1.516s] Level 1:colcon.colcon_core.package_identification:_identify(rwork/build/dual_arm_control_pkg/CMakeFiles/3.22.1/CompilerIdCXX/tmp) by extensions ['ros']
[1.516s] Level 1:colcon.colcon_core.package_identification:_identify(rwork/build/dual_arm_control_pkg/CMakeFiles/3.22.1/CompilerIdCXX/tmp) by extension 'ros'
[1.516s] Level 1:colcon.colcon_core.package_identification:_identify(rwork/build/dual_arm_control_pkg/CMakeFiles/3.22.1/CompilerIdCXX/tmp) by extensions ['cmake', 'python']
[1.516s] Level 1:colcon.colcon_core.package_identification:_identify(rwork/build/dual_arm_control_pkg/CMakeFiles/3.22.1/CompilerIdCXX/tmp) by extension 'cmake'
[1.516s] Level 1:colcon.colcon_core.package_identification:_identify(rwork/build/dual_arm_control_pkg/CMakeFiles/3.22.1/CompilerIdCXX/tmp) by extension 'python'
[1.516s] Level 1:colcon.colcon_core.package_identification:_identify(rwork/build/dual_arm_control_pkg/CMakeFiles/3.22.1/CompilerIdCXX/tmp) by extensions ['python_setup_py']
[1.517s] Level 1:colcon.colcon_core.package_identification:_identify(rwork/build/dual_arm_control_pkg/CMakeFiles/3.22.1/CompilerIdCXX/tmp) by extension 'python_setup_py'
[1.517s] Level 1:colcon.colcon_core.package_identification:_identify(rwork/build/dual_arm_control_pkg/CMakeFiles/CMakeTmp) by extensions ['ignore', 'ignore_ament_install']
[1.517s] Level 1:colcon.colcon_core.package_identification:_identify(rwork/build/dual_arm_control_pkg/CMakeFiles/CMakeTmp) by extension 'ignore'
[1.517s] Level 1:colcon.colcon_core.package_identification:_identify(rwork/build/dual_arm_control_pkg/CMakeFiles/CMakeTmp) by extension 'ignore_ament_install'
[1.517s] Level 1:colcon.colcon_core.package_identification:_identify(rwork/build/dual_arm_control_pkg/CMakeFiles/CMakeTmp) by extensions ['colcon_pkg']
[1.517s] Level 1:colcon.colcon_core.package_identification:_identify(rwork/build/dual_arm_control_pkg/CMakeFiles/CMakeTmp) by extension 'colcon_pkg'
[1.517s] Level 1:colcon.colcon_core.package_identification:_identify(rwork/build/dual_arm_control_pkg/CMakeFiles/CMakeTmp) by extensions ['colcon_meta']
[1.517s] Level 1:colcon.colcon_core.package_identification:_identify(rwork/build/dual_arm_control_pkg/CMakeFiles/CMakeTmp) by extension 'colcon_meta'
[1.517s] Level 1:colcon.colcon_core.package_identification:_identify(rwork/build/dual_arm_control_pkg/CMakeFiles/CMakeTmp) by extensions ['ros']
[1.517s] Level 1:colcon.colcon_core.package_identification:_identify(rwork/build/dual_arm_control_pkg/CMakeFiles/CMakeTmp) by extension 'ros'
[1.517s] Level 1:colcon.colcon_core.package_identification:_identify(rwork/build/dual_arm_control_pkg/CMakeFiles/CMakeTmp) by extensions ['cmake', 'python']
[1.517s] Level 1:colcon.colcon_core.package_identification:_identify(rwork/build/dual_arm_control_pkg/CMakeFiles/CMakeTmp) by extension 'cmake'
[1.517s] Level 1:colcon.colcon_core.package_identification:_identify(rwork/build/dual_arm_control_pkg/CMakeFiles/CMakeTmp) by extension 'python'
[1.517s] Level 1:colcon.colcon_core.package_identification:_identify(rwork/build/dual_arm_control_pkg/CMakeFiles/CMakeTmp) by extensions ['python_setup_py']
[1.517s] Level 1:colcon.colcon_core.package_identification:_identify(rwork/build/dual_arm_control_pkg/CMakeFiles/CMakeTmp) by extension 'python_setup_py'
[1.518s] Level 1:colcon.colcon_core.package_identification:_identify(rwork/build/dual_arm_control_pkg/ament_cppcheck) by extensions ['ignore', 'ignore_ament_install']
[1.518s] Level 1:colcon.colcon_core.package_identification:_identify(rwork/build/dual_arm_control_pkg/ament_cppcheck) by extension 'ignore'
[1.518s] Level 1:colcon.colcon_core.package_identification:_identify(rwork/build/dual_arm_control_pkg/ament_cppcheck) by extension 'ignore_ament_install'
[1.518s] Level 1:colcon.colcon_core.package_identification:_identify(rwork/build/dual_arm_control_pkg/ament_cppcheck) by extensions ['colcon_pkg']
[1.518s] Level 1:colcon.colcon_core.package_identification:_identify(rwork/build/dual_arm_control_pkg/ament_cppcheck) by extension 'colcon_pkg'
[1.518s] Level 1:colcon.colcon_core.package_identification:_identify(rwork/build/dual_arm_control_pkg/ament_cppcheck) by extensions ['colcon_meta']
[1.518s] Level 1:colcon.colcon_core.package_identification:_identify(rwork/build/dual_arm_control_pkg/ament_cppcheck) by extension 'colcon_meta'
[1.518s] Level 1:colcon.colcon_core.package_identification:_identify(rwork/build/dual_arm_control_pkg/ament_cppcheck) by extensions ['ros']
[1.518s] Level 1:colcon.colcon_core.package_identification:_identify(rwork/build/dual_arm_control_pkg/ament_cppcheck) by extension 'ros'
[1.518s] Level 1:colcon.colcon_core.package_identification:_identify(rwork/build/dual_arm_control_pkg/ament_cppcheck) by extensions ['cmake', 'python']
[1.518s] Level 1:colcon.colcon_core.package_identification:_identify(rwork/build/dual_arm_control_pkg/ament_cppcheck) by extension 'cmake'
[1.518s] Level 1:colcon.colcon_core.package_identification:_identify(rwork/build/dual_arm_control_pkg/ament_cppcheck) by extension 'python'
[1.518s] Level 1:colcon.colcon_core.package_identification:_identify(rwork/build/dual_arm_control_pkg/ament_cppcheck) by extensions ['python_setup_py']
[1.518s] Level 1:colcon.colcon_core.package_identification:_identify(rwork/build/dual_arm_control_pkg/ament_cppcheck) by extension 'python_setup_py'
[1.519s] Level 1:colcon.colcon_core.package_identification:_identify(rwork/build/dual_arm_control_pkg/ament_lint_cmake) by extensions ['ignore', 'ignore_ament_install']
[1.519s] Level 1:colcon.colcon_core.package_identification:_identify(rwork/build/dual_arm_control_pkg/ament_lint_cmake) by extension 'ignore'
[1.519s] Level 1:colcon.colcon_core.package_identification:_identify(rwork/build/dual_arm_control_pkg/ament_lint_cmake) by extension 'ignore_ament_install'
[1.519s] Level 1:colcon.colcon_core.package_identification:_identify(rwork/build/dual_arm_control_pkg/ament_lint_cmake) by extensions ['colcon_pkg']
[1.519s] Level 1:colcon.colcon_core.package_identification:_identify(rwork/build/dual_arm_control_pkg/ament_lint_cmake) by extension 'colcon_pkg'
[1.519s] Level 1:colcon.colcon_core.package_identification:_identify(rwork/build/dual_arm_control_pkg/ament_lint_cmake) by extensions ['colcon_meta']
[1.519s] Level 1:colcon.colcon_core.package_identification:_identify(rwork/build/dual_arm_control_pkg/ament_lint_cmake) by extension 'colcon_meta'
[1.519s] Level 1:colcon.colcon_core.package_identification:_identify(rwork/build/dual_arm_control_pkg/ament_lint_cmake) by extensions ['ros']
[1.519s] Level 1:colcon.colcon_core.package_identification:_identify(rwork/build/dual_arm_control_pkg/ament_lint_cmake) by extension 'ros'
[1.519s] Level 1:colcon.colcon_core.package_identification:_identify(rwork/build/dual_arm_control_pkg/ament_lint_cmake) by extensions ['cmake', 'python']
[1.519s] Level 1:colcon.colcon_core.package_identification:_identify(rwork/build/dual_arm_control_pkg/ament_lint_cmake) by extension 'cmake'
[1.519s] Level 1:colcon.colcon_core.package_identification:_identify(rwork/build/dual_arm_control_pkg/ament_lint_cmake) by extension 'python'
[1.519s] Level 1:colcon.colcon_core.package_identification:_identify(rwork/build/dual_arm_control_pkg/ament_lint_cmake) by extensions ['python_setup_py']
[1.519s] Level 1:colcon.colcon_core.package_identification:_identify(rwork/build/dual_arm_control_pkg/ament_lint_cmake) by extension 'python_setup_py'
[1.519s] Level 1:colcon.colcon_core.package_identification:_identify(rwork/build/dual_arm_control_pkg/ament_uncrustify) by extensions ['ignore', 'ignore_ament_install']
[1.520s] Level 1:colcon.colcon_core.package_identification:_identify(rwork/build/dual_arm_control_pkg/ament_uncrustify) by extension 'ignore'
[1.520s] Level 1:colcon.colcon_core.package_identification:_identify(rwork/build/dual_arm_control_pkg/ament_uncrustify) by extension 'ignore_ament_install'
[1.520s] Level 1:colcon.colcon_core.package_identification:_identify(rwork/build/dual_arm_control_pkg/ament_uncrustify) by extensions ['colcon_pkg']
[1.520s] Level 1:colcon.colcon_core.package_identification:_identify(rwork/build/dual_arm_control_pkg/ament_uncrustify) by extension 'colcon_pkg'
[1.520s] Level 1:colcon.colcon_core.package_identification:_identify(rwork/build/dual_arm_control_pkg/ament_uncrustify) by extensions ['colcon_meta']
[1.520s] Level 1:colcon.colcon_core.package_identification:_identify(rwork/build/dual_arm_control_pkg/ament_uncrustify) by extension 'colcon_meta'
[1.520s] Level 1:colcon.colcon_core.package_identification:_identify(rwork/build/dual_arm_control_pkg/ament_uncrustify) by extensions ['ros']
[1.520s] Level 1:colcon.colcon_core.package_identification:_identify(rwork/build/dual_arm_control_pkg/ament_uncrustify) by extension 'ros'
[1.520s] Level 1:colcon.colcon_core.package_identification:_identify(rwork/build/dual_arm_control_pkg/ament_uncrustify) by extensions ['cmake', 'python']
[1.520s] Level 1:colcon.colcon_core.package_identification:_identify(rwork/build/dual_arm_control_pkg/ament_uncrustify) by extension 'cmake'
[1.520s] Level 1:colcon.colcon_core.package_identification:_identify(rwork/build/dual_arm_control_pkg/ament_uncrustify) by extension 'python'
[1.520s] Level 1:colcon.colcon_core.package_identification:_identify(rwork/build/dual_arm_control_pkg/ament_uncrustify) by extensions ['python_setup_py']
[1.520s] Level 1:colcon.colcon_core.package_identification:_identify(rwork/build/dual_arm_control_pkg/ament_uncrustify) by extension 'python_setup_py'
[1.521s] Level 1:colcon.colcon_core.package_identification:_identify(rwork/build/dual_arm_control_pkg/ament_xmllint) by extensions ['ignore', 'ignore_ament_install']
[1.521s] Level 1:colcon.colcon_core.package_identification:_identify(rwork/build/dual_arm_control_pkg/ament_xmllint) by extension 'ignore'
[1.521s] Level 1:colcon.colcon_core.package_identification:_identify(rwork/build/dual_arm_control_pkg/ament_xmllint) by extension 'ignore_ament_install'
[1.521s] Level 1:colcon.colcon_core.package_identification:_identify(rwork/build/dual_arm_control_pkg/ament_xmllint) by extensions ['colcon_pkg']
[1.521s] Level 1:colcon.colcon_core.package_identification:_identify(rwork/build/dual_arm_control_pkg/ament_xmllint) by extension 'colcon_pkg'
[1.521s] Level 1:colcon.colcon_core.package_identification:_identify(rwork/build/dual_arm_control_pkg/ament_xmllint) by extensions ['colcon_meta']
[1.521s] Level 1:colcon.colcon_core.package_identification:_identify(rwork/build/dual_arm_control_pkg/ament_xmllint) by extension 'colcon_meta'
[1.521s] Level 1:colcon.colcon_core.package_identification:_identify(rwork/build/dual_arm_control_pkg/ament_xmllint) by extensions ['ros']
[1.521s] Level 1:colcon.colcon_core.package_identification:_identify(rwork/build/dual_arm_control_pkg/ament_xmllint) by extension 'ros'
[1.521s] Level 1:colcon.colcon_core.package_identification:_identify(rwork/build/dual_arm_control_pkg/ament_xmllint) by extensions ['cmake', 'python']
[1.521s] Level 1:colcon.colcon_core.package_identification:_identify(rwork/build/dual_arm_control_pkg/ament_xmllint) by extension 'cmake'
[1.521s] Level 1:colcon.colcon_core.package_identification:_identify(rwork/build/dual_arm_control_pkg/ament_xmllint) by extension 'python'
[1.521s] Level 1:colcon.colcon_core.package_identification:_identify(rwork/build/dual_arm_control_pkg/ament_xmllint) by extensions ['python_setup_py']
[1.521s] Level 1:colcon.colcon_core.package_identification:_identify(rwork/build/dual_arm_control_pkg/ament_xmllint) by extension 'python_setup_py'
[1.522s] Level 1:colcon.colcon_core.package_identification:_identify(rwork/src) by extensions ['ignore', 'ignore_ament_install']
[1.522s] Level 1:colcon.colcon_core.package_identification:_identify(rwork/src) by extension 'ignore'
[1.522s] Level 1:colcon.colcon_core.package_identification:_identify(rwork/src) by extension 'ignore_ament_install'
[1.522s] Level 1:colcon.colcon_core.package_identification:_identify(rwork/src) by extensions ['colcon_pkg']
[1.522s] Level 1:colcon.colcon_core.package_identification:_identify(rwork/src) by extension 'colcon_pkg'
[1.522s] Level 1:colcon.colcon_core.package_identification:_identify(rwork/src) by extensions ['colcon_meta']
[1.522s] Level 1:colcon.colcon_core.package_identification:_identify(rwork/src) by extension 'colcon_meta'
[1.522s] Level 1:colcon.colcon_core.package_identification:_identify(rwork/src) by extensions ['ros']
[1.522s] Level 1:colcon.colcon_core.package_identification:_identify(rwork/src) by extension 'ros'
[1.522s] Level 1:colcon.colcon_core.package_identification:_identify(rwork/src) by extensions ['cmake', 'python']
[1.522s] Level 1:colcon.colcon_core.package_identification:_identify(rwork/src) by extension 'cmake'
[1.522s] Level 1:colcon.colcon_core.package_identification:_identify(rwork/src) by extension 'python'
[1.522s] Level 1:colcon.colcon_core.package_identification:_identify(rwork/src) by extensions ['python_setup_py']
[1.522s] Level 1:colcon.colcon_core.package_identification:_identify(rwork/src) by extension 'python_setup_py'
[1.523s] Level 1:colcon.colcon_core.package_identification:_identify(rwork/src/csv_files) by extensions ['ignore', 'ignore_ament_install']
[1.523s] Level 1:colcon.colcon_core.package_identification:_identify(rwork/src/csv_files) by extension 'ignore'
[1.523s] Level 1:colcon.colcon_core.package_identification:_identify(rwork/src/csv_files) by extension 'ignore_ament_install'
[1.523s] Level 1:colcon.colcon_core.package_identification:_identify(rwork/src/csv_files) by extensions ['colcon_pkg']
[1.523s] Level 1:colcon.colcon_core.package_identification:_identify(rwork/src/csv_files) by extension 'colcon_pkg'
[1.523s] Level 1:colcon.colcon_core.package_identification:_identify(rwork/src/csv_files) by extensions ['colcon_meta']
[1.523s] Level 1:colcon.colcon_core.package_identification:_identify(rwork/src/csv_files) by extension 'colcon_meta'
[1.523s] Level 1:colcon.colcon_core.package_identification:_identify(rwork/src/csv_files) by extensions ['ros']
[1.523s] Level 1:colcon.colcon_core.package_identification:_identify(rwork/src/csv_files) by extension 'ros'
[1.523s] Level 1:colcon.colcon_core.package_identification:_identify(rwork/src/csv_files) by extensions ['cmake', 'python']
[1.523s] Level 1:colcon.colcon_core.package_identification:_identify(rwork/src/csv_files) by extension 'cmake'
[1.523s] Level 1:colcon.colcon_core.package_identification:_identify(rwork/src/csv_files) by extension 'python'
[1.523s] Level 1:colcon.colcon_core.package_identification:_identify(rwork/src/csv_files) by extensions ['python_setup_py']
[1.523s] Level 1:colcon.colcon_core.package_identification:_identify(rwork/src/csv_files) by extension 'python_setup_py'
[1.524s] Level 1:colcon.colcon_core.package_identification:_identify(rwork/src/dual_arm_control_pkg) by extensions ['ignore', 'ignore_ament_install']
[1.524s] Level 1:colcon.colcon_core.package_identification:_identify(rwork/src/dual_arm_control_pkg) by extension 'ignore'
[1.524s] Level 1:colcon.colcon_core.package_identification:_identify(rwork/src/dual_arm_control_pkg) by extension 'ignore_ament_install'
[1.524s] Level 1:colcon.colcon_core.package_identification:_identify(rwork/src/dual_arm_control_pkg) by extensions ['colcon_pkg']
[1.524s] Level 1:colcon.colcon_core.package_identification:_identify(rwork/src/dual_arm_control_pkg) by extension 'colcon_pkg'
[1.524s] Level 1:colcon.colcon_core.package_identification:_identify(rwork/src/dual_arm_control_pkg) by extensions ['colcon_meta']
[1.524s] Level 1:colcon.colcon_core.package_identification:_identify(rwork/src/dual_arm_control_pkg) by extension 'colcon_meta'
[1.524s] Level 1:colcon.colcon_core.package_identification:_identify(rwork/src/dual_arm_control_pkg) by extensions ['ros']
[1.524s] Level 1:colcon.colcon_core.package_identification:_identify(rwork/src/dual_arm_control_pkg) by extension 'ros'
[1.524s] Level 1:colcon.colcon_core.package_identification:_identify(rwork/src/dual_arm_control_pkg) by extensions ['cmake', 'python']
[1.524s] Level 1:colcon.colcon_core.package_identification:_identify(rwork/src/dual_arm_control_pkg) by extension 'cmake'
[1.524s] Level 1:colcon.colcon_core.package_identification:_identify(rwork/src/dual_arm_control_pkg) by extension 'python'
[1.524s] Level 1:colcon.colcon_core.package_identification:_identify(rwork/src/dual_arm_control_pkg) by extensions ['python_setup_py']
[1.525s] Level 1:colcon.colcon_core.package_identification:_identify(rwork/src/dual_arm_control_pkg) by extension 'python_setup_py'
[1.525s] Level 1:colcon.colcon_core.package_identification:_identify(rwork/src/dual_arm_control_pkg/include) by extensions ['ignore', 'ignore_ament_install']
[1.525s] Level 1:colcon.colcon_core.package_identification:_identify(rwork/src/dual_arm_control_pkg/include) by extension 'ignore'
[1.525s] Level 1:colcon.colcon_core.package_identification:_identify(rwork/src/dual_arm_control_pkg/include) by extension 'ignore_ament_install'
[1.525s] Level 1:colcon.colcon_core.package_identification:_identify(rwork/src/dual_arm_control_pkg/include) by extensions ['colcon_pkg']
[1.525s] Level 1:colcon.colcon_core.package_identification:_identify(rwork/src/dual_arm_control_pkg/include) by extension 'colcon_pkg'
[1.525s] Level 1:colcon.colcon_core.package_identification:_identify(rwork/src/dual_arm_control_pkg/include) by extensions ['colcon_meta']
[1.525s] Level 1:colcon.colcon_core.package_identification:_identify(rwork/src/dual_arm_control_pkg/include) by extension 'colcon_meta'
[1.525s] Level 1:colcon.colcon_core.package_identification:_identify(rwork/src/dual_arm_control_pkg/include) by extensions ['ros']
[1.525s] Level 1:colcon.colcon_core.package_identification:_identify(rwork/src/dual_arm_control_pkg/include) by extension 'ros'
[1.525s] Level 1:colcon.colcon_core.package_identification:_identify(rwork/src/dual_arm_control_pkg/include) by extensions ['cmake', 'python']
[1.525s] Level 1:colcon.colcon_core.package_identification:_identify(rwork/src/dual_arm_control_pkg/include) by extension 'cmake'
[1.525s] Level 1:colcon.colcon_core.package_identification:_identify(rwork/src/dual_arm_control_pkg/include) by extension 'python'
[1.525s] Level 1:colcon.colcon_core.package_identification:_identify(rwork/src/dual_arm_control_pkg/include) by extensions ['python_setup_py']
[1.525s] Level 1:colcon.colcon_core.package_identification:_identify(rwork/src/dual_arm_control_pkg/include) by extension 'python_setup_py'
[1.526s] Level 1:colcon.colcon_core.package_identification:_identify(rwork/src/dual_arm_control_pkg/include/dual_arm_control_pkg) by extensions ['ignore', 'ignore_ament_install']
[1.526s] Level 1:colcon.colcon_core.package_identification:_identify(rwork/src/dual_arm_control_pkg/include/dual_arm_control_pkg) by extension 'ignore'
[1.526s] Level 1:colcon.colcon_core.package_identification:_identify(rwork/src/dual_arm_control_pkg/include/dual_arm_control_pkg) by extension 'ignore_ament_install'
[1.526s] Level 1:colcon.colcon_core.package_identification:_identify(rwork/src/dual_arm_control_pkg/include/dual_arm_control_pkg) by extensions ['colcon_pkg']
[1.526s] Level 1:colcon.colcon_core.package_identification:_identify(rwork/src/dual_arm_control_pkg/include/dual_arm_control_pkg) by extension 'colcon_pkg'
[1.526s] Level 1:colcon.colcon_core.package_identification:_identify(rwork/src/dual_arm_control_pkg/include/dual_arm_control_pkg) by extensions ['colcon_meta']
[1.526s] Level 1:colcon.colcon_core.package_identification:_identify(rwork/src/dual_arm_control_pkg/include/dual_arm_control_pkg) by extension 'colcon_meta'
[1.526s] Level 1:colcon.colcon_core.package_identification:_identify(rwork/src/dual_arm_control_pkg/include/dual_arm_control_pkg) by extensions ['ros']
[1.526s] Level 1:colcon.colcon_core.package_identification:_identify(rwork/src/dual_arm_control_pkg/include/dual_arm_control_pkg) by extension 'ros'
[1.526s] Level 1:colcon.colcon_core.package_identification:_identify(rwork/src/dual_arm_control_pkg/include/dual_arm_control_pkg) by extensions ['cmake', 'python']
[1.526s] Level 1:colcon.colcon_core.package_identification:_identify(rwork/src/dual_arm_control_pkg/include/dual_arm_control_pkg) by extension 'cmake'
[1.526s] Level 1:colcon.colcon_core.package_identification:_identify(rwork/src/dual_arm_control_pkg/include/dual_arm_control_pkg) by extension 'python'
[1.526s] Level 1:colcon.colcon_core.package_identification:_identify(rwork/src/dual_arm_control_pkg/include/dual_arm_control_pkg) by extensions ['python_setup_py']
[1.526s] Level 1:colcon.colcon_core.package_identification:_identify(rwork/src/dual_arm_control_pkg/include/dual_arm_control_pkg) by extension 'python_setup_py'
[1.527s] Level 1:colcon.colcon_core.package_identification:_identify(text_files) by extensions ['ignore', 'ignore_ament_install']
[1.527s] Level 1:colcon.colcon_core.package_identification:_identify(text_files) by extension 'ignore'
[1.527s] Level 1:colcon.colcon_core.package_identification:_identify(text_files) by extension 'ignore_ament_install'
[1.527s] Level 1:colcon.colcon_core.package_identification:_identify(text_files) by extensions ['colcon_pkg']
[1.527s] Level 1:colcon.colcon_core.package_identification:_identify(text_files) by extension 'colcon_pkg'
[1.527s] Level 1:colcon.colcon_core.package_identification:_identify(text_files) by extensions ['colcon_meta']
[1.527s] Level 1:colcon.colcon_core.package_identification:_identify(text_files) by extension 'colcon_meta'
[1.527s] Level 1:colcon.colcon_core.package_identification:_identify(text_files) by extensions ['ros']
[1.527s] Level 1:colcon.colcon_core.package_identification:_identify(text_files) by extension 'ros'
[1.527s] Level 1:colcon.colcon_core.package_identification:_identify(text_files) by extensions ['cmake', 'python']
[1.527s] Level 1:colcon.colcon_core.package_identification:_identify(text_files) by extension 'cmake'
[1.527s] Level 1:colcon.colcon_core.package_identification:_identify(text_files) by extension 'python'
[1.527s] Level 1:colcon.colcon_core.package_identification:_identify(text_files) by extensions ['python_setup_py']
[1.527s] Level 1:colcon.colcon_core.package_identification:_identify(text_files) by extension 'python_setup_py'
[1.528s] Level 1:colcon.colcon_core.package_discovery:discover_packages(recursive) using defaults
[1.528s] Level 1:colcon.colcon_core.package_discovery:discover_packages(ignore) discover
[1.528s] Level 1:colcon.colcon_core.package_discovery:discover_packages(ignore) using defaults
[1.528s] Level 1:colcon.colcon_core.package_discovery:discover_packages(path) discover
[1.528s] Level 1:colcon.colcon_core.package_discovery:discover_packages(path) using defaults
[1.665s] Level 1:colcon.colcon_core.package_discovery:discover_packages(prefix_path) check parameters
[1.665s] Level 1:colcon.colcon_core.package_discovery:discover_packages(prefix_path) discover
[1.704s] DEBUG:colcon.colcon_installed_package_information.package_discovery:Found 3 installed packages in /home/kyu8/tfg/Simulation/install
[1.723s] DEBUG:colcon.colcon_installed_package_information.package_discovery:Found 279 installed packages in /opt/ros/humble
[1.747s] Level 1:colcon.colcon_core.package_discovery:discover_packages(prefix_path) using defaults
[1.889s] Level 5:colcon.colcon_core.verb:set package 'arm_pkg' build argument 'cmake_args' from command line to 'None'
[1.889s] Level 5:colcon.colcon_core.verb:set package 'arm_pkg' build argument 'cmake_target' from command line to 'None'
[1.889s] Level 5:colcon.colcon_core.verb:set package 'arm_pkg' build argument 'cmake_target_skip_unavailable' from command line to 'False'
[1.889s] Level 5:colcon.colcon_core.verb:set package 'arm_pkg' build argument 'cmake_clean_cache' from command line to 'False'
[1.889s] Level 5:colcon.colcon_core.verb:set package 'arm_pkg' build argument 'cmake_clean_first' from command line to 'False'
[1.889s] Level 5:colcon.colcon_core.verb:set package 'arm_pkg' build argument 'cmake_force_configure' from command line to 'False'
[1.889s] Level 5:colcon.colcon_core.verb:set package 'arm_pkg' build argument 'ament_cmake_args' from command line to 'None'
[1.889s] Level 5:colcon.colcon_core.verb:set package 'arm_pkg' build argument 'catkin_cmake_args' from command line to 'None'
[1.889s] Level 5:colcon.colcon_core.verb:set package 'arm_pkg' build argument 'catkin_skip_building_tests' from command line to 'False'
[1.890s] DEBUG:colcon.colcon_core.verb:Building package 'arm_pkg' with the following arguments: {'ament_cmake_args': None, 'build_base': '/home/kyu8/tfg/build/arm_pkg', 'catkin_cmake_args': None, 'catkin_skip_building_tests': False, 'cmake_args': None, 'cmake_clean_cache': False, 'cmake_clean_first': False, 'cmake_force_configure': False, 'cmake_target': None, 'cmake_target_skip_unavailable': False, 'install_base': '/home/kyu8/tfg/install/arm_pkg', 'merge_install': False, 'path': '/home/kyu8/tfg/Simulation/src/arm_pkg', 'symlink_install': False, 'test_result_base': None}
[1.916s] Level 5:colcon.colcon_core.verb:set package 'dual_arm_control_pkg' build argument 'cmake_args' from command line to 'None'
[1.916s] Level 5:colcon.colcon_core.verb:set package 'dual_arm_control_pkg' build argument 'cmake_target' from command line to 'None'
[1.916s] Level 5:colcon.colcon_core.verb:set package 'dual_arm_control_pkg' build argument 'cmake_target_skip_unavailable' from command line to 'False'
[1.916s] Level 5:colcon.colcon_core.verb:set package 'dual_arm_control_pkg' build argument 'cmake_clean_cache' from command line to 'False'
[1.916s] Level 5:colcon.colcon_core.verb:set package 'dual_arm_control_pkg' build argument 'cmake_clean_first' from command line to 'False'
[1.916s] Level 5:colcon.colcon_core.verb:set package 'dual_arm_control_pkg' build argument 'cmake_force_configure' from command line to 'False'
[1.916s] Level 5:colcon.colcon_core.verb:set package 'dual_arm_control_pkg' build argument 'ament_cmake_args' from command line to 'None'
[1.916s] Level 5:colcon.colcon_core.verb:set package 'dual_arm_control_pkg' build argument 'catkin_cmake_args' from command line to 'None'
[1.916s] Level 5:colcon.colcon_core.verb:set package 'dual_arm_control_pkg' build argument 'catkin_skip_building_tests' from command line to 'False'
[1.916s] DEBUG:colcon.colcon_core.verb:Building package 'dual_arm_control_pkg' with the following arguments: {'ament_cmake_args': None, 'build_base': '/home/kyu8/tfg/build/dual_arm_control_pkg', 'catkin_cmake_args': None, 'catkin_skip_building_tests': False, 'cmake_args': None, 'cmake_clean_cache': False, 'cmake_clean_first': False, 'cmake_force_configure': False, 'cmake_target': None, 'cmake_target_skip_unavailable': False, 'install_base': '/home/kyu8/tfg/install/dual_arm_control_pkg', 'merge_install': False, 'path': '/home/kyu8/tfg/Simulation/src/dual_arm_control_pkg', 'symlink_install': False, 'test_result_base': None}
[1.941s] INFO:colcon.colcon_core.executor:Executing jobs using 'parallel' executor
[1.966s] DEBUG:colcon.colcon_parallel_executor.executor.parallel:run_until_complete
[1.967s] INFO:colcon.colcon_ros.task.ament_python.build:Building ROS package in '/home/kyu8/tfg/Simulation/src/arm_pkg' with build type 'ament_python'
[1.967s] Level 1:colcon.colcon_core.shell:create_environment_hook('arm_pkg', 'ament_prefix_path')
[1.990s] INFO:colcon.colcon_core.plugin_system:Skipping extension 'colcon_core.shell.bat': Not used on non-Windows systems
[1.992s] INFO:colcon.colcon_core.shell:Creating environment hook '/home/kyu8/tfg/install/arm_pkg/share/arm_pkg/hook/ament_prefix_path.ps1'
[1.993s] INFO:colcon.colcon_core.shell:Creating environment descriptor '/home/kyu8/tfg/install/arm_pkg/share/arm_pkg/hook/ament_prefix_path.dsv'
[1.995s] INFO:colcon.colcon_core.shell:Creating environment hook '/home/kyu8/tfg/install/arm_pkg/share/arm_pkg/hook/ament_prefix_path.sh'
[2.019s] INFO:colcon.colcon_core.shell:Skip shell extension 'powershell' for command environment: Not usable outside of PowerShell
[2.019s] DEBUG:colcon.colcon_core.shell:Skip shell extension 'dsv' for command environment
[2.099s] INFO:colcon.colcon_ros.task.ament_python.build:Building ROS package in '/home/kyu8/tfg/Simulation/src/dual_arm_control_pkg' with build type 'ament_python'
[2.100s] Level 1:colcon.colcon_core.shell:create_environment_hook('dual_arm_control_pkg', 'ament_prefix_path')
[2.124s] INFO:colcon.colcon_core.shell:Creating environment hook '/home/kyu8/tfg/install/dual_arm_control_pkg/share/dual_arm_control_pkg/hook/ament_prefix_path.ps1'
[2.127s] INFO:colcon.colcon_core.shell:Creating environment descriptor '/home/kyu8/tfg/install/dual_arm_control_pkg/share/dual_arm_control_pkg/hook/ament_prefix_path.dsv'
[2.129s] INFO:colcon.colcon_core.shell:Creating environment hook '/home/kyu8/tfg/install/dual_arm_control_pkg/share/dual_arm_control_pkg/hook/ament_prefix_path.sh'
[2.154s] INFO:colcon.colcon_core.shell:Skip shell extension 'powershell' for command environment: Not usable outside of PowerShell
[2.155s] DEBUG:colcon.colcon_core.shell:Skip shell extension 'dsv' for command environment
[2.626s] INFO:colcon.colcon_core.task.python.build:Building Python package in '/home/kyu8/tfg/Simulation/src/arm_pkg'
[2.648s] INFO:colcon.colcon_core.shell:Skip shell extension 'powershell' for command environment: Not usable outside of PowerShell
[2.649s] DEBUG:colcon.colcon_core.shell:Skip shell extension 'dsv' for command environment
[3.088s] INFO:colcon.colcon_core.task.python.build:Building Python package in '/home/kyu8/tfg/Simulation/src/dual_arm_control_pkg'
[3.107s] INFO:colcon.colcon_core.shell:Skip shell extension 'powershell' for command environment: Not usable outside of PowerShell
[3.107s] DEBUG:colcon.colcon_core.shell:Skip shell extension 'dsv' for command environment
[4.007s] DEBUG:colcon.colcon_core.event_handler.log_command:Invoking command in '/home/kyu8/tfg/Simulation/src/arm_pkg': PYTHONPATH=/home/kyu8/tfg/build/arm_pkg/prefix_override:/home/kyu8/tfg/install/arm_pkg/lib/python3.10/site-packages:${PYTHONPATH} /usr/bin/python3 setup.py egg_info --egg-base ../../../build/arm_pkg build --build-base /home/kyu8/tfg/build/arm_pkg/build install --record /home/kyu8/tfg/build/arm_pkg/install.log --single-version-externally-managed
[4.244s] DEBUG:colcon.colcon_core.event_handler.log_command:Invoking command in '/home/kyu8/tfg/Simulation/src/dual_arm_control_pkg': PYTHONPATH=/home/kyu8/tfg/build/dual_arm_control_pkg/prefix_override:/home/kyu8/tfg/install/dual_arm_control_pkg/lib/python3.10/site-packages:${PYTHONPATH} /usr/bin/python3 setup.py egg_info --egg-base ../../../build/dual_arm_control_pkg build --build-base /home/kyu8/tfg/build/dual_arm_control_pkg/build install --record /home/kyu8/tfg/build/dual_arm_control_pkg/install.log --single-version-externally-managed
[4.801s] DEBUG:colcon.colcon_core.event_handler.log_command:Invoked command in '/home/kyu8/tfg/Simulation/src/arm_pkg' returned '0': PYTHONPATH=/home/kyu8/tfg/build/arm_pkg/prefix_override:/home/kyu8/tfg/install/arm_pkg/lib/python3.10/site-packages:${PYTHONPATH} /usr/bin/python3 setup.py egg_info --egg-base ../../../build/arm_pkg build --build-base /home/kyu8/tfg/build/arm_pkg/build install --record /home/kyu8/tfg/build/arm_pkg/install.log --single-version-externally-managed
[4.823s] Level 1:colcon.colcon_core.environment:checking '/home/kyu8/tfg/install/arm_pkg' for CMake module files
[4.824s] Level 1:colcon.colcon_core.environment:checking '/home/kyu8/tfg/install/arm_pkg' for CMake config files
[4.826s] Level 1:colcon.colcon_core.environment:checking '/home/kyu8/tfg/install/arm_pkg/lib'
[4.833s] Level 1:colcon.colcon_core.environment:checking '/home/kyu8/tfg/install/arm_pkg/bin'
[4.833s] Level 1:colcon.colcon_core.environment:checking '/home/kyu8/tfg/install/arm_pkg/lib/pkgconfig/arm_pkg.pc'
[4.834s] Level 1:colcon.colcon_core.environment:checking '/home/kyu8/tfg/install/arm_pkg/lib/python3.10/site-packages'
[4.836s] Level 1:colcon.colcon_core.shell:create_environment_hook('arm_pkg', 'pythonpath')
[4.870s] INFO:colcon.colcon_core.shell:Creating environment hook '/home/kyu8/tfg/install/arm_pkg/share/arm_pkg/hook/pythonpath.ps1'
[4.878s] INFO:colcon.colcon_core.shell:Creating environment descriptor '/home/kyu8/tfg/install/arm_pkg/share/arm_pkg/hook/pythonpath.dsv'
[4.878s] INFO:colcon.colcon_core.shell:Creating environment hook '/home/kyu8/tfg/install/arm_pkg/share/arm_pkg/hook/pythonpath.sh'
[4.879s] Level 1:colcon.colcon_core.environment:checking '/home/kyu8/tfg/install/arm_pkg/bin'
[4.879s] Level 1:colcon.colcon_core.environment:create_environment_scripts_only(arm_pkg)
[4.923s] INFO:colcon.colcon_core.shell:Creating package script '/home/kyu8/tfg/install/arm_pkg/share/arm_pkg/package.ps1'
[4.927s] INFO:colcon.colcon_core.shell:Creating package descriptor '/home/kyu8/tfg/install/arm_pkg/share/arm_pkg/package.dsv'
[4.930s] INFO:colcon.colcon_core.shell:Creating package script '/home/kyu8/tfg/install/arm_pkg/share/arm_pkg/package.sh'
[4.932s] INFO:colcon.colcon_core.shell:Creating package script '/home/kyu8/tfg/install/arm_pkg/share/arm_pkg/package.bash'
[4.933s] INFO:colcon.colcon_core.shell:Creating package script '/home/kyu8/tfg/install/arm_pkg/share/arm_pkg/package.zsh'
[4.936s] Level 1:colcon.colcon_core.environment:create_file_with_runtime_dependencies(/home/kyu8/tfg/install/arm_pkg/share/colcon-core/packages/arm_pkg)
[5.003s] DEBUG:colcon.colcon_core.event_handler.log_command:Invoked command in '/home/kyu8/tfg/Simulation/src/dual_arm_control_pkg' returned '0': PYTHONPATH=/home/kyu8/tfg/build/dual_arm_control_pkg/prefix_override:/home/kyu8/tfg/install/dual_arm_control_pkg/lib/python3.10/site-packages:${PYTHONPATH} /usr/bin/python3 setup.py egg_info --egg-base ../../../build/dual_arm_control_pkg build --build-base /home/kyu8/tfg/build/dual_arm_control_pkg/build install --record /home/kyu8/tfg/build/dual_arm_control_pkg/install.log --single-version-externally-managed
[5.027s] Level 1:colcon.colcon_core.environment:checking '/home/kyu8/tfg/install/dual_arm_control_pkg' for CMake module files
[5.028s] Level 1:colcon.colcon_core.environment:checking '/home/kyu8/tfg/install/dual_arm_control_pkg' for CMake config files
[5.029s] Level 1:colcon.colcon_core.environment:checking '/home/kyu8/tfg/install/dual_arm_control_pkg/lib'
[5.029s] Level 1:colcon.colcon_core.environment:checking '/home/kyu8/tfg/install/dual_arm_control_pkg/bin'
[5.030s] Level 1:colcon.colcon_core.environment:checking '/home/kyu8/tfg/install/dual_arm_control_pkg/lib/pkgconfig/dual_arm_control_pkg.pc'
[5.030s] Level 1:colcon.colcon_core.environment:checking '/home/kyu8/tfg/install/dual_arm_control_pkg/lib/python3.10/site-packages'
[5.030s] Level 1:colcon.colcon_core.shell:create_environment_hook('dual_arm_control_pkg', 'pythonpath')
[5.055s] INFO:colcon.colcon_core.shell:Creating environment hook '/home/kyu8/tfg/install/dual_arm_control_pkg/share/dual_arm_control_pkg/hook/pythonpath.ps1'
[5.059s] INFO:colcon.colcon_core.shell:Creating environment descriptor '/home/kyu8/tfg/install/dual_arm_control_pkg/share/dual_arm_control_pkg/hook/pythonpath.dsv'
[5.062s] INFO:colcon.colcon_core.shell:Creating environment hook '/home/kyu8/tfg/install/dual_arm_control_pkg/share/dual_arm_control_pkg/hook/pythonpath.sh'
[5.064s] Level 1:colcon.colcon_core.environment:checking '/home/kyu8/tfg/install/dual_arm_control_pkg/bin'
[5.064s] Level 1:colcon.colcon_core.environment:create_environment_scripts_only(dual_arm_control_pkg)
[5.091s] INFO:colcon.colcon_core.shell:Creating package script '/home/kyu8/tfg/install/dual_arm_control_pkg/share/dual_arm_control_pkg/package.ps1'
[5.092s] INFO:colcon.colcon_core.shell:Creating package descriptor '/home/kyu8/tfg/install/dual_arm_control_pkg/share/dual_arm_control_pkg/package.dsv'
[5.093s] INFO:colcon.colcon_core.shell:Creating package script '/home/kyu8/tfg/install/dual_arm_control_pkg/share/dual_arm_control_pkg/package.sh'
[5.095s] INFO:colcon.colcon_core.shell:Creating package script '/home/kyu8/tfg/install/dual_arm_control_pkg/share/dual_arm_control_pkg/package.bash'
[5.096s] INFO:colcon.colcon_core.shell:Creating package script '/home/kyu8/tfg/install/dual_arm_control_pkg/share/dual_arm_control_pkg/package.zsh'
[5.097s] Level 1:colcon.colcon_core.environment:create_file_with_runtime_dependencies(/home/kyu8/tfg/install/dual_arm_control_pkg/share/colcon-core/packages/dual_arm_control_pkg)
[5.099s] DEBUG:colcon.colcon_parallel_executor.executor.parallel:closing loop
[5.100s] DEBUG:colcon.colcon_parallel_executor.executor.parallel:loop closed
[5.100s] DEBUG:colcon.colcon_parallel_executor.executor.parallel:run_until_complete finished with '0'
[5.100s] DEBUG:colcon.colcon_core.event_reactor:joining thread
[5.141s] INFO:colcon.colcon_core.plugin_system:Skipping extension 'colcon_notification.desktop_notification.terminal_notifier': Not used on non-Darwin systems
[5.145s] INFO:colcon.colcon_core.plugin_system:Skipping extension 'colcon_notification.desktop_notification.win32': Not used on non-Windows systems
[5.147s] INFO:colcon.colcon_notification.desktop_notification:Sending desktop notification using 'notify2'
[5.181s] DEBUG:colcon.colcon_core.event_reactor:joined thread
[5.207s] INFO:colcon.colcon_core.shell:Creating prefix script '/home/kyu8/tfg/install/local_setup.ps1'
[5.208s] INFO:colcon.colcon_core.shell:Creating prefix util module '/home/kyu8/tfg/install/_local_setup_util_ps1.py'
[5.211s] INFO:colcon.colcon_core.shell:Creating prefix chain script '/home/kyu8/tfg/install/setup.ps1'
[5.232s] INFO:colcon.colcon_core.shell:Creating prefix script '/home/kyu8/tfg/install/local_setup.sh'
[5.234s] INFO:colcon.colcon_core.shell:Creating prefix util module '/home/kyu8/tfg/install/_local_setup_util_sh.py'
[5.236s] INFO:colcon.colcon_core.shell:Creating prefix chain script '/home/kyu8/tfg/install/setup.sh'
[5.258s] INFO:colcon.colcon_core.shell:Creating prefix script '/home/kyu8/tfg/install/local_setup.bash'
[5.259s] INFO:colcon.colcon_core.shell:Creating prefix chain script '/home/kyu8/tfg/install/setup.bash'
[5.281s] INFO:colcon.colcon_core.shell:Creating prefix script '/home/kyu8/tfg/install/local_setup.zsh'
[5.283s] INFO:colcon.colcon_core.shell:Creating prefix chain script '/home/kyu8/tfg/install/setup.zsh'
