[1.426s] Invoking command in '/home/kyu8/tfg/Simulation/src/arm_pkg': PYTHONPATH=/home/kyu8/tfg/build/arm_pkg/prefix_override:/home/kyu8/tfg/install/arm_pkg/lib/python3.10/site-packages:${PYTHONPATH} /usr/bin/python3 setup.py egg_info --egg-base ../../../build/arm_pkg build --build-base /home/kyu8/tfg/build/arm_pkg/build install --record /home/kyu8/tfg/build/arm_pkg/install.log --single-version-externally-managed
[1.731s] running egg_info
[1.732s] writing ../../../build/arm_pkg/arm_pkg.egg-info/PKG-INFO
[1.733s] writing dependency_links to ../../../build/arm_pkg/arm_pkg.egg-info/dependency_links.txt
[1.733s] writing entry points to ../../../build/arm_pkg/arm_pkg.egg-info/entry_points.txt
[1.733s] writing requirements to ../../../build/arm_pkg/arm_pkg.egg-info/requires.txt
[1.733s] writing top-level names to ../../../build/arm_pkg/arm_pkg.egg-info/top_level.txt
[1.736s] reading manifest file '../../../build/arm_pkg/arm_pkg.egg-info/SOURCES.txt'
[1.737s] writing manifest file '../../../build/arm_pkg/arm_pkg.egg-info/SOURCES.txt'
[1.738s] running build
[1.738s] running build_py
[1.739s] running install
[1.740s] /usr/lib/python3/dist-packages/setuptools/command/install.py:34: SetuptoolsDeprecationWarning: setup.py install is deprecated. Use build and pip and other standards-based tools.
[1.740s]   warnings.warn(
[1.740s] running install_lib
[1.744s] running install_data
[1.744s] running install_egg_info
[1.746s] removing '/home/kyu8/tfg/install/arm_pkg/lib/python3.10/site-packages/arm_pkg-0.0.0-py3.10.egg-info' (and everything under it)
[1.747s] Copying ../../../build/arm_pkg/arm_pkg.egg-info to /home/kyu8/tfg/install/arm_pkg/lib/python3.10/site-packages/arm_pkg-0.0.0-py3.10.egg-info
[1.752s] running install_scripts
[1.774s] Installing controller script to /home/kyu8/tfg/install/arm_pkg/lib/arm_pkg
[1.775s] Installing ddpg script to /home/kyu8/tfg/install/arm_pkg/lib/arm_pkg
[1.775s] Installing gripper_test script to /home/kyu8/tfg/install/arm_pkg/lib/arm_pkg
[1.775s] Installing listener script to /home/kyu8/tfg/install/arm_pkg/lib/arm_pkg
[1.776s] Installing processor script to /home/kyu8/tfg/install/arm_pkg/lib/arm_pkg
[1.776s] Installing reset_controller script to /home/kyu8/tfg/install/arm_pkg/lib/arm_pkg
[1.776s] Installing reward_function script to /home/kyu8/tfg/install/arm_pkg/lib/arm_pkg
[1.776s] Installing robots_state script to /home/kyu8/tfg/install/arm_pkg/lib/arm_pkg
[1.777s] Installing sac script to /home/kyu8/tfg/install/arm_pkg/lib/arm_pkg
[1.777s] Installing state_test script to /home/kyu8/tfg/install/arm_pkg/lib/arm_pkg
[1.777s] Installing storage script to /home/kyu8/tfg/install/arm_pkg/lib/arm_pkg
[1.777s] Installing training script to /home/kyu8/tfg/install/arm_pkg/lib/arm_pkg
[1.777s] writing list of installed files to '/home/kyu8/tfg/build/arm_pkg/install.log'
[1.830s] Invoked command in '/home/kyu8/tfg/Simulation/src/arm_pkg' returned '0': PYTHONPATH=/home/kyu8/tfg/build/arm_pkg/prefix_override:/home/kyu8/tfg/install/arm_pkg/lib/python3.10/site-packages:${PYTHONPATH} /usr/bin/python3 setup.py egg_info --egg-base ../../../build/arm_pkg build --build-base /home/kyu8/tfg/build/arm_pkg/build install --record /home/kyu8/tfg/build/arm_pkg/install.log --single-version-externally-managed
