[1.896s] Invoking command in '/home/kyu8/tfg/Simulation/src/dual_arm_control_pkg': PYTHONPATH=/home/kyu8/tfg/Simulation/build/dual_arm_control_pkg/prefix_override:/home/kyu8/tfg/Simulation/install/dual_arm_control_pkg/lib/python3.10/site-packages:${PYTHONPATH} /usr/bin/python3 setup.py egg_info --egg-base ../../build/dual_arm_control_pkg build --build-base /home/kyu8/tfg/Simulation/build/dual_arm_control_pkg/build install --record /home/kyu8/tfg/Simulation/build/dual_arm_control_pkg/install.log --single-version-externally-managed
[2.354s] running egg_info
[2.354s] writing ../../build/dual_arm_control_pkg/dual_arm_control_pkg.egg-info/PKG-INFO
[2.355s] writing dependency_links to ../../build/dual_arm_control_pkg/dual_arm_control_pkg.egg-info/dependency_links.txt
[2.356s] writing entry points to ../../build/dual_arm_control_pkg/dual_arm_control_pkg.egg-info/entry_points.txt
[2.356s] writing requirements to ../../build/dual_arm_control_pkg/dual_arm_control_pkg.egg-info/requires.txt
[2.356s] writing top-level names to ../../build/dual_arm_control_pkg/dual_arm_control_pkg.egg-info/top_level.txt
[2.358s] reading manifest file '../../build/dual_arm_control_pkg/dual_arm_control_pkg.egg-info/SOURCES.txt'
[2.359s] writing manifest file '../../build/dual_arm_control_pkg/dual_arm_control_pkg.egg-info/SOURCES.txt'
[2.359s] running build
[2.359s] running build_py
[2.359s] running install
[2.360s] /usr/lib/python3/dist-packages/setuptools/command/install.py:34: SetuptoolsDeprecationWarning: setup.py install is deprecated. Use build and pip and other standards-based tools.
[2.360s]   warnings.warn(
[2.360s] running install_lib
[2.362s] running install_data
[2.364s] running install_egg_info
[2.366s] removing '/home/kyu8/tfg/Simulation/install/dual_arm_control_pkg/lib/python3.10/site-packages/dual_arm_control_pkg-0.0.0-py3.10.egg-info' (and everything under it)
[2.366s] Copying ../../build/dual_arm_control_pkg/dual_arm_control_pkg.egg-info to /home/kyu8/tfg/Simulation/install/dual_arm_control_pkg/lib/python3.10/site-packages/dual_arm_control_pkg-0.0.0-py3.10.egg-info
[2.366s] running install_scripts
[2.392s] Installing esp32_receiver_test script to /home/kyu8/tfg/Simulation/install/dual_arm_control_pkg/lib/dual_arm_control_pkg
[2.392s] writing list of installed files to '/home/kyu8/tfg/Simulation/build/dual_arm_control_pkg/install.log'
[2.493s] Invoked command in '/home/kyu8/tfg/Simulation/src/dual_arm_control_pkg' returned '0': PYTHONPATH=/home/kyu8/tfg/Simulation/build/dual_arm_control_pkg/prefix_override:/home/kyu8/tfg/Simulation/install/dual_arm_control_pkg/lib/python3.10/site-packages:${PYTHONPATH} /usr/bin/python3 setup.py egg_info --egg-base ../../build/dual_arm_control_pkg build --build-base /home/kyu8/tfg/Simulation/build/dual_arm_control_pkg/build install --record /home/kyu8/tfg/Simulation/build/dual_arm_control_pkg/install.log --single-version-externally-managed
