[1.361s] Invoking command in '/home/kyu8/tfg/Simulation/src/dual_arm_control_pkg': PYTHONPATH=/home/kyu8/tfg/build/dual_arm_control_pkg/prefix_override:/home/kyu8/tfg/install/dual_arm_control_pkg/lib/python3.10/site-packages:${PYTHONPATH} /usr/bin/python3 setup.py egg_info --egg-base ../../../build/dual_arm_control_pkg build --build-base /home/kyu8/tfg/build/dual_arm_control_pkg/build install --record /home/kyu8/tfg/build/dual_arm_control_pkg/install.log --single-version-externally-managed
[1.654s] running egg_info
[1.655s] writing ../../../build/dual_arm_control_pkg/dual_arm_control_pkg.egg-info/PKG-INFO
[1.656s] writing dependency_links to ../../../build/dual_arm_control_pkg/dual_arm_control_pkg.egg-info/dependency_links.txt
[1.656s] writing entry points to ../../../build/dual_arm_control_pkg/dual_arm_control_pkg.egg-info/entry_points.txt
[1.656s] writing requirements to ../../../build/dual_arm_control_pkg/dual_arm_control_pkg.egg-info/requires.txt
[1.656s] writing top-level names to ../../../build/dual_arm_control_pkg/dual_arm_control_pkg.egg-info/top_level.txt
[1.660s] reading manifest file '../../../build/dual_arm_control_pkg/dual_arm_control_pkg.egg-info/SOURCES.txt'
[1.660s] writing manifest file '../../../build/dual_arm_control_pkg/dual_arm_control_pkg.egg-info/SOURCES.txt'
[1.660s] running build
[1.660s] running build_py
[1.661s] running install
[1.661s] /usr/lib/python3/dist-packages/setuptools/command/install.py:34: SetuptoolsDeprecationWarning: setup.py install is deprecated. Use build and pip and other standards-based tools.
[1.661s]   warnings.warn(
[1.661s] running install_lib
[1.663s] running install_data
[1.663s] running install_egg_info
[1.667s] removing '/home/kyu8/tfg/install/dual_arm_control_pkg/lib/python3.10/site-packages/dual_arm_control_pkg-0.0.0-py3.10.egg-info' (and everything under it)
[1.667s] Copying ../../../build/dual_arm_control_pkg/dual_arm_control_pkg.egg-info to /home/kyu8/tfg/install/dual_arm_control_pkg/lib/python3.10/site-packages/dual_arm_control_pkg-0.0.0-py3.10.egg-info
[1.669s] running install_scripts
[1.697s] Installing esp32_receiver_test script to /home/kyu8/tfg/install/dual_arm_control_pkg/lib/dual_arm_control_pkg
[1.697s] writing list of installed files to '/home/kyu8/tfg/build/dual_arm_control_pkg/install.log'
[1.741s] Invoked command in '/home/kyu8/tfg/Simulation/src/dual_arm_control_pkg' returned '0': PYTHONPATH=/home/kyu8/tfg/build/dual_arm_control_pkg/prefix_override:/home/kyu8/tfg/install/dual_arm_control_pkg/lib/python3.10/site-packages:${PYTHONPATH} /usr/bin/python3 setup.py egg_info --egg-base ../../../build/dual_arm_control_pkg build --build-base /home/kyu8/tfg/build/dual_arm_control_pkg/build install --record /home/kyu8/tfg/build/dual_arm_control_pkg/install.log --single-version-externally-managed
