[2.260s] Invoking command in '/home/kyu8/tfg/Simulation/src/arm_pkg': PYTHONPATH=/home/kyu8/tfg/Simulation/build/arm_pkg/prefix_override:/home/kyu8/tfg/Simulation/install/arm_pkg/lib/python3.10/site-packages:${PYTHONPATH} /usr/bin/python3 setup.py egg_info --egg-base ../../build/arm_pkg build --build-base /home/kyu8/tfg/Simulation/build/arm_pkg/build install --record /home/kyu8/tfg/Simulation/build/arm_pkg/install.log --single-version-externally-managed
[2.730s] running egg_info
[2.730s] writing ../../build/arm_pkg/arm_pkg.egg-info/PKG-INFO
[2.730s] writing dependency_links to ../../build/arm_pkg/arm_pkg.egg-info/dependency_links.txt
[2.731s] writing entry points to ../../build/arm_pkg/arm_pkg.egg-info/entry_points.txt
[2.732s] writing requirements to ../../build/arm_pkg/arm_pkg.egg-info/requires.txt
[2.732s] writing top-level names to ../../build/arm_pkg/arm_pkg.egg-info/top_level.txt
[2.739s] reading manifest file '../../build/arm_pkg/arm_pkg.egg-info/SOURCES.txt'
[2.740s] writing manifest file '../../build/arm_pkg/arm_pkg.egg-info/SOURCES.txt'
[2.740s] running build
[2.740s] running build_py
[2.742s] copying arm_pkg/drl/inference.py -> /home/kyu8/tfg/Simulation/build/arm_pkg/build/lib/arm_pkg/drl
[2.745s] /usr/lib/python3/dist-packages/setuptools/command/install.py:34: SetuptoolsDeprecationWarning: setup.py install is deprecated. Use build and pip and other standards-based tools.
[2.745s]   warnings.warn(
[2.749s] running install
[2.749s] running install_lib
[2.750s] copying /home/kyu8/tfg/Simulation/build/arm_pkg/build/lib/arm_pkg/drl/inference.py -> /home/kyu8/tfg/Simulation/install/arm_pkg/lib/python3.10/site-packages/arm_pkg/drl
[2.753s] byte-compiling /home/kyu8/tfg/Simulation/install/arm_pkg/lib/python3.10/site-packages/arm_pkg/distributed.py to distributed.cpython-310.pyc
[2.754s]   File "/home/kyu8/tfg/Simulation/install/arm_pkg/lib/python3.10/site-packages/arm_pkg/distributed.py", line 2
[2.754s]     import JointStateListener from joint_listener.py
[2.754s]                               ^^^^
[2.754s] SyntaxError: invalid syntax
[2.755s] 
[2.755s] byte-compiling /home/kyu8/tfg/Simulation/install/arm_pkg/lib/python3.10/site-packages/arm_pkg/drl/inference.py to inference.cpython-310.pyc
[2.772s] running install_data
[2.772s] running install_egg_info
[2.773s] removing '/home/kyu8/tfg/Simulation/install/arm_pkg/lib/python3.10/site-packages/arm_pkg-0.0.0-py3.10.egg-info' (and everything under it)
[2.773s] Copying ../../build/arm_pkg/arm_pkg.egg-info to /home/kyu8/tfg/Simulation/install/arm_pkg/lib/python3.10/site-packages/arm_pkg-0.0.0-py3.10.egg-info
[2.773s] running install_scripts
[2.804s] Installing controller script to /home/kyu8/tfg/Simulation/install/arm_pkg/lib/arm_pkg
[2.805s] Installing ddpg script to /home/kyu8/tfg/Simulation/install/arm_pkg/lib/arm_pkg
[2.805s] Installing gripper_test script to /home/kyu8/tfg/Simulation/install/arm_pkg/lib/arm_pkg
[2.805s] Installing inference script to /home/kyu8/tfg/Simulation/install/arm_pkg/lib/arm_pkg
[2.805s] Installing listener script to /home/kyu8/tfg/Simulation/install/arm_pkg/lib/arm_pkg
[2.805s] Installing processor script to /home/kyu8/tfg/Simulation/install/arm_pkg/lib/arm_pkg
[2.806s] Installing reset_controller script to /home/kyu8/tfg/Simulation/install/arm_pkg/lib/arm_pkg
[2.809s] Installing reward_function script to /home/kyu8/tfg/Simulation/install/arm_pkg/lib/arm_pkg
[2.810s] Installing robots_state script to /home/kyu8/tfg/Simulation/install/arm_pkg/lib/arm_pkg
[2.810s] Installing sac script to /home/kyu8/tfg/Simulation/install/arm_pkg/lib/arm_pkg
[2.810s] Installing state_test script to /home/kyu8/tfg/Simulation/install/arm_pkg/lib/arm_pkg
[2.810s] Installing storage script to /home/kyu8/tfg/Simulation/install/arm_pkg/lib/arm_pkg
[2.813s] Installing training script to /home/kyu8/tfg/Simulation/install/arm_pkg/lib/arm_pkg
[2.813s] writing list of installed files to '/home/kyu8/tfg/Simulation/build/arm_pkg/install.log'
[2.986s] Invoked command in '/home/kyu8/tfg/Simulation/src/arm_pkg' returned '0': PYTHONPATH=/home/kyu8/tfg/Simulation/build/arm_pkg/prefix_override:/home/kyu8/tfg/Simulation/install/arm_pkg/lib/python3.10/site-packages:${PYTHONPATH} /usr/bin/python3 setup.py egg_info --egg-base ../../build/arm_pkg build --build-base /home/kyu8/tfg/Simulation/build/arm_pkg/build install --record /home/kyu8/tfg/Simulation/build/arm_pkg/install.log --single-version-externally-managed
