[1.066s] Invoking command in '/home/kyu8/tfg/rwork/src/arm_pkg': PYTHONPATH=/home/kyu8/tfg/rwork/build/arm_pkg/prefix_override:/home/kyu8/tfg/rwork/install/arm_pkg/lib/python3.10/site-packages:${PYTHONPATH} /usr/bin/python3 setup.py egg_info --egg-base ../../build/arm_pkg build --build-base /home/kyu8/tfg/rwork/build/arm_pkg/build install --record /home/kyu8/tfg/rwork/build/arm_pkg/install.log --single-version-externally-managed
[1.378s] running egg_info
[1.379s] writing ../../build/arm_pkg/arm_pkg.egg-info/PKG-INFO
[1.380s] writing dependency_links to ../../build/arm_pkg/arm_pkg.egg-info/dependency_links.txt
[1.381s] writing entry points to ../../build/arm_pkg/arm_pkg.egg-info/entry_points.txt
[1.381s] writing requirements to ../../build/arm_pkg/arm_pkg.egg-info/requires.txt
[1.381s] writing top-level names to ../../build/arm_pkg/arm_pkg.egg-info/top_level.txt
[1.386s] reading manifest file '../../build/arm_pkg/arm_pkg.egg-info/SOURCES.txt'
[1.387s] writing manifest file '../../build/arm_pkg/arm_pkg.egg-info/SOURCES.txt'
[1.388s] running build
[1.388s] running build_py
[1.389s] copying arm_pkg/drl/training_loop.py -> /home/kyu8/tfg/rwork/build/arm_pkg/build/lib/arm_pkg/drl
[1.389s] copying arm_pkg/drl/robots_state.py -> /home/kyu8/tfg/rwork/build/arm_pkg/build/lib/arm_pkg/drl
[1.390s] copying arm_pkg/drl/reward_function.py -> /home/kyu8/tfg/rwork/build/arm_pkg/build/lib/arm_pkg/drl
[1.390s] running install
[1.391s] /usr/lib/python3/dist-packages/setuptools/command/install.py:34: SetuptoolsDeprecationWarning: setup.py install is deprecated. Use build and pip and other standards-based tools.
[1.391s]   warnings.warn(
[1.391s] running install_lib
[1.394s] copying /home/kyu8/tfg/rwork/build/arm_pkg/build/lib/arm_pkg/drl/training_loop.py -> /home/kyu8/tfg/rwork/install/arm_pkg/lib/python3.10/site-packages/arm_pkg/drl
[1.394s] copying /home/kyu8/tfg/rwork/build/arm_pkg/build/lib/arm_pkg/drl/robots_state.py -> /home/kyu8/tfg/rwork/install/arm_pkg/lib/python3.10/site-packages/arm_pkg/drl
[1.394s] copying /home/kyu8/tfg/rwork/build/arm_pkg/build/lib/arm_pkg/drl/reward_function.py -> /home/kyu8/tfg/rwork/install/arm_pkg/lib/python3.10/site-packages/arm_pkg/drl
[1.395s] byte-compiling /home/kyu8/tfg/rwork/install/arm_pkg/lib/python3.10/site-packages/arm_pkg/distributed.py to distributed.cpython-310.pyc
[1.396s]   File "/home/kyu8/tfg/rwork/install/arm_pkg/lib/python3.10/site-packages/arm_pkg/distributed.py", line 2
[1.396s]     import JointStateListener from joint_listener.py
[1.397s]                               ^^^^
[1.397s] SyntaxError: invalid syntax
[1.397s] 
[1.397s] byte-compiling /home/kyu8/tfg/rwork/install/arm_pkg/lib/python3.10/site-packages/arm_pkg/drl/training_loop.py to training_loop.cpython-310.pyc
[1.399s] byte-compiling /home/kyu8/tfg/rwork/install/arm_pkg/lib/python3.10/site-packages/arm_pkg/drl/robots_state.py to robots_state.cpython-310.pyc
[1.400s] byte-compiling /home/kyu8/tfg/rwork/install/arm_pkg/lib/python3.10/site-packages/arm_pkg/drl/reward_function.py to reward_function.cpython-310.pyc
[1.401s] running install_data
[1.403s] running install_egg_info
[1.405s] removing '/home/kyu8/tfg/rwork/install/arm_pkg/lib/python3.10/site-packages/arm_pkg-0.0.0-py3.10.egg-info' (and everything under it)
[1.406s] Copying ../../build/arm_pkg/arm_pkg.egg-info to /home/kyu8/tfg/rwork/install/arm_pkg/lib/python3.10/site-packages/arm_pkg-0.0.0-py3.10.egg-info
[1.407s] running install_scripts
[1.433s] Installing controller script to /home/kyu8/tfg/rwork/install/arm_pkg/lib/arm_pkg
[1.434s] Installing ddpg script to /home/kyu8/tfg/rwork/install/arm_pkg/lib/arm_pkg
[1.434s] Installing gripper_test script to /home/kyu8/tfg/rwork/install/arm_pkg/lib/arm_pkg
[1.438s] Installing listener script to /home/kyu8/tfg/rwork/install/arm_pkg/lib/arm_pkg
[1.439s] Installing processor script to /home/kyu8/tfg/rwork/install/arm_pkg/lib/arm_pkg
[1.439s] Installing reset_controller script to /home/kyu8/tfg/rwork/install/arm_pkg/lib/arm_pkg
[1.439s] Installing reward_function script to /home/kyu8/tfg/rwork/install/arm_pkg/lib/arm_pkg
[1.439s] Installing robots_state script to /home/kyu8/tfg/rwork/install/arm_pkg/lib/arm_pkg
[1.439s] Installing sac script to /home/kyu8/tfg/rwork/install/arm_pkg/lib/arm_pkg
[1.439s] Installing state_test script to /home/kyu8/tfg/rwork/install/arm_pkg/lib/arm_pkg
[1.439s] Installing storage script to /home/kyu8/tfg/rwork/install/arm_pkg/lib/arm_pkg
[1.439s] Installing training script to /home/kyu8/tfg/rwork/install/arm_pkg/lib/arm_pkg
[1.443s] writing list of installed files to '/home/kyu8/tfg/rwork/build/arm_pkg/install.log'
[1.508s] Invoked command in '/home/kyu8/tfg/rwork/src/arm_pkg' returned '0': PYTHONPATH=/home/kyu8/tfg/rwork/build/arm_pkg/prefix_override:/home/kyu8/tfg/rwork/install/arm_pkg/lib/python3.10/site-packages:${PYTHONPATH} /usr/bin/python3 setup.py egg_info --egg-base ../../build/arm_pkg build --build-base /home/kyu8/tfg/rwork/build/arm_pkg/build install --record /home/kyu8/tfg/rwork/build/arm_pkg/install.log --single-version-externally-managed
