[1.301s] DEBUG:colcon:Command line arguments: ['/usr/bin/colcon', 'build']
[1.302s] DEBUG:colcon:Parsed command line arguments: Namespace(log_base=None, log_level=None, verb_name='build', build_base='build', install_base='install', merge_install=False, symlink_install=False, test_result_base=None, continue_on_error=False, executor='parallel', parallel_workers=5, event_handlers=None, ignore_user_meta=False, metas=['./colcon.meta'], base_paths=['.'], packages_ignore=None, packages_ignore_regex=None, paths=None, packages_up_to=None, packages_up_to_regex=None, packages_above=None, packages_above_and_dependencies=None, packages_above_depth=None, packages_select_by_dep=None, packages_skip_by_dep=None, packages_skip_up_to=None, packages_select_build_failed=False, packages_skip_build_finished=False, packages_select_test_failures=False, packages_skip_test_passed=False, packages_select=None, packages_skip=None, packages_select_regex=None, packages_skip_regex=None, packages_start=None, packages_end=None, allow_overriding=[], cmake_args=None, cmake_target=None, cmake_target_skip_unavailable=False, cmake_clean_cache=False, cmake_clean_first=False, cmake_force_configure=False, ament_cmake_args=None, catkin_cmake_args=None, catkin_skip_building_tests=False, verb_parser=<colcon_defaults.argument_parser.defaults.DefaultArgumentsDecorator object at 0x7f0cde8955a0>, verb_extension=<colcon_core.verb.build.BuildVerb object at 0x7f0cdeb77e20>, main=<bound method BuildVerb.main of <colcon_core.verb.build.BuildVerb object at 0x7f0cdeb77e20>>)
[1.357s] Level 1:colcon.colcon_core.package_discovery:discover_packages(colcon_meta) check parameters
[1.358s] Level 1:colcon.colcon_core.package_discovery:discover_packages(recursive) check parameters
[1.358s] Level 1:colcon.colcon_core.package_discovery:discover_packages(ignore) check parameters
[1.358s] Level 1:colcon.colcon_core.package_discovery:discover_packages(path) check parameters
[1.358s] Level 1:colcon.colcon_core.package_discovery:discover_packages(colcon_meta) discover
[1.358s] Level 1:colcon.colcon_core.package_discovery:discover_packages(recursive) discover
[1.358s] INFO:colcon.colcon_core.package_discovery:Crawling recursively for packages in '/home/kyu8/tfg/Simulation'
[1.358s] Level 1:colcon.colcon_core.package_identification:_identify(.) by extensions ['ignore', 'ignore_ament_install']
[1.358s] Level 1:colcon.colcon_core.package_identification:_identify(.) by extension 'ignore'
[1.358s] Level 1:colcon.colcon_core.package_identification:_identify(.) by extension 'ignore_ament_install'
[1.358s] Level 1:colcon.colcon_core.package_identification:_identify(.) by extensions ['colcon_pkg']
[1.358s] Level 1:colcon.colcon_core.package_identification:_identify(.) by extension 'colcon_pkg'
[1.358s] Level 1:colcon.colcon_core.package_identification:_identify(.) by extensions ['colcon_meta']
[1.358s] Level 1:colcon.colcon_core.package_identification:_identify(.) by extension 'colcon_meta'
[1.358s] Level 1:colcon.colcon_core.package_identification:_identify(.) by extensions ['ros']
[1.358s] Level 1:colcon.colcon_core.package_identification:_identify(.) by extension 'ros'
[1.371s] Level 1:colcon.colcon_core.package_identification:_identify(.) by extensions ['cmake', 'python']
[1.371s] Level 1:colcon.colcon_core.package_identification:_identify(.) by extension 'cmake'
[1.371s] Level 1:colcon.colcon_core.package_identification:_identify(.) by extension 'python'
[1.371s] Level 1:colcon.colcon_core.package_identification:_identify(.) by extensions ['python_setup_py']
[1.371s] Level 1:colcon.colcon_core.package_identification:_identify(.) by extension 'python_setup_py'
[1.372s] Level 1:colcon.colcon_core.package_identification:_identify(build) by extensions ['ignore', 'ignore_ament_install']
[1.372s] Level 1:colcon.colcon_core.package_identification:_identify(build) by extension 'ignore'
[1.372s] Level 1:colcon.colcon_core.package_identification:_identify(build) ignored
[1.372s] Level 1:colcon.colcon_core.package_identification:_identify(install) by extensions ['ignore', 'ignore_ament_install']
[1.372s] Level 1:colcon.colcon_core.package_identification:_identify(install) by extension 'ignore'
[1.372s] Level 1:colcon.colcon_core.package_identification:_identify(install) ignored
[1.372s] Level 1:colcon.colcon_core.package_identification:_identify(log) by extensions ['ignore', 'ignore_ament_install']
[1.372s] Level 1:colcon.colcon_core.package_identification:_identify(log) by extension 'ignore'
[1.373s] Level 1:colcon.colcon_core.package_identification:_identify(log) ignored
[1.373s] Level 1:colcon.colcon_core.package_identification:_identify(src) by extensions ['ignore', 'ignore_ament_install']
[1.373s] Level 1:colcon.colcon_core.package_identification:_identify(src) by extension 'ignore'
[1.373s] Level 1:colcon.colcon_core.package_identification:_identify(src) by extension 'ignore_ament_install'
[1.373s] Level 1:colcon.colcon_core.package_identification:_identify(src) by extensions ['colcon_pkg']
[1.373s] Level 1:colcon.colcon_core.package_identification:_identify(src) by extension 'colcon_pkg'
[1.373s] Level 1:colcon.colcon_core.package_identification:_identify(src) by extensions ['colcon_meta']
[1.373s] Level 1:colcon.colcon_core.package_identification:_identify(src) by extension 'colcon_meta'
[1.373s] Level 1:colcon.colcon_core.package_identification:_identify(src) by extensions ['ros']
[1.373s] Level 1:colcon.colcon_core.package_identification:_identify(src) by extension 'ros'
[1.373s] Level 1:colcon.colcon_core.package_identification:_identify(src) by extensions ['cmake', 'python']
[1.373s] Level 1:colcon.colcon_core.package_identification:_identify(src) by extension 'cmake'
[1.373s] Level 1:colcon.colcon_core.package_identification:_identify(src) by extension 'python'
[1.373s] Level 1:colcon.colcon_core.package_identification:_identify(src) by extensions ['python_setup_py']
[1.373s] Level 1:colcon.colcon_core.package_identification:_identify(src) by extension 'python_setup_py'
[1.373s] Level 1:colcon.colcon_core.package_identification:_identify(src/arm_pkg) by extensions ['ignore', 'ignore_ament_install']
[1.373s] Level 1:colcon.colcon_core.package_identification:_identify(src/arm_pkg) by extension 'ignore'
[1.374s] Level 1:colcon.colcon_core.package_identification:_identify(src/arm_pkg) by extension 'ignore_ament_install'
[1.374s] Level 1:colcon.colcon_core.package_identification:_identify(src/arm_pkg) by extensions ['colcon_pkg']
[1.374s] Level 1:colcon.colcon_core.package_identification:_identify(src/arm_pkg) by extension 'colcon_pkg'
[1.374s] Level 1:colcon.colcon_core.package_identification:_identify(src/arm_pkg) by extensions ['colcon_meta']
[1.374s] Level 1:colcon.colcon_core.package_identification:_identify(src/arm_pkg) by extension 'colcon_meta'
[1.374s] Level 1:colcon.colcon_core.package_identification:_identify(src/arm_pkg) by extensions ['ros']
[1.374s] Level 1:colcon.colcon_core.package_identification:_identify(src/arm_pkg) by extension 'ros'
[1.378s] DEBUG:colcon.colcon_core.package_identification:Package 'src/arm_pkg' with type 'ros.ament_python' and name 'arm_pkg'
[1.378s] Level 1:colcon.colcon_core.package_identification:_identify(src/bridge_commands) by extensions ['ignore', 'ignore_ament_install']
[1.378s] Level 1:colcon.colcon_core.package_identification:_identify(src/bridge_commands) by extension 'ignore'
[1.378s] Level 1:colcon.colcon_core.package_identification:_identify(src/bridge_commands) by extension 'ignore_ament_install'
[1.378s] Level 1:colcon.colcon_core.package_identification:_identify(src/bridge_commands) by extensions ['colcon_pkg']
[1.378s] Level 1:colcon.colcon_core.package_identification:_identify(src/bridge_commands) by extension 'colcon_pkg'
[1.378s] Level 1:colcon.colcon_core.package_identification:_identify(src/bridge_commands) by extensions ['colcon_meta']
[1.379s] Level 1:colcon.colcon_core.package_identification:_identify(src/bridge_commands) by extension 'colcon_meta'
[1.379s] Level 1:colcon.colcon_core.package_identification:_identify(src/bridge_commands) by extensions ['ros']
[1.379s] Level 1:colcon.colcon_core.package_identification:_identify(src/bridge_commands) by extension 'ros'
[1.379s] Level 1:colcon.colcon_core.package_identification:_identify(src/bridge_commands) by extensions ['cmake', 'python']
[1.379s] Level 1:colcon.colcon_core.package_identification:_identify(src/bridge_commands) by extension 'cmake'
[1.379s] Level 1:colcon.colcon_core.package_identification:_identify(src/bridge_commands) by extension 'python'
[1.379s] Level 1:colcon.colcon_core.package_identification:_identify(src/bridge_commands) by extensions ['python_setup_py']
[1.379s] Level 1:colcon.colcon_core.package_identification:_identify(src/bridge_commands) by extension 'python_setup_py'
[1.379s] Level 1:colcon.colcon_core.package_identification:_identify(src/dual_arm_control_pkg) by extensions ['ignore', 'ignore_ament_install']
[1.379s] Level 1:colcon.colcon_core.package_identification:_identify(src/dual_arm_control_pkg) by extension 'ignore'
[1.379s] Level 1:colcon.colcon_core.package_identification:_identify(src/dual_arm_control_pkg) by extension 'ignore_ament_install'
[1.379s] Level 1:colcon.colcon_core.package_identification:_identify(src/dual_arm_control_pkg) by extensions ['colcon_pkg']
[1.379s] Level 1:colcon.colcon_core.package_identification:_identify(src/dual_arm_control_pkg) by extension 'colcon_pkg'
[1.379s] Level 1:colcon.colcon_core.package_identification:_identify(src/dual_arm_control_pkg) by extensions ['colcon_meta']
[1.379s] Level 1:colcon.colcon_core.package_identification:_identify(src/dual_arm_control_pkg) by extension 'colcon_meta'
[1.379s] Level 1:colcon.colcon_core.package_identification:_identify(src/dual_arm_control_pkg) by extensions ['ros']
[1.379s] Level 1:colcon.colcon_core.package_identification:_identify(src/dual_arm_control_pkg) by extension 'ros'
[1.380s] DEBUG:colcon.colcon_core.package_identification:Package 'src/dual_arm_control_pkg' with type 'ros.ament_python' and name 'dual_arm_control_pkg'
[1.381s] Level 1:colcon.colcon_core.package_identification:_identify(src/sdf_files) by extensions ['ignore', 'ignore_ament_install']
[1.381s] Level 1:colcon.colcon_core.package_identification:_identify(src/sdf_files) by extension 'ignore'
[1.381s] Level 1:colcon.colcon_core.package_identification:_identify(src/sdf_files) by extension 'ignore_ament_install'
[1.381s] Level 1:colcon.colcon_core.package_identification:_identify(src/sdf_files) by extensions ['colcon_pkg']
[1.381s] Level 1:colcon.colcon_core.package_identification:_identify(src/sdf_files) by extension 'colcon_pkg'
[1.381s] Level 1:colcon.colcon_core.package_identification:_identify(src/sdf_files) by extensions ['colcon_meta']
[1.381s] Level 1:colcon.colcon_core.package_identification:_identify(src/sdf_files) by extension 'colcon_meta'
[1.381s] Level 1:colcon.colcon_core.package_identification:_identify(src/sdf_files) by extensions ['ros']
[1.381s] Level 1:colcon.colcon_core.package_identification:_identify(src/sdf_files) by extension 'ros'
[1.381s] Level 1:colcon.colcon_core.package_identification:_identify(src/sdf_files) by extensions ['cmake', 'python']
[1.381s] Level 1:colcon.colcon_core.package_identification:_identify(src/sdf_files) by extension 'cmake'
[1.381s] Level 1:colcon.colcon_core.package_identification:_identify(src/sdf_files) by extension 'python'
[1.381s] Level 1:colcon.colcon_core.package_identification:_identify(src/sdf_files) by extensions ['python_setup_py']
[1.381s] Level 1:colcon.colcon_core.package_identification:_identify(src/sdf_files) by extension 'python_setup_py'
[1.381s] Level 1:colcon.colcon_core.package_identification:_identify(src/sdf_files/example) by extensions ['ignore', 'ignore_ament_install']
[1.381s] Level 1:colcon.colcon_core.package_identification:_identify(src/sdf_files/example) by extension 'ignore'
[1.381s] Level 1:colcon.colcon_core.package_identification:_identify(src/sdf_files/example) by extension 'ignore_ament_install'
[1.382s] Level 1:colcon.colcon_core.package_identification:_identify(src/sdf_files/example) by extensions ['colcon_pkg']
[1.382s] Level 1:colcon.colcon_core.package_identification:_identify(src/sdf_files/example) by extension 'colcon_pkg'
[1.382s] Level 1:colcon.colcon_core.package_identification:_identify(src/sdf_files/example) by extensions ['colcon_meta']
[1.382s] Level 1:colcon.colcon_core.package_identification:_identify(src/sdf_files/example) by extension 'colcon_meta'
[1.382s] Level 1:colcon.colcon_core.package_identification:_identify(src/sdf_files/example) by extensions ['ros']
[1.382s] Level 1:colcon.colcon_core.package_identification:_identify(src/sdf_files/example) by extension 'ros'
[1.382s] Level 1:colcon.colcon_core.package_identification:_identify(src/sdf_files/example) by extensions ['cmake', 'python']
[1.382s] Level 1:colcon.colcon_core.package_identification:_identify(src/sdf_files/example) by extension 'cmake'
[1.382s] Level 1:colcon.colcon_core.package_identification:_identify(src/sdf_files/example) by extension 'python'
[1.382s] Level 1:colcon.colcon_core.package_identification:_identify(src/sdf_files/example) by extensions ['python_setup_py']
[1.382s] Level 1:colcon.colcon_core.package_identification:_identify(src/sdf_files/example) by extension 'python_setup_py'
[1.382s] Level 1:colcon.colcon_core.package_discovery:discover_packages(recursive) using defaults
[1.382s] Level 1:colcon.colcon_core.package_discovery:discover_packages(ignore) discover
[1.382s] Level 1:colcon.colcon_core.package_discovery:discover_packages(ignore) using defaults
[1.382s] Level 1:colcon.colcon_core.package_discovery:discover_packages(path) discover
[1.382s] Level 1:colcon.colcon_core.package_discovery:discover_packages(path) using defaults
[1.494s] Level 1:colcon.colcon_core.package_discovery:discover_packages(prefix_path) check parameters
[1.494s] Level 1:colcon.colcon_core.package_discovery:discover_packages(prefix_path) discover
[1.532s] DEBUG:colcon.colcon_installed_package_information.package_discovery:Found 3 installed packages in /home/kyu8/tfg/Simulation/install
[1.552s] DEBUG:colcon.colcon_installed_package_information.package_discovery:Found 279 installed packages in /opt/ros/humble
[1.571s] Level 1:colcon.colcon_core.package_discovery:discover_packages(prefix_path) using defaults
[1.690s] Level 5:colcon.colcon_core.verb:set package 'arm_pkg' build argument 'cmake_args' from command line to 'None'
[1.690s] Level 5:colcon.colcon_core.verb:set package 'arm_pkg' build argument 'cmake_target' from command line to 'None'
[1.690s] Level 5:colcon.colcon_core.verb:set package 'arm_pkg' build argument 'cmake_target_skip_unavailable' from command line to 'False'
[1.690s] Level 5:colcon.colcon_core.verb:set package 'arm_pkg' build argument 'cmake_clean_cache' from command line to 'False'
[1.690s] Level 5:colcon.colcon_core.verb:set package 'arm_pkg' build argument 'cmake_clean_first' from command line to 'False'
[1.690s] Level 5:colcon.colcon_core.verb:set package 'arm_pkg' build argument 'cmake_force_configure' from command line to 'False'
[1.690s] Level 5:colcon.colcon_core.verb:set package 'arm_pkg' build argument 'ament_cmake_args' from command line to 'None'
[1.690s] Level 5:colcon.colcon_core.verb:set package 'arm_pkg' build argument 'catkin_cmake_args' from command line to 'None'
[1.690s] Level 5:colcon.colcon_core.verb:set package 'arm_pkg' build argument 'catkin_skip_building_tests' from command line to 'False'
[1.690s] DEBUG:colcon.colcon_core.verb:Building package 'arm_pkg' with the following arguments: {'ament_cmake_args': None, 'build_base': '/home/kyu8/tfg/Simulation/build/arm_pkg', 'catkin_cmake_args': None, 'catkin_skip_building_tests': False, 'cmake_args': None, 'cmake_clean_cache': False, 'cmake_clean_first': False, 'cmake_force_configure': False, 'cmake_target': None, 'cmake_target_skip_unavailable': False, 'install_base': '/home/kyu8/tfg/Simulation/install/arm_pkg', 'merge_install': False, 'path': '/home/kyu8/tfg/Simulation/src/arm_pkg', 'symlink_install': False, 'test_result_base': None}
[1.710s] Level 5:colcon.colcon_core.verb:set package 'dual_arm_control_pkg' build argument 'cmake_args' from command line to 'None'
[1.710s] Level 5:colcon.colcon_core.verb:set package 'dual_arm_control_pkg' build argument 'cmake_target' from command line to 'None'
[1.710s] Level 5:colcon.colcon_core.verb:set package 'dual_arm_control_pkg' build argument 'cmake_target_skip_unavailable' from command line to 'False'
[1.710s] Level 5:colcon.colcon_core.verb:set package 'dual_arm_control_pkg' build argument 'cmake_clean_cache' from command line to 'False'
[1.710s] Level 5:colcon.colcon_core.verb:set package 'dual_arm_control_pkg' build argument 'cmake_clean_first' from command line to 'False'
[1.710s] Level 5:colcon.colcon_core.verb:set package 'dual_arm_control_pkg' build argument 'cmake_force_configure' from command line to 'False'
[1.710s] Level 5:colcon.colcon_core.verb:set package 'dual_arm_control_pkg' build argument 'ament_cmake_args' from command line to 'None'
[1.710s] Level 5:colcon.colcon_core.verb:set package 'dual_arm_control_pkg' build argument 'catkin_cmake_args' from command line to 'None'
[1.710s] Level 5:colcon.colcon_core.verb:set package 'dual_arm_control_pkg' build argument 'catkin_skip_building_tests' from command line to 'False'
[1.710s] DEBUG:colcon.colcon_core.verb:Building package 'dual_arm_control_pkg' with the following arguments: {'ament_cmake_args': None, 'build_base': '/home/kyu8/tfg/Simulation/build/dual_arm_control_pkg', 'catkin_cmake_args': None, 'catkin_skip_building_tests': False, 'cmake_args': None, 'cmake_clean_cache': False, 'cmake_clean_first': False, 'cmake_force_configure': False, 'cmake_target': None, 'cmake_target_skip_unavailable': False, 'install_base': '/home/kyu8/tfg/Simulation/install/dual_arm_control_pkg', 'merge_install': False, 'path': '/home/kyu8/tfg/Simulation/src/dual_arm_control_pkg', 'symlink_install': False, 'test_result_base': None}
[1.729s] INFO:colcon.colcon_core.executor:Executing jobs using 'parallel' executor
[1.749s] DEBUG:colcon.colcon_parallel_executor.executor.parallel:run_until_complete
[1.749s] INFO:colcon.colcon_ros.task.ament_python.build:Building ROS package in '/home/kyu8/tfg/Simulation/src/arm_pkg' with build type 'ament_python'
[1.749s] Level 1:colcon.colcon_core.shell:create_environment_hook('arm_pkg', 'ament_prefix_path')
[1.769s] INFO:colcon.colcon_core.plugin_system:Skipping extension 'colcon_core.shell.bat': Not used on non-Windows systems
[1.770s] INFO:colcon.colcon_core.shell:Creating environment hook '/home/kyu8/tfg/Simulation/install/arm_pkg/share/arm_pkg/hook/ament_prefix_path.ps1'
[1.770s] INFO:colcon.colcon_core.shell:Creating environment descriptor '/home/kyu8/tfg/Simulation/install/arm_pkg/share/arm_pkg/hook/ament_prefix_path.dsv'
[1.771s] INFO:colcon.colcon_core.shell:Creating environment hook '/home/kyu8/tfg/Simulation/install/arm_pkg/share/arm_pkg/hook/ament_prefix_path.sh'
[1.791s] INFO:colcon.colcon_core.shell:Skip shell extension 'powershell' for command environment: Not usable outside of PowerShell
[1.792s] DEBUG:colcon.colcon_core.shell:Skip shell extension 'dsv' for command environment
[1.851s] INFO:colcon.colcon_ros.task.ament_python.build:Building ROS package in '/home/kyu8/tfg/Simulation/src/dual_arm_control_pkg' with build type 'ament_python'
[1.852s] Level 1:colcon.colcon_core.shell:create_environment_hook('dual_arm_control_pkg', 'ament_prefix_path')
[1.872s] INFO:colcon.colcon_core.shell:Creating environment hook '/home/kyu8/tfg/Simulation/install/dual_arm_control_pkg/share/dual_arm_control_pkg/hook/ament_prefix_path.ps1'
[1.873s] INFO:colcon.colcon_core.shell:Creating environment descriptor '/home/kyu8/tfg/Simulation/install/dual_arm_control_pkg/share/dual_arm_control_pkg/hook/ament_prefix_path.dsv'
[1.873s] INFO:colcon.colcon_core.shell:Creating environment hook '/home/kyu8/tfg/Simulation/install/dual_arm_control_pkg/share/dual_arm_control_pkg/hook/ament_prefix_path.sh'
[1.897s] INFO:colcon.colcon_core.shell:Skip shell extension 'powershell' for command environment: Not usable outside of PowerShell
[1.897s] DEBUG:colcon.colcon_core.shell:Skip shell extension 'dsv' for command environment
[2.329s] INFO:colcon.colcon_core.task.python.build:Building Python package in '/home/kyu8/tfg/Simulation/src/arm_pkg'
[2.350s] INFO:colcon.colcon_core.shell:Skip shell extension 'powershell' for command environment: Not usable outside of PowerShell
[2.350s] DEBUG:colcon.colcon_core.shell:Skip shell extension 'dsv' for command environment
[2.751s] INFO:colcon.colcon_core.task.python.build:Building Python package in '/home/kyu8/tfg/Simulation/src/dual_arm_control_pkg'
[2.771s] INFO:colcon.colcon_core.shell:Skip shell extension 'powershell' for command environment: Not usable outside of PowerShell
[2.771s] DEBUG:colcon.colcon_core.shell:Skip shell extension 'dsv' for command environment
[3.307s] DEBUG:colcon.colcon_core.event_handler.log_command:Invoking command in '/home/kyu8/tfg/Simulation/src/arm_pkg': PYTHONPATH=/home/kyu8/tfg/Simulation/build/arm_pkg/prefix_override:/home/kyu8/tfg/Simulation/install/arm_pkg/lib/python3.10/site-packages:${PYTHONPATH} /usr/bin/python3 setup.py egg_info --egg-base ../../build/arm_pkg build --build-base /home/kyu8/tfg/Simulation/build/arm_pkg/build install --record /home/kyu8/tfg/Simulation/build/arm_pkg/install.log --single-version-externally-managed
[3.317s] DEBUG:colcon.colcon_core.event_handler.log_command:Invoking command in '/home/kyu8/tfg/Simulation/src/dual_arm_control_pkg': PYTHONPATH=/home/kyu8/tfg/Simulation/build/dual_arm_control_pkg/prefix_override:/home/kyu8/tfg/Simulation/install/dual_arm_control_pkg/lib/python3.10/site-packages:${PYTHONPATH} /usr/bin/python3 setup.py egg_info --egg-base ../../build/dual_arm_control_pkg build --build-base /home/kyu8/tfg/Simulation/build/dual_arm_control_pkg/build install --record /home/kyu8/tfg/Simulation/build/dual_arm_control_pkg/install.log --single-version-externally-managed
[3.704s] DEBUG:colcon.colcon_core.event_handler.log_command:Invoked command in '/home/kyu8/tfg/Simulation/src/dual_arm_control_pkg' returned '0': PYTHONPATH=/home/kyu8/tfg/Simulation/build/dual_arm_control_pkg/prefix_override:/home/kyu8/tfg/Simulation/install/dual_arm_control_pkg/lib/python3.10/site-packages:${PYTHONPATH} /usr/bin/python3 setup.py egg_info --egg-base ../../build/dual_arm_control_pkg build --build-base /home/kyu8/tfg/Simulation/build/dual_arm_control_pkg/build install --record /home/kyu8/tfg/Simulation/build/dual_arm_control_pkg/install.log --single-version-externally-managed
[3.710s] Level 1:colcon.colcon_core.environment:checking '/home/kyu8/tfg/Simulation/install/dual_arm_control_pkg' for CMake module files
[3.710s] Level 1:colcon.colcon_core.environment:checking '/home/kyu8/tfg/Simulation/install/dual_arm_control_pkg' for CMake config files
[3.711s] Level 1:colcon.colcon_core.shell:create_environment_hook('dual_arm_control_pkg', 'cmake_prefix_path')
[3.728s] INFO:colcon.colcon_core.shell:Creating environment hook '/home/kyu8/tfg/Simulation/install/dual_arm_control_pkg/share/dual_arm_control_pkg/hook/cmake_prefix_path.ps1'
[3.729s] INFO:colcon.colcon_core.shell:Creating environment descriptor '/home/kyu8/tfg/Simulation/install/dual_arm_control_pkg/share/dual_arm_control_pkg/hook/cmake_prefix_path.dsv'
[3.729s] INFO:colcon.colcon_core.shell:Creating environment hook '/home/kyu8/tfg/Simulation/install/dual_arm_control_pkg/share/dual_arm_control_pkg/hook/cmake_prefix_path.sh'
[3.730s] Level 1:colcon.colcon_core.environment:checking '/home/kyu8/tfg/Simulation/install/dual_arm_control_pkg/lib'
[3.730s] Level 1:colcon.colcon_core.environment:checking '/home/kyu8/tfg/Simulation/install/dual_arm_control_pkg/bin'
[3.730s] Level 1:colcon.colcon_core.environment:checking '/home/kyu8/tfg/Simulation/install/dual_arm_control_pkg/lib/pkgconfig/dual_arm_control_pkg.pc'
[3.730s] Level 1:colcon.colcon_core.environment:checking '/home/kyu8/tfg/Simulation/install/dual_arm_control_pkg/lib/python3.10/site-packages'
[3.731s] Level 1:colcon.colcon_core.shell:create_environment_hook('dual_arm_control_pkg', 'pythonpath')
[3.750s] INFO:colcon.colcon_core.shell:Creating environment hook '/home/kyu8/tfg/Simulation/install/dual_arm_control_pkg/share/dual_arm_control_pkg/hook/pythonpath.ps1'
[3.750s] INFO:colcon.colcon_core.shell:Creating environment descriptor '/home/kyu8/tfg/Simulation/install/dual_arm_control_pkg/share/dual_arm_control_pkg/hook/pythonpath.dsv'
[3.750s] INFO:colcon.colcon_core.shell:Creating environment hook '/home/kyu8/tfg/Simulation/install/dual_arm_control_pkg/share/dual_arm_control_pkg/hook/pythonpath.sh'
[3.751s] Level 1:colcon.colcon_core.environment:checking '/home/kyu8/tfg/Simulation/install/dual_arm_control_pkg/bin'
[3.751s] Level 1:colcon.colcon_core.environment:create_environment_scripts_only(dual_arm_control_pkg)
[3.769s] INFO:colcon.colcon_core.shell:Creating package script '/home/kyu8/tfg/Simulation/install/dual_arm_control_pkg/share/dual_arm_control_pkg/package.ps1'
[3.771s] INFO:colcon.colcon_core.shell:Creating package descriptor '/home/kyu8/tfg/Simulation/install/dual_arm_control_pkg/share/dual_arm_control_pkg/package.dsv'
[3.771s] INFO:colcon.colcon_core.shell:Creating package script '/home/kyu8/tfg/Simulation/install/dual_arm_control_pkg/share/dual_arm_control_pkg/package.sh'
[3.772s] INFO:colcon.colcon_core.shell:Creating package script '/home/kyu8/tfg/Simulation/install/dual_arm_control_pkg/share/dual_arm_control_pkg/package.bash'
[3.773s] INFO:colcon.colcon_core.shell:Creating package script '/home/kyu8/tfg/Simulation/install/dual_arm_control_pkg/share/dual_arm_control_pkg/package.zsh'
[3.774s] Level 1:colcon.colcon_core.environment:create_file_with_runtime_dependencies(/home/kyu8/tfg/Simulation/install/dual_arm_control_pkg/share/colcon-core/packages/dual_arm_control_pkg)
[3.777s] DEBUG:colcon.colcon_core.event_handler.log_command:Invoked command in '/home/kyu8/tfg/Simulation/src/arm_pkg' returned '0': PYTHONPATH=/home/kyu8/tfg/Simulation/build/arm_pkg/prefix_override:/home/kyu8/tfg/Simulation/install/arm_pkg/lib/python3.10/site-packages:${PYTHONPATH} /usr/bin/python3 setup.py egg_info --egg-base ../../build/arm_pkg build --build-base /home/kyu8/tfg/Simulation/build/arm_pkg/build install --record /home/kyu8/tfg/Simulation/build/arm_pkg/install.log --single-version-externally-managed
[3.796s] Level 1:colcon.colcon_core.environment:checking '/home/kyu8/tfg/Simulation/install/arm_pkg' for CMake module files
[3.797s] Level 1:colcon.colcon_core.environment:checking '/home/kyu8/tfg/Simulation/install/arm_pkg' for CMake config files
[3.798s] Level 1:colcon.colcon_core.environment:checking '/home/kyu8/tfg/Simulation/install/arm_pkg/lib'
[3.798s] Level 1:colcon.colcon_core.environment:checking '/home/kyu8/tfg/Simulation/install/arm_pkg/bin'
[3.798s] Level 1:colcon.colcon_core.environment:checking '/home/kyu8/tfg/Simulation/install/arm_pkg/lib/pkgconfig/arm_pkg.pc'
[3.798s] Level 1:colcon.colcon_core.environment:checking '/home/kyu8/tfg/Simulation/install/arm_pkg/lib/python3.10/site-packages'
[3.798s] Level 1:colcon.colcon_core.shell:create_environment_hook('arm_pkg', 'pythonpath')
[3.819s] INFO:colcon.colcon_core.shell:Creating environment hook '/home/kyu8/tfg/Simulation/install/arm_pkg/share/arm_pkg/hook/pythonpath.ps1'
[3.820s] INFO:colcon.colcon_core.shell:Creating environment descriptor '/home/kyu8/tfg/Simulation/install/arm_pkg/share/arm_pkg/hook/pythonpath.dsv'
[3.821s] INFO:colcon.colcon_core.shell:Creating environment hook '/home/kyu8/tfg/Simulation/install/arm_pkg/share/arm_pkg/hook/pythonpath.sh'
[3.822s] Level 1:colcon.colcon_core.environment:checking '/home/kyu8/tfg/Simulation/install/arm_pkg/bin'
[3.822s] Level 1:colcon.colcon_core.environment:create_environment_scripts_only(arm_pkg)
[3.842s] INFO:colcon.colcon_core.shell:Creating package script '/home/kyu8/tfg/Simulation/install/arm_pkg/share/arm_pkg/package.ps1'
[3.842s] INFO:colcon.colcon_core.shell:Creating package descriptor '/home/kyu8/tfg/Simulation/install/arm_pkg/share/arm_pkg/package.dsv'
[3.843s] INFO:colcon.colcon_core.shell:Creating package script '/home/kyu8/tfg/Simulation/install/arm_pkg/share/arm_pkg/package.sh'
[3.844s] INFO:colcon.colcon_core.shell:Creating package script '/home/kyu8/tfg/Simulation/install/arm_pkg/share/arm_pkg/package.bash'
[3.845s] INFO:colcon.colcon_core.shell:Creating package script '/home/kyu8/tfg/Simulation/install/arm_pkg/share/arm_pkg/package.zsh'
[3.845s] Level 1:colcon.colcon_core.environment:create_file_with_runtime_dependencies(/home/kyu8/tfg/Simulation/install/arm_pkg/share/colcon-core/packages/arm_pkg)
[3.845s] DEBUG:colcon.colcon_parallel_executor.executor.parallel:closing loop
[3.846s] DEBUG:colcon.colcon_parallel_executor.executor.parallel:loop closed
[3.846s] DEBUG:colcon.colcon_parallel_executor.executor.parallel:run_until_complete finished with '0'
[3.846s] DEBUG:colcon.colcon_core.event_reactor:joining thread
[3.871s] INFO:colcon.colcon_core.plugin_system:Skipping extension 'colcon_notification.desktop_notification.terminal_notifier': Not used on non-Darwin systems
[3.871s] INFO:colcon.colcon_core.plugin_system:Skipping extension 'colcon_notification.desktop_notification.win32': Not used on non-Windows systems
[3.871s] INFO:colcon.colcon_notification.desktop_notification:Sending desktop notification using 'notify2'
[3.886s] DEBUG:colcon.colcon_core.event_reactor:joined thread
[3.905s] INFO:colcon.colcon_core.shell:Creating prefix script '/home/kyu8/tfg/Simulation/install/local_setup.ps1'
[3.907s] INFO:colcon.colcon_core.shell:Creating prefix util module '/home/kyu8/tfg/Simulation/install/_local_setup_util_ps1.py'
[3.910s] INFO:colcon.colcon_core.shell:Creating prefix chain script '/home/kyu8/tfg/Simulation/install/setup.ps1'
[3.932s] INFO:colcon.colcon_core.shell:Creating prefix script '/home/kyu8/tfg/Simulation/install/local_setup.sh'
[3.933s] INFO:colcon.colcon_core.shell:Creating prefix util module '/home/kyu8/tfg/Simulation/install/_local_setup_util_sh.py'
[3.934s] INFO:colcon.colcon_core.shell:Creating prefix chain script '/home/kyu8/tfg/Simulation/install/setup.sh'
[3.957s] INFO:colcon.colcon_core.shell:Creating prefix script '/home/kyu8/tfg/Simulation/install/local_setup.bash'
[3.959s] INFO:colcon.colcon_core.shell:Creating prefix chain script '/home/kyu8/tfg/Simulation/install/setup.bash'
[3.985s] INFO:colcon.colcon_core.shell:Creating prefix script '/home/kyu8/tfg/Simulation/install/local_setup.zsh'
[3.986s] INFO:colcon.colcon_core.shell:Creating prefix chain script '/home/kyu8/tfg/Simulation/install/setup.zsh'
