[2.331s] Invoking command in '/home/kyu8/tfg/Simulation/src/arm_pkg': PYTHONPATH=/home/kyu8/tfg/build/arm_pkg/prefix_override:/home/kyu8/tfg/install/arm_pkg/lib/python3.10/site-packages:${PYTHONPATH} /usr/bin/python3 setup.py egg_info --egg-base ../../../build/arm_pkg build --build-base /home/kyu8/tfg/build/arm_pkg/build install --record /home/kyu8/tfg/build/arm_pkg/install.log --single-version-externally-managed
[2.836s] running egg_info
[2.843s] writing ../../../build/arm_pkg/arm_pkg.egg-info/PKG-INFO
[2.843s] writing dependency_links to ../../../build/arm_pkg/arm_pkg.egg-info/dependency_links.txt
[2.843s] writing entry points to ../../../build/arm_pkg/arm_pkg.egg-info/entry_points.txt
[2.843s] writing requirements to ../../../build/arm_pkg/arm_pkg.egg-info/requires.txt
[2.843s] writing top-level names to ../../../build/arm_pkg/arm_pkg.egg-info/top_level.txt
[2.844s] reading manifest file '../../../build/arm_pkg/arm_pkg.egg-info/SOURCES.txt'
[2.846s] writing manifest file '../../../build/arm_pkg/arm_pkg.egg-info/SOURCES.txt'
[2.846s] running build
[2.846s] running build_py
[2.848s] running install
[2.849s] /usr/lib/python3/dist-packages/setuptools/command/install.py:34: SetuptoolsDeprecationWarning: setup.py install is deprecated. Use build and pip and other standards-based tools.
[2.849s]   warnings.warn(
[2.849s] running install_lib
[2.855s] running install_data
[2.856s] running install_egg_info
[2.859s] removing '/home/kyu8/tfg/install/arm_pkg/lib/python3.10/site-packages/arm_pkg-0.0.0-py3.10.egg-info' (and everything under it)
[2.860s] Copying ../../../build/arm_pkg/arm_pkg.egg-info to /home/kyu8/tfg/install/arm_pkg/lib/python3.10/site-packages/arm_pkg-0.0.0-py3.10.egg-info
[2.861s] running install_scripts
[2.902s] Installing controller script to /home/kyu8/tfg/install/arm_pkg/lib/arm_pkg
[2.908s] Installing ddpg script to /home/kyu8/tfg/install/arm_pkg/lib/arm_pkg
[2.908s] Installing gripper_test script to /home/kyu8/tfg/install/arm_pkg/lib/arm_pkg
[2.909s] Installing listener script to /home/kyu8/tfg/install/arm_pkg/lib/arm_pkg
[2.910s] Installing processor script to /home/kyu8/tfg/install/arm_pkg/lib/arm_pkg
[2.910s] Installing reset_controller script to /home/kyu8/tfg/install/arm_pkg/lib/arm_pkg
[2.911s] Installing reward_function script to /home/kyu8/tfg/install/arm_pkg/lib/arm_pkg
[2.911s] Installing robots_state script to /home/kyu8/tfg/install/arm_pkg/lib/arm_pkg
[2.911s] Installing sac script to /home/kyu8/tfg/install/arm_pkg/lib/arm_pkg
[2.911s] Installing state_test script to /home/kyu8/tfg/install/arm_pkg/lib/arm_pkg
[2.911s] Installing storage script to /home/kyu8/tfg/install/arm_pkg/lib/arm_pkg
[2.912s] Installing training script to /home/kyu8/tfg/install/arm_pkg/lib/arm_pkg
[2.912s] writing list of installed files to '/home/kyu8/tfg/build/arm_pkg/install.log'
[3.078s] Invoked command in '/home/kyu8/tfg/Simulation/src/arm_pkg' returned '0': PYTHONPATH=/home/kyu8/tfg/build/arm_pkg/prefix_override:/home/kyu8/tfg/install/arm_pkg/lib/python3.10/site-packages:${PYTHONPATH} /usr/bin/python3 setup.py egg_info --egg-base ../../../build/arm_pkg build --build-base /home/kyu8/tfg/build/arm_pkg/build install --record /home/kyu8/tfg/build/arm_pkg/install.log --single-version-externally-managed
