[1.924s] Invoking command in '/home/kyu8/gz_ros2_test2/src/robotic_arm_pkg': PYTHONPATH=/home/kyu8/gz_ros2_test2/build/robotic_arm_pkg/prefix_override:/home/kyu8/gz_ros2_test2/install/robotic_arm_pkg/lib/python3.10/site-packages:${PYTHONPATH} /usr/bin/python3 setup.py egg_info --egg-base ../../build/robotic_arm_pkg build --build-base /home/kyu8/gz_ros2_test2/build/robotic_arm_pkg/build install --record /home/kyu8/gz_ros2_test2/build/robotic_arm_pkg/install.log --single-version-externally-managed
[2.375s] running egg_info
[2.377s] writing ../../build/robotic_arm_pkg/robotic_arm_pkg.egg-info/PKG-INFO
[2.378s] writing dependency_links to ../../build/robotic_arm_pkg/robotic_arm_pkg.egg-info/dependency_links.txt
[2.378s] writing entry points to ../../build/robotic_arm_pkg/robotic_arm_pkg.egg-info/entry_points.txt
[2.378s] writing requirements to ../../build/robotic_arm_pkg/robotic_arm_pkg.egg-info/requires.txt
[2.379s] writing top-level names to ../../build/robotic_arm_pkg/robotic_arm_pkg.egg-info/top_level.txt
[2.383s] reading manifest file '../../build/robotic_arm_pkg/robotic_arm_pkg.egg-info/SOURCES.txt'
[2.386s] writing manifest file '../../build/robotic_arm_pkg/robotic_arm_pkg.egg-info/SOURCES.txt'
[2.386s] running build
[2.387s] running build_py
[2.387s] copying robotic_arm_pkg/joint_controller.py -> /home/kyu8/gz_ros2_test2/build/robotic_arm_pkg/build/lib/robotic_arm_pkg
[2.387s] running install
[2.388s] running install_lib
[2.390s] copying /home/kyu8/gz_ros2_test2/build/robotic_arm_pkg/build/lib/robotic_arm_pkg/joint_controller.py -> /home/kyu8/gz_ros2_test2/install/robotic_arm_pkg/lib/python3.10/site-packages/robotic_arm_pkg
[2.391s] byte-compiling /home/kyu8/gz_ros2_test2/install/robotic_arm_pkg/lib/python3.10/site-packages/robotic_arm_pkg/joint_controller.py to joint_controller.cpython-310.pyc
[2.392s] /usr/lib/python3/dist-packages/setuptools/command/install.py:34: SetuptoolsDeprecationWarning: setup.py install is deprecated. Use build and pip and other standards-based tools.
[2.392s]   warnings.warn(
[2.393s] running install_data
[2.394s] running install_egg_info
[2.397s] removing '/home/kyu8/gz_ros2_test2/install/robotic_arm_pkg/lib/python3.10/site-packages/robotic_arm_pkg-0.0.0-py3.10.egg-info' (and everything under it)
[2.398s] Copying ../../build/robotic_arm_pkg/robotic_arm_pkg.egg-info to /home/kyu8/gz_ros2_test2/install/robotic_arm_pkg/lib/python3.10/site-packages/robotic_arm_pkg-0.0.0-py3.10.egg-info
[2.405s] running install_scripts
[2.443s] Installing controller script to /home/kyu8/gz_ros2_test2/install/robotic_arm_pkg/lib/robotic_arm_pkg
[2.444s] Installing listener script to /home/kyu8/gz_ros2_test2/install/robotic_arm_pkg/lib/robotic_arm_pkg
[2.444s] Installing processor script to /home/kyu8/gz_ros2_test2/install/robotic_arm_pkg/lib/robotic_arm_pkg
[2.444s] Installing storage script to /home/kyu8/gz_ros2_test2/install/robotic_arm_pkg/lib/robotic_arm_pkg
[2.445s] writing list of installed files to '/home/kyu8/gz_ros2_test2/build/robotic_arm_pkg/install.log'
[2.504s] Invoked command in '/home/kyu8/gz_ros2_test2/src/robotic_arm_pkg' returned '0': PYTHONPATH=/home/kyu8/gz_ros2_test2/build/robotic_arm_pkg/prefix_override:/home/kyu8/gz_ros2_test2/install/robotic_arm_pkg/lib/python3.10/site-packages:${PYTHONPATH} /usr/bin/python3 setup.py egg_info --egg-base ../../build/robotic_arm_pkg build --build-base /home/kyu8/gz_ros2_test2/build/robotic_arm_pkg/build install --record /home/kyu8/gz_ros2_test2/build/robotic_arm_pkg/install.log --single-version-externally-managed
