running egg_info
creating ../../build/arm_pkg/robotic_arm_pkg.egg-info
writing ../../build/arm_pkg/robotic_arm_pkg.egg-info/PKG-INFO
writing dependency_links to ../../build/arm_pkg/robotic_arm_pkg.egg-info/dependency_links.txt
writing entry points to ../../build/arm_pkg/robotic_arm_pkg.egg-info/entry_points.txt
writing requirements to ../../build/arm_pkg/robotic_arm_pkg.egg-info/requires.txt
writing top-level names to ../../build/arm_pkg/robotic_arm_pkg.egg-info/top_level.txt
writing manifest file '../../build/arm_pkg/robotic_arm_pkg.egg-info/SOURCES.txt'
reading manifest file '../../build/arm_pkg/robotic_arm_pkg.egg-info/SOURCES.txt'
writing manifest file '../../build/arm_pkg/robotic_arm_pkg.egg-info/SOURCES.txt'
running build
running build_py
creating /home/kyu8/tfg/rwork/build/arm_pkg/build
creating /home/kyu8/tfg/rwork/build/arm_pkg/build/lib
creating /home/kyu8/tfg/rwork/build/arm_pkg/build/lib/arm_pkg
copying arm_pkg/__init__.py -> /home/kyu8/tfg/rwork/build/arm_pkg/build/lib/arm_pkg
copying arm_pkg/joint_listener.py -> /home/kyu8/tfg/rwork/build/arm_pkg/build/lib/arm_pkg
copying arm_pkg/joint_controller.py -> /home/kyu8/tfg/rwork/build/arm_pkg/build/lib/arm_pkg
copying arm_pkg/joint_storage.py -> /home/kyu8/tfg/rwork/build/arm_pkg/build/lib/arm_pkg
copying arm_pkg/joint_processor.py -> /home/kyu8/tfg/rwork/build/arm_pkg/build/lib/arm_pkg
running install
running install_lib
creating /home/kyu8/tfg/rwork/install/arm_pkg/lib/python3.10/site-packages/arm_pkg
copying /home/kyu8/tfg/rwork/build/arm_pkg/build/lib/arm_pkg/__init__.py -> /home/kyu8/tfg/rwork/install/arm_pkg/lib/python3.10/site-packages/arm_pkg
copying /home/kyu8/tfg/rwork/build/arm_pkg/build/lib/arm_pkg/joint_listener.py -> /home/kyu8/tfg/rwork/install/arm_pkg/lib/python3.10/site-packages/arm_pkg
copying /home/kyu8/tfg/rwork/build/arm_pkg/build/lib/arm_pkg/joint_controller.py -> /home/kyu8/tfg/rwork/install/arm_pkg/lib/python3.10/site-packages/arm_pkg
copying /home/kyu8/tfg/rwork/build/arm_pkg/build/lib/arm_pkg/joint_storage.py -> /home/kyu8/tfg/rwork/install/arm_pkg/lib/python3.10/site-packages/arm_pkg
copying /home/kyu8/tfg/rwork/build/arm_pkg/build/lib/arm_pkg/joint_processor.py -> /home/kyu8/tfg/rwork/install/arm_pkg/lib/python3.10/site-packages/arm_pkg
byte-compiling /home/kyu8/tfg/rwork/install/arm_pkg/lib/python3.10/site-packages/arm_pkg/__init__.py to __init__.cpython-310.pyc
byte-compiling /home/kyu8/tfg/rwork/install/arm_pkg/lib/python3.10/site-packages/arm_pkg/joint_listener.py to joint_listener.cpython-310.pyc
byte-compiling /home/kyu8/tfg/rwork/install/arm_pkg/lib/python3.10/site-packages/arm_pkg/joint_controller.py to joint_controller.cpython-310.pyc
byte-compiling /home/kyu8/tfg/rwork/install/arm_pkg/lib/python3.10/site-packages/arm_pkg/joint_storage.py to joint_storage.cpython-310.pyc
byte-compiling /home/kyu8/tfg/rwork/install/arm_pkg/lib/python3.10/site-packages/arm_pkg/joint_processor.py to joint_processor.cpython-310.pyc
running install_data
copying resource/robotic_arm_pkg -> /home/kyu8/tfg/rwork/install/arm_pkg/share/ament_index/resource_index/packages
creating /home/kyu8/tfg/rwork/install/arm_pkg/share/robotic_arm_pkg
copying package.xml -> /home/kyu8/tfg/rwork/install/arm_pkg/share/robotic_arm_pkg
running install_egg_info
Copying ../../build/arm_pkg/robotic_arm_pkg.egg-info to /home/kyu8/tfg/rwork/install/arm_pkg/lib/python3.10/site-packages/robotic_arm_pkg-0.0.0-py3.10.egg-info
running install_scripts
Installing controller script to /home/kyu8/tfg/rwork/install/arm_pkg/lib/robotic_arm_pkg
Installing listener script to /home/kyu8/tfg/rwork/install/arm_pkg/lib/robotic_arm_pkg
Installing processor script to /home/kyu8/tfg/rwork/install/arm_pkg/lib/robotic_arm_pkg
Installing storage script to /home/kyu8/tfg/rwork/install/arm_pkg/lib/robotic_arm_pkg
writing list of installed files to '/home/kyu8/tfg/rwork/build/arm_pkg/install.log'
