[2.470s] Invoking command in '/home/kyu8/tfg/Simulation/src/arm_pkg': PYTHONPATH=/home/kyu8/tfg/build/arm_pkg/prefix_override:/home/kyu8/tfg/install/arm_pkg/lib/python3.10/site-packages:${PYTHONPATH} /usr/bin/python3 setup.py egg_info --egg-base ../../../build/arm_pkg build --build-base /home/kyu8/tfg/build/arm_pkg/build install --record /home/kyu8/tfg/build/arm_pkg/install.log --single-version-externally-managed
[3.007s] running egg_info
[3.009s] writing ../../../build/arm_pkg/arm_pkg.egg-info/PKG-INFO
[3.013s] writing dependency_links to ../../../build/arm_pkg/arm_pkg.egg-info/dependency_links.txt
[3.014s] writing entry points to ../../../build/arm_pkg/arm_pkg.egg-info/entry_points.txt
[3.015s] writing requirements to ../../../build/arm_pkg/arm_pkg.egg-info/requires.txt
[3.015s] writing top-level names to ../../../build/arm_pkg/arm_pkg.egg-info/top_level.txt
[3.026s] /usr/lib/python3/dist-packages/setuptools/command/install.py:34: SetuptoolsDeprecationWarning: setup.py install is deprecated. Use build and pip and other standards-based tools.
[3.026s]   warnings.warn(
[3.026s] reading manifest file '../../../build/arm_pkg/arm_pkg.egg-info/SOURCES.txt'
[3.026s] writing manifest file '../../../build/arm_pkg/arm_pkg.egg-info/SOURCES.txt'
[3.026s] running build
[3.026s] running build_py
[3.026s] copying arm_pkg/drl/reset.py -> /home/kyu8/tfg/build/arm_pkg/build/lib/arm_pkg/drl
[3.026s] copying arm_pkg/drl/training_loop.py -> /home/kyu8/tfg/build/arm_pkg/build/lib/arm_pkg/drl
[3.026s] running install
[3.026s] running install_lib
[3.027s] copying /home/kyu8/tfg/build/arm_pkg/build/lib/arm_pkg/drl/reset.py -> /home/kyu8/tfg/install/arm_pkg/lib/python3.10/site-packages/arm_pkg/drl
[3.027s] copying /home/kyu8/tfg/build/arm_pkg/build/lib/arm_pkg/drl/training_loop.py -> /home/kyu8/tfg/install/arm_pkg/lib/python3.10/site-packages/arm_pkg/drl
[3.027s] byte-compiling /home/kyu8/tfg/install/arm_pkg/lib/python3.10/site-packages/arm_pkg/drl/reset.py to reset.cpython-310.pyc
[3.041s] byte-compiling /home/kyu8/tfg/install/arm_pkg/lib/python3.10/site-packages/arm_pkg/drl/training_loop.py to training_loop.cpython-310.pyc
[3.041s] running install_data
[3.041s] running install_egg_info
[3.041s] removing '/home/kyu8/tfg/install/arm_pkg/lib/python3.10/site-packages/arm_pkg-0.0.0-py3.10.egg-info' (and everything under it)
[3.041s] Copying ../../../build/arm_pkg/arm_pkg.egg-info to /home/kyu8/tfg/install/arm_pkg/lib/python3.10/site-packages/arm_pkg-0.0.0-py3.10.egg-info
[3.041s] running install_scripts
[3.067s] Installing controller script to /home/kyu8/tfg/install/arm_pkg/lib/arm_pkg
[3.068s] Installing ddpg script to /home/kyu8/tfg/install/arm_pkg/lib/arm_pkg
[3.069s] Installing gripper_test script to /home/kyu8/tfg/install/arm_pkg/lib/arm_pkg
[3.069s] Installing listener script to /home/kyu8/tfg/install/arm_pkg/lib/arm_pkg
[3.070s] Installing processor script to /home/kyu8/tfg/install/arm_pkg/lib/arm_pkg
[3.071s] Installing reset_controller script to /home/kyu8/tfg/install/arm_pkg/lib/arm_pkg
[3.071s] Installing reward_function script to /home/kyu8/tfg/install/arm_pkg/lib/arm_pkg
[3.072s] Installing robots_state script to /home/kyu8/tfg/install/arm_pkg/lib/arm_pkg
[3.073s] Installing sac script to /home/kyu8/tfg/install/arm_pkg/lib/arm_pkg
[3.074s] Installing state_test script to /home/kyu8/tfg/install/arm_pkg/lib/arm_pkg
[3.074s] Installing storage script to /home/kyu8/tfg/install/arm_pkg/lib/arm_pkg
[3.075s] Installing training script to /home/kyu8/tfg/install/arm_pkg/lib/arm_pkg
[3.077s] writing list of installed files to '/home/kyu8/tfg/build/arm_pkg/install.log'
[3.154s] Invoked command in '/home/kyu8/tfg/Simulation/src/arm_pkg' returned '0': PYTHONPATH=/home/kyu8/tfg/build/arm_pkg/prefix_override:/home/kyu8/tfg/install/arm_pkg/lib/python3.10/site-packages:${PYTHONPATH} /usr/bin/python3 setup.py egg_info --egg-base ../../../build/arm_pkg build --build-base /home/kyu8/tfg/build/arm_pkg/build install --record /home/kyu8/tfg/build/arm_pkg/install.log --single-version-externally-managed
