[0.566s] Invoking command in '/home/chi8kyu/tfg/rwork/src/arm_pkg': PYTHONPATH=/home/chi8kyu/tfg/rwork/build/arm_pkg/prefix_override:/home/chi8kyu/tfg/rwork/install/arm_pkg/lib/python3.10/site-packages:${PYTHONPATH} /usr/bin/python3 setup.py egg_info --egg-base ../../build/arm_pkg build --build-base /home/chi8kyu/tfg/rwork/build/arm_pkg/build install --record /home/chi8kyu/tfg/rwork/build/arm_pkg/install.log --single-version-externally-managed
[0.756s] running egg_info
[0.757s] writing ../../build/arm_pkg/arm_pkg.egg-info/PKG-INFO
[0.757s] writing dependency_links to ../../build/arm_pkg/arm_pkg.egg-info/dependency_links.txt
[0.757s] writing entry points to ../../build/arm_pkg/arm_pkg.egg-info/entry_points.txt
[0.757s] writing requirements to ../../build/arm_pkg/arm_pkg.egg-info/requires.txt
[0.757s] writing top-level names to ../../build/arm_pkg/arm_pkg.egg-info/top_level.txt
[0.759s] reading manifest file '../../build/arm_pkg/arm_pkg.egg-info/SOURCES.txt'
[0.760s] writing manifest file '../../build/arm_pkg/arm_pkg.egg-info/SOURCES.txt'
[0.760s] running build
[0.760s] running build_py
[0.760s] copying arm_pkg/drl/reward_function.py -> /home/chi8kyu/tfg/rwork/build/arm_pkg/build/lib/arm_pkg/drl
[0.760s] copying arm_pkg/drl/training_loop.py -> /home/chi8kyu/tfg/rwork/build/arm_pkg/build/lib/arm_pkg/drl
[0.761s] copying arm_pkg/drl/robots_state.py -> /home/chi8kyu/tfg/rwork/build/arm_pkg/build/lib/arm_pkg/drl
[0.761s] copying arm_pkg/tests/joint_controller.py -> /home/chi8kyu/tfg/rwork/build/arm_pkg/build/lib/arm_pkg/tests
[0.761s] running install
[0.761s] /usr/lib/python3/dist-packages/setuptools/command/install.py:34: SetuptoolsDeprecationWarning: setup.py install is deprecated. Use build and pip and other standards-based tools.
[0.762s]   warnings.warn(
[0.762s] running install_lib
[0.762s] copying /home/chi8kyu/tfg/rwork/build/arm_pkg/build/lib/arm_pkg/drl/reward_function.py -> /home/chi8kyu/tfg/rwork/install/arm_pkg/lib/python3.10/site-packages/arm_pkg/drl
[0.763s] copying /home/chi8kyu/tfg/rwork/build/arm_pkg/build/lib/arm_pkg/drl/training_loop.py -> /home/chi8kyu/tfg/rwork/install/arm_pkg/lib/python3.10/site-packages/arm_pkg/drl
[0.763s] copying /home/chi8kyu/tfg/rwork/build/arm_pkg/build/lib/arm_pkg/drl/robots_state.py -> /home/chi8kyu/tfg/rwork/install/arm_pkg/lib/python3.10/site-packages/arm_pkg/drl
[0.763s] copying /home/chi8kyu/tfg/rwork/build/arm_pkg/build/lib/arm_pkg/tests/joint_controller.py -> /home/chi8kyu/tfg/rwork/install/arm_pkg/lib/python3.10/site-packages/arm_pkg/tests
[0.763s] byte-compiling /home/chi8kyu/tfg/rwork/install/arm_pkg/lib/python3.10/site-packages/arm_pkg/distributed.py to distributed.cpython-310.pyc
[0.764s]   File "/home/chi8kyu/tfg/rwork/install/arm_pkg/lib/python3.10/site-packages/arm_pkg/distributed.py", line 2
[0.764s]     import JointStateListener from joint_listener.py
[0.764s]                               ^^^^
[0.764s] SyntaxError: invalid syntax
[0.764s] 
[0.764s] byte-compiling /home/chi8kyu/tfg/rwork/install/arm_pkg/lib/python3.10/site-packages/arm_pkg/drl/reward_function.py to reward_function.cpython-310.pyc
[0.764s] byte-compiling /home/chi8kyu/tfg/rwork/install/arm_pkg/lib/python3.10/site-packages/arm_pkg/drl/training_loop.py to training_loop.cpython-310.pyc
[0.766s] byte-compiling /home/chi8kyu/tfg/rwork/install/arm_pkg/lib/python3.10/site-packages/arm_pkg/drl/robots_state.py to robots_state.cpython-310.pyc
[0.767s] running install_data
[0.768s] running install_egg_info
[0.769s] removing '/home/chi8kyu/tfg/rwork/install/arm_pkg/lib/python3.10/site-packages/arm_pkg-0.0.0-py3.10.egg-info' (and everything under it)
[0.769s] Copying ../../build/arm_pkg/arm_pkg.egg-info to /home/chi8kyu/tfg/rwork/install/arm_pkg/lib/python3.10/site-packages/arm_pkg-0.0.0-py3.10.egg-info
[0.770s] running install_scripts
[0.785s] Installing controller script to /home/chi8kyu/tfg/rwork/install/arm_pkg/lib/arm_pkg
[0.785s] Installing ddpg script to /home/chi8kyu/tfg/rwork/install/arm_pkg/lib/arm_pkg
[0.786s] Installing gripper_test script to /home/chi8kyu/tfg/rwork/install/arm_pkg/lib/arm_pkg
[0.786s] Installing listener script to /home/chi8kyu/tfg/rwork/install/arm_pkg/lib/arm_pkg
[0.786s] Installing processor script to /home/chi8kyu/tfg/rwork/install/arm_pkg/lib/arm_pkg
[0.786s] Installing reset_controller script to /home/chi8kyu/tfg/rwork/install/arm_pkg/lib/arm_pkg
[0.786s] Installing reward_function script to /home/chi8kyu/tfg/rwork/install/arm_pkg/lib/arm_pkg
[0.786s] Installing robots_state script to /home/chi8kyu/tfg/rwork/install/arm_pkg/lib/arm_pkg
[0.786s] Installing sac script to /home/chi8kyu/tfg/rwork/install/arm_pkg/lib/arm_pkg
[0.786s] Installing state_test script to /home/chi8kyu/tfg/rwork/install/arm_pkg/lib/arm_pkg
[0.786s] Installing storage script to /home/chi8kyu/tfg/rwork/install/arm_pkg/lib/arm_pkg
[0.786s] Installing training script to /home/chi8kyu/tfg/rwork/install/arm_pkg/lib/arm_pkg
[0.787s] writing list of installed files to '/home/chi8kyu/tfg/rwork/build/arm_pkg/install.log'
[0.802s] Invoked command in '/home/chi8kyu/tfg/rwork/src/arm_pkg' returned '0': PYTHONPATH=/home/chi8kyu/tfg/rwork/build/arm_pkg/prefix_override:/home/chi8kyu/tfg/rwork/install/arm_pkg/lib/python3.10/site-packages:${PYTHONPATH} /usr/bin/python3 setup.py egg_info --egg-base ../../build/arm_pkg build --build-base /home/chi8kyu/tfg/rwork/build/arm_pkg/build install --record /home/chi8kyu/tfg/rwork/build/arm_pkg/install.log --single-version-externally-managed
