[1.493s] Invoking command in '/home/kyu8/tfg/Simulation/src/arm_pkg': PYTHONPATH=/home/kyu8/tfg/build/arm_pkg/prefix_override:/home/kyu8/tfg/install/arm_pkg/lib/python3.10/site-packages:${PYTHONPATH} /usr/bin/python3 setup.py egg_info --egg-base ../../../build/arm_pkg build --build-base /home/kyu8/tfg/build/arm_pkg/build install --record /home/kyu8/tfg/build/arm_pkg/install.log --single-version-externally-managed
[1.802s] running egg_info
[1.803s] writing ../../../build/arm_pkg/arm_pkg.egg-info/PKG-INFO
[1.804s] writing dependency_links to ../../../build/arm_pkg/arm_pkg.egg-info/dependency_links.txt
[1.804s] writing entry points to ../../../build/arm_pkg/arm_pkg.egg-info/entry_points.txt
[1.804s] writing requirements to ../../../build/arm_pkg/arm_pkg.egg-info/requires.txt
[1.804s] writing top-level names to ../../../build/arm_pkg/arm_pkg.egg-info/top_level.txt
[1.808s] reading manifest file '../../../build/arm_pkg/arm_pkg.egg-info/SOURCES.txt'
[1.809s] writing manifest file '../../../build/arm_pkg/arm_pkg.egg-info/SOURCES.txt'
[1.809s] running build
[1.809s] running build_py
[1.812s] running install
[1.812s] /usr/lib/python3/dist-packages/setuptools/command/install.py:34: SetuptoolsDeprecationWarning: setup.py install is deprecated. Use build and pip and other standards-based tools.
[1.812s]   warnings.warn(
[1.812s] running install_lib
[1.817s] running install_data
[1.818s] running install_egg_info
[1.820s] removing '/home/kyu8/tfg/install/arm_pkg/lib/python3.10/site-packages/arm_pkg-0.0.0-py3.10.egg-info' (and everything under it)
[1.820s] Copying ../../../build/arm_pkg/arm_pkg.egg-info to /home/kyu8/tfg/install/arm_pkg/lib/python3.10/site-packages/arm_pkg-0.0.0-py3.10.egg-info
[1.821s] running install_scripts
[1.850s] Installing controller script to /home/kyu8/tfg/install/arm_pkg/lib/arm_pkg
[1.850s] Installing ddpg script to /home/kyu8/tfg/install/arm_pkg/lib/arm_pkg
[1.850s] Installing gripper_test script to /home/kyu8/tfg/install/arm_pkg/lib/arm_pkg
[1.850s] Installing listener script to /home/kyu8/tfg/install/arm_pkg/lib/arm_pkg
[1.850s] Installing processor script to /home/kyu8/tfg/install/arm_pkg/lib/arm_pkg
[1.850s] Installing reset_controller script to /home/kyu8/tfg/install/arm_pkg/lib/arm_pkg
[1.850s] Installing reward_function script to /home/kyu8/tfg/install/arm_pkg/lib/arm_pkg
[1.850s] Installing robots_state script to /home/kyu8/tfg/install/arm_pkg/lib/arm_pkg
[1.850s] Installing sac script to /home/kyu8/tfg/install/arm_pkg/lib/arm_pkg
[1.850s] Installing state_test script to /home/kyu8/tfg/install/arm_pkg/lib/arm_pkg
[1.851s] Installing storage script to /home/kyu8/tfg/install/arm_pkg/lib/arm_pkg
[1.851s] Installing training script to /home/kyu8/tfg/install/arm_pkg/lib/arm_pkg
[1.851s] writing list of installed files to '/home/kyu8/tfg/build/arm_pkg/install.log'
[1.898s] Invoked command in '/home/kyu8/tfg/Simulation/src/arm_pkg' returned '0': PYTHONPATH=/home/kyu8/tfg/build/arm_pkg/prefix_override:/home/kyu8/tfg/install/arm_pkg/lib/python3.10/site-packages:${PYTHONPATH} /usr/bin/python3 setup.py egg_info --egg-base ../../../build/arm_pkg build --build-base /home/kyu8/tfg/build/arm_pkg/build install --record /home/kyu8/tfg/build/arm_pkg/install.log --single-version-externally-managed
